ApsimVersion = 7.7
Title = swcon_Oronoko1281
           Date           rain             es    sw(6-10)(1)    sw(6-10)(2)    sw(6-10)(3)    sw(6-10)(4)    sw(6-10)(5)   dul(6-10)(1)   dul(6-10)(2)   dul(6-10)(3)   dul(6-10)(4)   dul(6-10)(5)   sat(6-10)(1)   sat(6-10)(2)   sat(6-10)(3)   sat(6-10)(4)   sat(6-10)(5)
   (dd/mm/yyyy)           (mm)           (mm)    (cm^3/cm^3)    (cm^3/cm^3)    (cm^3/cm^3)    (cm^3/cm^3)    (cm^3/cm^3)    (cm^3/cm^3)    (cm^3/cm^3)    (cm^3/cm^3)    (cm^3/cm^3)    (cm^3/cm^3)    (cm^3/cm^3)    (cm^3/cm^3)    (cm^3/cm^3)    (cm^3/cm^3)    (cm^3/cm^3)
     01/06/2009          0.000          0.584          0.382          0.382          0.382          0.382          0.382          0.382          0.382          0.382          0.382          0.382          0.453          0.453          0.453          0.453          0.453
     02/06/2009       3000.000          0.000          0.440          0.440          0.439          0.440          0.426          0.382          0.382          0.382          0.382          0.382          0.453          0.453          0.453          0.453          0.453
     03/06/2009       3000.000          0.000          0.439          0.439          0.439          0.439          0.439          0.382          0.382          0.382          0.382          0.382          0.453          0.453          0.453          0.453          0.453
     04/06/2009       3000.000          0.000          0.439          0.439          0.439          0.439          0.439          0.382          0.382          0.382          0.382          0.382          0.453          0.453          0.453          0.453          0.453
     05/06/2009       3000.000          0.000          0.439          0.439          0.439          0.439          0.439          0.382          0.382          0.382          0.382          0.382          0.453          0.453          0.453          0.453          0.453
     06/06/2009       3000.000          0.000          0.439          0.439          0.439          0.439          0.439          0.382          0.382          0.382          0.382          0.382          0.453          0.453          0.453          0.453          0.453
     07/06/2009       3000.000          0.000          0.439          0.439          0.439          0.439          0.439          0.382          0.382          0.382          0.382          0.382          0.453          0.453          0.453          0.453          0.453
     08/06/2009       3000.000          0.000          0.439          0.439          0.439          0.439          0.439          0.382          0.382          0.382          0.382          0.382          0.453          0.453          0.453          0.453          0.453
     09/06/2009       3000.000          0.000          0.439          0.439          0.439          0.439          0.439          0.382          0.382          0.382          0.382          0.382          0.453          0.453          0.453          0.453          0.453
     10/06/2009       3000.000          0.000          0.439          0.439          0.439          0.439          0.439          0.382          0.382          0.382          0.382          0.382          0.453          0.453          0.453          0.453          0.453
     11/06/2009       3000.000          0.000          0.439          0.439          0.439          0.439          0.439          0.382          0.382          0.382          0.382          0.382          0.453          0.453          0.453          0.453          0.453
     12/06/2009       3000.000          0.000          0.439          0.439          0.439          0.439          0.439          0.382          0.382          0.382          0.382          0.382          0.453          0.453          0.453          0.453          0.453
     13/06/2009       3000.000          0.000          0.439          0.439          0.439          0.439          0.439          0.382          0.382          0.382          0.382          0.382          0.453          0.453          0.453          0.453          0.453
     14/06/2009       3000.000          0.000          0.439          0.439          0.439          0.439          0.439          0.382          0.382          0.382          0.382          0.382          0.453          0.453          0.453          0.453          0.453
     15/06/2009       3000.000          0.000          0.439          0.439          0.439          0.439          0.439          0.382          0.382          0.382          0.382          0.382          0.453          0.453          0.453          0.453          0.453
     16/06/2009          0.000          0.000          0.423          0.424          0.426          0.427          0.428          0.382          0.382          0.382          0.382          0.382          0.453          0.453          0.453          0.453          0.453
     17/06/2009          0.000          0.000          0.418          0.419          0.421          0.422          0.423          0.382          0.382          0.382          0.382          0.382          0.453          0.453          0.453          0.453          0.453
     18/06/2009          0.000          0.000          0.415          0.416          0.419          0.419          0.421          0.382          0.382          0.382          0.382          0.382          0.453          0.453          0.453          0.453          0.453
     19/06/2009          0.000          0.000          0.413          0.414          0.416          0.417          0.419          0.382          0.382          0.382          0.382          0.382          0.453          0.453          0.453          0.453          0.453
     20/06/2009          0.000          0.000          0.411          0.412          0.415          0.415          0.417          0.382          0.382          0.382          0.382          0.382          0.453          0.453          0.453          0.453          0.453
     21/06/2009          0.000          0.000          0.410          0.411          0.413          0.414          0.416          0.382          0.382          0.382          0.382          0.382          0.453          0.453          0.453          0.453          0.453
     22/06/2009          0.000          0.000          0.408          0.409          0.412          0.413          0.415          0.382          0.382          0.382          0.382          0.382          0.453          0.453          0.453          0.453          0.453
     23/06/2009          0.000          0.000          0.407          0.408          0.411          0.411          0.413          0.382          0.382          0.382          0.382          0.382          0.453          0.453          0.453          0.453          0.453
     24/06/2009          0.000          0.000          0.406          0.407          0.410          0.410          0.413          0.382          0.382          0.382          0.382          0.382          0.453          0.453          0.453          0.453          0.453
     25/06/2009          0.000          0.000          0.405          0.406          0.409          0.409          0.412          0.382          0.382          0.382          0.382          0.382          0.453          0.453          0.453          0.453          0.453
     26/06/2009          0.000          0.000          0.404          0.405          0.408          0.409          0.411          0.382          0.382          0.382          0.382          0.382          0.453          0.453          0.453          0.453          0.453
     27/06/2009          0.000          0.000          0.403          0.404          0.407          0.408          0.410          0.382          0.382          0.382          0.382          0.382          0.453          0.453          0.453          0.453          0.453
     28/06/2009          0.000          0.000          0.402          0.403          0.407          0.407          0.409          0.382          0.382          0.382          0.382          0.382          0.453          0.453          0.453          0.453          0.453
     29/06/2009          0.000          0.000          0.402          0.402          0.406          0.406          0.409          0.382          0.382          0.382          0.382          0.382          0.453          0.453          0.453          0.453          0.453
     30/06/2009          0.000          0.000          0.401          0.402          0.405          0.406          0.408          0.382          0.382          0.382          0.382          0.382          0.453          0.453          0.453          0.453          0.453
     01/07/2009          0.000          0.000          0.400          0.401          0.404          0.405          0.407          0.382          0.382          0.382          0.382          0.382          0.453          0.453          0.453          0.453          0.453
     02/07/2009          0.000          0.000          0.400          0.400          0.404          0.404          0.407          0.382          0.382          0.382          0.382          0.382          0.453          0.453          0.453          0.453          0.453
     03/07/2009          0.000          0.000          0.399          0.400          0.403          0.404          0.406          0.382          0.382          0.382          0.382          0.382          0.453          0.453          0.453          0.453          0.453
     04/07/2009          0.000          0.000          0.398          0.399          0.403          0.403          0.406          0.382          0.382          0.382          0.382          0.382          0.453          0.453          0.453          0.453          0.453
     05/07/2009          0.000          0.000          0.398          0.399          0.402          0.403          0.405          0.382          0.382          0.382          0.382          0.382          0.453          0.453          0.453          0.453          0.453
     06/07/2009          0.000          0.000          0.397          0.398          0.402          0.402          0.405          0.382          0.382          0.382          0.382          0.382          0.453          0.453          0.453          0.453          0.453
     07/07/2009          0.000          0.000          0.397          0.398          0.401          0.402          0.404          0.382          0.382          0.382          0.382          0.382          0.453          0.453          0.453          0.453          0.453
     08/07/2009          0.000          0.000          0.397          0.397          0.401          0.401          0.404          0.382          0.382          0.382          0.382          0.382          0.453          0.453          0.453          0.453          0.453
     09/07/2009          0.000          0.000          0.396          0.397          0.400          0.401          0.403          0.382          0.382          0.382          0.382          0.382          0.453          0.453          0.453          0.453          0.453
     10/07/2009          0.000          0.000          0.396          0.397          0.400          0.400          0.403          0.382          0.382          0.382          0.382          0.382          0.453          0.453          0.453          0.453          0.453
     11/07/2009          0.000          0.000          0.395          0.396          0.399          0.400          0.403          0.382          0.382          0.382          0.382          0.382          0.453          0.453          0.453          0.453          0.453
     12/07/2009          0.000          0.000          0.395          0.396          0.399          0.400          0.402          0.382          0.382          0.382          0.382          0.382          0.453          0.453          0.453          0.453          0.453
     13/07/2009          0.000          0.000          0.395          0.395          0.399          0.399          0.402          0.382          0.382          0.382          0.382          0.382          0.453          0.453          0.453          0.453          0.453
     14/07/2009          0.000          0.000          0.394          0.395          0.398          0.399          0.401          0.382          0.382          0.382          0.382          0.382          0.453          0.453          0.453          0.453          0.453
     15/07/2009          0.000          0.000          0.394          0.395          0.398          0.399          0.401          0.382          0.382          0.382          0.382          0.382          0.453          0.453          0.453          0.453          0.453
     16/07/2009          0.000          0.000          0.394          0.394          0.398          0.398          0.401          0.382          0.382          0.382          0.382          0.382          0.453          0.453          0.453          0.453          0.453
     17/07/2009          0.000          0.000          0.393          0.394          0.397          0.398          0.400          0.382          0.382          0.382          0.382          0.382          0.453          0.453          0.453          0.453          0.453
     18/07/2009          0.000          0.000          0.393          0.394          0.397          0.397          0.400          0.382          0.382          0.382          0.382          0.382          0.453          0.453          0.453          0.453          0.453
     19/07/2009          0.000          0.000          0.393          0.393          0.397          0.397          0.400          0.382          0.382          0.382          0.382          0.382          0.453          0.453          0.453          0.453          0.453
     20/07/2009          0.000          0.000          0.392          0.393          0.396          0.397          0.399          0.382          0.382          0.382          0.382          0.382          0.453          0.453          0.453          0.453          0.453
     21/07/2009          0.000          0.000          0.392          0.393          0.396          0.397          0.399          0.382          0.382          0.382          0.382          0.382          0.453          0.453          0.453          0.453          0.453
     22/07/2009          0.000          0.000          0.392          0.393          0.396          0.396          0.399          0.382          0.382          0.382          0.382          0.382          0.453          0.453          0.453          0.453          0.453
     23/07/2009          0.000          0.000          0.392          0.392          0.395          0.396          0.399          0.382          0.382          0.382          0.382          0.382          0.453          0.453          0.453          0.453          0.453
     24/07/2009          0.000          0.000          0.391          0.392          0.395          0.396          0.398          0.382          0.382          0.382          0.382          0.382          0.453          0.453          0.453          0.453          0.453
     25/07/2009          0.000          0.000          0.391          0.392          0.395          0.396          0.398          0.382          0.382          0.382          0.382          0.382          0.453          0.453          0.453          0.453          0.453
     26/07/2009          0.000          0.000          0.391          0.391          0.395          0.395          0.398          0.382          0.382          0.382          0.382          0.382          0.453          0.453          0.453          0.453          0.453
     27/07/2009          0.000          0.000          0.390          0.391          0.394          0.395          0.397          0.382          0.382          0.382          0.382          0.382          0.453          0.453          0.453          0.453          0.453
     28/07/2009          0.000          0.000          0.390          0.391          0.394          0.395          0.397          0.382          0.382          0.382          0.382          0.382          0.453          0.453          0.453          0.453          0.453
     29/07/2009          0.000          0.000          0.390          0.391          0.394          0.394          0.397          0.382          0.382          0.382          0.382          0.382          0.453          0.453          0.453          0.453          0.453
     30/07/2009          0.000          0.000          0.390          0.390          0.394          0.394          0.397          0.382          0.382          0.382          0.382          0.382          0.453          0.453          0.453          0.453          0.453
     31/07/2009          0.000          0.000          0.390          0.390          0.393          0.394          0.396          0.382          0.382          0.382          0.382          0.382          0.453          0.453          0.453          0.453          0.453
     01/08/2009          0.000          0.000          0.389          0.390          0.393          0.394          0.396          0.382          0.382          0.382          0.382          0.382          0.453          0.453          0.453          0.453          0.453
     02/08/2009          0.000          0.000          0.389          0.390          0.393          0.394          0.396          0.382          0.382          0.382          0.382          0.382          0.453          0.453          0.453          0.453          0.453
     03/08/2009          0.000          0.000          0.389          0.390          0.393          0.393          0.396          0.382          0.382          0.382          0.382          0.382          0.453          0.453          0.453          0.453          0.453
     04/08/2009          0.000          0.000          0.389          0.389          0.392          0.393          0.396          0.382          0.382          0.382          0.382          0.382          0.453          0.453          0.453          0.453          0.453
     05/08/2009          0.000          0.000          0.388          0.389          0.392          0.393          0.395          0.382          0.382          0.382          0.382          0.382          0.453          0.453          0.453          0.453          0.453
     06/08/2009          0.000          0.000          0.388          0.389          0.392          0.393          0.395          0.382          0.382          0.382          0.382          0.382          0.453          0.453          0.453          0.453          0.453
     07/08/2009          0.000          0.000          0.388          0.389          0.392          0.392          0.395          0.382          0.382          0.382          0.382          0.382          0.453          0.453          0.453          0.453          0.453
     08/08/2009          0.000          0.000          0.388          0.388          0.392          0.392          0.395          0.382          0.382          0.382          0.382          0.382          0.453          0.453          0.453          0.453          0.453
     09/08/2009          0.000          0.000          0.388          0.388          0.391          0.392          0.395          0.382          0.382          0.382          0.382          0.382          0.453          0.453          0.453          0.453          0.453
     10/08/2009          0.000          0.000          0.387          0.388          0.391          0.392          0.394          0.382          0.382          0.382          0.382          0.382          0.453          0.453          0.453          0.453          0.453
     11/08/2009          0.000          0.000          0.387          0.388          0.391          0.392          0.394          0.382          0.382          0.382          0.382          0.382          0.453          0.453          0.453          0.453          0.453
     12/08/2009          0.000          0.000          0.387          0.388          0.391          0.391          0.394          0.382          0.382          0.382          0.382          0.382          0.453          0.453          0.453          0.453          0.453
     13/08/2009          0.000          0.000          0.387          0.388          0.391          0.391          0.394          0.382          0.382          0.382          0.382          0.382          0.453          0.453          0.453          0.453          0.453
     14/08/2009          0.000          0.000          0.387          0.387          0.390          0.391          0.394          0.382          0.382          0.382          0.382          0.382          0.453          0.453          0.453          0.453          0.453
     15/08/2009          0.000          0.000          0.386          0.387          0.390          0.391          0.393          0.382          0.382          0.382          0.382          0.382          0.453          0.453          0.453          0.453          0.453
     16/08/2009          0.000          0.000          0.386          0.387          0.390          0.391          0.393          0.382          0.382          0.382          0.382          0.382          0.453          0.453          0.453          0.453          0.453
     17/08/2009          0.000          0.000          0.386          0.387          0.390          0.390          0.393          0.382          0.382          0.382          0.382          0.382          0.453          0.453          0.453          0.453          0.453
     18/08/2009          0.000          0.000          0.386          0.387          0.390          0.390          0.393          0.382          0.382          0.382          0.382          0.382          0.453          0.453          0.453          0.453          0.453
     19/08/2009          0.000          0.000          0.386          0.386          0.390          0.390          0.393          0.382          0.382          0.382          0.382          0.382          0.453          0.453          0.453          0.453          0.453
     20/08/2009          0.000          0.000          0.386          0.386          0.389          0.390          0.392          0.382          0.382          0.382          0.382          0.382          0.453          0.453          0.453          0.453          0.453
     21/08/2009          0.000          0.000          0.386          0.386          0.389          0.390          0.392          0.382          0.382          0.382          0.382          0.382          0.453          0.453          0.453          0.453          0.453
     22/08/2009          0.000          0.000          0.385          0.386          0.389          0.390          0.392          0.382          0.382          0.382          0.382          0.382          0.453          0.453          0.453          0.453          0.453
     23/08/2009          0.000          0.000          0.385          0.386          0.389          0.389          0.392          0.382          0.382          0.382          0.382          0.382          0.453          0.453          0.453          0.453          0.453
     24/08/2009          0.000          0.000          0.385          0.386          0.389          0.389          0.392          0.382          0.382          0.382          0.382          0.382          0.453          0.453          0.453          0.453          0.453
     25/08/2009          0.000          0.000          0.385          0.386          0.389          0.389          0.392          0.382          0.382          0.382          0.382          0.382          0.453          0.453          0.453          0.453          0.453
     26/08/2009          0.000          0.000          0.385          0.385          0.388          0.389          0.391          0.382          0.382          0.382          0.382          0.382          0.453          0.453          0.453          0.453          0.453
     27/08/2009          0.000          0.000          0.385          0.385          0.388          0.389          0.391          0.382          0.382          0.382          0.382          0.382          0.453          0.453          0.453          0.453          0.453
     28/08/2009          0.000          0.000          0.384          0.385          0.388          0.389          0.391          0.382          0.382          0.382          0.382          0.382          0.453          0.453          0.453          0.453          0.453
     29/08/2009          0.000          0.000          0.384          0.385          0.388          0.388          0.391          0.382          0.382          0.382          0.382          0.382          0.453          0.453          0.453          0.453          0.453
     30/08/2009          0.000          0.000          0.384          0.385          0.388          0.388          0.391          0.382          0.382          0.382          0.382          0.382          0.453          0.453          0.453          0.453          0.453
     31/08/2009          0.000          0.000          0.384          0.385          0.388          0.388          0.391          0.382          0.382          0.382          0.382          0.382          0.453          0.453          0.453          0.453          0.453
     01/09/2009          0.000          0.000          0.384          0.385          0.387          0.388          0.390          0.382          0.382          0.382          0.382          0.382          0.453          0.453          0.453          0.453          0.453
     02/09/2009          0.000          0.000          0.384          0.384          0.387          0.388          0.390          0.382          0.382          0.382          0.382          0.382          0.453          0.453          0.453          0.453          0.453
     03/09/2009          0.000          0.000          0.384          0.384          0.387          0.388          0.390          0.382          0.382          0.382          0.382          0.382          0.453          0.453          0.453          0.453          0.453
     04/09/2009          0.000          0.000          0.383          0.384          0.387          0.388          0.390          0.382          0.382          0.382          0.382          0.382          0.453          0.453          0.453          0.453          0.453
     05/09/2009          0.000          0.000          0.383          0.384          0.387          0.387          0.390          0.382          0.382          0.382          0.382          0.382          0.453          0.453          0.453          0.453          0.453
     06/09/2009          0.000          0.000          0.383          0.384          0.387          0.387          0.390          0.382          0.382          0.382          0.382          0.382          0.453          0.453          0.453          0.453          0.453
     07/09/2009          0.000          0.000          0.383          0.384          0.387          0.387          0.390          0.382          0.382          0.382          0.382          0.382          0.453          0.453          0.453          0.453          0.453
     08/09/2009          0.000          0.000          0.383          0.384          0.386          0.387          0.389          0.382          0.382          0.382          0.382          0.382          0.453          0.453          0.453          0.453          0.453
     09/09/2009          0.000          0.000          0.383          0.383          0.386          0.387          0.389          0.382          0.382          0.382          0.382          0.382          0.453          0.453          0.453          0.453          0.453
     10/09/2009          0.000          0.000          0.383          0.383          0.386          0.387          0.389          0.382          0.382          0.382          0.382          0.382          0.453          0.453          0.453          0.453          0.453
     11/09/2009          0.000          0.000          0.383          0.383          0.386          0.387          0.389          0.382          0.382          0.382          0.382          0.382          0.453          0.453          0.453          0.453          0.453
     12/09/2009          0.000          0.000          0.383          0.383          0.386          0.386          0.389          0.382          0.382          0.382          0.382          0.382          0.453          0.453          0.453          0.453          0.453
     13/09/2009          0.000          0.000          0.382          0.383          0.386          0.386          0.389          0.382          0.382          0.382          0.382          0.382          0.453          0.453          0.453          0.453          0.453
     14/09/2009          0.000          0.000          0.382          0.383          0.386          0.386          0.389          0.382          0.382          0.382          0.382          0.382          0.453          0.453          0.453          0.453          0.453
     15/09/2009          0.000          0.000          0.382          0.383          0.386          0.386          0.388          0.382          0.382          0.382          0.382          0.382          0.453          0.453          0.453          0.453          0.453
     16/09/2009          0.000          0.000          0.382          0.383          0.385          0.386          0.388          0.382          0.382          0.382          0.382          0.382          0.453          0.453          0.453          0.453          0.453
     17/09/2009          0.000          0.000          0.382          0.383          0.385          0.386          0.388          0.382          0.382          0.382          0.382          0.382          0.453          0.453          0.453          0.453          0.453
     18/09/2009          0.000          0.000          0.382          0.382          0.385          0.386          0.388          0.382          0.382          0.382          0.382          0.382          0.453          0.453          0.453          0.453          0.453
     19/09/2009          0.000          0.000          0.382          0.382          0.385          0.386          0.388          0.382          0.382          0.382          0.382          0.382          0.453          0.453          0.453          0.453          0.453
     20/09/2009          0.000          0.000          0.382          0.382          0.385          0.385          0.388          0.382          0.382          0.382          0.382          0.382          0.453          0.453          0.453          0.453          0.453
     21/09/2009          0.000          0.000          0.381          0.382          0.385          0.385          0.388          0.382          0.382          0.382          0.382          0.382          0.453          0.453          0.453          0.453          0.453
     22/09/2009          0.000          0.000          0.381          0.382          0.385          0.385          0.388          0.382          0.382          0.382          0.382          0.382          0.453          0.453          0.453          0.453          0.453
     23/09/2009          0.000          0.000          0.381          0.382          0.385          0.385          0.387          0.382          0.382          0.382          0.382          0.382          0.453          0.453          0.453          0.453          0.453
     24/09/2009          0.000          0.000          0.381          0.382          0.384          0.385          0.387          0.382          0.382          0.382          0.382          0.382          0.453          0.453          0.453          0.453          0.453
     25/09/2009          0.000          0.000          0.381          0.382          0.384          0.385          0.387          0.382          0.382          0.382          0.382          0.382          0.453          0.453          0.453          0.453          0.453
     26/09/2009          0.000          0.000          0.381          0.382          0.384          0.385          0.387          0.382          0.382          0.382          0.382          0.382          0.453          0.453          0.453          0.453          0.453
     27/09/2009          0.000          0.000          0.381          0.381          0.384          0.385          0.387          0.382          0.382          0.382          0.382          0.382          0.453          0.453          0.453          0.453          0.453
     28/09/2009          0.000          0.000          0.381          0.381          0.384          0.385          0.387          0.382          0.382          0.382          0.382          0.382          0.453          0.453          0.453          0.453          0.453
     29/09/2009          0.000          0.000          0.381          0.381          0.384          0.384          0.387          0.382          0.382          0.382          0.382          0.382          0.453          0.453          0.453          0.453          0.453
     30/09/2009          0.000          0.000          0.381          0.381          0.384          0.384          0.387          0.382          0.382          0.382          0.382          0.382          0.453          0.453          0.453          0.453          0.453
     01/10/2009          0.000          0.000          0.380          0.381          0.384          0.384          0.387          0.382          0.382          0.382          0.382          0.382          0.453          0.453          0.453          0.453          0.453
     02/10/2009          0.000          0.000          0.380          0.381          0.384          0.384          0.386          0.382          0.382          0.382          0.382          0.382          0.453          0.453          0.453          0.453          0.453
     03/10/2009          0.000          0.000          0.380          0.381          0.384          0.384          0.386          0.382          0.382          0.382          0.382          0.382          0.453          0.453          0.453          0.453          0.453
     04/10/2009          0.000          0.000          0.380          0.381          0.383          0.384          0.386          0.382          0.382          0.382          0.382          0.382          0.453          0.453          0.453          0.453          0.453
     05/10/2009          0.000          0.000          0.380          0.381          0.383          0.384          0.386          0.382          0.382          0.382          0.382          0.382          0.453          0.453          0.453          0.453          0.453
     06/10/2009          0.000          0.000          0.380          0.381          0.383          0.384          0.386          0.382          0.382          0.382          0.382          0.382          0.453          0.453          0.453          0.453          0.453
     07/10/2009          0.000          0.000          0.380          0.380          0.383          0.384          0.386          0.382          0.382          0.382          0.382          0.382          0.453          0.453          0.453          0.453          0.453
     08/10/2009          0.000          0.000          0.380          0.380          0.383          0.383          0.386          0.382          0.382          0.382          0.382          0.382          0.453          0.453          0.453          0.453          0.453
     09/10/2009          0.000          0.000          0.380          0.380          0.383          0.383          0.386          0.382          0.382          0.382          0.382          0.382          0.453          0.453          0.453          0.453          0.453
     10/10/2009          0.000          0.000          0.380          0.380          0.383          0.383          0.386          0.382          0.382          0.382          0.382          0.382          0.453          0.453          0.453          0.453          0.453
     11/10/2009          0.000          0.000          0.380          0.380          0.383          0.383          0.385          0.382          0.382          0.382          0.382          0.382          0.453          0.453          0.453          0.453          0.453
     12/10/2009          0.000          0.000          0.379          0.380          0.383          0.383          0.385          0.382          0.382          0.382          0.382          0.382          0.453          0.453          0.453          0.453          0.453
     13/10/2009          0.000          0.000          0.379          0.380          0.383          0.383          0.385          0.382          0.382          0.382          0.382          0.382          0.453          0.453          0.453          0.453          0.453
     14/10/2009          0.000          0.000          0.379          0.380          0.382          0.383          0.385          0.382          0.382          0.382          0.382          0.382          0.453          0.453          0.453          0.453          0.453
     15/10/2009          0.000          0.000          0.379          0.380          0.382          0.383          0.385          0.382          0.382          0.382          0.382          0.382          0.453          0.453          0.453          0.453          0.453
     16/10/2009          0.000          0.000          0.379          0.380          0.382          0.383          0.385          0.382          0.382          0.382          0.382          0.382          0.453          0.453          0.453          0.453          0.453
     17/10/2009          0.000          0.000          0.379          0.380          0.382          0.383          0.385          0.382          0.382          0.382          0.382          0.382          0.453          0.453          0.453          0.453          0.453
     18/10/2009          0.000          0.000          0.379          0.379          0.382          0.383          0.385          0.382          0.382          0.382          0.382          0.382          0.453          0.453          0.453          0.453          0.453
     19/10/2009          0.000          0.000          0.379          0.379          0.382          0.382          0.385          0.382          0.382          0.382          0.382          0.382          0.453          0.453          0.453          0.453          0.453
     20/10/2009          0.000          0.000          0.379          0.379          0.382          0.382          0.385          0.382          0.382          0.382          0.382          0.382          0.453          0.453          0.453          0.453          0.453
     21/10/2009          0.000          0.000          0.379          0.379          0.382          0.382          0.385          0.382          0.382          0.382          0.382          0.382          0.453          0.453          0.453          0.453          0.453
     22/10/2009          0.000          0.000          0.379          0.379          0.382          0.382          0.384          0.382          0.382          0.382          0.382          0.382          0.453          0.453          0.453          0.453          0.453
     23/10/2009          0.000          0.000          0.379          0.379          0.382          0.382          0.384          0.382          0.382          0.382          0.382          0.382          0.453          0.453          0.453          0.453          0.453
     24/10/2009          0.000          0.000          0.378          0.379          0.382          0.382          0.384          0.382          0.382          0.382          0.382          0.382          0.453          0.453          0.453          0.453          0.453
     25/10/2009          0.000          0.000          0.378          0.379          0.381          0.382          0.384          0.382          0.382          0.382          0.382          0.382          0.453          0.453          0.453          0.453          0.453
     26/10/2009          0.000          0.000          0.378          0.379          0.381          0.382          0.384          0.382          0.382          0.382          0.382          0.382          0.453          0.453          0.453          0.453          0.453
     27/10/2009          0.000          0.000          0.378          0.379          0.381          0.382          0.384          0.382          0.382          0.382          0.382          0.382          0.453          0.453          0.453          0.453          0.453
     28/10/2009          0.000          0.000          0.378          0.379          0.381          0.382          0.384          0.382          0.382          0.382          0.382          0.382          0.453          0.453          0.453          0.453          0.453
     29/10/2009          0.000          0.000          0.378          0.379          0.381          0.382          0.384          0.382          0.382          0.382          0.382          0.382          0.453          0.453          0.453          0.453          0.453
     30/10/2009          0.000          0.000          0.378          0.378          0.381          0.381          0.384          0.382          0.382          0.382          0.382          0.382          0.453          0.453          0.453          0.453          0.453
     31/10/2009          0.000          0.000          0.378          0.378          0.381          0.381          0.384          0.382          0.382          0.382          0.382          0.382          0.453          0.453          0.453          0.453          0.453
     01/11/2009          0.000          0.000          0.378          0.378          0.381          0.381          0.384          0.382          0.382          0.382          0.382          0.382          0.453          0.453          0.453          0.453          0.453
     02/11/2009          0.000          0.000          0.378          0.378          0.381          0.381          0.383          0.382          0.382          0.382          0.382          0.382          0.453          0.453          0.453          0.453          0.453
     03/11/2009          0.000          0.000          0.378          0.378          0.381          0.381          0.383          0.382          0.382          0.382          0.382          0.382          0.453          0.453          0.453          0.453          0.453
     04/11/2009          0.000          0.000          0.378          0.378          0.381          0.381          0.383          0.382          0.382          0.382          0.382          0.382          0.453          0.453          0.453          0.453          0.453
     05/11/2009          0.000          0.000          0.378          0.378          0.381          0.381          0.383          0.382          0.382          0.382          0.382          0.382          0.453          0.453          0.453          0.453          0.453
     06/11/2009          0.000          0.000          0.377          0.378          0.380          0.381          0.383          0.382          0.382          0.382          0.382          0.382          0.453          0.453          0.453          0.453          0.453
     07/11/2009          0.000          0.000          0.377          0.378          0.380          0.381          0.383          0.382          0.382          0.382          0.382          0.382          0.453          0.453          0.453          0.453          0.453
     08/11/2009          0.000          0.000          0.377          0.378          0.380          0.381          0.383          0.382          0.382          0.382          0.382          0.382          0.453          0.453          0.453          0.453          0.453
     09/11/2009          0.000          0.000          0.377          0.378          0.380          0.381          0.383          0.382          0.382          0.382          0.382          0.382          0.453          0.453          0.453          0.453          0.453
     10/11/2009          0.000          0.000          0.377          0.378          0.380          0.381          0.383          0.382          0.382          0.382          0.382          0.382          0.453          0.453          0.453          0.453          0.453
     11/11/2009          0.000          0.000          0.377          0.378          0.380          0.381          0.383          0.382          0.382          0.382          0.382          0.382          0.453          0.453          0.453          0.453          0.453
     12/11/2009          0.000          0.000          0.377          0.378          0.380          0.380          0.383          0.382          0.382          0.382          0.382          0.382          0.453          0.453          0.453          0.453          0.453
     13/11/2009          0.000          0.000          0.377          0.377          0.380          0.380          0.383          0.382          0.382          0.382          0.382          0.382          0.453          0.453          0.453          0.453          0.453
     14/11/2009          0.000          0.000          0.377          0.377          0.380          0.380          0.382          0.382          0.382          0.382          0.382          0.382          0.453          0.453          0.453          0.453          0.453
     15/11/2009          0.000          0.000          0.377          0.377          0.380          0.380          0.382          0.382          0.382          0.382          0.382          0.382          0.453          0.453          0.453          0.453          0.453
     16/11/2009          0.000          0.000          0.377          0.377          0.380          0.380          0.382          0.382          0.382          0.382          0.382          0.382          0.453          0.453          0.453          0.453          0.453
     17/11/2009          0.000          0.000          0.377          0.377          0.380          0.380          0.382          0.382          0.382          0.382          0.382          0.382          0.453          0.453          0.453          0.453          0.453
     18/11/2009          0.000          0.000          0.377          0.377          0.380          0.380          0.382          0.382          0.382          0.382          0.382          0.382          0.453          0.453          0.453          0.453          0.453
     19/11/2009          0.000          0.000          0.377          0.377          0.379          0.380          0.382          0.382          0.382          0.382          0.382          0.382          0.453          0.453          0.453          0.453          0.453
     20/11/2009          0.000          0.000          0.376          0.377          0.379          0.380          0.382          0.382          0.382          0.382          0.382          0.382          0.453          0.453          0.453          0.453          0.453
     21/11/2009          0.000          0.000          0.376          0.377          0.379          0.380          0.382          0.382          0.382          0.382          0.382          0.382          0.453          0.453          0.453          0.453          0.453
     22/11/2009          0.000          0.000          0.376          0.377          0.379          0.380          0.382          0.382          0.382          0.382          0.382          0.382          0.453          0.453          0.453          0.453          0.453
     23/11/2009          0.000          0.000          0.376          0.377          0.379          0.380          0.382          0.382          0.382          0.382          0.382          0.382          0.453          0.453          0.453          0.453          0.453
     24/11/2009          0.000          0.000          0.376          0.377          0.379          0.380          0.382          0.382          0.382          0.382          0.382          0.382          0.453          0.453          0.453          0.453          0.453
     25/11/2009          0.000          0.000          0.376          0.377          0.379          0.379          0.382          0.382          0.382          0.382          0.382          0.382          0.453          0.453          0.453          0.453          0.453
     26/11/2009          0.000          0.000          0.376          0.377          0.379          0.379          0.382          0.382          0.382          0.382          0.382          0.382          0.453          0.453          0.453          0.453          0.453
     27/11/2009          0.000          0.000          0.376          0.376          0.379          0.379          0.381          0.382          0.382          0.382          0.382          0.382          0.453          0.453          0.453          0.453          0.453
     28/11/2009          0.000          0.000          0.376          0.376          0.379          0.379          0.381          0.382          0.382          0.382          0.382          0.382          0.453          0.453          0.453          0.453          0.453
     29/11/2009          0.000          0.000          0.376          0.376          0.379          0.379          0.381          0.382          0.382          0.382          0.382          0.382          0.453          0.453          0.453          0.453          0.453
     30/11/2009          0.000          0.000          0.376          0.376          0.379          0.379          0.381          0.382          0.382          0.382          0.382          0.382          0.453          0.453          0.453          0.453          0.453
     01/12/2009          0.000          0.000          0.376          0.376          0.379          0.379          0.381          0.382          0.382          0.382          0.382          0.382          0.453          0.453          0.453          0.453          0.453
     02/12/2009          0.000          0.000          0.376          0.376          0.379          0.379          0.381          0.382          0.382          0.382          0.382          0.382          0.453          0.453          0.453          0.453          0.453
     03/12/2009          0.000          0.000          0.376          0.376          0.378          0.379          0.381          0.382          0.382          0.382          0.382          0.382          0.453          0.453          0.453          0.453          0.453
     04/12/2009          0.000          0.000          0.376          0.376          0.378          0.379          0.381          0.382          0.382          0.382          0.382          0.382          0.453          0.453          0.453          0.453          0.453
     05/12/2009          0.000          0.000          0.375          0.376          0.378          0.379          0.381          0.382          0.382          0.382          0.382          0.382          0.453          0.453          0.453          0.453          0.453
     06/12/2009          0.000          0.000          0.375          0.376          0.378          0.379          0.381          0.382          0.382          0.382          0.382          0.382          0.453          0.453          0.453          0.453          0.453
     07/12/2009          0.000          0.000          0.375          0.376          0.378          0.379          0.381          0.382          0.382          0.382          0.382          0.382          0.453          0.453          0.453          0.453          0.453
     08/12/2009          0.000          0.000          0.375          0.376          0.378          0.379          0.381          0.382          0.382          0.382          0.382          0.382          0.453          0.453          0.453          0.453          0.453
     09/12/2009          0.000          0.000          0.375          0.376          0.378          0.379          0.381          0.382          0.382          0.382          0.382          0.382          0.453          0.453          0.453          0.453          0.453
     10/12/2009          0.000          0.000          0.375          0.376          0.378          0.378          0.381          0.382          0.382          0.382          0.382          0.382          0.453          0.453          0.453          0.453          0.453
     11/12/2009          0.000          0.000          0.375          0.376          0.378          0.378          0.380          0.382          0.382          0.382          0.382          0.382          0.453          0.453          0.453          0.453          0.453
     12/12/2009          0.000          0.000          0.375          0.376          0.378          0.378          0.380          0.382          0.382          0.382          0.382          0.382          0.453          0.453          0.453          0.453          0.453
     13/12/2009          0.000          0.000          0.375          0.375          0.378          0.378          0.380          0.382          0.382          0.382          0.382          0.382          0.453          0.453          0.453          0.453          0.453
     14/12/2009          0.000          0.000          0.375          0.375          0.378          0.378          0.380          0.382          0.382          0.382          0.382          0.382          0.453          0.453          0.453          0.453          0.453
     15/12/2009          0.000          0.000          0.375          0.375          0.378          0.378          0.380          0.382          0.382          0.382          0.382          0.382          0.453          0.453          0.453          0.453          0.453
     16/12/2009          0.000          0.000          0.375          0.375          0.378          0.378          0.380          0.382          0.382          0.382          0.382          0.382          0.453          0.453          0.453          0.453          0.453
     17/12/2009          0.000          0.000          0.375          0.375          0.378          0.378          0.380          0.382          0.382          0.382          0.382          0.382          0.453          0.453          0.453          0.453          0.453
     18/12/2009          0.000          0.000          0.375          0.375          0.378          0.378          0.380          0.382          0.382          0.382          0.382          0.382          0.453          0.453          0.453          0.453          0.453
     19/12/2009          0.000          0.000          0.375          0.375          0.377          0.378          0.380          0.382          0.382          0.382          0.382          0.382          0.453          0.453          0.453          0.453          0.453
     20/12/2009          0.000          0.000          0.375          0.375          0.377          0.378          0.380          0.382          0.382          0.382          0.382          0.382          0.453          0.453          0.453          0.453          0.453
     21/12/2009          0.000          0.000          0.375          0.375          0.377          0.378          0.380          0.382          0.382          0.382          0.382          0.382          0.453          0.453          0.453          0.453          0.453
     22/12/2009          0.000          0.000          0.374          0.375          0.377          0.378          0.380          0.382          0.382          0.382          0.382          0.382          0.453          0.453          0.453          0.453          0.453
     23/12/2009          0.000          0.000          0.374          0.375          0.377          0.378          0.380          0.382          0.382          0.382          0.382          0.382          0.453          0.453          0.453          0.453          0.453
     24/12/2009          0.000          0.000          0.374          0.375          0.377          0.378          0.380          0.382          0.382          0.382          0.382          0.382          0.453          0.453          0.453          0.453          0.453
     25/12/2009          0.000          0.000          0.374          0.375          0.377          0.378          0.380          0.382          0.382          0.382          0.382          0.382          0.453          0.453          0.453          0.453          0.453
     26/12/2009          0.000          0.000          0.374          0.375          0.377          0.377          0.379          0.382          0.382          0.382          0.382          0.382          0.453          0.453          0.453          0.453          0.453
     27/12/2009          0.000          0.000          0.374          0.375          0.377          0.377          0.379          0.382          0.382          0.382          0.382          0.382          0.453          0.453          0.453          0.453          0.453
     28/12/2009          0.000          0.000          0.374          0.375          0.377          0.377          0.379          0.382          0.382          0.382          0.382          0.382          0.453          0.453          0.453          0.453          0.453
     29/12/2009          0.000          0.000          0.374          0.375          0.377          0.377          0.379          0.382          0.382          0.382          0.382          0.382          0.453          0.453          0.453          0.453          0.453
     30/12/2009          0.000          0.000          0.374          0.374          0.377          0.377          0.379          0.382          0.382          0.382          0.382          0.382          0.453          0.453          0.453          0.453          0.453
     31/12/2009          0.000          0.000          0.374          0.374          0.377          0.377          0.379          0.382          0.382          0.382          0.382          0.382          0.453          0.453          0.453          0.453          0.453
     01/01/2010          0.000          0.000          0.374          0.374          0.377          0.377          0.379          0.382          0.382          0.382          0.382          0.382          0.453          0.453          0.453          0.453          0.453
     02/01/2010          0.000          0.000          0.374          0.374          0.377          0.377          0.379          0.382          0.382          0.382          0.382          0.382          0.453          0.453          0.453          0.453          0.453
     03/01/2010          0.000          0.000          0.374          0.374          0.377          0.377          0.379          0.382          0.382          0.382          0.382          0.382          0.453          0.453          0.453          0.453          0.453
     04/01/2010          0.000          0.000          0.374          0.374          0.376          0.377          0.379          0.382          0.382          0.382          0.382          0.382          0.453          0.453          0.453          0.453          0.453
     05/01/2010          0.000          0.000          0.374          0.374          0.376          0.377          0.379          0.382          0.382          0.382          0.382          0.382          0.453          0.453          0.453          0.453          0.453
     06/01/2010          0.000          0.000          0.374          0.374          0.376          0.377          0.379          0.382          0.382          0.382          0.382          0.382          0.453          0.453          0.453          0.453          0.453
     07/01/2010          0.000          0.000          0.374          0.374          0.376          0.377          0.379          0.382          0.382          0.382          0.382          0.382          0.453          0.453          0.453          0.453          0.453
     08/01/2010          0.000          0.000          0.374          0.374          0.376          0.377          0.379          0.382          0.382          0.382          0.382          0.382          0.453          0.453          0.453          0.453          0.453
     09/01/2010          0.000          0.000          0.373          0.374          0.376          0.377          0.379          0.382          0.382          0.382          0.382          0.382          0.453          0.453          0.453          0.453          0.453
     10/01/2010          0.000          0.000          0.373          0.374          0.376          0.377          0.379          0.382          0.382          0.382          0.382          0.382          0.453          0.453          0.453          0.453          0.453
     11/01/2010          0.000          0.000          0.373          0.374          0.376          0.377          0.378          0.382          0.382          0.382          0.382          0.382          0.453          0.453          0.453          0.453          0.453
     12/01/2010          0.000          0.000          0.373          0.374          0.376          0.376          0.378          0.382          0.382          0.382          0.382          0.382          0.453          0.453          0.453          0.453          0.453
     13/01/2010          0.000          0.000          0.373          0.374          0.376          0.376          0.378          0.382          0.382          0.382          0.382          0.382          0.453          0.453          0.453          0.453          0.453
     14/01/2010          0.000          0.000          0.373          0.374          0.376          0.376          0.378          0.382          0.382          0.382          0.382          0.382          0.453          0.453          0.453          0.453          0.453
     15/01/2010          0.000          0.000          0.373          0.374          0.376          0.376          0.378          0.382          0.382          0.382          0.382          0.382          0.453          0.453          0.453          0.453          0.453
     16/01/2010          0.000          0.000          0.373          0.374          0.376          0.376          0.378          0.382          0.382          0.382          0.382          0.382          0.453          0.453          0.453          0.453          0.453
     17/01/2010          0.000          0.000          0.373          0.374          0.376          0.376          0.378          0.382          0.382          0.382          0.382          0.382          0.453          0.453          0.453          0.453          0.453
     18/01/2010          0.000          0.000          0.373          0.373          0.376          0.376          0.378          0.382          0.382          0.382          0.382          0.382          0.453          0.453          0.453          0.453          0.453
     19/01/2010          0.000          0.000          0.373          0.373          0.376          0.376          0.378          0.382          0.382          0.382          0.382          0.382          0.453          0.453          0.453          0.453          0.453
     20/01/2010          0.000          0.000          0.373          0.373          0.376          0.376          0.378          0.382          0.382          0.382          0.382          0.382          0.453          0.453          0.453          0.453          0.453
     21/01/2010          0.000          0.000          0.373          0.373          0.376          0.376          0.378          0.382          0.382          0.382          0.382          0.382          0.453          0.453          0.453          0.453          0.453
     22/01/2010          0.000          0.000          0.373          0.373          0.376          0.376          0.378          0.382          0.382          0.382          0.382          0.382          0.453          0.453          0.453          0.453          0.453
     23/01/2010          0.000          0.000          0.373          0.373          0.375          0.376          0.378          0.382          0.382          0.382          0.382          0.382          0.453          0.453          0.453          0.453          0.453
     24/01/2010          0.000          0.000          0.373          0.373          0.375          0.376          0.378          0.382          0.382          0.382          0.382          0.382          0.453          0.453          0.453          0.453          0.453
     25/01/2010          0.000          0.000          0.373          0.373          0.375          0.376          0.378          0.382          0.382          0.382          0.382          0.382          0.453          0.453          0.453          0.453          0.453
     26/01/2010          0.000          0.000          0.373          0.373          0.375          0.376          0.378          0.382          0.382          0.382          0.382          0.382          0.453          0.453          0.453          0.453          0.453
     27/01/2010          0.000          0.000          0.373          0.373          0.375          0.376          0.378          0.382          0.382          0.382          0.382          0.382          0.453          0.453          0.453          0.453          0.453
     28/01/2010          0.000          0.000          0.373          0.373          0.375          0.376          0.378          0.382          0.382          0.382          0.382          0.382          0.453          0.453          0.453          0.453          0.453
     29/01/2010          0.000          0.000          0.372          0.373          0.375          0.376          0.377          0.382          0.382          0.382          0.382          0.382          0.453          0.453          0.453          0.453          0.453
     30/01/2010          0.000          0.000          0.372          0.373          0.375          0.375          0.377          0.382          0.382          0.382          0.382          0.382          0.453          0.453          0.453          0.453          0.453
     31/01/2010          0.000          0.000          0.372          0.373          0.375          0.375          0.377          0.382          0.382          0.382          0.382          0.382          0.453          0.453          0.453          0.453          0.453
     01/02/2010          0.000          0.000          0.372          0.373          0.375          0.375          0.377          0.382          0.382          0.382          0.382          0.382          0.453          0.453          0.453          0.453          0.453
     02/02/2010          0.000          0.000          0.372          0.373          0.375          0.375          0.377          0.382          0.382          0.382          0.382          0.382          0.453          0.453          0.453          0.453          0.453
     03/02/2010          0.000          0.000          0.372          0.373          0.375          0.375          0.377          0.382          0.382          0.382          0.382          0.382          0.453          0.453          0.453          0.453          0.453
     04/02/2010          0.000          0.000          0.372          0.373          0.375          0.375          0.377          0.382          0.382          0.382          0.382          0.382          0.453          0.453          0.453          0.453          0.453
     05/02/2010          0.000          0.000          0.372          0.373          0.375          0.375          0.377          0.382          0.382          0.382          0.382          0.382          0.453          0.453          0.453          0.453          0.453
     06/02/2010          0.000          0.000          0.372          0.373          0.375          0.375          0.377          0.382          0.382          0.382          0.382          0.382          0.453          0.453          0.453          0.453          0.453
     07/02/2010          0.000          0.000          0.372          0.373          0.375          0.375          0.377          0.382          0.382          0.382          0.382          0.382          0.453          0.453          0.453          0.453          0.453
     08/02/2010          0.000          0.000          0.372          0.372          0.375          0.375          0.377          0.382          0.382          0.382          0.382          0.382          0.453          0.453          0.453          0.453          0.453
     09/02/2010          0.000          0.000          0.372          0.372          0.375          0.375          0.377          0.382          0.382          0.382          0.382          0.382          0.453          0.453          0.453          0.453          0.453
     10/02/2010          0.000          0.000          0.372          0.372          0.375          0.375          0.377          0.382          0.382          0.382          0.382          0.382          0.453          0.453          0.453          0.453          0.453
     11/02/2010          0.000          0.000          0.372          0.372          0.374          0.375          0.377          0.382          0.382          0.382          0.382          0.382          0.453          0.453          0.453          0.453          0.453
     12/02/2010          0.000          0.000          0.372          0.372          0.374          0.375          0.377          0.382          0.382          0.382          0.382          0.382          0.453          0.453          0.453          0.453          0.453
     13/02/2010          0.000          0.000          0.372          0.372          0.374          0.375          0.377          0.382          0.382          0.382          0.382          0.382          0.453          0.453          0.453          0.453          0.453
     14/02/2010          0.000          0.000          0.372          0.372          0.374          0.375          0.377          0.382          0.382          0.382          0.382          0.382          0.453          0.453          0.453          0.453          0.453
     15/02/2010          0.000          0.000          0.372          0.372          0.374          0.375          0.377          0.382          0.382          0.382          0.382          0.382          0.453          0.453          0.453          0.453          0.453
     16/02/2010          0.000          0.000          0.372          0.372          0.374          0.375          0.377          0.382          0.382          0.382          0.382          0.382          0.453          0.453          0.453          0.453          0.453
     17/02/2010          0.000          0.000          0.372          0.372          0.374          0.375          0.376          0.382          0.382          0.382          0.382          0.382          0.453          0.453          0.453          0.453          0.453
     18/02/2010          0.000          0.000          0.372          0.372          0.374          0.375          0.376          0.382          0.382          0.382          0.382          0.382          0.453          0.453          0.453          0.453          0.453
     19/02/2010          0.000          0.000          0.372          0.372          0.374          0.374          0.376          0.382          0.382          0.382          0.382          0.382          0.453          0.453          0.453          0.453          0.453
     20/02/2010          0.000          0.000          0.371          0.372          0.374          0.374          0.376          0.382          0.382          0.382          0.382          0.382          0.453          0.453          0.453          0.453          0.453
     21/02/2010          0.000          0.000          0.371          0.372          0.374          0.374          0.376          0.382          0.382          0.382          0.382          0.382          0.453          0.453          0.453          0.453          0.453
     22/02/2010          0.000          0.000          0.371          0.372          0.374          0.374          0.376          0.382          0.382          0.382          0.382          0.382          0.453          0.453          0.453          0.453          0.453
     23/02/2010          0.000          0.000          0.371          0.372          0.374          0.374          0.376          0.382          0.382          0.382          0.382          0.382          0.453          0.453          0.453          0.453          0.453
     24/02/2010          0.000          0.000          0.371          0.372          0.374          0.374          0.376          0.382          0.382          0.382          0.382          0.382          0.453          0.453          0.453          0.453          0.453
     25/02/2010          0.000          0.000          0.371          0.372          0.374          0.374          0.376          0.382          0.382          0.382          0.382          0.382          0.453          0.453          0.453          0.453          0.453
     26/02/2010          0.000          0.000          0.371          0.372          0.374          0.374          0.376          0.382          0.382          0.382          0.382          0.382          0.453          0.453          0.453          0.453          0.453
     27/02/2010          0.000          0.000          0.371          0.372          0.374          0.374          0.376          0.382          0.382          0.382          0.382          0.382          0.453          0.453          0.453          0.453          0.453
     28/02/2010          0.000          0.000          0.371          0.372          0.374          0.374          0.376          0.382          0.382          0.382          0.382          0.382          0.453          0.453          0.453          0.453          0.453
     01/03/2010          0.000          0.000          0.371          0.372          0.374          0.374          0.376          0.382          0.382          0.382          0.382          0.382          0.453          0.453          0.453          0.453          0.453
     02/03/2010          0.000          0.000          0.371          0.371          0.374          0.374          0.376          0.382          0.382          0.382          0.382          0.382          0.453          0.453          0.453          0.453          0.453
     03/03/2010          0.000          0.000          0.371          0.371          0.374          0.374          0.376          0.382          0.382          0.382          0.382          0.382          0.453          0.453          0.453          0.453          0.453
     04/03/2010          0.000          0.000          0.371          0.371          0.373          0.374          0.376          0.382          0.382          0.382          0.382          0.382          0.453          0.453          0.453          0.453          0.453
     05/03/2010          0.000          0.000          0.371          0.371          0.373          0.374          0.376          0.382          0.382          0.382          0.382          0.382          0.453          0.453          0.453          0.453          0.453
     06/03/2010          0.000          0.000          0.371          0.371          0.373          0.374          0.376          0.382          0.382          0.382          0.382          0.382          0.453          0.453          0.453          0.453          0.453
     07/03/2010          0.000          0.000          0.371          0.371          0.373          0.374          0.376          0.382          0.382          0.382          0.382          0.382          0.453          0.453          0.453          0.453          0.453
     08/03/2010          0.000          0.000          0.371          0.371          0.373          0.374          0.376          0.382          0.382          0.382          0.382          0.382          0.453          0.453          0.453          0.453          0.453
     09/03/2010          0.000          0.000          0.371          0.371          0.373          0.374          0.375          0.382          0.382          0.382          0.382          0.382          0.453          0.453          0.453          0.453          0.453
     10/03/2010          0.000          0.000          0.371          0.371          0.373          0.374          0.375          0.382          0.382          0.382          0.382          0.382          0.453          0.453          0.453          0.453          0.453
     11/03/2010          0.000          0.000          0.371          0.371          0.373          0.374          0.375          0.382          0.382          0.382          0.382          0.382          0.453          0.453          0.453          0.453          0.453
     12/03/2010          0.000          0.000          0.371          0.371          0.373          0.374          0.375          0.382          0.382          0.382          0.382          0.382          0.453          0.453          0.453          0.453          0.453
     13/03/2010          0.000          0.000          0.371          0.371          0.373          0.373          0.375          0.382          0.382          0.382          0.382          0.382          0.453          0.453          0.453          0.453          0.453
     14/03/2010          0.000          0.000          0.371          0.371          0.373          0.373          0.375          0.382          0.382          0.382          0.382          0.382          0.453          0.453          0.453          0.453          0.453
     15/03/2010          0.000          0.000          0.370          0.371          0.373          0.373          0.375          0.382          0.382          0.382          0.382          0.382          0.453          0.453          0.453          0.453          0.453
     16/03/2010          0.000          0.000          0.370          0.371          0.373          0.373          0.375          0.382          0.382          0.382          0.382          0.382          0.453          0.453          0.453          0.453          0.453
     17/03/2010          0.000          0.000          0.370          0.371          0.373          0.373          0.375          0.382          0.382          0.382          0.382          0.382          0.453          0.453          0.453          0.453          0.453
     18/03/2010          0.000          0.000          0.370          0.371          0.373          0.373          0.375          0.382          0.382          0.382          0.382          0.382          0.453          0.453          0.453          0.453          0.453
     19/03/2010          0.000          0.000          0.370          0.371          0.373          0.373          0.375          0.382          0.382          0.382          0.382          0.382          0.453          0.453          0.453          0.453          0.453
     20/03/2010          0.000          0.000          0.370          0.371          0.373          0.373          0.375          0.382          0.382          0.382          0.382          0.382          0.453          0.453          0.453          0.453          0.453
     21/03/2010          0.000          0.000          0.370          0.371          0.373          0.373          0.375          0.382          0.382          0.382          0.382          0.382          0.453          0.453          0.453          0.453          0.453
     22/03/2010          0.000          0.000          0.370          0.371          0.373          0.373          0.375          0.382          0.382          0.382          0.382          0.382          0.453          0.453          0.453          0.453          0.453
     23/03/2010          0.000          0.000          0.370          0.371          0.373          0.373          0.375          0.382          0.382          0.382          0.382          0.382          0.453          0.453          0.453          0.453          0.453
     24/03/2010          0.000          0.000          0.370          0.371          0.373          0.373          0.375          0.382          0.382          0.382          0.382          0.382          0.453          0.453          0.453          0.453          0.453
     25/03/2010          0.000          0.000          0.370          0.371          0.373          0.373          0.375          0.382          0.382          0.382          0.382          0.382          0.453          0.453          0.453          0.453          0.453
     26/03/2010          0.000          0.000          0.370          0.370          0.373          0.373          0.375          0.382          0.382          0.382          0.382          0.382          0.453          0.453          0.453          0.453          0.453
     27/03/2010          0.000          0.000          0.370          0.370          0.372          0.373          0.375          0.382          0.382          0.382          0.382          0.382          0.453          0.453          0.453          0.453          0.453
     28/03/2010          0.000          0.000          0.370          0.370          0.372          0.373          0.375          0.382          0.382          0.382          0.382          0.382          0.453          0.453          0.453          0.453          0.453
     29/03/2010          0.000          0.000          0.370          0.370          0.372          0.373          0.375          0.382          0.382          0.382          0.382          0.382          0.453          0.453          0.453          0.453          0.453
     30/03/2010          0.000          0.000          0.370          0.370          0.372          0.373          0.375          0.382          0.382          0.382          0.382          0.382          0.453          0.453          0.453          0.453          0.453
     31/03/2010          0.000          0.000          0.370          0.370          0.372          0.373          0.374          0.382          0.382          0.382          0.382          0.382          0.453          0.453          0.453          0.453          0.453
     01/04/2010          0.000          0.000          0.370          0.370          0.372          0.373          0.374          0.382          0.382          0.382          0.382          0.382          0.453          0.453          0.453          0.453          0.453
     02/04/2010          0.000          0.000          0.370          0.370          0.372          0.373          0.374          0.382          0.382          0.382          0.382          0.382          0.453          0.453          0.453          0.453          0.453
     03/04/2010          0.000          0.000          0.370          0.370          0.372          0.373          0.374          0.382          0.382          0.382          0.382          0.382          0.453          0.453          0.453          0.453          0.453
     04/04/2010          0.000          0.000          0.370          0.370          0.372          0.373          0.374          0.382          0.382          0.382          0.382          0.382          0.453          0.453          0.453          0.453          0.453
     05/04/2010          0.000          0.000          0.370          0.370          0.372          0.372          0.374          0.382          0.382          0.382          0.382          0.382          0.453          0.453          0.453          0.453          0.453
     06/04/2010          0.000          0.000          0.370          0.370          0.372          0.372          0.374          0.382          0.382          0.382          0.382          0.382          0.453          0.453          0.453          0.453          0.453
     07/04/2010          0.000          0.000          0.370          0.370          0.372          0.372          0.374          0.382          0.382          0.382          0.382          0.382          0.453          0.453          0.453          0.453          0.453
     08/04/2010          0.000          0.000          0.370          0.370          0.372          0.372          0.374          0.382          0.382          0.382          0.382          0.382          0.453          0.453          0.453          0.453          0.453
     09/04/2010          0.000          0.000          0.370          0.370          0.372          0.372          0.374          0.382          0.382          0.382          0.382          0.382          0.453          0.453          0.453          0.453          0.453
     10/04/2010          0.000          0.000          0.369          0.370          0.372          0.372          0.374          0.382          0.382          0.382          0.382          0.382          0.453          0.453          0.453          0.453          0.453
     11/04/2010          0.000          0.000          0.369          0.370          0.372          0.372          0.374          0.382          0.382          0.382          0.382          0.382          0.453          0.453          0.453          0.453          0.453
     12/04/2010          0.000          0.000          0.369          0.370          0.372          0.372          0.374          0.382          0.382          0.382          0.382          0.382          0.453          0.453          0.453          0.453          0.453
     13/04/2010          0.000          0.000          0.369          0.370          0.372          0.372          0.374          0.382          0.382          0.382          0.382          0.382          0.453          0.453          0.453          0.453          0.453
     14/04/2010          0.000          0.000          0.369          0.370          0.372          0.372          0.374          0.382          0.382          0.382          0.382          0.382          0.453          0.453          0.453          0.453          0.453
     15/04/2010          0.000          0.000          0.369          0.370          0.372          0.372          0.374          0.382          0.382          0.382          0.382          0.382          0.453          0.453          0.453          0.453          0.453
     16/04/2010          0.000          0.000          0.369          0.370          0.372          0.372          0.374          0.382          0.382          0.382          0.382          0.382          0.453          0.453          0.453          0.453          0.453
     17/04/2010          0.000          0.000          0.369          0.370          0.372          0.372          0.374          0.382          0.382          0.382          0.382          0.382          0.453          0.453          0.453          0.453          0.453
     18/04/2010          0.000          0.000          0.369          0.370          0.372          0.372          0.374          0.382          0.382          0.382          0.382          0.382          0.453          0.453          0.453          0.453          0.453
     19/04/2010          0.000          0.000          0.369          0.370          0.372          0.372          0.374          0.382          0.382          0.382          0.382          0.382          0.453          0.453          0.453          0.453          0.453
     20/04/2010          0.000          0.000          0.369          0.370          0.372          0.372          0.374          0.382          0.382          0.382          0.382          0.382          0.453          0.453          0.453          0.453          0.453
     21/04/2010          0.000          0.000          0.369          0.369          0.371          0.372          0.374          0.382          0.382          0.382          0.382          0.382          0.453          0.453          0.453          0.453          0.453
     22/04/2010          0.000          0.000          0.369          0.369          0.371          0.372          0.374          0.382          0.382          0.382          0.382          0.382          0.453          0.453          0.453          0.453          0.453
     23/04/2010          0.000          0.000          0.369          0.369          0.371          0.372          0.374          0.382          0.382          0.382          0.382          0.382          0.453          0.453          0.453          0.453          0.453
     24/04/2010          0.000          0.000          0.369          0.369          0.371          0.372          0.373          0.382          0.382          0.382          0.382          0.382          0.453          0.453          0.453          0.453          0.453
     25/04/2010          0.000          0.000          0.369          0.369          0.371          0.372          0.373          0.382          0.382          0.382          0.382          0.382          0.453          0.453          0.453          0.453          0.453
     26/04/2010          0.000          0.000          0.369          0.369          0.371          0.372          0.373          0.382          0.382          0.382          0.382          0.382          0.453          0.453          0.453          0.453          0.453
     27/04/2010          0.000          0.000          0.369          0.369          0.371          0.372          0.373          0.382          0.382          0.382          0.382          0.382          0.453          0.453          0.453          0.453          0.453
     28/04/2010          0.000          0.000          0.369          0.369          0.371          0.372          0.373          0.382          0.382          0.382          0.382          0.382          0.453          0.453          0.453          0.453          0.453
     29/04/2010          0.000          0.000          0.369          0.369          0.371          0.372          0.373          0.382          0.382          0.382          0.382          0.382          0.453          0.453          0.453          0.453          0.453
     30/04/2010          0.000          0.000          0.369          0.369          0.371          0.372          0.373          0.382          0.382          0.382          0.382          0.382          0.453          0.453          0.453          0.453          0.453
     01/05/2010          0.000          0.000          0.369          0.369          0.371          0.371          0.373          0.382          0.382          0.382          0.382          0.382          0.453          0.453          0.453          0.453          0.453
     02/05/2010          0.000          0.000          0.369          0.369          0.371          0.371          0.373          0.382          0.382          0.382          0.382          0.382          0.453          0.453          0.453          0.453          0.453
     03/05/2010          0.000          0.000          0.369          0.369          0.371          0.371          0.373          0.382          0.382          0.382          0.382          0.382          0.453          0.453          0.453          0.453          0.453
     04/05/2010          0.000          0.000          0.369          0.369          0.371          0.371          0.373          0.382          0.382          0.382          0.382          0.382          0.453          0.453          0.453          0.453          0.453
     05/05/2010          0.000          0.000          0.369          0.369          0.371          0.371          0.373          0.382          0.382          0.382          0.382          0.382          0.453          0.453          0.453          0.453          0.453
     06/05/2010          0.000          0.000          0.369          0.369          0.371          0.371          0.373          0.382          0.382          0.382          0.382          0.382          0.453          0.453          0.453          0.453          0.453
     07/05/2010          0.000          0.000          0.369          0.369          0.371          0.371          0.373          0.382          0.382          0.382          0.382          0.382          0.453          0.453          0.453          0.453          0.453
     08/05/2010          0.000          0.000          0.368          0.369          0.371          0.371          0.373          0.382          0.382          0.382          0.382          0.382          0.453          0.453          0.453          0.453          0.453
     09/05/2010          0.000          0.000          0.368          0.369          0.371          0.371          0.373          0.382          0.382          0.382          0.382          0.382          0.453          0.453          0.453          0.453          0.453
     10/05/2010          0.000          0.000          0.368          0.369          0.371          0.371          0.373          0.382          0.382          0.382          0.382          0.382          0.453          0.453          0.453          0.453          0.453
     11/05/2010          0.000          0.000          0.368          0.369          0.371          0.371          0.373          0.382          0.382          0.382          0.382          0.382          0.453          0.453          0.453          0.453          0.453
     12/05/2010          0.000          0.000          0.368          0.369          0.371          0.371          0.373          0.382          0.382          0.382          0.382          0.382          0.453          0.453          0.453          0.453          0.453
     13/05/2010          0.000          0.000          0.368          0.369          0.371          0.371          0.373          0.382          0.382          0.382          0.382          0.382          0.453          0.453          0.453          0.453          0.453
     14/05/2010          0.000          0.000          0.368          0.369          0.371          0.371          0.373          0.382          0.382          0.382          0.382          0.382          0.453          0.453          0.453          0.453          0.453
     15/05/2010          0.000          0.000          0.368          0.369          0.371          0.371          0.373          0.382          0.382          0.382          0.382          0.382          0.453          0.453          0.453          0.453          0.453
     16/05/2010          0.000          0.000          0.368          0.369          0.371          0.371          0.373          0.382          0.382          0.382          0.382          0.382          0.453          0.453          0.453          0.453          0.453
     17/05/2010          0.000          0.000          0.368          0.369          0.371          0.371          0.373          0.382          0.382          0.382          0.382          0.382          0.453          0.453          0.453          0.453          0.453
     18/05/2010          0.000          0.000          0.368          0.369          0.370          0.371          0.373          0.382          0.382          0.382          0.382          0.382          0.453          0.453          0.453          0.453          0.453
     19/05/2010          0.000          0.000          0.368          0.369          0.370          0.371          0.373          0.382          0.382          0.382          0.382          0.382          0.453          0.453          0.453          0.453          0.453
     20/05/2010          0.000          0.000          0.368          0.368          0.370          0.371          0.372          0.382          0.382          0.382          0.382          0.382          0.453          0.453          0.453          0.453          0.453
     21/05/2010          0.000          0.000          0.368          0.368          0.370          0.371          0.372          0.382          0.382          0.382          0.382          0.382          0.453          0.453          0.453          0.453          0.453
     22/05/2010          0.000          0.000          0.368          0.368          0.370          0.371          0.372          0.382          0.382          0.382          0.382          0.382          0.453          0.453          0.453          0.453          0.453
     23/05/2010          0.000          0.000          0.368          0.368          0.370          0.371          0.372          0.382          0.382          0.382          0.382          0.382          0.453          0.453          0.453          0.453          0.453
     24/05/2010          0.000          0.000          0.368          0.368          0.370          0.371          0.372          0.382          0.382          0.382          0.382          0.382          0.453          0.453          0.453          0.453          0.453
     25/05/2010          0.000          0.000          0.368          0.368          0.370          0.371          0.372          0.382          0.382          0.382          0.382          0.382          0.453          0.453          0.453          0.453          0.453
     26/05/2010          0.000          0.000          0.368          0.368          0.370          0.371          0.372          0.382          0.382          0.382          0.382          0.382          0.453          0.453          0.453          0.453          0.453
     27/05/2010          0.000          0.000          0.368          0.368          0.370          0.371          0.372          0.382          0.382          0.382          0.382          0.382          0.453          0.453          0.453          0.453          0.453
     28/05/2010          0.000          0.000          0.368          0.368          0.370          0.370          0.372          0.382          0.382          0.382          0.382          0.382          0.453          0.453          0.453          0.453          0.453
     29/05/2010          0.000          0.000          0.368          0.368          0.370          0.370          0.372          0.382          0.382          0.382          0.382          0.382          0.453          0.453          0.453          0.453          0.453
     30/05/2010          0.000          0.000          0.368          0.368          0.370          0.370          0.372          0.382          0.382          0.382          0.382          0.382          0.453          0.453          0.453          0.453          0.453
