ApsimVersion = 7.7
Title = swcon_Dannevirke401
           Date           rain             es    sw(6-10)(1)    sw(6-10)(2)    sw(6-10)(3)    sw(6-10)(4)    sw(6-10)(5)   dul(6-10)(1)   dul(6-10)(2)   dul(6-10)(3)   dul(6-10)(4)   dul(6-10)(5)   sat(6-10)(1)   sat(6-10)(2)   sat(6-10)(3)   sat(6-10)(4)   sat(6-10)(5)
   (dd/mm/yyyy)           (mm)           (mm)    (cm^3/cm^3)    (cm^3/cm^3)    (cm^3/cm^3)    (cm^3/cm^3)    (cm^3/cm^3)    (cm^3/cm^3)    (cm^3/cm^3)    (cm^3/cm^3)    (cm^3/cm^3)    (cm^3/cm^3)    (cm^3/cm^3)    (cm^3/cm^3)    (cm^3/cm^3)    (cm^3/cm^3)    (cm^3/cm^3)
     01/06/2009          0.000          0.584          0.560          0.560          0.560          0.560          0.560          0.560          0.560          0.560          0.560          0.560          0.630          0.630          0.630          0.630          0.630
     02/06/2009       3000.000          0.000          0.614          0.614          0.614          0.614          0.606          0.560          0.560          0.560          0.560          0.560          0.630          0.630          0.630          0.630          0.630
     03/06/2009       3000.000          0.000          0.614          0.614          0.614          0.614          0.614          0.560          0.560          0.560          0.560          0.560          0.630          0.630          0.630          0.630          0.630
     04/06/2009       3000.000          0.000          0.614          0.614          0.614          0.614          0.614          0.560          0.560          0.560          0.560          0.560          0.630          0.630          0.630          0.630          0.630
     05/06/2009       3000.000          0.000          0.614          0.614          0.614          0.614          0.614          0.560          0.560          0.560          0.560          0.560          0.630          0.630          0.630          0.630          0.630
     06/06/2009       3000.000          0.000          0.614          0.614          0.614          0.614          0.614          0.560          0.560          0.560          0.560          0.560          0.630          0.630          0.630          0.630          0.630
     07/06/2009       3000.000          0.000          0.614          0.614          0.614          0.614          0.614          0.560          0.560          0.560          0.560          0.560          0.630          0.630          0.630          0.630          0.630
     08/06/2009       3000.000          0.000          0.614          0.614          0.614          0.614          0.614          0.560          0.560          0.560          0.560          0.560          0.630          0.630          0.630          0.630          0.630
     09/06/2009       3000.000          0.000          0.614          0.614          0.614          0.614          0.614          0.560          0.560          0.560          0.560          0.560          0.630          0.630          0.630          0.630          0.630
     10/06/2009       3000.000          0.000          0.614          0.614          0.614          0.614          0.614          0.560          0.560          0.560          0.560          0.560          0.630          0.630          0.630          0.630          0.630
     11/06/2009       3000.000          0.000          0.614          0.614          0.614          0.614          0.614          0.560          0.560          0.560          0.560          0.560          0.630          0.630          0.630          0.630          0.630
     12/06/2009       3000.000          0.000          0.614          0.614          0.614          0.614          0.614          0.560          0.560          0.560          0.560          0.560          0.630          0.630          0.630          0.630          0.630
     13/06/2009       3000.000          0.000          0.614          0.614          0.614          0.614          0.614          0.560          0.560          0.560          0.560          0.560          0.630          0.630          0.630          0.630          0.630
     14/06/2009       3000.000          0.000          0.614          0.614          0.614          0.614          0.614          0.560          0.560          0.560          0.560          0.560          0.630          0.630          0.630          0.630          0.630
     15/06/2009       3000.000          0.000          0.614          0.614          0.614          0.614          0.614          0.560          0.560          0.560          0.560          0.560          0.630          0.630          0.630          0.630          0.630
     16/06/2009          0.000          0.000          0.599          0.600          0.602          0.602          0.603          0.560          0.560          0.560          0.560          0.560          0.630          0.630          0.630          0.630          0.630
     17/06/2009          0.000          0.000          0.595          0.596          0.598          0.598          0.600          0.560          0.560          0.560          0.560          0.560          0.630          0.630          0.630          0.630          0.630
     18/06/2009          0.000          0.000          0.593          0.594          0.595          0.596          0.597          0.560          0.560          0.560          0.560          0.560          0.630          0.630          0.630          0.630          0.630
     19/06/2009          0.000          0.000          0.591          0.592          0.594          0.594          0.596          0.560          0.560          0.560          0.560          0.560          0.630          0.630          0.630          0.630          0.630
     20/06/2009          0.000          0.000          0.590          0.590          0.592          0.593          0.594          0.560          0.560          0.560          0.560          0.560          0.630          0.630          0.630          0.630          0.630
     21/06/2009          0.000          0.000          0.588          0.589          0.591          0.592          0.593          0.560          0.560          0.560          0.560          0.560          0.630          0.630          0.630          0.630          0.630
     22/06/2009          0.000          0.000          0.587          0.588          0.590          0.591          0.592          0.560          0.560          0.560          0.560          0.560          0.630          0.630          0.630          0.630          0.630
     23/06/2009          0.000          0.000          0.586          0.587          0.589          0.590          0.591          0.560          0.560          0.560          0.560          0.560          0.630          0.630          0.630          0.630          0.630
     24/06/2009          0.000          0.000          0.585          0.586          0.589          0.589          0.590          0.560          0.560          0.560          0.560          0.560          0.630          0.630          0.630          0.630          0.630
     25/06/2009          0.000          0.000          0.585          0.585          0.588          0.588          0.590          0.560          0.560          0.560          0.560          0.560          0.630          0.630          0.630          0.630          0.630
     26/06/2009          0.000          0.000          0.584          0.585          0.587          0.588          0.589          0.560          0.560          0.560          0.560          0.560          0.630          0.630          0.630          0.630          0.630
     27/06/2009          0.000          0.000          0.583          0.584          0.587          0.587          0.589          0.560          0.560          0.560          0.560          0.560          0.630          0.630          0.630          0.630          0.630
     28/06/2009          0.000          0.000          0.583          0.583          0.586          0.586          0.588          0.560          0.560          0.560          0.560          0.560          0.630          0.630          0.630          0.630          0.630
     29/06/2009          0.000          0.000          0.582          0.583          0.585          0.586          0.588          0.560          0.560          0.560          0.560          0.560          0.630          0.630          0.630          0.630          0.630
     30/06/2009          0.000          0.000          0.581          0.582          0.585          0.585          0.587          0.560          0.560          0.560          0.560          0.560          0.630          0.630          0.630          0.630          0.630
     01/07/2009          0.000          0.000          0.581          0.582          0.584          0.585          0.587          0.560          0.560          0.560          0.560          0.560          0.630          0.630          0.630          0.630          0.630
     02/07/2009          0.000          0.000          0.580          0.581          0.584          0.584          0.586          0.560          0.560          0.560          0.560          0.560          0.630          0.630          0.630          0.630          0.630
     03/07/2009          0.000          0.000          0.580          0.581          0.584          0.584          0.586          0.560          0.560          0.560          0.560          0.560          0.630          0.630          0.630          0.630          0.630
     04/07/2009          0.000          0.000          0.579          0.580          0.583          0.584          0.585          0.560          0.560          0.560          0.560          0.560          0.630          0.630          0.630          0.630          0.630
     05/07/2009          0.000          0.000          0.579          0.580          0.583          0.583          0.585          0.560          0.560          0.560          0.560          0.560          0.630          0.630          0.630          0.630          0.630
     06/07/2009          0.000          0.000          0.579          0.579          0.582          0.583          0.585          0.560          0.560          0.560          0.560          0.560          0.630          0.630          0.630          0.630          0.630
     07/07/2009          0.000          0.000          0.578          0.579          0.582          0.582          0.584          0.560          0.560          0.560          0.560          0.560          0.630          0.630          0.630          0.630          0.630
     08/07/2009          0.000          0.000          0.578          0.579          0.582          0.582          0.584          0.560          0.560          0.560          0.560          0.560          0.630          0.630          0.630          0.630          0.630
     09/07/2009          0.000          0.000          0.577          0.578          0.581          0.582          0.584          0.560          0.560          0.560          0.560          0.560          0.630          0.630          0.630          0.630          0.630
     10/07/2009          0.000          0.000          0.577          0.578          0.581          0.581          0.583          0.560          0.560          0.560          0.560          0.560          0.630          0.630          0.630          0.630          0.630
     11/07/2009          0.000          0.000          0.577          0.577          0.581          0.581          0.583          0.560          0.560          0.560          0.560          0.560          0.630          0.630          0.630          0.630          0.630
     12/07/2009          0.000          0.000          0.576          0.577          0.580          0.581          0.583          0.560          0.560          0.560          0.560          0.560          0.630          0.630          0.630          0.630          0.630
     13/07/2009          0.000          0.000          0.576          0.577          0.580          0.580          0.583          0.560          0.560          0.560          0.560          0.560          0.630          0.630          0.630          0.630          0.630
     14/07/2009          0.000          0.000          0.575          0.576          0.580          0.580          0.582          0.560          0.560          0.560          0.560          0.560          0.630          0.630          0.630          0.630          0.630
     15/07/2009          0.000          0.000          0.575          0.576          0.579          0.580          0.582          0.560          0.560          0.560          0.560          0.560          0.630          0.630          0.630          0.630          0.630
     16/07/2009          0.000          0.000          0.575          0.576          0.579          0.580          0.582          0.560          0.560          0.560          0.560          0.560          0.630          0.630          0.630          0.630          0.630
     17/07/2009          0.000          0.000          0.574          0.575          0.579          0.579          0.581          0.560          0.560          0.560          0.560          0.560          0.630          0.630          0.630          0.630          0.630
     18/07/2009          0.000          0.000          0.574          0.575          0.578          0.579          0.581          0.560          0.560          0.560          0.560          0.560          0.630          0.630          0.630          0.630          0.630
     19/07/2009          0.000          0.000          0.574          0.575          0.578          0.579          0.581          0.560          0.560          0.560          0.560          0.560          0.630          0.630          0.630          0.630          0.630
     20/07/2009          0.000          0.000          0.574          0.574          0.578          0.578          0.581          0.560          0.560          0.560          0.560          0.560          0.630          0.630          0.630          0.630          0.630
     21/07/2009          0.000          0.000          0.573          0.574          0.578          0.578          0.581          0.560          0.560          0.560          0.560          0.560          0.630          0.630          0.630          0.630          0.630
     22/07/2009          0.000          0.000          0.573          0.574          0.577          0.578          0.580          0.560          0.560          0.560          0.560          0.560          0.630          0.630          0.630          0.630          0.630
     23/07/2009          0.000          0.000          0.573          0.574          0.577          0.578          0.580          0.560          0.560          0.560          0.560          0.560          0.630          0.630          0.630          0.630          0.630
     24/07/2009          0.000          0.000          0.572          0.573          0.577          0.577          0.580          0.560          0.560          0.560          0.560          0.560          0.630          0.630          0.630          0.630          0.630
     25/07/2009          0.000          0.000          0.572          0.573          0.577          0.577          0.580          0.560          0.560          0.560          0.560          0.560          0.630          0.630          0.630          0.630          0.630
     26/07/2009          0.000          0.000          0.572          0.573          0.576          0.577          0.579          0.560          0.560          0.560          0.560          0.560          0.630          0.630          0.630          0.630          0.630
     27/07/2009          0.000          0.000          0.572          0.573          0.576          0.577          0.579          0.560          0.560          0.560          0.560          0.560          0.630          0.630          0.630          0.630          0.630
     28/07/2009          0.000          0.000          0.571          0.572          0.576          0.577          0.579          0.560          0.560          0.560          0.560          0.560          0.630          0.630          0.630          0.630          0.630
     29/07/2009          0.000          0.000          0.571          0.572          0.576          0.576          0.579          0.560          0.560          0.560          0.560          0.560          0.630          0.630          0.630          0.630          0.630
     30/07/2009          0.000          0.000          0.571          0.572          0.576          0.576          0.579          0.560          0.560          0.560          0.560          0.560          0.630          0.630          0.630          0.630          0.630
     31/07/2009          0.000          0.000          0.571          0.572          0.575          0.576          0.578          0.560          0.560          0.560          0.560          0.560          0.630          0.630          0.630          0.630          0.630
     01/08/2009          0.000          0.000          0.570          0.571          0.575          0.576          0.578          0.560          0.560          0.560          0.560          0.560          0.630          0.630          0.630          0.630          0.630
     02/08/2009          0.000          0.000          0.570          0.571          0.575          0.575          0.578          0.560          0.560          0.560          0.560          0.560          0.630          0.630          0.630          0.630          0.630
     03/08/2009          0.000          0.000          0.570          0.571          0.575          0.575          0.578          0.560          0.560          0.560          0.560          0.560          0.630          0.630          0.630          0.630          0.630
     04/08/2009          0.000          0.000          0.570          0.571          0.574          0.575          0.578          0.560          0.560          0.560          0.560          0.560          0.630          0.630          0.630          0.630          0.630
     05/08/2009          0.000          0.000          0.569          0.570          0.574          0.575          0.577          0.560          0.560          0.560          0.560          0.560          0.630          0.630          0.630          0.630          0.630
     06/08/2009          0.000          0.000          0.569          0.570          0.574          0.575          0.577          0.560          0.560          0.560          0.560          0.560          0.630          0.630          0.630          0.630          0.630
     07/08/2009          0.000          0.000          0.569          0.570          0.574          0.574          0.577          0.560          0.560          0.560          0.560          0.560          0.630          0.630          0.630          0.630          0.630
     08/08/2009          0.000          0.000          0.569          0.570          0.574          0.574          0.577          0.560          0.560          0.560          0.560          0.560          0.630          0.630          0.630          0.630          0.630
     09/08/2009          0.000          0.000          0.568          0.569          0.573          0.574          0.577          0.560          0.560          0.560          0.560          0.560          0.630          0.630          0.630          0.630          0.630
     10/08/2009          0.000          0.000          0.568          0.569          0.573          0.574          0.577          0.560          0.560          0.560          0.560          0.560          0.630          0.630          0.630          0.630          0.630
     11/08/2009          0.000          0.000          0.568          0.569          0.573          0.574          0.576          0.560          0.560          0.560          0.560          0.560          0.630          0.630          0.630          0.630          0.630
     12/08/2009          0.000          0.000          0.568          0.569          0.573          0.573          0.576          0.560          0.560          0.560          0.560          0.560          0.630          0.630          0.630          0.630          0.630
     13/08/2009          0.000          0.000          0.568          0.569          0.573          0.573          0.576          0.560          0.560          0.560          0.560          0.560          0.630          0.630          0.630          0.630          0.630
     14/08/2009          0.000          0.000          0.567          0.568          0.572          0.573          0.576          0.560          0.560          0.560          0.560          0.560          0.630          0.630          0.630          0.630          0.630
     15/08/2009          0.000          0.000          0.567          0.568          0.572          0.573          0.576          0.560          0.560          0.560          0.560          0.560          0.630          0.630          0.630          0.630          0.630
     16/08/2009          0.000          0.000          0.567          0.568          0.572          0.573          0.575          0.560          0.560          0.560          0.560          0.560          0.630          0.630          0.630          0.630          0.630
     17/08/2009          0.000          0.000          0.567          0.568          0.572          0.573          0.575          0.560          0.560          0.560          0.560          0.560          0.630          0.630          0.630          0.630          0.630
     18/08/2009          0.000          0.000          0.567          0.568          0.572          0.572          0.575          0.560          0.560          0.560          0.560          0.560          0.630          0.630          0.630          0.630          0.630
     19/08/2009          0.000          0.000          0.566          0.567          0.572          0.572          0.575          0.560          0.560          0.560          0.560          0.560          0.630          0.630          0.630          0.630          0.630
     20/08/2009          0.000          0.000          0.566          0.567          0.571          0.572          0.575          0.560          0.560          0.560          0.560          0.560          0.630          0.630          0.630          0.630          0.630
     21/08/2009          0.000          0.000          0.566          0.567          0.571          0.572          0.575          0.560          0.560          0.560          0.560          0.560          0.630          0.630          0.630          0.630          0.630
     22/08/2009          0.000          0.000          0.566          0.567          0.571          0.572          0.575          0.560          0.560          0.560          0.560          0.560          0.630          0.630          0.630          0.630          0.630
     23/08/2009          0.000          0.000          0.566          0.567          0.571          0.572          0.574          0.560          0.560          0.560          0.560          0.560          0.630          0.630          0.630          0.630          0.630
     24/08/2009          0.000          0.000          0.566          0.566          0.571          0.571          0.574          0.560          0.560          0.560          0.560          0.560          0.630          0.630          0.630          0.630          0.630
     25/08/2009          0.000          0.000          0.565          0.566          0.570          0.571          0.574          0.560          0.560          0.560          0.560          0.560          0.630          0.630          0.630          0.630          0.630
     26/08/2009          0.000          0.000          0.565          0.566          0.570          0.571          0.574          0.560          0.560          0.560          0.560          0.560          0.630          0.630          0.630          0.630          0.630
     27/08/2009          0.000          0.000          0.565          0.566          0.570          0.571          0.574          0.560          0.560          0.560          0.560          0.560          0.630          0.630          0.630          0.630          0.630
     28/08/2009          0.000          0.000          0.565          0.566          0.570          0.571          0.574          0.560          0.560          0.560          0.560          0.560          0.630          0.630          0.630          0.630          0.630
     29/08/2009          0.000          0.000          0.565          0.566          0.570          0.571          0.573          0.560          0.560          0.560          0.560          0.560          0.630          0.630          0.630          0.630          0.630
     30/08/2009          0.000          0.000          0.564          0.565          0.570          0.570          0.573          0.560          0.560          0.560          0.560          0.560          0.630          0.630          0.630          0.630          0.630
     31/08/2009          0.000          0.000          0.564          0.565          0.570          0.570          0.573          0.560          0.560          0.560          0.560          0.560          0.630          0.630          0.630          0.630          0.630
     01/09/2009          0.000          0.000          0.564          0.565          0.569          0.570          0.573          0.560          0.560          0.560          0.560          0.560          0.630          0.630          0.630          0.630          0.630
     02/09/2009          0.000          0.000          0.564          0.565          0.569          0.570          0.573          0.560          0.560          0.560          0.560          0.560          0.630          0.630          0.630          0.630          0.630
     03/09/2009          0.000          0.000          0.564          0.565          0.569          0.570          0.573          0.560          0.560          0.560          0.560          0.560          0.630          0.630          0.630          0.630          0.630
     04/09/2009          0.000          0.000          0.564          0.565          0.569          0.570          0.573          0.560          0.560          0.560          0.560          0.560          0.630          0.630          0.630          0.630          0.630
     05/09/2009          0.000          0.000          0.563          0.564          0.569          0.569          0.572          0.560          0.560          0.560          0.560          0.560          0.630          0.630          0.630          0.630          0.630
     06/09/2009          0.000          0.000          0.563          0.564          0.569          0.569          0.572          0.560          0.560          0.560          0.560          0.560          0.630          0.630          0.630          0.630          0.630
     07/09/2009          0.000          0.000          0.563          0.564          0.568          0.569          0.572          0.560          0.560          0.560          0.560          0.560          0.630          0.630          0.630          0.630          0.630
     08/09/2009          0.000          0.000          0.563          0.564          0.568          0.569          0.572          0.560          0.560          0.560          0.560          0.560          0.630          0.630          0.630          0.630          0.630
     09/09/2009          0.000          0.000          0.563          0.564          0.568          0.569          0.572          0.560          0.560          0.560          0.560          0.560          0.630          0.630          0.630          0.630          0.630
     10/09/2009          0.000          0.000          0.563          0.564          0.568          0.569          0.572          0.560          0.560          0.560          0.560          0.560          0.630          0.630          0.630          0.630          0.630
     11/09/2009          0.000          0.000          0.562          0.563          0.568          0.569          0.572          0.560          0.560          0.560          0.560          0.560          0.630          0.630          0.630          0.630          0.630
     12/09/2009          0.000          0.000          0.562          0.563          0.568          0.568          0.572          0.560          0.560          0.560          0.560          0.560          0.630          0.630          0.630          0.630          0.630
     13/09/2009          0.000          0.000          0.562          0.563          0.568          0.568          0.571          0.560          0.560          0.560          0.560          0.560          0.630          0.630          0.630          0.630          0.630
     14/09/2009          0.000          0.000          0.562          0.563          0.567          0.568          0.571          0.560          0.560          0.560          0.560          0.560          0.630          0.630          0.630          0.630          0.630
     15/09/2009          0.000          0.000          0.562          0.563          0.567          0.568          0.571          0.560          0.560          0.560          0.560          0.560          0.630          0.630          0.630          0.630          0.630
     16/09/2009          0.000          0.000          0.562          0.563          0.567          0.568          0.571          0.560          0.560          0.560          0.560          0.560          0.630          0.630          0.630          0.630          0.630
     17/09/2009          0.000          0.000          0.562          0.563          0.567          0.568          0.571          0.560          0.560          0.560          0.560          0.560          0.630          0.630          0.630          0.630          0.630
     18/09/2009          0.000          0.000          0.561          0.562          0.567          0.568          0.571          0.560          0.560          0.560          0.560          0.560          0.630          0.630          0.630          0.630          0.630
     19/09/2009          0.000          0.000          0.561          0.562          0.567          0.567          0.571          0.560          0.560          0.560          0.560          0.560          0.630          0.630          0.630          0.630          0.630
     20/09/2009          0.000          0.000          0.561          0.562          0.567          0.567          0.570          0.560          0.560          0.560          0.560          0.560          0.630          0.630          0.630          0.630          0.630
     21/09/2009          0.000          0.000          0.561          0.562          0.566          0.567          0.570          0.560          0.560          0.560          0.560          0.560          0.630          0.630          0.630          0.630          0.630
     22/09/2009          0.000          0.000          0.561          0.562          0.566          0.567          0.570          0.560          0.560          0.560          0.560          0.560          0.630          0.630          0.630          0.630          0.630
     23/09/2009          0.000          0.000          0.561          0.562          0.566          0.567          0.570          0.560          0.560          0.560          0.560          0.560          0.630          0.630          0.630          0.630          0.630
     24/09/2009          0.000          0.000          0.561          0.562          0.566          0.567          0.570          0.560          0.560          0.560          0.560          0.560          0.630          0.630          0.630          0.630          0.630
     25/09/2009          0.000          0.000          0.560          0.561          0.566          0.567          0.570          0.560          0.560          0.560          0.560          0.560          0.630          0.630          0.630          0.630          0.630
     26/09/2009          0.000          0.000          0.560          0.561          0.566          0.566          0.570          0.560          0.560          0.560          0.560          0.560          0.630          0.630          0.630          0.630          0.630
     27/09/2009          0.000          0.000          0.560          0.561          0.566          0.566          0.570          0.560          0.560          0.560          0.560          0.560          0.630          0.630          0.630          0.630          0.630
     28/09/2009          0.000          0.000          0.560          0.561          0.565          0.566          0.569          0.560          0.560          0.560          0.560          0.560          0.630          0.630          0.630          0.630          0.630
     29/09/2009          0.000          0.000          0.560          0.561          0.565          0.566          0.569          0.560          0.560          0.560          0.560          0.560          0.630          0.630          0.630          0.630          0.630
     30/09/2009          0.000          0.000          0.560          0.561          0.565          0.566          0.569          0.560          0.560          0.560          0.560          0.560          0.630          0.630          0.630          0.630          0.630
     01/10/2009          0.000          0.000          0.560          0.561          0.565          0.566          0.569          0.560          0.560          0.560          0.560          0.560          0.630          0.630          0.630          0.630          0.630
     02/10/2009          0.000          0.000          0.559          0.560          0.565          0.566          0.569          0.560          0.560          0.560          0.560          0.560          0.630          0.630          0.630          0.630          0.630
     03/10/2009          0.000          0.000          0.559          0.560          0.565          0.566          0.569          0.560          0.560          0.560          0.560          0.560          0.630          0.630          0.630          0.630          0.630
     04/10/2009          0.000          0.000          0.559          0.560          0.565          0.565          0.569          0.560          0.560          0.560          0.560          0.560          0.630          0.630          0.630          0.630          0.630
     05/10/2009          0.000          0.000          0.559          0.560          0.565          0.565          0.569          0.560          0.560          0.560          0.560          0.560          0.630          0.630          0.630          0.630          0.630
     06/10/2009          0.000          0.000          0.559          0.560          0.564          0.565          0.569          0.560          0.560          0.560          0.560          0.560          0.630          0.630          0.630          0.630          0.630
     07/10/2009          0.000          0.000          0.559          0.560          0.564          0.565          0.568          0.560          0.560          0.560          0.560          0.560          0.630          0.630          0.630          0.630          0.630
     08/10/2009          0.000          0.000          0.559          0.560          0.564          0.565          0.568          0.560          0.560          0.560          0.560          0.560          0.630          0.630          0.630          0.630          0.630
     09/10/2009          0.000          0.000          0.559          0.560          0.564          0.565          0.568          0.560          0.560          0.560          0.560          0.560          0.630          0.630          0.630          0.630          0.630
     10/10/2009          0.000          0.000          0.558          0.559          0.564          0.565          0.568          0.560          0.560          0.560          0.560          0.560          0.630          0.630          0.630          0.630          0.630
     11/10/2009          0.000          0.000          0.558          0.559          0.564          0.565          0.568          0.560          0.560          0.560          0.560          0.560          0.630          0.630          0.630          0.630          0.630
     12/10/2009          0.000          0.000          0.558          0.559          0.564          0.564          0.568          0.560          0.560          0.560          0.560          0.560          0.630          0.630          0.630          0.630          0.630
     13/10/2009          0.000          0.000          0.558          0.559          0.564          0.564          0.568          0.560          0.560          0.560          0.560          0.560          0.630          0.630          0.630          0.630          0.630
     14/10/2009          0.000          0.000          0.558          0.559          0.563          0.564          0.568          0.560          0.560          0.560          0.560          0.560          0.630          0.630          0.630          0.630          0.630
     15/10/2009          0.000          0.000          0.558          0.559          0.563          0.564          0.568          0.560          0.560          0.560          0.560          0.560          0.630          0.630          0.630          0.630          0.630
     16/10/2009          0.000          0.000          0.558          0.559          0.563          0.564          0.567          0.560          0.560          0.560          0.560          0.560          0.630          0.630          0.630          0.630          0.630
     17/10/2009          0.000          0.000          0.558          0.559          0.563          0.564          0.567          0.560          0.560          0.560          0.560          0.560          0.630          0.630          0.630          0.630          0.630
     18/10/2009          0.000          0.000          0.557          0.558          0.563          0.564          0.567          0.560          0.560          0.560          0.560          0.560          0.630          0.630          0.630          0.630          0.630
     19/10/2009          0.000          0.000          0.557          0.558          0.563          0.564          0.567          0.560          0.560          0.560          0.560          0.560          0.630          0.630          0.630          0.630          0.630
     20/10/2009          0.000          0.000          0.557          0.558          0.563          0.564          0.567          0.560          0.560          0.560          0.560          0.560          0.630          0.630          0.630          0.630          0.630
     21/10/2009          0.000          0.000          0.557          0.558          0.563          0.563          0.567          0.560          0.560          0.560          0.560          0.560          0.630          0.630          0.630          0.630          0.630
     22/10/2009          0.000          0.000          0.557          0.558          0.563          0.563          0.567          0.560          0.560          0.560          0.560          0.560          0.630          0.630          0.630          0.630          0.630
     23/10/2009          0.000          0.000          0.557          0.558          0.562          0.563          0.567          0.560          0.560          0.560          0.560          0.560          0.630          0.630          0.630          0.630          0.630
     24/10/2009          0.000          0.000          0.557          0.558          0.562          0.563          0.567          0.560          0.560          0.560          0.560          0.560          0.630          0.630          0.630          0.630          0.630
     25/10/2009          0.000          0.000          0.557          0.558          0.562          0.563          0.566          0.560          0.560          0.560          0.560          0.560          0.630          0.630          0.630          0.630          0.630
     26/10/2009          0.000          0.000          0.557          0.558          0.562          0.563          0.566          0.560          0.560          0.560          0.560          0.560          0.630          0.630          0.630          0.630          0.630
     27/10/2009          0.000          0.000          0.556          0.557          0.562          0.563          0.566          0.560          0.560          0.560          0.560          0.560          0.630          0.630          0.630          0.630          0.630
     28/10/2009          0.000          0.000          0.556          0.557          0.562          0.563          0.566          0.560          0.560          0.560          0.560          0.560          0.630          0.630          0.630          0.630          0.630
     29/10/2009          0.000          0.000          0.556          0.557          0.562          0.563          0.566          0.560          0.560          0.560          0.560          0.560          0.630          0.630          0.630          0.630          0.630
     30/10/2009          0.000          0.000          0.556          0.557          0.562          0.562          0.566          0.560          0.560          0.560          0.560          0.560          0.630          0.630          0.630          0.630          0.630
     31/10/2009          0.000          0.000          0.556          0.557          0.562          0.562          0.566          0.560          0.560          0.560          0.560          0.560          0.630          0.630          0.630          0.630          0.630
     01/11/2009          0.000          0.000          0.556          0.557          0.561          0.562          0.566          0.560          0.560          0.560          0.560          0.560          0.630          0.630          0.630          0.630          0.630
     02/11/2009          0.000          0.000          0.556          0.557          0.561          0.562          0.566          0.560          0.560          0.560          0.560          0.560          0.630          0.630          0.630          0.630          0.630
     03/11/2009          0.000          0.000          0.556          0.557          0.561          0.562          0.565          0.560          0.560          0.560          0.560          0.560          0.630          0.630          0.630          0.630          0.630
     04/11/2009          0.000          0.000          0.556          0.557          0.561          0.562          0.565          0.560          0.560          0.560          0.560          0.560          0.630          0.630          0.630          0.630          0.630
     05/11/2009          0.000          0.000          0.555          0.556          0.561          0.562          0.565          0.560          0.560          0.560          0.560          0.560          0.630          0.630          0.630          0.630          0.630
     06/11/2009          0.000          0.000          0.555          0.556          0.561          0.562          0.565          0.560          0.560          0.560          0.560          0.560          0.630          0.630          0.630          0.630          0.630
     07/11/2009          0.000          0.000          0.555          0.556          0.561          0.562          0.565          0.560          0.560          0.560          0.560          0.560          0.630          0.630          0.630          0.630          0.630
     08/11/2009          0.000          0.000          0.555          0.556          0.561          0.561          0.565          0.560          0.560          0.560          0.560          0.560          0.630          0.630          0.630          0.630          0.630
     09/11/2009          0.000          0.000          0.555          0.556          0.561          0.561          0.565          0.560          0.560          0.560          0.560          0.560          0.630          0.630          0.630          0.630          0.630
     10/11/2009          0.000          0.000          0.555          0.556          0.560          0.561          0.565          0.560          0.560          0.560          0.560          0.560          0.630          0.630          0.630          0.630          0.630
     11/11/2009          0.000          0.000          0.555          0.556          0.560          0.561          0.565          0.560          0.560          0.560          0.560          0.560          0.630          0.630          0.630          0.630          0.630
     12/11/2009          0.000          0.000          0.555          0.556          0.560          0.561          0.565          0.560          0.560          0.560          0.560          0.560          0.630          0.630          0.630          0.630          0.630
     13/11/2009          0.000          0.000          0.555          0.556          0.560          0.561          0.564          0.560          0.560          0.560          0.560          0.560          0.630          0.630          0.630          0.630          0.630
     14/11/2009          0.000          0.000          0.555          0.556          0.560          0.561          0.564          0.560          0.560          0.560          0.560          0.560          0.630          0.630          0.630          0.630          0.630
     15/11/2009          0.000          0.000          0.554          0.555          0.560          0.561          0.564          0.560          0.560          0.560          0.560          0.560          0.630          0.630          0.630          0.630          0.630
     16/11/2009          0.000          0.000          0.554          0.555          0.560          0.561          0.564          0.560          0.560          0.560          0.560          0.560          0.630          0.630          0.630          0.630          0.630
     17/11/2009          0.000          0.000          0.554          0.555          0.560          0.561          0.564          0.560          0.560          0.560          0.560          0.560          0.630          0.630          0.630          0.630          0.630
     18/11/2009          0.000          0.000          0.554          0.555          0.560          0.560          0.564          0.560          0.560          0.560          0.560          0.560          0.630          0.630          0.630          0.630          0.630
     19/11/2009          0.000          0.000          0.554          0.555          0.560          0.560          0.564          0.560          0.560          0.560          0.560          0.560          0.630          0.630          0.630          0.630          0.630
     20/11/2009          0.000          0.000          0.554          0.555          0.559          0.560          0.564          0.560          0.560          0.560          0.560          0.560          0.630          0.630          0.630          0.630          0.630
     21/11/2009          0.000          0.000          0.554          0.555          0.559          0.560          0.564          0.560          0.560          0.560          0.560          0.560          0.630          0.630          0.630          0.630          0.630
     22/11/2009          0.000          0.000          0.554          0.555          0.559          0.560          0.564          0.560          0.560          0.560          0.560          0.560          0.630          0.630          0.630          0.630          0.630
     23/11/2009          0.000          0.000          0.554          0.555          0.559          0.560          0.564          0.560          0.560          0.560          0.560          0.560          0.630          0.630          0.630          0.630          0.630
     24/11/2009          0.000          0.000          0.554          0.555          0.559          0.560          0.563          0.560          0.560          0.560          0.560          0.560          0.630          0.630          0.630          0.630          0.630
     25/11/2009          0.000          0.000          0.553          0.554          0.559          0.560          0.563          0.560          0.560          0.560          0.560          0.560          0.630          0.630          0.630          0.630          0.630
     26/11/2009          0.000          0.000          0.553          0.554          0.559          0.560          0.563          0.560          0.560          0.560          0.560          0.560          0.630          0.630          0.630          0.630          0.630
     27/11/2009          0.000          0.000          0.553          0.554          0.559          0.560          0.563          0.560          0.560          0.560          0.560          0.560          0.630          0.630          0.630          0.630          0.630
     28/11/2009          0.000          0.000          0.553          0.554          0.559          0.559          0.563          0.560          0.560          0.560          0.560          0.560          0.630          0.630          0.630          0.630          0.630
     29/11/2009          0.000          0.000          0.553          0.554          0.559          0.559          0.563          0.560          0.560          0.560          0.560          0.560          0.630          0.630          0.630          0.630          0.630
     30/11/2009          0.000          0.000          0.553          0.554          0.558          0.559          0.563          0.560          0.560          0.560          0.560          0.560          0.630          0.630          0.630          0.630          0.630
     01/12/2009          0.000          0.000          0.553          0.554          0.558          0.559          0.563          0.560          0.560          0.560          0.560          0.560          0.630          0.630          0.630          0.630          0.630
     02/12/2009          0.000          0.000          0.553          0.554          0.558          0.559          0.563          0.560          0.560          0.560          0.560          0.560          0.630          0.630          0.630          0.630          0.630
     03/12/2009          0.000          0.000          0.553          0.554          0.558          0.559          0.563          0.560          0.560          0.560          0.560          0.560          0.630          0.630          0.630          0.630          0.630
     04/12/2009          0.000          0.000          0.553          0.554          0.558          0.559          0.563          0.560          0.560          0.560          0.560          0.560          0.630          0.630          0.630          0.630          0.630
     05/12/2009          0.000          0.000          0.553          0.553          0.558          0.559          0.562          0.560          0.560          0.560          0.560          0.560          0.630          0.630          0.630          0.630          0.630
     06/12/2009          0.000          0.000          0.552          0.553          0.558          0.559          0.562          0.560          0.560          0.560          0.560          0.560          0.630          0.630          0.630          0.630          0.630
     07/12/2009          0.000          0.000          0.552          0.553          0.558          0.559          0.562          0.560          0.560          0.560          0.560          0.560          0.630          0.630          0.630          0.630          0.630
     08/12/2009          0.000          0.000          0.552          0.553          0.558          0.559          0.562          0.560          0.560          0.560          0.560          0.560          0.630          0.630          0.630          0.630          0.630
     09/12/2009          0.000          0.000          0.552          0.553          0.558          0.558          0.562          0.560          0.560          0.560          0.560          0.560          0.630          0.630          0.630          0.630          0.630
     10/12/2009          0.000          0.000          0.552          0.553          0.558          0.558          0.562          0.560          0.560          0.560          0.560          0.560          0.630          0.630          0.630          0.630          0.630
     11/12/2009          0.000          0.000          0.552          0.553          0.557          0.558          0.562          0.560          0.560          0.560          0.560          0.560          0.630          0.630          0.630          0.630          0.630
     12/12/2009          0.000          0.000          0.552          0.553          0.557          0.558          0.562          0.560          0.560          0.560          0.560          0.560          0.630          0.630          0.630          0.630          0.630
     13/12/2009          0.000          0.000          0.552          0.553          0.557          0.558          0.562          0.560          0.560          0.560          0.560          0.560          0.630          0.630          0.630          0.630          0.630
     14/12/2009          0.000          0.000          0.552          0.553          0.557          0.558          0.562          0.560          0.560          0.560          0.560          0.560          0.630          0.630          0.630          0.630          0.630
     15/12/2009          0.000          0.000          0.552          0.553          0.557          0.558          0.562          0.560          0.560          0.560          0.560          0.560          0.630          0.630          0.630          0.630          0.630
     16/12/2009          0.000          0.000          0.552          0.553          0.557          0.558          0.561          0.560          0.560          0.560          0.560          0.560          0.630          0.630          0.630          0.630          0.630
     17/12/2009          0.000          0.000          0.551          0.552          0.557          0.558          0.561          0.560          0.560          0.560          0.560          0.560          0.630          0.630          0.630          0.630          0.630
     18/12/2009          0.000          0.000          0.551          0.552          0.557          0.558          0.561          0.560          0.560          0.560          0.560          0.560          0.630          0.630          0.630          0.630          0.630
     19/12/2009          0.000          0.000          0.551          0.552          0.557          0.558          0.561          0.560          0.560          0.560          0.560          0.560          0.630          0.630          0.630          0.630          0.630
     20/12/2009          0.000          0.000          0.551          0.552          0.557          0.557          0.561          0.560          0.560          0.560          0.560          0.560          0.630          0.630          0.630          0.630          0.630
     21/12/2009          0.000          0.000          0.551          0.552          0.557          0.557          0.561          0.560          0.560          0.560          0.560          0.560          0.630          0.630          0.630          0.630          0.630
     22/12/2009          0.000          0.000          0.551          0.552          0.556          0.557          0.561          0.560          0.560          0.560          0.560          0.560          0.630          0.630          0.630          0.630          0.630
     23/12/2009          0.000          0.000          0.551          0.552          0.556          0.557          0.561          0.560          0.560          0.560          0.560          0.560          0.630          0.630          0.630          0.630          0.630
     24/12/2009          0.000          0.000          0.551          0.552          0.556          0.557          0.561          0.560          0.560          0.560          0.560          0.560          0.630          0.630          0.630          0.630          0.630
     25/12/2009          0.000          0.000          0.551          0.552          0.556          0.557          0.561          0.560          0.560          0.560          0.560          0.560          0.630          0.630          0.630          0.630          0.630
     26/12/2009          0.000          0.000          0.551          0.552          0.556          0.557          0.561          0.560          0.560          0.560          0.560          0.560          0.630          0.630          0.630          0.630          0.630
     27/12/2009          0.000          0.000          0.551          0.552          0.556          0.557          0.561          0.560          0.560          0.560          0.560          0.560          0.630          0.630          0.630          0.630          0.630
     28/12/2009          0.000          0.000          0.551          0.552          0.556          0.557          0.560          0.560          0.560          0.560          0.560          0.560          0.630          0.630          0.630          0.630          0.630
     29/12/2009          0.000          0.000          0.550          0.551          0.556          0.557          0.560          0.560          0.560          0.560          0.560          0.560          0.630          0.630          0.630          0.630          0.630
     30/12/2009          0.000          0.000          0.550          0.551          0.556          0.557          0.560          0.560          0.560          0.560          0.560          0.560          0.630          0.630          0.630          0.630          0.630
     31/12/2009          0.000          0.000          0.550          0.551          0.556          0.557          0.560          0.560          0.560          0.560          0.560          0.560          0.630          0.630          0.630          0.630          0.630
     01/01/2010          0.000          0.000          0.550          0.551          0.556          0.556          0.560          0.560          0.560          0.560          0.560          0.560          0.630          0.630          0.630          0.630          0.630
     02/01/2010          0.000          0.000          0.550          0.551          0.556          0.556          0.560          0.560          0.560          0.560          0.560          0.560          0.630          0.630          0.630          0.630          0.630
     03/01/2010          0.000          0.000          0.550          0.551          0.555          0.556          0.560          0.560          0.560          0.560          0.560          0.560          0.630          0.630          0.630          0.630          0.630
     04/01/2010          0.000          0.000          0.550          0.551          0.555          0.556          0.560          0.560          0.560          0.560          0.560          0.560          0.630          0.630          0.630          0.630          0.630
     05/01/2010          0.000          0.000          0.550          0.551          0.555          0.556          0.560          0.560          0.560          0.560          0.560          0.560          0.630          0.630          0.630          0.630          0.630
     06/01/2010          0.000          0.000          0.550          0.551          0.555          0.556          0.560          0.560          0.560          0.560          0.560          0.560          0.630          0.630          0.630          0.630          0.630
     07/01/2010          0.000          0.000          0.550          0.551          0.555          0.556          0.560          0.560          0.560          0.560          0.560          0.560          0.630          0.630          0.630          0.630          0.630
     08/01/2010          0.000          0.000          0.550          0.551          0.555          0.556          0.560          0.560          0.560          0.560          0.560          0.560          0.630          0.630          0.630          0.630          0.630
     09/01/2010          0.000          0.000          0.550          0.551          0.555          0.556          0.559          0.560          0.560          0.560          0.560          0.560          0.630          0.630          0.630          0.630          0.630
     10/01/2010          0.000          0.000          0.550          0.550          0.555          0.556          0.559          0.560          0.560          0.560          0.560          0.560          0.630          0.630          0.630          0.630          0.630
     11/01/2010          0.000          0.000          0.549          0.550          0.555          0.556          0.559          0.560          0.560          0.560          0.560          0.560          0.630          0.630          0.630          0.630          0.630
     12/01/2010          0.000          0.000          0.549          0.550          0.555          0.556          0.559          0.560          0.560          0.560          0.560          0.560          0.630          0.630          0.630          0.630          0.630
     13/01/2010          0.000          0.000          0.549          0.550          0.555          0.555          0.559          0.560          0.560          0.560          0.560          0.560          0.630          0.630          0.630          0.630          0.630
     14/01/2010          0.000          0.000          0.549          0.550          0.555          0.555          0.559          0.560          0.560          0.560          0.560          0.560          0.630          0.630          0.630          0.630          0.630
     15/01/2010          0.000          0.000          0.549          0.550          0.555          0.555          0.559          0.560          0.560          0.560          0.560          0.560          0.630          0.630          0.630          0.630          0.630
     16/01/2010          0.000          0.000          0.549          0.550          0.554          0.555          0.559          0.560          0.560          0.560          0.560          0.560          0.630          0.630          0.630          0.630          0.630
     17/01/2010          0.000          0.000          0.549          0.550          0.554          0.555          0.559          0.560          0.560          0.560          0.560          0.560          0.630          0.630          0.630          0.630          0.630
     18/01/2010          0.000          0.000          0.549          0.550          0.554          0.555          0.559          0.560          0.560          0.560          0.560          0.560          0.630          0.630          0.630          0.630          0.630
     19/01/2010          0.000          0.000          0.549          0.550          0.554          0.555          0.559          0.560          0.560          0.560          0.560          0.560          0.630          0.630          0.630          0.630          0.630
     20/01/2010          0.000          0.000          0.549          0.550          0.554          0.555          0.559          0.560          0.560          0.560          0.560          0.560          0.630          0.630          0.630          0.630          0.630
     21/01/2010          0.000          0.000          0.549          0.550          0.554          0.555          0.559          0.560          0.560          0.560          0.560          0.560          0.630          0.630          0.630          0.630          0.630
     22/01/2010          0.000          0.000          0.549          0.550          0.554          0.555          0.558          0.560          0.560          0.560          0.560          0.560          0.630          0.630          0.630          0.630          0.630
     23/01/2010          0.000          0.000          0.549          0.550          0.554          0.555          0.558          0.560          0.560          0.560          0.560          0.560          0.630          0.630          0.630          0.630          0.630
     24/01/2010          0.000          0.000          0.549          0.549          0.554          0.555          0.558          0.560          0.560          0.560          0.560          0.560          0.630          0.630          0.630          0.630          0.630
     25/01/2010          0.000          0.000          0.548          0.549          0.554          0.555          0.558          0.560          0.560          0.560          0.560          0.560          0.630          0.630          0.630          0.630          0.630
     26/01/2010          0.000          0.000          0.548          0.549          0.554          0.554          0.558          0.560          0.560          0.560          0.560          0.560          0.630          0.630          0.630          0.630          0.630
     27/01/2010          0.000          0.000          0.548          0.549          0.554          0.554          0.558          0.560          0.560          0.560          0.560          0.560          0.630          0.630          0.630          0.630          0.630
     28/01/2010          0.000          0.000          0.548          0.549          0.554          0.554          0.558          0.560          0.560          0.560          0.560          0.560          0.630          0.630          0.630          0.630          0.630
     29/01/2010          0.000          0.000          0.548          0.549          0.553          0.554          0.558          0.560          0.560          0.560          0.560          0.560          0.630          0.630          0.630          0.630          0.630
     30/01/2010          0.000          0.000          0.548          0.549          0.553          0.554          0.558          0.560          0.560          0.560          0.560          0.560          0.630          0.630          0.630          0.630          0.630
     31/01/2010          0.000          0.000          0.548          0.549          0.553          0.554          0.558          0.560          0.560          0.560          0.560          0.560          0.630          0.630          0.630          0.630          0.630
     01/02/2010          0.000          0.000          0.548          0.549          0.553          0.554          0.558          0.560          0.560          0.560          0.560          0.560          0.630          0.630          0.630          0.630          0.630
     02/02/2010          0.000          0.000          0.548          0.549          0.553          0.554          0.558          0.560          0.560          0.560          0.560          0.560          0.630          0.630          0.630          0.630          0.630
     03/02/2010          0.000          0.000          0.548          0.549          0.553          0.554          0.558          0.560          0.560          0.560          0.560          0.560          0.630          0.630          0.630          0.630          0.630
     04/02/2010          0.000          0.000          0.548          0.549          0.553          0.554          0.557          0.560          0.560          0.560          0.560          0.560          0.630          0.630          0.630          0.630          0.630
     05/02/2010          0.000          0.000          0.548          0.549          0.553          0.554          0.557          0.560          0.560          0.560          0.560          0.560          0.630          0.630          0.630          0.630          0.630
     06/02/2010          0.000          0.000          0.548          0.549          0.553          0.554          0.557          0.560          0.560          0.560          0.560          0.560          0.630          0.630          0.630          0.630          0.630
     07/02/2010          0.000          0.000          0.548          0.548          0.553          0.554          0.557          0.560          0.560          0.560          0.560          0.560          0.630          0.630          0.630          0.630          0.630
     08/02/2010          0.000          0.000          0.547          0.548          0.553          0.554          0.557          0.560          0.560          0.560          0.560          0.560          0.630          0.630          0.630          0.630          0.630
     09/02/2010          0.000          0.000          0.547          0.548          0.553          0.553          0.557          0.560          0.560          0.560          0.560          0.560          0.630          0.630          0.630          0.630          0.630
     10/02/2010          0.000          0.000          0.547          0.548          0.553          0.553          0.557          0.560          0.560          0.560          0.560          0.560          0.630          0.630          0.630          0.630          0.630
     11/02/2010          0.000          0.000          0.547          0.548          0.553          0.553          0.557          0.560          0.560          0.560          0.560          0.560          0.630          0.630          0.630          0.630          0.630
     12/02/2010          0.000          0.000          0.547          0.548          0.552          0.553          0.557          0.560          0.560          0.560          0.560          0.560          0.630          0.630          0.630          0.630          0.630
     13/02/2010          0.000          0.000          0.547          0.548          0.552          0.553          0.557          0.560          0.560          0.560          0.560          0.560          0.630          0.630          0.630          0.630          0.630
     14/02/2010          0.000          0.000          0.547          0.548          0.552          0.553          0.557          0.560          0.560          0.560          0.560          0.560          0.630          0.630          0.630          0.630          0.630
     15/02/2010          0.000          0.000          0.547          0.548          0.552          0.553          0.557          0.560          0.560          0.560          0.560          0.560          0.630          0.630          0.630          0.630          0.630
     16/02/2010          0.000          0.000          0.547          0.548          0.552          0.553          0.557          0.560          0.560          0.560          0.560          0.560          0.630          0.630          0.630          0.630          0.630
     17/02/2010          0.000          0.000          0.547          0.548          0.552          0.553          0.557          0.560          0.560          0.560          0.560          0.560          0.630          0.630          0.630          0.630          0.630
     18/02/2010          0.000          0.000          0.547          0.548          0.552          0.553          0.556          0.560          0.560          0.560          0.560          0.560          0.630          0.630          0.630          0.630          0.630
     19/02/2010          0.000          0.000          0.547          0.548          0.552          0.553          0.556          0.560          0.560          0.560          0.560          0.560          0.630          0.630          0.630          0.630          0.630
     20/02/2010          0.000          0.000          0.547          0.548          0.552          0.553          0.556          0.560          0.560          0.560          0.560          0.560          0.630          0.630          0.630          0.630          0.630
     21/02/2010          0.000          0.000          0.547          0.548          0.552          0.553          0.556          0.560          0.560          0.560          0.560          0.560          0.630          0.630          0.630          0.630          0.630
     22/02/2010          0.000          0.000          0.547          0.547          0.552          0.553          0.556          0.560          0.560          0.560          0.560          0.560          0.630          0.630          0.630          0.630          0.630
     23/02/2010          0.000          0.000          0.546          0.547          0.552          0.552          0.556          0.560          0.560          0.560          0.560          0.560          0.630          0.630          0.630          0.630          0.630
     24/02/2010          0.000          0.000          0.546          0.547          0.552          0.552          0.556          0.560          0.560          0.560          0.560          0.560          0.630          0.630          0.630          0.630          0.630
     25/02/2010          0.000          0.000          0.546          0.547          0.552          0.552          0.556          0.560          0.560          0.560          0.560          0.560          0.630          0.630          0.630          0.630          0.630
     26/02/2010          0.000          0.000          0.546          0.547          0.551          0.552          0.556          0.560          0.560          0.560          0.560          0.560          0.630          0.630          0.630          0.630          0.630
     27/02/2010          0.000          0.000          0.546          0.547          0.551          0.552          0.556          0.560          0.560          0.560          0.560          0.560          0.630          0.630          0.630          0.630          0.630
     28/02/2010          0.000          0.000          0.546          0.547          0.551          0.552          0.556          0.560          0.560          0.560          0.560          0.560          0.630          0.630          0.630          0.630          0.630
     01/03/2010          0.000          0.000          0.546          0.547          0.551          0.552          0.556          0.560          0.560          0.560          0.560          0.560          0.630          0.630          0.630          0.630          0.630
     02/03/2010          0.000          0.000          0.546          0.547          0.551          0.552          0.556          0.560          0.560          0.560          0.560          0.560          0.630          0.630          0.630          0.630          0.630
     03/03/2010          0.000          0.000          0.546          0.547          0.551          0.552          0.556          0.560          0.560          0.560          0.560          0.560          0.630          0.630          0.630          0.630          0.630
     04/03/2010          0.000          0.000          0.546          0.547          0.551          0.552          0.555          0.560          0.560          0.560          0.560          0.560          0.630          0.630          0.630          0.630          0.630
     05/03/2010          0.000          0.000          0.546          0.547          0.551          0.552          0.555          0.560          0.560          0.560          0.560          0.560          0.630          0.630          0.630          0.630          0.630
     06/03/2010          0.000          0.000          0.546          0.547          0.551          0.552          0.555          0.560          0.560          0.560          0.560          0.560          0.630          0.630          0.630          0.630          0.630
     07/03/2010          0.000          0.000          0.546          0.547          0.551          0.552          0.555          0.560          0.560          0.560          0.560          0.560          0.630          0.630          0.630          0.630          0.630
     08/03/2010          0.000          0.000          0.546          0.547          0.551          0.552          0.555          0.560          0.560          0.560          0.560          0.560          0.630          0.630          0.630          0.630          0.630
     09/03/2010          0.000          0.000          0.546          0.546          0.551          0.552          0.555          0.560          0.560          0.560          0.560          0.560          0.630          0.630          0.630          0.630          0.630
     10/03/2010          0.000          0.000          0.546          0.546          0.551          0.551          0.555          0.560          0.560          0.560          0.560          0.560          0.630          0.630          0.630          0.630          0.630
     11/03/2010          0.000          0.000          0.545          0.546          0.551          0.551          0.555          0.560          0.560          0.560          0.560          0.560          0.630          0.630          0.630          0.630          0.630
     12/03/2010          0.000          0.000          0.545          0.546          0.551          0.551          0.555          0.560          0.560          0.560          0.560          0.560          0.630          0.630          0.630          0.630          0.630
     13/03/2010          0.000          0.000          0.545          0.546          0.551          0.551          0.555          0.560          0.560          0.560          0.560          0.560          0.630          0.630          0.630          0.630          0.630
     14/03/2010          0.000          0.000          0.545          0.546          0.550          0.551          0.555          0.560          0.560          0.560          0.560          0.560          0.630          0.630          0.630          0.630          0.630
     15/03/2010          0.000          0.000          0.545          0.546          0.550          0.551          0.555          0.560          0.560          0.560          0.560          0.560          0.630          0.630          0.630          0.630          0.630
     16/03/2010          0.000          0.000          0.545          0.546          0.550          0.551          0.555          0.560          0.560          0.560          0.560          0.560          0.630          0.630          0.630          0.630          0.630
     17/03/2010          0.000          0.000          0.545          0.546          0.550          0.551          0.555          0.560          0.560          0.560          0.560          0.560          0.630          0.630          0.630          0.630          0.630
     18/03/2010          0.000          0.000          0.545          0.546          0.550          0.551          0.555          0.560          0.560          0.560          0.560          0.560          0.630          0.630          0.630          0.630          0.630
     19/03/2010          0.000          0.000          0.545          0.546          0.550          0.551          0.555          0.560          0.560          0.560          0.560          0.560          0.630          0.630          0.630          0.630          0.630
     20/03/2010          0.000          0.000          0.545          0.546          0.550          0.551          0.554          0.560          0.560          0.560          0.560          0.560          0.630          0.630          0.630          0.630          0.630
     21/03/2010          0.000          0.000          0.545          0.546          0.550          0.551          0.554          0.560          0.560          0.560          0.560          0.560          0.630          0.630          0.630          0.630          0.630
     22/03/2010          0.000          0.000          0.545          0.546          0.550          0.551          0.554          0.560          0.560          0.560          0.560          0.560          0.630          0.630          0.630          0.630          0.630
     23/03/2010          0.000          0.000          0.545          0.546          0.550          0.551          0.554          0.560          0.560          0.560          0.560          0.560          0.630          0.630          0.630          0.630          0.630
     24/03/2010          0.000          0.000          0.545          0.546          0.550          0.551          0.554          0.560          0.560          0.560          0.560          0.560          0.630          0.630          0.630          0.630          0.630
     25/03/2010          0.000          0.000          0.545          0.546          0.550          0.551          0.554          0.560          0.560          0.560          0.560          0.560          0.630          0.630          0.630          0.630          0.630
     26/03/2010          0.000          0.000          0.545          0.545          0.550          0.550          0.554          0.560          0.560          0.560          0.560          0.560          0.630          0.630          0.630          0.630          0.630
     27/03/2010          0.000          0.000          0.545          0.545          0.550          0.550          0.554          0.560          0.560          0.560          0.560          0.560          0.630          0.630          0.630          0.630          0.630
     28/03/2010          0.000          0.000          0.544          0.545          0.550          0.550          0.554          0.560          0.560          0.560          0.560          0.560          0.630          0.630          0.630          0.630          0.630
     29/03/2010          0.000          0.000          0.544          0.545          0.550          0.550          0.554          0.560          0.560          0.560          0.560          0.560          0.630          0.630          0.630          0.630          0.630
     30/03/2010          0.000          0.000          0.544          0.545          0.549          0.550          0.554          0.560          0.560          0.560          0.560          0.560          0.630          0.630          0.630          0.630          0.630
     31/03/2010          0.000          0.000          0.544          0.545          0.549          0.550          0.554          0.560          0.560          0.560          0.560          0.560          0.630          0.630          0.630          0.630          0.630
     01/04/2010          0.000          0.000          0.544          0.545          0.549          0.550          0.554          0.560          0.560          0.560          0.560          0.560          0.630          0.630          0.630          0.630          0.630
     02/04/2010          0.000          0.000          0.544          0.545          0.549          0.550          0.554          0.560          0.560          0.560          0.560          0.560          0.630          0.630          0.630          0.630          0.630
     03/04/2010          0.000          0.000          0.544          0.545          0.549          0.550          0.554          0.560          0.560          0.560          0.560          0.560          0.630          0.630          0.630          0.630          0.630
     04/04/2010          0.000          0.000          0.544          0.545          0.549          0.550          0.554          0.560          0.560          0.560          0.560          0.560          0.630          0.630          0.630          0.630          0.630
     05/04/2010          0.000          0.000          0.544          0.545          0.549          0.550          0.553          0.560          0.560          0.560          0.560          0.560          0.630          0.630          0.630          0.630          0.630
     06/04/2010          0.000          0.000          0.544          0.545          0.549          0.550          0.553          0.560          0.560          0.560          0.560          0.560          0.630          0.630          0.630          0.630          0.630
     07/04/2010          0.000          0.000          0.544          0.545          0.549          0.550          0.553          0.560          0.560          0.560          0.560          0.560          0.630          0.630          0.630          0.630          0.630
     08/04/2010          0.000          0.000          0.544          0.545          0.549          0.550          0.553          0.560          0.560          0.560          0.560          0.560          0.630          0.630          0.630          0.630          0.630
     09/04/2010          0.000          0.000          0.544          0.545          0.549          0.550          0.553          0.560          0.560          0.560          0.560          0.560          0.630          0.630          0.630          0.630          0.630
     10/04/2010          0.000          0.000          0.544          0.545          0.549          0.550          0.553          0.560          0.560          0.560          0.560          0.560          0.630          0.630          0.630          0.630          0.630
     11/04/2010          0.000          0.000          0.544          0.545          0.549          0.550          0.553          0.560          0.560          0.560          0.560          0.560          0.630          0.630          0.630          0.630          0.630
     12/04/2010          0.000          0.000          0.544          0.544          0.549          0.549          0.553          0.560          0.560          0.560          0.560          0.560          0.630          0.630          0.630          0.630          0.630
     13/04/2010          0.000          0.000          0.544          0.544          0.549          0.549          0.553          0.560          0.560          0.560          0.560          0.560          0.630          0.630          0.630          0.630          0.630
     14/04/2010          0.000          0.000          0.543          0.544          0.549          0.549          0.553          0.560          0.560          0.560          0.560          0.560          0.630          0.630          0.630          0.630          0.630
     15/04/2010          0.000          0.000          0.543          0.544          0.549          0.549          0.553          0.560          0.560          0.560          0.560          0.560          0.630          0.630          0.630          0.630          0.630
     16/04/2010          0.000          0.000          0.543          0.544          0.548          0.549          0.553          0.560          0.560          0.560          0.560          0.560          0.630          0.630          0.630          0.630          0.630
     17/04/2010          0.000          0.000          0.543          0.544          0.548          0.549          0.553          0.560          0.560          0.560          0.560          0.560          0.630          0.630          0.630          0.630          0.630
     18/04/2010          0.000          0.000          0.543          0.544          0.548          0.549          0.553          0.560          0.560          0.560          0.560          0.560          0.630          0.630          0.630          0.630          0.630
     19/04/2010          0.000          0.000          0.543          0.544          0.548          0.549          0.553          0.560          0.560          0.560          0.560          0.560          0.630          0.630          0.630          0.630          0.630
     20/04/2010          0.000          0.000          0.543          0.544          0.548          0.549          0.553          0.560          0.560          0.560          0.560          0.560          0.630          0.630          0.630          0.630          0.630
     21/04/2010          0.000          0.000          0.543          0.544          0.548          0.549          0.552          0.560          0.560          0.560          0.560          0.560          0.630          0.630          0.630          0.630          0.630
     22/04/2010          0.000          0.000          0.543          0.544          0.548          0.549          0.552          0.560          0.560          0.560          0.560          0.560          0.630          0.630          0.630          0.630          0.630
     23/04/2010          0.000          0.000          0.543          0.544          0.548          0.549          0.552          0.560          0.560          0.560          0.560          0.560          0.630          0.630          0.630          0.630          0.630
     24/04/2010          0.000          0.000          0.543          0.544          0.548          0.549          0.552          0.560          0.560          0.560          0.560          0.560          0.630          0.630          0.630          0.630          0.630
     25/04/2010          0.000          0.000          0.543          0.544          0.548          0.549          0.552          0.560          0.560          0.560          0.560          0.560          0.630          0.630          0.630          0.630          0.630
     26/04/2010          0.000          0.000          0.543          0.544          0.548          0.549          0.552          0.560          0.560          0.560          0.560          0.560          0.630          0.630          0.630          0.630          0.630
     27/04/2010          0.000          0.000          0.543          0.544          0.548          0.549          0.552          0.560          0.560          0.560          0.560          0.560          0.630          0.630          0.630          0.630          0.630
     28/04/2010          0.000          0.000          0.543          0.544          0.548          0.549          0.552          0.560          0.560          0.560          0.560          0.560          0.630          0.630          0.630          0.630          0.630
     29/04/2010          0.000          0.000          0.543          0.544          0.548          0.548          0.552          0.560          0.560          0.560          0.560          0.560          0.630          0.630          0.630          0.630          0.630
     30/04/2010          0.000          0.000          0.543          0.544          0.548          0.548          0.552          0.560          0.560          0.560          0.560          0.560          0.630          0.630          0.630          0.630          0.630
     01/05/2010          0.000          0.000          0.543          0.543          0.548          0.548          0.552          0.560          0.560          0.560          0.560          0.560          0.630          0.630          0.630          0.630          0.630
     02/05/2010          0.000          0.000          0.543          0.543          0.548          0.548          0.552          0.560          0.560          0.560          0.560          0.560          0.630          0.630          0.630          0.630          0.630
     03/05/2010          0.000          0.000          0.542          0.543          0.547          0.548          0.552          0.560          0.560          0.560          0.560          0.560          0.630          0.630          0.630          0.630          0.630
     04/05/2010          0.000          0.000          0.542          0.543          0.547          0.548          0.552          0.560          0.560          0.560          0.560          0.560          0.630          0.630          0.630          0.630          0.630
     05/05/2010          0.000          0.000          0.542          0.543          0.547          0.548          0.552          0.560          0.560          0.560          0.560          0.560          0.630          0.630          0.630          0.630          0.630
     06/05/2010          0.000          0.000          0.542          0.543          0.547          0.548          0.552          0.560          0.560          0.560          0.560          0.560          0.630          0.630          0.630          0.630          0.630
     07/05/2010          0.000          0.000          0.542          0.543          0.547          0.548          0.552          0.560          0.560          0.560          0.560          0.560          0.630          0.630          0.630          0.630          0.630
     08/05/2010          0.000          0.000          0.542          0.543          0.547          0.548          0.552          0.560          0.560          0.560          0.560          0.560          0.630          0.630          0.630          0.630          0.630
     09/05/2010          0.000          0.000          0.542          0.543          0.547          0.548          0.551          0.560          0.560          0.560          0.560          0.560          0.630          0.630          0.630          0.630          0.630
     10/05/2010          0.000          0.000          0.542          0.543          0.547          0.548          0.551          0.560          0.560          0.560          0.560          0.560          0.630          0.630          0.630          0.630          0.630
     11/05/2010          0.000          0.000          0.542          0.543          0.547          0.548          0.551          0.560          0.560          0.560          0.560          0.560          0.630          0.630          0.630          0.630          0.630
     12/05/2010          0.000          0.000          0.542          0.543          0.547          0.548          0.551          0.560          0.560          0.560          0.560          0.560          0.630          0.630          0.630          0.630          0.630
     13/05/2010          0.000          0.000          0.542          0.543          0.547          0.548          0.551          0.560          0.560          0.560          0.560          0.560          0.630          0.630          0.630          0.630          0.630
     14/05/2010          0.000          0.000          0.542          0.543          0.547          0.548          0.551          0.560          0.560          0.560          0.560          0.560          0.630          0.630          0.630          0.630          0.630
     15/05/2010          0.000          0.000          0.542          0.543          0.547          0.548          0.551          0.560          0.560          0.560          0.560          0.560          0.630          0.630          0.630          0.630          0.630
     16/05/2010          0.000          0.000          0.542          0.543          0.547          0.548          0.551          0.560          0.560          0.560          0.560          0.560          0.630          0.630          0.630          0.630          0.630
     17/05/2010          0.000          0.000          0.542          0.543          0.547          0.547          0.551          0.560          0.560          0.560          0.560          0.560          0.630          0.630          0.630          0.630          0.630
     18/05/2010          0.000          0.000          0.542          0.543          0.547          0.547          0.551          0.560          0.560          0.560          0.560          0.560          0.630          0.630          0.630          0.630          0.630
     19/05/2010          0.000          0.000          0.542          0.543          0.547          0.547          0.551          0.560          0.560          0.560          0.560          0.560          0.630          0.630          0.630          0.630          0.630
     20/05/2010          0.000          0.000          0.542          0.542          0.547          0.547          0.551          0.560          0.560          0.560          0.560          0.560          0.630          0.630          0.630          0.630          0.630
     21/05/2010          0.000          0.000          0.542          0.542          0.547          0.547          0.551          0.560          0.560          0.560          0.560          0.560          0.630          0.630          0.630          0.630          0.630
     22/05/2010          0.000          0.000          0.542          0.542          0.546          0.547          0.551          0.560          0.560          0.560          0.560          0.560          0.630          0.630          0.630          0.630          0.630
     23/05/2010          0.000          0.000          0.541          0.542          0.546          0.547          0.551          0.560          0.560          0.560          0.560          0.560          0.630          0.630          0.630          0.630          0.630
     24/05/2010          0.000          0.000          0.541          0.542          0.546          0.547          0.551          0.560          0.560          0.560          0.560          0.560          0.630          0.630          0.630          0.630          0.630
     25/05/2010          0.000          0.000          0.541          0.542          0.546          0.547          0.551          0.560          0.560          0.560          0.560          0.560          0.630          0.630          0.630          0.630          0.630
     26/05/2010          0.000          0.000          0.541          0.542          0.546          0.547          0.551          0.560          0.560          0.560          0.560          0.560          0.630          0.630          0.630          0.630          0.630
     27/05/2010          0.000          0.000          0.541          0.542          0.546          0.547          0.550          0.560          0.560          0.560          0.560          0.560          0.630          0.630          0.630          0.630          0.630
     28/05/2010          0.000          0.000          0.541          0.542          0.546          0.547          0.550          0.560          0.560          0.560          0.560          0.560          0.630          0.630          0.630          0.630          0.630
     29/05/2010          0.000          0.000          0.541          0.542          0.546          0.547          0.550          0.560          0.560          0.560          0.560          0.560          0.630          0.630          0.630          0.630          0.630
     30/05/2010          0.000          0.000          0.541          0.542          0.546          0.547          0.550          0.560          0.560          0.560          0.560          0.560          0.630          0.630          0.630          0.630          0.630
