ApsimVersion = 7.7
Title = swcon_Otorohanga571
           Date           rain             es    sw(6-10)(1)    sw(6-10)(2)    sw(6-10)(3)    sw(6-10)(4)    sw(6-10)(5)   dul(6-10)(1)   dul(6-10)(2)   dul(6-10)(3)   dul(6-10)(4)   dul(6-10)(5)   sat(6-10)(1)   sat(6-10)(2)   sat(6-10)(3)   sat(6-10)(4)   sat(6-10)(5)
   (dd/mm/yyyy)           (mm)           (mm)    (cm^3/cm^3)    (cm^3/cm^3)    (cm^3/cm^3)    (cm^3/cm^3)    (cm^3/cm^3)    (cm^3/cm^3)    (cm^3/cm^3)    (cm^3/cm^3)    (cm^3/cm^3)    (cm^3/cm^3)    (cm^3/cm^3)    (cm^3/cm^3)    (cm^3/cm^3)    (cm^3/cm^3)    (cm^3/cm^3)
     01/06/2009          0.000          0.584          0.508          0.508          0.508          0.508          0.508          0.508          0.508          0.508          0.508          0.508          0.639          0.639          0.639          0.639          0.639
     02/06/2009       3000.000          0.000          0.604          0.595          0.538          0.513          0.508          0.508          0.508          0.508          0.508          0.508          0.639          0.639          0.639          0.639          0.639
     03/06/2009       3000.000          0.000          0.607          0.607          0.607          0.609          0.603          0.508          0.508          0.508          0.508          0.508          0.639          0.639          0.639          0.639          0.639
     04/06/2009       3000.000          0.000          0.607          0.607          0.607          0.607          0.607          0.508          0.508          0.508          0.508          0.508          0.639          0.639          0.639          0.639          0.639
     05/06/2009       3000.000          0.000          0.607          0.607          0.607          0.607          0.607          0.508          0.508          0.508          0.508          0.508          0.639          0.639          0.639          0.639          0.639
     06/06/2009       3000.000          0.000          0.607          0.607          0.607          0.607          0.607          0.508          0.508          0.508          0.508          0.508          0.639          0.639          0.639          0.639          0.639
     07/06/2009       3000.000          0.000          0.607          0.607          0.607          0.607          0.607          0.508          0.508          0.508          0.508          0.508          0.639          0.639          0.639          0.639          0.639
     08/06/2009       3000.000          0.000          0.607          0.607          0.607          0.607          0.607          0.508          0.508          0.508          0.508          0.508          0.639          0.639          0.639          0.639          0.639
     09/06/2009       3000.000          0.000          0.607          0.607          0.607          0.607          0.607          0.508          0.508          0.508          0.508          0.508          0.639          0.639          0.639          0.639          0.639
     10/06/2009       3000.000          0.000          0.607          0.607          0.607          0.607          0.607          0.508          0.508          0.508          0.508          0.508          0.639          0.639          0.639          0.639          0.639
     11/06/2009       3000.000          0.000          0.607          0.607          0.607          0.607          0.607          0.508          0.508          0.508          0.508          0.508          0.639          0.639          0.639          0.639          0.639
     12/06/2009       3000.000          0.000          0.607          0.607          0.607          0.607          0.607          0.508          0.508          0.508          0.508          0.508          0.639          0.639          0.639          0.639          0.639
     13/06/2009       3000.000          0.000          0.607          0.607          0.607          0.607          0.607          0.508          0.508          0.508          0.508          0.508          0.639          0.639          0.639          0.639          0.639
     14/06/2009       3000.000          0.000          0.607          0.607          0.607          0.607          0.607          0.508          0.508          0.508          0.508          0.508          0.639          0.639          0.639          0.639          0.639
     15/06/2009       3000.000          0.000          0.607          0.607          0.607          0.607          0.607          0.508          0.508          0.508          0.508          0.508          0.639          0.639          0.639          0.639          0.639
     16/06/2009          0.000          0.000          0.583          0.585          0.588          0.590          0.592          0.508          0.508          0.508          0.508          0.508          0.639          0.639          0.639          0.639          0.639
     17/06/2009          0.000          0.000          0.575          0.577          0.581          0.582          0.584          0.508          0.508          0.508          0.508          0.508          0.639          0.639          0.639          0.639          0.639
     18/06/2009          0.000          0.000          0.570          0.572          0.576          0.577          0.580          0.508          0.508          0.508          0.508          0.508          0.639          0.639          0.639          0.639          0.639
     19/06/2009          0.000          0.000          0.567          0.569          0.573          0.574          0.576          0.508          0.508          0.508          0.508          0.508          0.639          0.639          0.639          0.639          0.639
     20/06/2009          0.000          0.000          0.564          0.566          0.570          0.571          0.574          0.508          0.508          0.508          0.508          0.508          0.639          0.639          0.639          0.639          0.639
     21/06/2009          0.000          0.000          0.562          0.563          0.568          0.569          0.572          0.508          0.508          0.508          0.508          0.508          0.639          0.639          0.639          0.639          0.639
     22/06/2009          0.000          0.000          0.559          0.561          0.566          0.567          0.570          0.508          0.508          0.508          0.508          0.508          0.639          0.639          0.639          0.639          0.639
     23/06/2009          0.000          0.000          0.557          0.559          0.564          0.565          0.568          0.508          0.508          0.508          0.508          0.508          0.639          0.639          0.639          0.639          0.639
     24/06/2009          0.000          0.000          0.556          0.557          0.562          0.563          0.566          0.508          0.508          0.508          0.508          0.508          0.639          0.639          0.639          0.639          0.639
     25/06/2009          0.000          0.000          0.554          0.556          0.561          0.562          0.565          0.508          0.508          0.508          0.508          0.508          0.639          0.639          0.639          0.639          0.639
     26/06/2009          0.000          0.000          0.553          0.554          0.559          0.560          0.564          0.508          0.508          0.508          0.508          0.508          0.639          0.639          0.639          0.639          0.639
     27/06/2009          0.000          0.000          0.551          0.553          0.558          0.559          0.563          0.508          0.508          0.508          0.508          0.508          0.639          0.639          0.639          0.639          0.639
     28/06/2009          0.000          0.000          0.550          0.551          0.557          0.558          0.561          0.508          0.508          0.508          0.508          0.508          0.639          0.639          0.639          0.639          0.639
     29/06/2009          0.000          0.000          0.549          0.550          0.556          0.557          0.560          0.508          0.508          0.508          0.508          0.508          0.639          0.639          0.639          0.639          0.639
     30/06/2009          0.000          0.000          0.548          0.549          0.555          0.556          0.559          0.508          0.508          0.508          0.508          0.508          0.639          0.639          0.639          0.639          0.639
     01/07/2009          0.000          0.000          0.547          0.548          0.554          0.555          0.558          0.508          0.508          0.508          0.508          0.508          0.639          0.639          0.639          0.639          0.639
     02/07/2009          0.000          0.000          0.546          0.547          0.553          0.554          0.558          0.508          0.508          0.508          0.508          0.508          0.639          0.639          0.639          0.639          0.639
     03/07/2009          0.000          0.000          0.545          0.546          0.552          0.553          0.557          0.508          0.508          0.508          0.508          0.508          0.639          0.639          0.639          0.639          0.639
     04/07/2009          0.000          0.000          0.544          0.545          0.551          0.552          0.556          0.508          0.508          0.508          0.508          0.508          0.639          0.639          0.639          0.639          0.639
     05/07/2009          0.000          0.000          0.543          0.544          0.550          0.551          0.555          0.508          0.508          0.508          0.508          0.508          0.639          0.639          0.639          0.639          0.639
     06/07/2009          0.000          0.000          0.542          0.543          0.549          0.550          0.554          0.508          0.508          0.508          0.508          0.508          0.639          0.639          0.639          0.639          0.639
     07/07/2009          0.000          0.000          0.541          0.543          0.548          0.549          0.553          0.508          0.508          0.508          0.508          0.508          0.639          0.639          0.639          0.639          0.639
     08/07/2009          0.000          0.000          0.540          0.542          0.548          0.549          0.553          0.508          0.508          0.508          0.508          0.508          0.639          0.639          0.639          0.639          0.639
     09/07/2009          0.000          0.000          0.540          0.541          0.547          0.548          0.552          0.508          0.508          0.508          0.508          0.508          0.639          0.639          0.639          0.639          0.639
     10/07/2009          0.000          0.000          0.539          0.540          0.546          0.547          0.551          0.508          0.508          0.508          0.508          0.508          0.639          0.639          0.639          0.639          0.639
     11/07/2009          0.000          0.000          0.538          0.540          0.546          0.547          0.551          0.508          0.508          0.508          0.508          0.508          0.639          0.639          0.639          0.639          0.639
     12/07/2009          0.000          0.000          0.537          0.539          0.545          0.546          0.550          0.508          0.508          0.508          0.508          0.508          0.639          0.639          0.639          0.639          0.639
     13/07/2009          0.000          0.000          0.537          0.538          0.544          0.545          0.550          0.508          0.508          0.508          0.508          0.508          0.639          0.639          0.639          0.639          0.639
     14/07/2009          0.000          0.000          0.536          0.538          0.544          0.545          0.549          0.508          0.508          0.508          0.508          0.508          0.639          0.639          0.639          0.639          0.639
     15/07/2009          0.000          0.000          0.536          0.537          0.543          0.544          0.548          0.508          0.508          0.508          0.508          0.508          0.639          0.639          0.639          0.639          0.639
     16/07/2009          0.000          0.000          0.535          0.536          0.542          0.543          0.548          0.508          0.508          0.508          0.508          0.508          0.639          0.639          0.639          0.639          0.639
     17/07/2009          0.000          0.000          0.535          0.536          0.542          0.543          0.547          0.508          0.508          0.508          0.508          0.508          0.639          0.639          0.639          0.639          0.639
     18/07/2009          0.000          0.000          0.534          0.535          0.541          0.542          0.547          0.508          0.508          0.508          0.508          0.508          0.639          0.639          0.639          0.639          0.639
     19/07/2009          0.000          0.000          0.534          0.535          0.541          0.542          0.546          0.508          0.508          0.508          0.508          0.508          0.639          0.639          0.639          0.639          0.639
     20/07/2009          0.000          0.000          0.533          0.534          0.540          0.541          0.546          0.508          0.508          0.508          0.508          0.508          0.639          0.639          0.639          0.639          0.639
     21/07/2009          0.000          0.000          0.533          0.534          0.540          0.541          0.545          0.508          0.508          0.508          0.508          0.508          0.639          0.639          0.639          0.639          0.639
     22/07/2009          0.000          0.000          0.532          0.533          0.539          0.540          0.545          0.508          0.508          0.508          0.508          0.508          0.639          0.639          0.639          0.639          0.639
     23/07/2009          0.000          0.000          0.532          0.533          0.539          0.540          0.544          0.508          0.508          0.508          0.508          0.508          0.639          0.639          0.639          0.639          0.639
     24/07/2009          0.000          0.000          0.531          0.533          0.538          0.539          0.544          0.508          0.508          0.508          0.508          0.508          0.639          0.639          0.639          0.639          0.639
     25/07/2009          0.000          0.000          0.531          0.532          0.538          0.539          0.543          0.508          0.508          0.508          0.508          0.508          0.639          0.639          0.639          0.639          0.639
     26/07/2009          0.000          0.000          0.530          0.532          0.537          0.539          0.543          0.508          0.508          0.508          0.508          0.508          0.639          0.639          0.639          0.639          0.639
     27/07/2009          0.000          0.000          0.530          0.531          0.537          0.538          0.543          0.508          0.508          0.508          0.508          0.508          0.639          0.639          0.639          0.639          0.639
     28/07/2009          0.000          0.000          0.530          0.531          0.537          0.538          0.542          0.508          0.508          0.508          0.508          0.508          0.639          0.639          0.639          0.639          0.639
     29/07/2009          0.000          0.000          0.529          0.531          0.536          0.537          0.542          0.508          0.508          0.508          0.508          0.508          0.639          0.639          0.639          0.639          0.639
     30/07/2009          0.000          0.000          0.529          0.530          0.536          0.537          0.541          0.508          0.508          0.508          0.508          0.508          0.639          0.639          0.639          0.639          0.639
     31/07/2009          0.000          0.000          0.529          0.530          0.535          0.536          0.541          0.508          0.508          0.508          0.508          0.508          0.639          0.639          0.639          0.639          0.639
     01/08/2009          0.000          0.000          0.528          0.530          0.535          0.536          0.540          0.508          0.508          0.508          0.508          0.508          0.639          0.639          0.639          0.639          0.639
     02/08/2009          0.000          0.000          0.528          0.529          0.535          0.536          0.540          0.508          0.508          0.508          0.508          0.508          0.639          0.639          0.639          0.639          0.639
     03/08/2009          0.000          0.000          0.528          0.529          0.534          0.535          0.540          0.508          0.508          0.508          0.508          0.508          0.639          0.639          0.639          0.639          0.639
     04/08/2009          0.000          0.000          0.527          0.528          0.534          0.535          0.539          0.508          0.508          0.508          0.508          0.508          0.639          0.639          0.639          0.639          0.639
     05/08/2009          0.000          0.000          0.527          0.528          0.534          0.535          0.539          0.508          0.508          0.508          0.508          0.508          0.639          0.639          0.639          0.639          0.639
     06/08/2009          0.000          0.000          0.526          0.528          0.533          0.534          0.539          0.508          0.508          0.508          0.508          0.508          0.639          0.639          0.639          0.639          0.639
     07/08/2009          0.000          0.000          0.526          0.527          0.533          0.534          0.538          0.508          0.508          0.508          0.508          0.508          0.639          0.639          0.639          0.639          0.639
     08/08/2009          0.000          0.000          0.526          0.527          0.533          0.534          0.538          0.508          0.508          0.508          0.508          0.508          0.639          0.639          0.639          0.639          0.639
     09/08/2009          0.000          0.000          0.526          0.527          0.532          0.533          0.538          0.508          0.508          0.508          0.508          0.508          0.639          0.639          0.639          0.639          0.639
     10/08/2009          0.000          0.000          0.525          0.526          0.532          0.533          0.537          0.508          0.508          0.508          0.508          0.508          0.639          0.639          0.639          0.639          0.639
     11/08/2009          0.000          0.000          0.525          0.526          0.532          0.533          0.537          0.508          0.508          0.508          0.508          0.508          0.639          0.639          0.639          0.639          0.639
     12/08/2009          0.000          0.000          0.525          0.526          0.531          0.532          0.537          0.508          0.508          0.508          0.508          0.508          0.639          0.639          0.639          0.639          0.639
     13/08/2009          0.000          0.000          0.524          0.526          0.531          0.532          0.536          0.508          0.508          0.508          0.508          0.508          0.639          0.639          0.639          0.639          0.639
     14/08/2009          0.000          0.000          0.524          0.525          0.531          0.532          0.536          0.508          0.508          0.508          0.508          0.508          0.639          0.639          0.639          0.639          0.639
     15/08/2009          0.000          0.000          0.524          0.525          0.530          0.531          0.536          0.508          0.508          0.508          0.508          0.508          0.639          0.639          0.639          0.639          0.639
     16/08/2009          0.000          0.000          0.523          0.525          0.530          0.531          0.535          0.508          0.508          0.508          0.508          0.508          0.639          0.639          0.639          0.639          0.639
     17/08/2009          0.000          0.000          0.523          0.524          0.530          0.531          0.535          0.508          0.508          0.508          0.508          0.508          0.639          0.639          0.639          0.639          0.639
     18/08/2009          0.000          0.000          0.523          0.524          0.530          0.531          0.535          0.508          0.508          0.508          0.508          0.508          0.639          0.639          0.639          0.639          0.639
     19/08/2009          0.000          0.000          0.523          0.524          0.529          0.530          0.535          0.508          0.508          0.508          0.508          0.508          0.639          0.639          0.639          0.639          0.639
     20/08/2009          0.000          0.000          0.522          0.523          0.529          0.530          0.534          0.508          0.508          0.508          0.508          0.508          0.639          0.639          0.639          0.639          0.639
     21/08/2009          0.000          0.000          0.522          0.523          0.529          0.530          0.534          0.508          0.508          0.508          0.508          0.508          0.639          0.639          0.639          0.639          0.639
     22/08/2009          0.000          0.000          0.522          0.523          0.528          0.529          0.534          0.508          0.508          0.508          0.508          0.508          0.639          0.639          0.639          0.639          0.639
     23/08/2009          0.000          0.000          0.521          0.523          0.528          0.529          0.533          0.508          0.508          0.508          0.508          0.508          0.639          0.639          0.639          0.639          0.639
     24/08/2009          0.000          0.000          0.521          0.522          0.528          0.529          0.533          0.508          0.508          0.508          0.508          0.508          0.639          0.639          0.639          0.639          0.639
     25/08/2009          0.000          0.000          0.521          0.522          0.528          0.529          0.533          0.508          0.508          0.508          0.508          0.508          0.639          0.639          0.639          0.639          0.639
     26/08/2009          0.000          0.000          0.521          0.522          0.527          0.528          0.533          0.508          0.508          0.508          0.508          0.508          0.639          0.639          0.639          0.639          0.639
     27/08/2009          0.000          0.000          0.520          0.522          0.527          0.528          0.532          0.508          0.508          0.508          0.508          0.508          0.639          0.639          0.639          0.639          0.639
     28/08/2009          0.000          0.000          0.520          0.521          0.527          0.528          0.532          0.508          0.508          0.508          0.508          0.508          0.639          0.639          0.639          0.639          0.639
     29/08/2009          0.000          0.000          0.520          0.521          0.527          0.528          0.532          0.508          0.508          0.508          0.508          0.508          0.639          0.639          0.639          0.639          0.639
     30/08/2009          0.000          0.000          0.520          0.521          0.526          0.527          0.532          0.508          0.508          0.508          0.508          0.508          0.639          0.639          0.639          0.639          0.639
     31/08/2009          0.000          0.000          0.520          0.521          0.526          0.527          0.531          0.508          0.508          0.508          0.508          0.508          0.639          0.639          0.639          0.639          0.639
     01/09/2009          0.000          0.000          0.519          0.520          0.526          0.527          0.531          0.508          0.508          0.508          0.508          0.508          0.639          0.639          0.639          0.639          0.639
     02/09/2009          0.000          0.000          0.519          0.520          0.526          0.527          0.531          0.508          0.508          0.508          0.508          0.508          0.639          0.639          0.639          0.639          0.639
     03/09/2009          0.000          0.000          0.519          0.520          0.525          0.526          0.531          0.508          0.508          0.508          0.508          0.508          0.639          0.639          0.639          0.639          0.639
     04/09/2009          0.000          0.000          0.519          0.520          0.525          0.526          0.530          0.508          0.508          0.508          0.508          0.508          0.639          0.639          0.639          0.639          0.639
     05/09/2009          0.000          0.000          0.518          0.520          0.525          0.526          0.530          0.508          0.508          0.508          0.508          0.508          0.639          0.639          0.639          0.639          0.639
     06/09/2009          0.000          0.000          0.518          0.519          0.525          0.526          0.530          0.508          0.508          0.508          0.508          0.508          0.639          0.639          0.639          0.639          0.639
     07/09/2009          0.000          0.000          0.518          0.519          0.524          0.525          0.530          0.508          0.508          0.508          0.508          0.508          0.639          0.639          0.639          0.639          0.639
     08/09/2009          0.000          0.000          0.518          0.519          0.524          0.525          0.530          0.508          0.508          0.508          0.508          0.508          0.639          0.639          0.639          0.639          0.639
     09/09/2009          0.000          0.000          0.518          0.519          0.524          0.525          0.529          0.508          0.508          0.508          0.508          0.508          0.639          0.639          0.639          0.639          0.639
     10/09/2009          0.000          0.000          0.517          0.519          0.524          0.525          0.529          0.508          0.508          0.508          0.508          0.508          0.639          0.639          0.639          0.639          0.639
     11/09/2009          0.000          0.000          0.517          0.518          0.524          0.525          0.529          0.508          0.508          0.508          0.508          0.508          0.639          0.639          0.639          0.639          0.639
     12/09/2009          0.000          0.000          0.517          0.518          0.523          0.524          0.529          0.508          0.508          0.508          0.508          0.508          0.639          0.639          0.639          0.639          0.639
     13/09/2009          0.000          0.000          0.517          0.518          0.523          0.524          0.528          0.508          0.508          0.508          0.508          0.508          0.639          0.639          0.639          0.639          0.639
     14/09/2009          0.000          0.000          0.517          0.518          0.523          0.524          0.528          0.508          0.508          0.508          0.508          0.508          0.639          0.639          0.639          0.639          0.639
     15/09/2009          0.000          0.000          0.516          0.518          0.523          0.524          0.528          0.508          0.508          0.508          0.508          0.508          0.639          0.639          0.639          0.639          0.639
     16/09/2009          0.000          0.000          0.516          0.517          0.523          0.524          0.528          0.508          0.508          0.508          0.508          0.508          0.639          0.639          0.639          0.639          0.639
     17/09/2009          0.000          0.000          0.516          0.517          0.522          0.523          0.528          0.508          0.508          0.508          0.508          0.508          0.639          0.639          0.639          0.639          0.639
     18/09/2009          0.000          0.000          0.516          0.517          0.522          0.523          0.527          0.508          0.508          0.508          0.508          0.508          0.639          0.639          0.639          0.639          0.639
     19/09/2009          0.000          0.000          0.516          0.517          0.522          0.523          0.527          0.508          0.508          0.508          0.508          0.508          0.639          0.639          0.639          0.639          0.639
     20/09/2009          0.000          0.000          0.515          0.517          0.522          0.523          0.527          0.508          0.508          0.508          0.508          0.508          0.639          0.639          0.639          0.639          0.639
     21/09/2009          0.000          0.000          0.515          0.516          0.522          0.522          0.527          0.508          0.508          0.508          0.508          0.508          0.639          0.639          0.639          0.639          0.639
     22/09/2009          0.000          0.000          0.515          0.516          0.521          0.522          0.527          0.508          0.508          0.508          0.508          0.508          0.639          0.639          0.639          0.639          0.639
     23/09/2009          0.000          0.000          0.515          0.516          0.521          0.522          0.526          0.508          0.508          0.508          0.508          0.508          0.639          0.639          0.639          0.639          0.639
     24/09/2009          0.000          0.000          0.515          0.516          0.521          0.522          0.526          0.508          0.508          0.508          0.508          0.508          0.639          0.639          0.639          0.639          0.639
     25/09/2009          0.000          0.000          0.515          0.516          0.521          0.522          0.526          0.508          0.508          0.508          0.508          0.508          0.639          0.639          0.639          0.639          0.639
     26/09/2009          0.000          0.000          0.514          0.515          0.521          0.522          0.526          0.508          0.508          0.508          0.508          0.508          0.639          0.639          0.639          0.639          0.639
     27/09/2009          0.000          0.000          0.514          0.515          0.520          0.521          0.526          0.508          0.508          0.508          0.508          0.508          0.639          0.639          0.639          0.639          0.639
     28/09/2009          0.000          0.000          0.514          0.515          0.520          0.521          0.525          0.508          0.508          0.508          0.508          0.508          0.639          0.639          0.639          0.639          0.639
     29/09/2009          0.000          0.000          0.514          0.515          0.520          0.521          0.525          0.508          0.508          0.508          0.508          0.508          0.639          0.639          0.639          0.639          0.639
     30/09/2009          0.000          0.000          0.514          0.515          0.520          0.521          0.525          0.508          0.508          0.508          0.508          0.508          0.639          0.639          0.639          0.639          0.639
     01/10/2009          0.000          0.000          0.514          0.515          0.520          0.521          0.525          0.508          0.508          0.508          0.508          0.508          0.639          0.639          0.639          0.639          0.639
     02/10/2009          0.000          0.000          0.513          0.514          0.520          0.520          0.525          0.508          0.508          0.508          0.508          0.508          0.639          0.639          0.639          0.639          0.639
     03/10/2009          0.000          0.000          0.513          0.514          0.519          0.520          0.525          0.508          0.508          0.508          0.508          0.508          0.639          0.639          0.639          0.639          0.639
     04/10/2009          0.000          0.000          0.513          0.514          0.519          0.520          0.524          0.508          0.508          0.508          0.508          0.508          0.639          0.639          0.639          0.639          0.639
     05/10/2009          0.000          0.000          0.513          0.514          0.519          0.520          0.524          0.508          0.508          0.508          0.508          0.508          0.639          0.639          0.639          0.639          0.639
     06/10/2009          0.000          0.000          0.513          0.514          0.519          0.520          0.524          0.508          0.508          0.508          0.508          0.508          0.639          0.639          0.639          0.639          0.639
     07/10/2009          0.000          0.000          0.513          0.514          0.519          0.520          0.524          0.508          0.508          0.508          0.508          0.508          0.639          0.639          0.639          0.639          0.639
     08/10/2009          0.000          0.000          0.512          0.514          0.519          0.519          0.524          0.508          0.508          0.508          0.508          0.508          0.639          0.639          0.639          0.639          0.639
     09/10/2009          0.000          0.000          0.512          0.513          0.518          0.519          0.523          0.508          0.508          0.508          0.508          0.508          0.639          0.639          0.639          0.639          0.639
     10/10/2009          0.000          0.000          0.512          0.513          0.518          0.519          0.523          0.508          0.508          0.508          0.508          0.508          0.639          0.639          0.639          0.639          0.639
     11/10/2009          0.000          0.000          0.512          0.513          0.518          0.519          0.523          0.508          0.508          0.508          0.508          0.508          0.639          0.639          0.639          0.639          0.639
     12/10/2009          0.000          0.000          0.512          0.513          0.518          0.519          0.523          0.508          0.508          0.508          0.508          0.508          0.639          0.639          0.639          0.639          0.639
     13/10/2009          0.000          0.000          0.512          0.513          0.518          0.519          0.523          0.508          0.508          0.508          0.508          0.508          0.639          0.639          0.639          0.639          0.639
     14/10/2009          0.000          0.000          0.512          0.513          0.518          0.518          0.523          0.508          0.508          0.508          0.508          0.508          0.639          0.639          0.639          0.639          0.639
     15/10/2009          0.000          0.000          0.511          0.512          0.517          0.518          0.522          0.508          0.508          0.508          0.508          0.508          0.639          0.639          0.639          0.639          0.639
     16/10/2009          0.000          0.000          0.511          0.512          0.517          0.518          0.522          0.508          0.508          0.508          0.508          0.508          0.639          0.639          0.639          0.639          0.639
     17/10/2009          0.000          0.000          0.511          0.512          0.517          0.518          0.522          0.508          0.508          0.508          0.508          0.508          0.639          0.639          0.639          0.639          0.639
     18/10/2009          0.000          0.000          0.511          0.512          0.517          0.518          0.522          0.508          0.508          0.508          0.508          0.508          0.639          0.639          0.639          0.639          0.639
     19/10/2009          0.000          0.000          0.511          0.512          0.517          0.518          0.522          0.508          0.508          0.508          0.508          0.508          0.639          0.639          0.639          0.639          0.639
     20/10/2009          0.000          0.000          0.511          0.512          0.517          0.518          0.522          0.508          0.508          0.508          0.508          0.508          0.639          0.639          0.639          0.639          0.639
     21/10/2009          0.000          0.000          0.511          0.512          0.516          0.517          0.522          0.508          0.508          0.508          0.508          0.508          0.639          0.639          0.639          0.639          0.639
     22/10/2009          0.000          0.000          0.510          0.512          0.516          0.517          0.521          0.508          0.508          0.508          0.508          0.508          0.639          0.639          0.639          0.639          0.639
     23/10/2009          0.000          0.000          0.510          0.511          0.516          0.517          0.521          0.508          0.508          0.508          0.508          0.508          0.639          0.639          0.639          0.639          0.639
     24/10/2009          0.000          0.000          0.510          0.511          0.516          0.517          0.521          0.508          0.508          0.508          0.508          0.508          0.639          0.639          0.639          0.639          0.639
     25/10/2009          0.000          0.000          0.510          0.511          0.516          0.517          0.521          0.508          0.508          0.508          0.508          0.508          0.639          0.639          0.639          0.639          0.639
     26/10/2009          0.000          0.000          0.510          0.511          0.516          0.517          0.521          0.508          0.508          0.508          0.508          0.508          0.639          0.639          0.639          0.639          0.639
     27/10/2009          0.000          0.000          0.510          0.511          0.516          0.516          0.521          0.508          0.508          0.508          0.508          0.508          0.639          0.639          0.639          0.639          0.639
     28/10/2009          0.000          0.000          0.510          0.511          0.515          0.516          0.520          0.508          0.508          0.508          0.508          0.508          0.639          0.639          0.639          0.639          0.639
     29/10/2009          0.000          0.000          0.510          0.511          0.515          0.516          0.520          0.508          0.508          0.508          0.508          0.508          0.639          0.639          0.639          0.639          0.639
     30/10/2009          0.000          0.000          0.509          0.510          0.515          0.516          0.520          0.508          0.508          0.508          0.508          0.508          0.639          0.639          0.639          0.639          0.639
     31/10/2009          0.000          0.000          0.509          0.510          0.515          0.516          0.520          0.508          0.508          0.508          0.508          0.508          0.639          0.639          0.639          0.639          0.639
     01/11/2009          0.000          0.000          0.509          0.510          0.515          0.516          0.520          0.508          0.508          0.508          0.508          0.508          0.639          0.639          0.639          0.639          0.639
     02/11/2009          0.000          0.000          0.509          0.510          0.515          0.516          0.520          0.508          0.508          0.508          0.508          0.508          0.639          0.639          0.639          0.639          0.639
     03/11/2009          0.000          0.000          0.509          0.510          0.515          0.516          0.520          0.508          0.508          0.508          0.508          0.508          0.639          0.639          0.639          0.639          0.639
     04/11/2009          0.000          0.000          0.509          0.510          0.515          0.515          0.519          0.508          0.508          0.508          0.508          0.508          0.639          0.639          0.639          0.639          0.639
     05/11/2009          0.000          0.000          0.509          0.510          0.514          0.515          0.519          0.508          0.508          0.508          0.508          0.508          0.639          0.639          0.639          0.639          0.639
     06/11/2009          0.000          0.000          0.509          0.510          0.514          0.515          0.519          0.508          0.508          0.508          0.508          0.508          0.639          0.639          0.639          0.639          0.639
     07/11/2009          0.000          0.000          0.508          0.509          0.514          0.515          0.519          0.508          0.508          0.508          0.508          0.508          0.639          0.639          0.639          0.639          0.639
     08/11/2009          0.000          0.000          0.508          0.509          0.514          0.515          0.519          0.508          0.508          0.508          0.508          0.508          0.639          0.639          0.639          0.639          0.639
     09/11/2009          0.000          0.000          0.508          0.509          0.514          0.515          0.519          0.508          0.508          0.508          0.508          0.508          0.639          0.639          0.639          0.639          0.639
     10/11/2009          0.000          0.000          0.508          0.509          0.514          0.515          0.519          0.508          0.508          0.508          0.508          0.508          0.639          0.639          0.639          0.639          0.639
     11/11/2009          0.000          0.000          0.508          0.509          0.514          0.514          0.519          0.508          0.508          0.508          0.508          0.508          0.639          0.639          0.639          0.639          0.639
     12/11/2009          0.000          0.000          0.508          0.509          0.513          0.514          0.518          0.508          0.508          0.508          0.508          0.508          0.639          0.639          0.639          0.639          0.639
     13/11/2009          0.000          0.000          0.508          0.509          0.513          0.514          0.518          0.508          0.508          0.508          0.508          0.508          0.639          0.639          0.639          0.639          0.639
     14/11/2009          0.000          0.000          0.508          0.509          0.513          0.514          0.518          0.508          0.508          0.508          0.508          0.508          0.639          0.639          0.639          0.639          0.639
     15/11/2009          0.000          0.000          0.508          0.509          0.513          0.514          0.518          0.508          0.508          0.508          0.508          0.508          0.639          0.639          0.639          0.639          0.639
     16/11/2009          0.000          0.000          0.507          0.508          0.513          0.514          0.518          0.508          0.508          0.508          0.508          0.508          0.639          0.639          0.639          0.639          0.639
     17/11/2009          0.000          0.000          0.507          0.508          0.513          0.514          0.518          0.508          0.508          0.508          0.508          0.508          0.639          0.639          0.639          0.639          0.639
     18/11/2009          0.000          0.000          0.507          0.508          0.513          0.514          0.518          0.508          0.508          0.508          0.508          0.508          0.639          0.639          0.639          0.639          0.639
     19/11/2009          0.000          0.000          0.507          0.508          0.513          0.513          0.517          0.508          0.508          0.508          0.508          0.508          0.639          0.639          0.639          0.639          0.639
     20/11/2009          0.000          0.000          0.507          0.508          0.513          0.513          0.517          0.508          0.508          0.508          0.508          0.508          0.639          0.639          0.639          0.639          0.639
     21/11/2009          0.000          0.000          0.507          0.508          0.512          0.513          0.517          0.508          0.508          0.508          0.508          0.508          0.639          0.639          0.639          0.639          0.639
     22/11/2009          0.000          0.000          0.507          0.508          0.512          0.513          0.517          0.508          0.508          0.508          0.508          0.508          0.639          0.639          0.639          0.639          0.639
     23/11/2009          0.000          0.000          0.507          0.508          0.512          0.513          0.517          0.508          0.508          0.508          0.508          0.508          0.639          0.639          0.639          0.639          0.639
     24/11/2009          0.000          0.000          0.507          0.508          0.512          0.513          0.517          0.508          0.508          0.508          0.508          0.508          0.639          0.639          0.639          0.639          0.639
     25/11/2009          0.000          0.000          0.506          0.507          0.512          0.513          0.517          0.508          0.508          0.508          0.508          0.508          0.639          0.639          0.639          0.639          0.639
     26/11/2009          0.000          0.000          0.506          0.507          0.512          0.513          0.517          0.508          0.508          0.508          0.508          0.508          0.639          0.639          0.639          0.639          0.639
     27/11/2009          0.000          0.000          0.506          0.507          0.512          0.513          0.516          0.508          0.508          0.508          0.508          0.508          0.639          0.639          0.639          0.639          0.639
     28/11/2009          0.000          0.000          0.506          0.507          0.512          0.512          0.516          0.508          0.508          0.508          0.508          0.508          0.639          0.639          0.639          0.639          0.639
     29/11/2009          0.000          0.000          0.506          0.507          0.511          0.512          0.516          0.508          0.508          0.508          0.508          0.508          0.639          0.639          0.639          0.639          0.639
     30/11/2009          0.000          0.000          0.506          0.507          0.511          0.512          0.516          0.508          0.508          0.508          0.508          0.508          0.639          0.639          0.639          0.639          0.639
     01/12/2009          0.000          0.000          0.506          0.507          0.511          0.512          0.516          0.508          0.508          0.508          0.508          0.508          0.639          0.639          0.639          0.639          0.639
     02/12/2009          0.000          0.000          0.506          0.507          0.511          0.512          0.516          0.508          0.508          0.508          0.508          0.508          0.639          0.639          0.639          0.639          0.639
     03/12/2009          0.000          0.000          0.506          0.507          0.511          0.512          0.516          0.508          0.508          0.508          0.508          0.508          0.639          0.639          0.639          0.639          0.639
     04/12/2009          0.000          0.000          0.506          0.507          0.511          0.512          0.516          0.508          0.508          0.508          0.508          0.508          0.639          0.639          0.639          0.639          0.639
     05/12/2009          0.000          0.000          0.505          0.506          0.511          0.512          0.516          0.508          0.508          0.508          0.508          0.508          0.639          0.639          0.639          0.639          0.639
     06/12/2009          0.000          0.000          0.505          0.506          0.511          0.512          0.515          0.508          0.508          0.508          0.508          0.508          0.639          0.639          0.639          0.639          0.639
     07/12/2009          0.000          0.000          0.505          0.506          0.511          0.511          0.515          0.508          0.508          0.508          0.508          0.508          0.639          0.639          0.639          0.639          0.639
     08/12/2009          0.000          0.000          0.505          0.506          0.510          0.511          0.515          0.508          0.508          0.508          0.508          0.508          0.639          0.639          0.639          0.639          0.639
     09/12/2009          0.000          0.000          0.505          0.506          0.510          0.511          0.515          0.508          0.508          0.508          0.508          0.508          0.639          0.639          0.639          0.639          0.639
     10/12/2009          0.000          0.000          0.505          0.506          0.510          0.511          0.515          0.508          0.508          0.508          0.508          0.508          0.639          0.639          0.639          0.639          0.639
     11/12/2009          0.000          0.000          0.505          0.506          0.510          0.511          0.515          0.508          0.508          0.508          0.508          0.508          0.639          0.639          0.639          0.639          0.639
     12/12/2009          0.000          0.000          0.505          0.506          0.510          0.511          0.515          0.508          0.508          0.508          0.508          0.508          0.639          0.639          0.639          0.639          0.639
     13/12/2009          0.000          0.000          0.505          0.506          0.510          0.511          0.515          0.508          0.508          0.508          0.508          0.508          0.639          0.639          0.639          0.639          0.639
     14/12/2009          0.000          0.000          0.505          0.506          0.510          0.511          0.515          0.508          0.508          0.508          0.508          0.508          0.639          0.639          0.639          0.639          0.639
     15/12/2009          0.000          0.000          0.505          0.505          0.510          0.511          0.514          0.508          0.508          0.508          0.508          0.508          0.639          0.639          0.639          0.639          0.639
     16/12/2009          0.000          0.000          0.504          0.505          0.510          0.510          0.514          0.508          0.508          0.508          0.508          0.508          0.639          0.639          0.639          0.639          0.639
     17/12/2009          0.000          0.000          0.504          0.505          0.510          0.510          0.514          0.508          0.508          0.508          0.508          0.508          0.639          0.639          0.639          0.639          0.639
     18/12/2009          0.000          0.000          0.504          0.505          0.509          0.510          0.514          0.508          0.508          0.508          0.508          0.508          0.639          0.639          0.639          0.639          0.639
     19/12/2009          0.000          0.000          0.504          0.505          0.509          0.510          0.514          0.508          0.508          0.508          0.508          0.508          0.639          0.639          0.639          0.639          0.639
     20/12/2009          0.000          0.000          0.504          0.505          0.509          0.510          0.514          0.508          0.508          0.508          0.508          0.508          0.639          0.639          0.639          0.639          0.639
     21/12/2009          0.000          0.000          0.504          0.505          0.509          0.510          0.514          0.508          0.508          0.508          0.508          0.508          0.639          0.639          0.639          0.639          0.639
     22/12/2009          0.000          0.000          0.504          0.505          0.509          0.510          0.514          0.508          0.508          0.508          0.508          0.508          0.639          0.639          0.639          0.639          0.639
     23/12/2009          0.000          0.000          0.504          0.505          0.509          0.510          0.514          0.508          0.508          0.508          0.508          0.508          0.639          0.639          0.639          0.639          0.639
     24/12/2009          0.000          0.000          0.504          0.505          0.509          0.510          0.513          0.508          0.508          0.508          0.508          0.508          0.639          0.639          0.639          0.639          0.639
     25/12/2009          0.000          0.000          0.504          0.505          0.509          0.510          0.513          0.508          0.508          0.508          0.508          0.508          0.639          0.639          0.639          0.639          0.639
     26/12/2009          0.000          0.000          0.504          0.504          0.509          0.509          0.513          0.508          0.508          0.508          0.508          0.508          0.639          0.639          0.639          0.639          0.639
     27/12/2009          0.000          0.000          0.503          0.504          0.509          0.509          0.513          0.508          0.508          0.508          0.508          0.508          0.639          0.639          0.639          0.639          0.639
     28/12/2009          0.000          0.000          0.503          0.504          0.509          0.509          0.513          0.508          0.508          0.508          0.508          0.508          0.639          0.639          0.639          0.639          0.639
     29/12/2009          0.000          0.000          0.503          0.504          0.508          0.509          0.513          0.508          0.508          0.508          0.508          0.508          0.639          0.639          0.639          0.639          0.639
     30/12/2009          0.000          0.000          0.503          0.504          0.508          0.509          0.513          0.508          0.508          0.508          0.508          0.508          0.639          0.639          0.639          0.639          0.639
     31/12/2009          0.000          0.000          0.503          0.504          0.508          0.509          0.513          0.508          0.508          0.508          0.508          0.508          0.639          0.639          0.639          0.639          0.639
     01/01/2010          0.000          0.000          0.503          0.504          0.508          0.509          0.513          0.508          0.508          0.508          0.508          0.508          0.639          0.639          0.639          0.639          0.639
     02/01/2010          0.000          0.000          0.503          0.504          0.508          0.509          0.513          0.508          0.508          0.508          0.508          0.508          0.639          0.639          0.639          0.639          0.639
     03/01/2010          0.000          0.000          0.503          0.504          0.508          0.509          0.512          0.508          0.508          0.508          0.508          0.508          0.639          0.639          0.639          0.639          0.639
     04/01/2010          0.000          0.000          0.503          0.504          0.508          0.509          0.512          0.508          0.508          0.508          0.508          0.508          0.639          0.639          0.639          0.639          0.639
     05/01/2010          0.000          0.000          0.503          0.504          0.508          0.509          0.512          0.508          0.508          0.508          0.508          0.508          0.639          0.639          0.639          0.639          0.639
     06/01/2010          0.000          0.000          0.503          0.503          0.508          0.508          0.512          0.508          0.508          0.508          0.508          0.508          0.639          0.639          0.639          0.639          0.639
     07/01/2010          0.000          0.000          0.502          0.503          0.508          0.508          0.512          0.508          0.508          0.508          0.508          0.508          0.639          0.639          0.639          0.639          0.639
     08/01/2010          0.000          0.000          0.502          0.503          0.507          0.508          0.512          0.508          0.508          0.508          0.508          0.508          0.639          0.639          0.639          0.639          0.639
     09/01/2010          0.000          0.000          0.502          0.503          0.507          0.508          0.512          0.508          0.508          0.508          0.508          0.508          0.639          0.639          0.639          0.639          0.639
     10/01/2010          0.000          0.000          0.502          0.503          0.507          0.508          0.512          0.508          0.508          0.508          0.508          0.508          0.639          0.639          0.639          0.639          0.639
     11/01/2010          0.000          0.000          0.502          0.503          0.507          0.508          0.512          0.508          0.508          0.508          0.508          0.508          0.639          0.639          0.639          0.639          0.639
     12/01/2010          0.000          0.000          0.502          0.503          0.507          0.508          0.512          0.508          0.508          0.508          0.508          0.508          0.639          0.639          0.639          0.639          0.639
     13/01/2010          0.000          0.000          0.502          0.503          0.507          0.508          0.511          0.508          0.508          0.508          0.508          0.508          0.639          0.639          0.639          0.639          0.639
     14/01/2010          0.000          0.000          0.502          0.503          0.507          0.508          0.511          0.508          0.508          0.508          0.508          0.508          0.639          0.639          0.639          0.639          0.639
     15/01/2010          0.000          0.000          0.502          0.503          0.507          0.508          0.511          0.508          0.508          0.508          0.508          0.508          0.639          0.639          0.639          0.639          0.639
     16/01/2010          0.000          0.000          0.502          0.503          0.507          0.508          0.511          0.508          0.508          0.508          0.508          0.508          0.639          0.639          0.639          0.639          0.639
     17/01/2010          0.000          0.000          0.502          0.503          0.507          0.507          0.511          0.508          0.508          0.508          0.508          0.508          0.639          0.639          0.639          0.639          0.639
     18/01/2010          0.000          0.000          0.502          0.502          0.507          0.507          0.511          0.508          0.508          0.508          0.508          0.508          0.639          0.639          0.639          0.639          0.639
     19/01/2010          0.000          0.000          0.502          0.502          0.507          0.507          0.511          0.508          0.508          0.508          0.508          0.508          0.639          0.639          0.639          0.639          0.639
     20/01/2010          0.000          0.000          0.501          0.502          0.506          0.507          0.511          0.508          0.508          0.508          0.508          0.508          0.639          0.639          0.639          0.639          0.639
     21/01/2010          0.000          0.000          0.501          0.502          0.506          0.507          0.511          0.508          0.508          0.508          0.508          0.508          0.639          0.639          0.639          0.639          0.639
     22/01/2010          0.000          0.000          0.501          0.502          0.506          0.507          0.511          0.508          0.508          0.508          0.508          0.508          0.639          0.639          0.639          0.639          0.639
     23/01/2010          0.000          0.000          0.501          0.502          0.506          0.507          0.511          0.508          0.508          0.508          0.508          0.508          0.639          0.639          0.639          0.639          0.639
     24/01/2010          0.000          0.000          0.501          0.502          0.506          0.507          0.510          0.508          0.508          0.508          0.508          0.508          0.639          0.639          0.639          0.639          0.639
     25/01/2010          0.000          0.000          0.501          0.502          0.506          0.507          0.510          0.508          0.508          0.508          0.508          0.508          0.639          0.639          0.639          0.639          0.639
     26/01/2010          0.000          0.000          0.501          0.502          0.506          0.507          0.510          0.508          0.508          0.508          0.508          0.508          0.639          0.639          0.639          0.639          0.639
     27/01/2010          0.000          0.000          0.501          0.502          0.506          0.507          0.510          0.508          0.508          0.508          0.508          0.508          0.639          0.639          0.639          0.639          0.639
     28/01/2010          0.000          0.000          0.501          0.502          0.506          0.507          0.510          0.508          0.508          0.508          0.508          0.508          0.639          0.639          0.639          0.639          0.639
     29/01/2010          0.000          0.000          0.501          0.502          0.506          0.506          0.510          0.508          0.508          0.508          0.508          0.508          0.639          0.639          0.639          0.639          0.639
     30/01/2010          0.000          0.000          0.501          0.502          0.506          0.506          0.510          0.508          0.508          0.508          0.508          0.508          0.639          0.639          0.639          0.639          0.639
     31/01/2010          0.000          0.000          0.501          0.501          0.506          0.506          0.510          0.508          0.508          0.508          0.508          0.508          0.639          0.639          0.639          0.639          0.639
     01/02/2010          0.000          0.000          0.501          0.501          0.505          0.506          0.510          0.508          0.508          0.508          0.508          0.508          0.639          0.639          0.639          0.639          0.639
     02/02/2010          0.000          0.000          0.500          0.501          0.505          0.506          0.510          0.508          0.508          0.508          0.508          0.508          0.639          0.639          0.639          0.639          0.639
     03/02/2010          0.000          0.000          0.500          0.501          0.505          0.506          0.510          0.508          0.508          0.508          0.508          0.508          0.639          0.639          0.639          0.639          0.639
     04/02/2010          0.000          0.000          0.500          0.501          0.505          0.506          0.510          0.508          0.508          0.508          0.508          0.508          0.639          0.639          0.639          0.639          0.639
     05/02/2010          0.000          0.000          0.500          0.501          0.505          0.506          0.509          0.508          0.508          0.508          0.508          0.508          0.639          0.639          0.639          0.639          0.639
     06/02/2010          0.000          0.000          0.500          0.501          0.505          0.506          0.509          0.508          0.508          0.508          0.508          0.508          0.639          0.639          0.639          0.639          0.639
     07/02/2010          0.000          0.000          0.500          0.501          0.505          0.506          0.509          0.508          0.508          0.508          0.508          0.508          0.639          0.639          0.639          0.639          0.639
     08/02/2010          0.000          0.000          0.500          0.501          0.505          0.506          0.509          0.508          0.508          0.508          0.508          0.508          0.639          0.639          0.639          0.639          0.639
     09/02/2010          0.000          0.000          0.500          0.501          0.505          0.506          0.509          0.508          0.508          0.508          0.508          0.508          0.639          0.639          0.639          0.639          0.639
     10/02/2010          0.000          0.000          0.500          0.501          0.505          0.506          0.509          0.508          0.508          0.508          0.508          0.508          0.639          0.639          0.639          0.639          0.639
     11/02/2010          0.000          0.000          0.500          0.501          0.505          0.505          0.509          0.508          0.508          0.508          0.508          0.508          0.639          0.639          0.639          0.639          0.639
     12/02/2010          0.000          0.000          0.500          0.501          0.505          0.505          0.509          0.508          0.508          0.508          0.508          0.508          0.639          0.639          0.639          0.639          0.639
     13/02/2010          0.000          0.000          0.500          0.500          0.505          0.505          0.509          0.508          0.508          0.508          0.508          0.508          0.639          0.639          0.639          0.639          0.639
     14/02/2010          0.000          0.000          0.500          0.500          0.504          0.505          0.509          0.508          0.508          0.508          0.508          0.508          0.639          0.639          0.639          0.639          0.639
     15/02/2010          0.000          0.000          0.499          0.500          0.504          0.505          0.509          0.508          0.508          0.508          0.508          0.508          0.639          0.639          0.639          0.639          0.639
     16/02/2010          0.000          0.000          0.499          0.500          0.504          0.505          0.509          0.508          0.508          0.508          0.508          0.508          0.639          0.639          0.639          0.639          0.639
     17/02/2010          0.000          0.000          0.499          0.500          0.504          0.505          0.508          0.508          0.508          0.508          0.508          0.508          0.639          0.639          0.639          0.639          0.639
     18/02/2010          0.000          0.000          0.499          0.500          0.504          0.505          0.508          0.508          0.508          0.508          0.508          0.508          0.639          0.639          0.639          0.639          0.639
     19/02/2010          0.000          0.000          0.499          0.500          0.504          0.505          0.508          0.508          0.508          0.508          0.508          0.508          0.639          0.639          0.639          0.639          0.639
     20/02/2010          0.000          0.000          0.499          0.500          0.504          0.505          0.508          0.508          0.508          0.508          0.508          0.508          0.639          0.639          0.639          0.639          0.639
     21/02/2010          0.000          0.000          0.499          0.500          0.504          0.505          0.508          0.508          0.508          0.508          0.508          0.508          0.639          0.639          0.639          0.639          0.639
     22/02/2010          0.000          0.000          0.499          0.500          0.504          0.505          0.508          0.508          0.508          0.508          0.508          0.508          0.639          0.639          0.639          0.639          0.639
     23/02/2010          0.000          0.000          0.499          0.500          0.504          0.505          0.508          0.508          0.508          0.508          0.508          0.508          0.639          0.639          0.639          0.639          0.639
     24/02/2010          0.000          0.000          0.499          0.500          0.504          0.504          0.508          0.508          0.508          0.508          0.508          0.508          0.639          0.639          0.639          0.639          0.639
     25/02/2010          0.000          0.000          0.499          0.500          0.504          0.504          0.508          0.508          0.508          0.508          0.508          0.508          0.639          0.639          0.639          0.639          0.639
     26/02/2010          0.000          0.000          0.499          0.500          0.504          0.504          0.508          0.508          0.508          0.508          0.508          0.508          0.639          0.639          0.639          0.639          0.639
     27/02/2010          0.000          0.000          0.499          0.499          0.503          0.504          0.508          0.508          0.508          0.508          0.508          0.508          0.639          0.639          0.639          0.639          0.639
     28/02/2010          0.000          0.000          0.499          0.499          0.503          0.504          0.508          0.508          0.508          0.508          0.508          0.508          0.639          0.639          0.639          0.639          0.639
     01/03/2010          0.000          0.000          0.499          0.499          0.503          0.504          0.508          0.508          0.508          0.508          0.508          0.508          0.639          0.639          0.639          0.639          0.639
     02/03/2010          0.000          0.000          0.498          0.499          0.503          0.504          0.507          0.508          0.508          0.508          0.508          0.508          0.639          0.639          0.639          0.639          0.639
     03/03/2010          0.000          0.000          0.498          0.499          0.503          0.504          0.507          0.508          0.508          0.508          0.508          0.508          0.639          0.639          0.639          0.639          0.639
     04/03/2010          0.000          0.000          0.498          0.499          0.503          0.504          0.507          0.508          0.508          0.508          0.508          0.508          0.639          0.639          0.639          0.639          0.639
     05/03/2010          0.000          0.000          0.498          0.499          0.503          0.504          0.507          0.508          0.508          0.508          0.508          0.508          0.639          0.639          0.639          0.639          0.639
     06/03/2010          0.000          0.000          0.498          0.499          0.503          0.504          0.507          0.508          0.508          0.508          0.508          0.508          0.639          0.639          0.639          0.639          0.639
     07/03/2010          0.000          0.000          0.498          0.499          0.503          0.504          0.507          0.508          0.508          0.508          0.508          0.508          0.639          0.639          0.639          0.639          0.639
     08/03/2010          0.000          0.000          0.498          0.499          0.503          0.504          0.507          0.508          0.508          0.508          0.508          0.508          0.639          0.639          0.639          0.639          0.639
     09/03/2010          0.000          0.000          0.498          0.499          0.503          0.504          0.507          0.508          0.508          0.508          0.508          0.508          0.639          0.639          0.639          0.639          0.639
     10/03/2010          0.000          0.000          0.498          0.499          0.503          0.503          0.507          0.508          0.508          0.508          0.508          0.508          0.639          0.639          0.639          0.639          0.639
     11/03/2010          0.000          0.000          0.498          0.499          0.503          0.503          0.507          0.508          0.508          0.508          0.508          0.508          0.639          0.639          0.639          0.639          0.639
     12/03/2010          0.000          0.000          0.498          0.499          0.503          0.503          0.507          0.508          0.508          0.508          0.508          0.508          0.639          0.639          0.639          0.639          0.639
     13/03/2010          0.000          0.000          0.498          0.499          0.503          0.503          0.507          0.508          0.508          0.508          0.508          0.508          0.639          0.639          0.639          0.639          0.639
     14/03/2010          0.000          0.000          0.498          0.498          0.502          0.503          0.507          0.508          0.508          0.508          0.508          0.508          0.639          0.639          0.639          0.639          0.639
     15/03/2010          0.000          0.000          0.498          0.498          0.502          0.503          0.507          0.508          0.508          0.508          0.508          0.508          0.639          0.639          0.639          0.639          0.639
     16/03/2010          0.000          0.000          0.498          0.498          0.502          0.503          0.506          0.508          0.508          0.508          0.508          0.508          0.639          0.639          0.639          0.639          0.639
     17/03/2010          0.000          0.000          0.497          0.498          0.502          0.503          0.506          0.508          0.508          0.508          0.508          0.508          0.639          0.639          0.639          0.639          0.639
     18/03/2010          0.000          0.000          0.497          0.498          0.502          0.503          0.506          0.508          0.508          0.508          0.508          0.508          0.639          0.639          0.639          0.639          0.639
     19/03/2010          0.000          0.000          0.497          0.498          0.502          0.503          0.506          0.508          0.508          0.508          0.508          0.508          0.639          0.639          0.639          0.639          0.639
     20/03/2010          0.000          0.000          0.497          0.498          0.502          0.503          0.506          0.508          0.508          0.508          0.508          0.508          0.639          0.639          0.639          0.639          0.639
     21/03/2010          0.000          0.000          0.497          0.498          0.502          0.503          0.506          0.508          0.508          0.508          0.508          0.508          0.639          0.639          0.639          0.639          0.639
     22/03/2010          0.000          0.000          0.497          0.498          0.502          0.503          0.506          0.508          0.508          0.508          0.508          0.508          0.639          0.639          0.639          0.639          0.639
     23/03/2010          0.000          0.000          0.497          0.498          0.502          0.503          0.506          0.508          0.508          0.508          0.508          0.508          0.639          0.639          0.639          0.639          0.639
     24/03/2010          0.000          0.000          0.497          0.498          0.502          0.502          0.506          0.508          0.508          0.508          0.508          0.508          0.639          0.639          0.639          0.639          0.639
     25/03/2010          0.000          0.000          0.497          0.498          0.502          0.502          0.506          0.508          0.508          0.508          0.508          0.508          0.639          0.639          0.639          0.639          0.639
     26/03/2010          0.000          0.000          0.497          0.498          0.502          0.502          0.506          0.508          0.508          0.508          0.508          0.508          0.639          0.639          0.639          0.639          0.639
     27/03/2010          0.000          0.000          0.497          0.498          0.502          0.502          0.506          0.508          0.508          0.508          0.508          0.508          0.639          0.639          0.639          0.639          0.639
     28/03/2010          0.000          0.000          0.497          0.498          0.501          0.502          0.506          0.508          0.508          0.508          0.508          0.508          0.639          0.639          0.639          0.639          0.639
     29/03/2010          0.000          0.000          0.497          0.498          0.501          0.502          0.506          0.508          0.508          0.508          0.508          0.508          0.639          0.639          0.639          0.639          0.639
     30/03/2010          0.000          0.000          0.497          0.497          0.501          0.502          0.505          0.508          0.508          0.508          0.508          0.508          0.639          0.639          0.639          0.639          0.639
     31/03/2010          0.000          0.000          0.497          0.497          0.501          0.502          0.505          0.508          0.508          0.508          0.508          0.508          0.639          0.639          0.639          0.639          0.639
     01/04/2010          0.000          0.000          0.497          0.497          0.501          0.502          0.505          0.508          0.508          0.508          0.508          0.508          0.639          0.639          0.639          0.639          0.639
     02/04/2010          0.000          0.000          0.496          0.497          0.501          0.502          0.505          0.508          0.508          0.508          0.508          0.508          0.639          0.639          0.639          0.639          0.639
     03/04/2010          0.000          0.000          0.496          0.497          0.501          0.502          0.505          0.508          0.508          0.508          0.508          0.508          0.639          0.639          0.639          0.639          0.639
     04/04/2010          0.000          0.000          0.496          0.497          0.501          0.502          0.505          0.508          0.508          0.508          0.508          0.508          0.639          0.639          0.639          0.639          0.639
     05/04/2010          0.000          0.000          0.496          0.497          0.501          0.502          0.505          0.508          0.508          0.508          0.508          0.508          0.639          0.639          0.639          0.639          0.639
     06/04/2010          0.000          0.000          0.496          0.497          0.501          0.502          0.505          0.508          0.508          0.508          0.508          0.508          0.639          0.639          0.639          0.639          0.639
     07/04/2010          0.000          0.000          0.496          0.497          0.501          0.502          0.505          0.508          0.508          0.508          0.508          0.508          0.639          0.639          0.639          0.639          0.639
     08/04/2010          0.000          0.000          0.496          0.497          0.501          0.501          0.505          0.508          0.508          0.508          0.508          0.508          0.639          0.639          0.639          0.639          0.639
     09/04/2010          0.000          0.000          0.496          0.497          0.501          0.501          0.505          0.508          0.508          0.508          0.508          0.508          0.639          0.639          0.639          0.639          0.639
     10/04/2010          0.000          0.000          0.496          0.497          0.501          0.501          0.505          0.508          0.508          0.508          0.508          0.508          0.639          0.639          0.639          0.639          0.639
     11/04/2010          0.000          0.000          0.496          0.497          0.501          0.501          0.505          0.508          0.508          0.508          0.508          0.508          0.639          0.639          0.639          0.639          0.639
     12/04/2010          0.000          0.000          0.496          0.497          0.501          0.501          0.505          0.508          0.508          0.508          0.508          0.508          0.639          0.639          0.639          0.639          0.639
     13/04/2010          0.000          0.000          0.496          0.497          0.500          0.501          0.505          0.508          0.508          0.508          0.508          0.508          0.639          0.639          0.639          0.639          0.639
     14/04/2010          0.000          0.000          0.496          0.497          0.500          0.501          0.504          0.508          0.508          0.508          0.508          0.508          0.639          0.639          0.639          0.639          0.639
     15/04/2010          0.000          0.000          0.496          0.497          0.500          0.501          0.504          0.508          0.508          0.508          0.508          0.508          0.639          0.639          0.639          0.639          0.639
     16/04/2010          0.000          0.000          0.496          0.496          0.500          0.501          0.504          0.508          0.508          0.508          0.508          0.508          0.639          0.639          0.639          0.639          0.639
     17/04/2010          0.000          0.000          0.496          0.496          0.500          0.501          0.504          0.508          0.508          0.508          0.508          0.508          0.639          0.639          0.639          0.639          0.639
     18/04/2010          0.000          0.000          0.496          0.496          0.500          0.501          0.504          0.508          0.508          0.508          0.508          0.508          0.639          0.639          0.639          0.639          0.639
     19/04/2010          0.000          0.000          0.496          0.496          0.500          0.501          0.504          0.508          0.508          0.508          0.508          0.508          0.639          0.639          0.639          0.639          0.639
     20/04/2010          0.000          0.000          0.495          0.496          0.500          0.501          0.504          0.508          0.508          0.508          0.508          0.508          0.639          0.639          0.639          0.639          0.639
     21/04/2010          0.000          0.000          0.495          0.496          0.500          0.501          0.504          0.508          0.508          0.508          0.508          0.508          0.639          0.639          0.639          0.639          0.639
     22/04/2010          0.000          0.000          0.495          0.496          0.500          0.501          0.504          0.508          0.508          0.508          0.508          0.508          0.639          0.639          0.639          0.639          0.639
     23/04/2010          0.000          0.000          0.495          0.496          0.500          0.501          0.504          0.508          0.508          0.508          0.508          0.508          0.639          0.639          0.639          0.639          0.639
     24/04/2010          0.000          0.000          0.495          0.496          0.500          0.500          0.504          0.508          0.508          0.508          0.508          0.508          0.639          0.639          0.639          0.639          0.639
     25/04/2010          0.000          0.000          0.495          0.496          0.500          0.500          0.504          0.508          0.508          0.508          0.508          0.508          0.639          0.639          0.639          0.639          0.639
     26/04/2010          0.000          0.000          0.495          0.496          0.500          0.500          0.504          0.508          0.508          0.508          0.508          0.508          0.639          0.639          0.639          0.639          0.639
     27/04/2010          0.000          0.000          0.495          0.496          0.500          0.500          0.504          0.508          0.508          0.508          0.508          0.508          0.639          0.639          0.639          0.639          0.639
     28/04/2010          0.000          0.000          0.495          0.496          0.500          0.500          0.504          0.508          0.508          0.508          0.508          0.508          0.639          0.639          0.639          0.639          0.639
     29/04/2010          0.000          0.000          0.495          0.496          0.500          0.500          0.503          0.508          0.508          0.508          0.508          0.508          0.639          0.639          0.639          0.639          0.639
     30/04/2010          0.000          0.000          0.495          0.496          0.499          0.500          0.503          0.508          0.508          0.508          0.508          0.508          0.639          0.639          0.639          0.639          0.639
     01/05/2010          0.000          0.000          0.495          0.496          0.499          0.500          0.503          0.508          0.508          0.508          0.508          0.508          0.639          0.639          0.639          0.639          0.639
     02/05/2010          0.000          0.000          0.495          0.496          0.499          0.500          0.503          0.508          0.508          0.508          0.508          0.508          0.639          0.639          0.639          0.639          0.639
     03/05/2010          0.000          0.000          0.495          0.496          0.499          0.500          0.503          0.508          0.508          0.508          0.508          0.508          0.639          0.639          0.639          0.639          0.639
     04/05/2010          0.000          0.000          0.495          0.495          0.499          0.500          0.503          0.508          0.508          0.508          0.508          0.508          0.639          0.639          0.639          0.639          0.639
     05/05/2010          0.000          0.000          0.495          0.495          0.499          0.500          0.503          0.508          0.508          0.508          0.508          0.508          0.639          0.639          0.639          0.639          0.639
     06/05/2010          0.000          0.000          0.495          0.495          0.499          0.500          0.503          0.508          0.508          0.508          0.508          0.508          0.639          0.639          0.639          0.639          0.639
     07/05/2010          0.000          0.000          0.495          0.495          0.499          0.500          0.503          0.508          0.508          0.508          0.508          0.508          0.639          0.639          0.639          0.639          0.639
     08/05/2010          0.000          0.000          0.494          0.495          0.499          0.500          0.503          0.508          0.508          0.508          0.508          0.508          0.639          0.639          0.639          0.639          0.639
     09/05/2010          0.000          0.000          0.494          0.495          0.499          0.500          0.503          0.508          0.508          0.508          0.508          0.508          0.639          0.639          0.639          0.639          0.639
     10/05/2010          0.000          0.000          0.494          0.495          0.499          0.500          0.503          0.508          0.508          0.508          0.508          0.508          0.639          0.639          0.639          0.639          0.639
     11/05/2010          0.000          0.000          0.494          0.495          0.499          0.499          0.503          0.508          0.508          0.508          0.508          0.508          0.639          0.639          0.639          0.639          0.639
     12/05/2010          0.000          0.000          0.494          0.495          0.499          0.499          0.503          0.508          0.508          0.508          0.508          0.508          0.639          0.639          0.639          0.639          0.639
     13/05/2010          0.000          0.000          0.494          0.495          0.499          0.499          0.503          0.508          0.508          0.508          0.508          0.508          0.639          0.639          0.639          0.639          0.639
     14/05/2010          0.000          0.000          0.494          0.495          0.499          0.499          0.503          0.508          0.508          0.508          0.508          0.508          0.639          0.639          0.639          0.639          0.639
     15/05/2010          0.000          0.000          0.494          0.495          0.499          0.499          0.503          0.508          0.508          0.508          0.508          0.508          0.639          0.639          0.639          0.639          0.639
     16/05/2010          0.000          0.000          0.494          0.495          0.499          0.499          0.502          0.508          0.508          0.508          0.508          0.508          0.639          0.639          0.639          0.639          0.639
     17/05/2010          0.000          0.000          0.494          0.495          0.498          0.499          0.502          0.508          0.508          0.508          0.508          0.508          0.639          0.639          0.639          0.639          0.639
     18/05/2010          0.000          0.000          0.494          0.495          0.498          0.499          0.502          0.508          0.508          0.508          0.508          0.508          0.639          0.639          0.639          0.639          0.639
     19/05/2010          0.000          0.000          0.494          0.495          0.498          0.499          0.502          0.508          0.508          0.508          0.508          0.508          0.639          0.639          0.639          0.639          0.639
     20/05/2010          0.000          0.000          0.494          0.495          0.498          0.499          0.502          0.508          0.508          0.508          0.508          0.508          0.639          0.639          0.639          0.639          0.639
     21/05/2010          0.000          0.000          0.494          0.495          0.498          0.499          0.502          0.508          0.508          0.508          0.508          0.508          0.639          0.639          0.639          0.639          0.639
     22/05/2010          0.000          0.000          0.494          0.494          0.498          0.499          0.502          0.508          0.508          0.508          0.508          0.508          0.639          0.639          0.639          0.639          0.639
     23/05/2010          0.000          0.000          0.494          0.494          0.498          0.499          0.502          0.508          0.508          0.508          0.508          0.508          0.639          0.639          0.639          0.639          0.639
     24/05/2010          0.000          0.000          0.494          0.494          0.498          0.499          0.502          0.508          0.508          0.508          0.508          0.508          0.639          0.639          0.639          0.639          0.639
     25/05/2010          0.000          0.000          0.494          0.494          0.498          0.499          0.502          0.508          0.508          0.508          0.508          0.508          0.639          0.639          0.639          0.639          0.639
     26/05/2010          0.000          0.000          0.494          0.494          0.498          0.499          0.502          0.508          0.508          0.508          0.508          0.508          0.639          0.639          0.639          0.639          0.639
     27/05/2010          0.000          0.000          0.493          0.494          0.498          0.499          0.502          0.508          0.508          0.508          0.508          0.508          0.639          0.639          0.639          0.639          0.639
     28/05/2010          0.000          0.000          0.493          0.494          0.498          0.499          0.502          0.508          0.508          0.508          0.508          0.508          0.639          0.639          0.639          0.639          0.639
     29/05/2010          0.000          0.000          0.493          0.494          0.498          0.498          0.502          0.508          0.508          0.508          0.508          0.508          0.639          0.639          0.639          0.639          0.639
     30/05/2010          0.000          0.000          0.493          0.494          0.498          0.498          0.502          0.508          0.508          0.508          0.508          0.508          0.639          0.639          0.639          0.639          0.639
