ApsimVersion = 7.7
Title = swcon_TeToka81
           Date           rain             es    sw(6-10)(1)    sw(6-10)(2)    sw(6-10)(3)    sw(6-10)(4)    sw(6-10)(5)   dul(6-10)(1)   dul(6-10)(2)   dul(6-10)(3)   dul(6-10)(4)   dul(6-10)(5)   sat(6-10)(1)   sat(6-10)(2)   sat(6-10)(3)   sat(6-10)(4)   sat(6-10)(5)
   (dd/mm/yyyy)           (mm)           (mm)    (cm^3/cm^3)    (cm^3/cm^3)    (cm^3/cm^3)    (cm^3/cm^3)    (cm^3/cm^3)    (cm^3/cm^3)    (cm^3/cm^3)    (cm^3/cm^3)    (cm^3/cm^3)    (cm^3/cm^3)    (cm^3/cm^3)    (cm^3/cm^3)    (cm^3/cm^3)    (cm^3/cm^3)    (cm^3/cm^3)
     01/06/2009          0.000          0.584          0.437          0.437          0.437          0.437          0.437          0.437          0.437          0.437          0.437          0.437          0.605          0.605          0.605          0.605          0.605
     02/06/2009       3000.000          0.000          0.539          0.512          0.447          0.438          0.437          0.437          0.437          0.437          0.437          0.437          0.605          0.605          0.605          0.605          0.605
     03/06/2009       3000.000          0.000          0.554          0.554          0.553          0.553          0.514          0.437          0.437          0.437          0.437          0.437          0.605          0.605          0.605          0.605          0.605
     04/06/2009       3000.000          0.000          0.554          0.554          0.554          0.554          0.554          0.437          0.437          0.437          0.437          0.437          0.605          0.605          0.605          0.605          0.605
     05/06/2009       3000.000          0.000          0.554          0.554          0.554          0.554          0.554          0.437          0.437          0.437          0.437          0.437          0.605          0.605          0.605          0.605          0.605
     06/06/2009       3000.000          0.000          0.554          0.554          0.554          0.554          0.554          0.437          0.437          0.437          0.437          0.437          0.605          0.605          0.605          0.605          0.605
     07/06/2009       3000.000          0.000          0.554          0.554          0.554          0.554          0.554          0.437          0.437          0.437          0.437          0.437          0.605          0.605          0.605          0.605          0.605
     08/06/2009       3000.000          0.000          0.554          0.554          0.554          0.554          0.554          0.437          0.437          0.437          0.437          0.437          0.605          0.605          0.605          0.605          0.605
     09/06/2009       3000.000          0.000          0.554          0.554          0.554          0.554          0.554          0.437          0.437          0.437          0.437          0.437          0.605          0.605          0.605          0.605          0.605
     10/06/2009       3000.000          0.000          0.554          0.554          0.554          0.554          0.554          0.437          0.437          0.437          0.437          0.437          0.605          0.605          0.605          0.605          0.605
     11/06/2009       3000.000          0.000          0.554          0.554          0.554          0.554          0.554          0.437          0.437          0.437          0.437          0.437          0.605          0.605          0.605          0.605          0.605
     12/06/2009       3000.000          0.000          0.554          0.554          0.554          0.554          0.554          0.437          0.437          0.437          0.437          0.437          0.605          0.605          0.605          0.605          0.605
     13/06/2009       3000.000          0.000          0.554          0.554          0.554          0.554          0.554          0.437          0.437          0.437          0.437          0.437          0.605          0.605          0.605          0.605          0.605
     14/06/2009       3000.000          0.000          0.554          0.554          0.554          0.554          0.554          0.437          0.437          0.437          0.437          0.437          0.605          0.605          0.605          0.605          0.605
     15/06/2009       3000.000          0.000          0.554          0.554          0.554          0.554          0.554          0.437          0.437          0.437          0.437          0.437          0.605          0.605          0.605          0.605          0.605
     16/06/2009          0.000          0.000          0.525          0.528          0.532          0.534          0.536          0.437          0.437          0.437          0.437          0.437          0.605          0.605          0.605          0.605          0.605
     17/06/2009          0.000          0.000          0.514          0.517          0.522          0.523          0.527          0.437          0.437          0.437          0.437          0.437          0.605          0.605          0.605          0.605          0.605
     18/06/2009          0.000          0.000          0.507          0.510          0.515          0.517          0.520          0.437          0.437          0.437          0.437          0.437          0.605          0.605          0.605          0.605          0.605
     19/06/2009          0.000          0.000          0.503          0.505          0.510          0.512          0.516          0.437          0.437          0.437          0.437          0.437          0.605          0.605          0.605          0.605          0.605
     20/06/2009          0.000          0.000          0.499          0.501          0.507          0.508          0.512          0.437          0.437          0.437          0.437          0.437          0.605          0.605          0.605          0.605          0.605
     21/06/2009          0.000          0.000          0.495          0.497          0.503          0.505          0.509          0.437          0.437          0.437          0.437          0.437          0.605          0.605          0.605          0.605          0.605
     22/06/2009          0.000          0.000          0.492          0.494          0.501          0.502          0.506          0.437          0.437          0.437          0.437          0.437          0.605          0.605          0.605          0.605          0.605
     23/06/2009          0.000          0.000          0.490          0.492          0.498          0.500          0.504          0.437          0.437          0.437          0.437          0.437          0.605          0.605          0.605          0.605          0.605
     24/06/2009          0.000          0.000          0.488          0.489          0.496          0.497          0.502          0.437          0.437          0.437          0.437          0.437          0.605          0.605          0.605          0.605          0.605
     25/06/2009          0.000          0.000          0.486          0.487          0.494          0.495          0.500          0.437          0.437          0.437          0.437          0.437          0.605          0.605          0.605          0.605          0.605
     26/06/2009          0.000          0.000          0.484          0.485          0.492          0.493          0.498          0.437          0.437          0.437          0.437          0.437          0.605          0.605          0.605          0.605          0.605
     27/06/2009          0.000          0.000          0.482          0.484          0.491          0.492          0.496          0.437          0.437          0.437          0.437          0.437          0.605          0.605          0.605          0.605          0.605
     28/06/2009          0.000          0.000          0.480          0.482          0.489          0.490          0.495          0.437          0.437          0.437          0.437          0.437          0.605          0.605          0.605          0.605          0.605
     29/06/2009          0.000          0.000          0.479          0.481          0.487          0.489          0.494          0.437          0.437          0.437          0.437          0.437          0.605          0.605          0.605          0.605          0.605
     30/06/2009          0.000          0.000          0.477          0.479          0.486          0.487          0.492          0.437          0.437          0.437          0.437          0.437          0.605          0.605          0.605          0.605          0.605
     01/07/2009          0.000          0.000          0.476          0.478          0.485          0.486          0.491          0.437          0.437          0.437          0.437          0.437          0.605          0.605          0.605          0.605          0.605
     02/07/2009          0.000          0.000          0.475          0.477          0.483          0.485          0.490          0.437          0.437          0.437          0.437          0.437          0.605          0.605          0.605          0.605          0.605
     03/07/2009          0.000          0.000          0.474          0.475          0.482          0.483          0.488          0.437          0.437          0.437          0.437          0.437          0.605          0.605          0.605          0.605          0.605
     04/07/2009          0.000          0.000          0.473          0.474          0.481          0.482          0.487          0.437          0.437          0.437          0.437          0.437          0.605          0.605          0.605          0.605          0.605
     05/07/2009          0.000          0.000          0.472          0.473          0.480          0.481          0.486          0.437          0.437          0.437          0.437          0.437          0.605          0.605          0.605          0.605          0.605
     06/07/2009          0.000          0.000          0.471          0.472          0.479          0.480          0.485          0.437          0.437          0.437          0.437          0.437          0.605          0.605          0.605          0.605          0.605
     07/07/2009          0.000          0.000          0.470          0.471          0.478          0.479          0.484          0.437          0.437          0.437          0.437          0.437          0.605          0.605          0.605          0.605          0.605
     08/07/2009          0.000          0.000          0.469          0.470          0.477          0.478          0.483          0.437          0.437          0.437          0.437          0.437          0.605          0.605          0.605          0.605          0.605
     09/07/2009          0.000          0.000          0.468          0.469          0.476          0.477          0.482          0.437          0.437          0.437          0.437          0.437          0.605          0.605          0.605          0.605          0.605
     10/07/2009          0.000          0.000          0.467          0.469          0.475          0.477          0.482          0.437          0.437          0.437          0.437          0.437          0.605          0.605          0.605          0.605          0.605
     11/07/2009          0.000          0.000          0.466          0.468          0.475          0.476          0.481          0.437          0.437          0.437          0.437          0.437          0.605          0.605          0.605          0.605          0.605
     12/07/2009          0.000          0.000          0.466          0.467          0.474          0.475          0.480          0.437          0.437          0.437          0.437          0.437          0.605          0.605          0.605          0.605          0.605
     13/07/2009          0.000          0.000          0.465          0.466          0.473          0.474          0.479          0.437          0.437          0.437          0.437          0.437          0.605          0.605          0.605          0.605          0.605
     14/07/2009          0.000          0.000          0.464          0.466          0.472          0.474          0.479          0.437          0.437          0.437          0.437          0.437          0.605          0.605          0.605          0.605          0.605
     15/07/2009          0.000          0.000          0.464          0.465          0.472          0.473          0.478          0.437          0.437          0.437          0.437          0.437          0.605          0.605          0.605          0.605          0.605
     16/07/2009          0.000          0.000          0.463          0.465          0.471          0.472          0.477          0.437          0.437          0.437          0.437          0.437          0.605          0.605          0.605          0.605          0.605
     17/07/2009          0.000          0.000          0.463          0.464          0.470          0.471          0.476          0.437          0.437          0.437          0.437          0.437          0.605          0.605          0.605          0.605          0.605
     18/07/2009          0.000          0.000          0.462          0.463          0.470          0.471          0.476          0.437          0.437          0.437          0.437          0.437          0.605          0.605          0.605          0.605          0.605
     19/07/2009          0.000          0.000          0.461          0.463          0.469          0.470          0.475          0.437          0.437          0.437          0.437          0.437          0.605          0.605          0.605          0.605          0.605
     20/07/2009          0.000          0.000          0.461          0.462          0.468          0.470          0.475          0.437          0.437          0.437          0.437          0.437          0.605          0.605          0.605          0.605          0.605
     21/07/2009          0.000          0.000          0.460          0.462          0.468          0.469          0.474          0.437          0.437          0.437          0.437          0.437          0.605          0.605          0.605          0.605          0.605
     22/07/2009          0.000          0.000          0.460          0.461          0.467          0.468          0.473          0.437          0.437          0.437          0.437          0.437          0.605          0.605          0.605          0.605          0.605
     23/07/2009          0.000          0.000          0.459          0.461          0.467          0.468          0.473          0.437          0.437          0.437          0.437          0.437          0.605          0.605          0.605          0.605          0.605
     24/07/2009          0.000          0.000          0.459          0.460          0.466          0.467          0.472          0.437          0.437          0.437          0.437          0.437          0.605          0.605          0.605          0.605          0.605
     25/07/2009          0.000          0.000          0.458          0.460          0.466          0.467          0.472          0.437          0.437          0.437          0.437          0.437          0.605          0.605          0.605          0.605          0.605
     26/07/2009          0.000          0.000          0.458          0.459          0.465          0.466          0.471          0.437          0.437          0.437          0.437          0.437          0.605          0.605          0.605          0.605          0.605
     27/07/2009          0.000          0.000          0.458          0.459          0.465          0.466          0.471          0.437          0.437          0.437          0.437          0.437          0.605          0.605          0.605          0.605          0.605
     28/07/2009          0.000          0.000          0.457          0.458          0.464          0.465          0.470          0.437          0.437          0.437          0.437          0.437          0.605          0.605          0.605          0.605          0.605
     29/07/2009          0.000          0.000          0.457          0.458          0.464          0.465          0.470          0.437          0.437          0.437          0.437          0.437          0.605          0.605          0.605          0.605          0.605
     30/07/2009          0.000          0.000          0.456          0.458          0.463          0.465          0.469          0.437          0.437          0.437          0.437          0.437          0.605          0.605          0.605          0.605          0.605
     31/07/2009          0.000          0.000          0.456          0.457          0.463          0.464          0.469          0.437          0.437          0.437          0.437          0.437          0.605          0.605          0.605          0.605          0.605
     01/08/2009          0.000          0.000          0.455          0.457          0.463          0.464          0.468          0.437          0.437          0.437          0.437          0.437          0.605          0.605          0.605          0.605          0.605
     02/08/2009          0.000          0.000          0.455          0.456          0.462          0.463          0.468          0.437          0.437          0.437          0.437          0.437          0.605          0.605          0.605          0.605          0.605
     03/08/2009          0.000          0.000          0.455          0.456          0.462          0.463          0.468          0.437          0.437          0.437          0.437          0.437          0.605          0.605          0.605          0.605          0.605
     04/08/2009          0.000          0.000          0.454          0.456          0.461          0.462          0.467          0.437          0.437          0.437          0.437          0.437          0.605          0.605          0.605          0.605          0.605
     05/08/2009          0.000          0.000          0.454          0.455          0.461          0.462          0.467          0.437          0.437          0.437          0.437          0.437          0.605          0.605          0.605          0.605          0.605
     06/08/2009          0.000          0.000          0.454          0.455          0.461          0.462          0.466          0.437          0.437          0.437          0.437          0.437          0.605          0.605          0.605          0.605          0.605
     07/08/2009          0.000          0.000          0.453          0.454          0.460          0.461          0.466          0.437          0.437          0.437          0.437          0.437          0.605          0.605          0.605          0.605          0.605
     08/08/2009          0.000          0.000          0.453          0.454          0.460          0.461          0.466          0.437          0.437          0.437          0.437          0.437          0.605          0.605          0.605          0.605          0.605
     09/08/2009          0.000          0.000          0.453          0.454          0.460          0.461          0.465          0.437          0.437          0.437          0.437          0.437          0.605          0.605          0.605          0.605          0.605
     10/08/2009          0.000          0.000          0.452          0.453          0.459          0.460          0.465          0.437          0.437          0.437          0.437          0.437          0.605          0.605          0.605          0.605          0.605
     11/08/2009          0.000          0.000          0.452          0.453          0.459          0.460          0.464          0.437          0.437          0.437          0.437          0.437          0.605          0.605          0.605          0.605          0.605
     12/08/2009          0.000          0.000          0.452          0.453          0.459          0.460          0.464          0.437          0.437          0.437          0.437          0.437          0.605          0.605          0.605          0.605          0.605
     13/08/2009          0.000          0.000          0.451          0.452          0.458          0.459          0.464          0.437          0.437          0.437          0.437          0.437          0.605          0.605          0.605          0.605          0.605
     14/08/2009          0.000          0.000          0.451          0.452          0.458          0.459          0.463          0.437          0.437          0.437          0.437          0.437          0.605          0.605          0.605          0.605          0.605
     15/08/2009          0.000          0.000          0.451          0.452          0.458          0.459          0.463          0.437          0.437          0.437          0.437          0.437          0.605          0.605          0.605          0.605          0.605
     16/08/2009          0.000          0.000          0.450          0.452          0.457          0.458          0.463          0.437          0.437          0.437          0.437          0.437          0.605          0.605          0.605          0.605          0.605
     17/08/2009          0.000          0.000          0.450          0.451          0.457          0.458          0.462          0.437          0.437          0.437          0.437          0.437          0.605          0.605          0.605          0.605          0.605
     18/08/2009          0.000          0.000          0.450          0.451          0.457          0.458          0.462          0.437          0.437          0.437          0.437          0.437          0.605          0.605          0.605          0.605          0.605
     19/08/2009          0.000          0.000          0.449          0.451          0.456          0.457          0.462          0.437          0.437          0.437          0.437          0.437          0.605          0.605          0.605          0.605          0.605
     20/08/2009          0.000          0.000          0.449          0.450          0.456          0.457          0.462          0.437          0.437          0.437          0.437          0.437          0.605          0.605          0.605          0.605          0.605
     21/08/2009          0.000          0.000          0.449          0.450          0.456          0.457          0.461          0.437          0.437          0.437          0.437          0.437          0.605          0.605          0.605          0.605          0.605
     22/08/2009          0.000          0.000          0.449          0.450          0.455          0.456          0.461          0.437          0.437          0.437          0.437          0.437          0.605          0.605          0.605          0.605          0.605
     23/08/2009          0.000          0.000          0.448          0.450          0.455          0.456          0.461          0.437          0.437          0.437          0.437          0.437          0.605          0.605          0.605          0.605          0.605
     24/08/2009          0.000          0.000          0.448          0.449          0.455          0.456          0.460          0.437          0.437          0.437          0.437          0.437          0.605          0.605          0.605          0.605          0.605
     25/08/2009          0.000          0.000          0.448          0.449          0.455          0.455          0.460          0.437          0.437          0.437          0.437          0.437          0.605          0.605          0.605          0.605          0.605
     26/08/2009          0.000          0.000          0.448          0.449          0.454          0.455          0.460          0.437          0.437          0.437          0.437          0.437          0.605          0.605          0.605          0.605          0.605
     27/08/2009          0.000          0.000          0.447          0.448          0.454          0.455          0.459          0.437          0.437          0.437          0.437          0.437          0.605          0.605          0.605          0.605          0.605
     28/08/2009          0.000          0.000          0.447          0.448          0.454          0.455          0.459          0.437          0.437          0.437          0.437          0.437          0.605          0.605          0.605          0.605          0.605
     29/08/2009          0.000          0.000          0.447          0.448          0.453          0.454          0.459          0.437          0.437          0.437          0.437          0.437          0.605          0.605          0.605          0.605          0.605
     30/08/2009          0.000          0.000          0.447          0.448          0.453          0.454          0.459          0.437          0.437          0.437          0.437          0.437          0.605          0.605          0.605          0.605          0.605
     31/08/2009          0.000          0.000          0.446          0.447          0.453          0.454          0.458          0.437          0.437          0.437          0.437          0.437          0.605          0.605          0.605          0.605          0.605
     01/09/2009          0.000          0.000          0.446          0.447          0.453          0.454          0.458          0.437          0.437          0.437          0.437          0.437          0.605          0.605          0.605          0.605          0.605
     02/09/2009          0.000          0.000          0.446          0.447          0.452          0.453          0.458          0.437          0.437          0.437          0.437          0.437          0.605          0.605          0.605          0.605          0.605
     03/09/2009          0.000          0.000          0.446          0.447          0.452          0.453          0.458          0.437          0.437          0.437          0.437          0.437          0.605          0.605          0.605          0.605          0.605
     04/09/2009          0.000          0.000          0.445          0.447          0.452          0.453          0.457          0.437          0.437          0.437          0.437          0.437          0.605          0.605          0.605          0.605          0.605
     05/09/2009          0.000          0.000          0.445          0.446          0.452          0.453          0.457          0.437          0.437          0.437          0.437          0.437          0.605          0.605          0.605          0.605          0.605
     06/09/2009          0.000          0.000          0.445          0.446          0.451          0.452          0.457          0.437          0.437          0.437          0.437          0.437          0.605          0.605          0.605          0.605          0.605
     07/09/2009          0.000          0.000          0.445          0.446          0.451          0.452          0.457          0.437          0.437          0.437          0.437          0.437          0.605          0.605          0.605          0.605          0.605
     08/09/2009          0.000          0.000          0.445          0.446          0.451          0.452          0.456          0.437          0.437          0.437          0.437          0.437          0.605          0.605          0.605          0.605          0.605
     09/09/2009          0.000          0.000          0.444          0.445          0.451          0.452          0.456          0.437          0.437          0.437          0.437          0.437          0.605          0.605          0.605          0.605          0.605
     10/09/2009          0.000          0.000          0.444          0.445          0.451          0.451          0.456          0.437          0.437          0.437          0.437          0.437          0.605          0.605          0.605          0.605          0.605
     11/09/2009          0.000          0.000          0.444          0.445          0.450          0.451          0.456          0.437          0.437          0.437          0.437          0.437          0.605          0.605          0.605          0.605          0.605
     12/09/2009          0.000          0.000          0.444          0.445          0.450          0.451          0.455          0.437          0.437          0.437          0.437          0.437          0.605          0.605          0.605          0.605          0.605
     13/09/2009          0.000          0.000          0.444          0.445          0.450          0.451          0.455          0.437          0.437          0.437          0.437          0.437          0.605          0.605          0.605          0.605          0.605
     14/09/2009          0.000          0.000          0.443          0.444          0.450          0.451          0.455          0.437          0.437          0.437          0.437          0.437          0.605          0.605          0.605          0.605          0.605
     15/09/2009          0.000          0.000          0.443          0.444          0.449          0.450          0.455          0.437          0.437          0.437          0.437          0.437          0.605          0.605          0.605          0.605          0.605
     16/09/2009          0.000          0.000          0.443          0.444          0.449          0.450          0.454          0.437          0.437          0.437          0.437          0.437          0.605          0.605          0.605          0.605          0.605
     17/09/2009          0.000          0.000          0.443          0.444          0.449          0.450          0.454          0.437          0.437          0.437          0.437          0.437          0.605          0.605          0.605          0.605          0.605
     18/09/2009          0.000          0.000          0.443          0.444          0.449          0.450          0.454          0.437          0.437          0.437          0.437          0.437          0.605          0.605          0.605          0.605          0.605
     19/09/2009          0.000          0.000          0.442          0.443          0.449          0.449          0.454          0.437          0.437          0.437          0.437          0.437          0.605          0.605          0.605          0.605          0.605
     20/09/2009          0.000          0.000          0.442          0.443          0.448          0.449          0.454          0.437          0.437          0.437          0.437          0.437          0.605          0.605          0.605          0.605          0.605
     21/09/2009          0.000          0.000          0.442          0.443          0.448          0.449          0.453          0.437          0.437          0.437          0.437          0.437          0.605          0.605          0.605          0.605          0.605
     22/09/2009          0.000          0.000          0.442          0.443          0.448          0.449          0.453          0.437          0.437          0.437          0.437          0.437          0.605          0.605          0.605          0.605          0.605
     23/09/2009          0.000          0.000          0.442          0.443          0.448          0.449          0.453          0.437          0.437          0.437          0.437          0.437          0.605          0.605          0.605          0.605          0.605
     24/09/2009          0.000          0.000          0.442          0.443          0.448          0.449          0.453          0.437          0.437          0.437          0.437          0.437          0.605          0.605          0.605          0.605          0.605
     25/09/2009          0.000          0.000          0.441          0.442          0.447          0.448          0.453          0.437          0.437          0.437          0.437          0.437          0.605          0.605          0.605          0.605          0.605
     26/09/2009          0.000          0.000          0.441          0.442          0.447          0.448          0.452          0.437          0.437          0.437          0.437          0.437          0.605          0.605          0.605          0.605          0.605
     27/09/2009          0.000          0.000          0.441          0.442          0.447          0.448          0.452          0.437          0.437          0.437          0.437          0.437          0.605          0.605          0.605          0.605          0.605
     28/09/2009          0.000          0.000          0.441          0.442          0.447          0.448          0.452          0.437          0.437          0.437          0.437          0.437          0.605          0.605          0.605          0.605          0.605
     29/09/2009          0.000          0.000          0.441          0.442          0.447          0.448          0.452          0.437          0.437          0.437          0.437          0.437          0.605          0.605          0.605          0.605          0.605
     30/09/2009          0.000          0.000          0.441          0.442          0.446          0.447          0.452          0.437          0.437          0.437          0.437          0.437          0.605          0.605          0.605          0.605          0.605
     01/10/2009          0.000          0.000          0.440          0.441          0.446          0.447          0.451          0.437          0.437          0.437          0.437          0.437          0.605          0.605          0.605          0.605          0.605
     02/10/2009          0.000          0.000          0.440          0.441          0.446          0.447          0.451          0.437          0.437          0.437          0.437          0.437          0.605          0.605          0.605          0.605          0.605
     03/10/2009          0.000          0.000          0.440          0.441          0.446          0.447          0.451          0.437          0.437          0.437          0.437          0.437          0.605          0.605          0.605          0.605          0.605
     04/10/2009          0.000          0.000          0.440          0.441          0.446          0.447          0.451          0.437          0.437          0.437          0.437          0.437          0.605          0.605          0.605          0.605          0.605
     05/10/2009          0.000          0.000          0.440          0.441          0.446          0.446          0.451          0.437          0.437          0.437          0.437          0.437          0.605          0.605          0.605          0.605          0.605
     06/10/2009          0.000          0.000          0.440          0.441          0.445          0.446          0.450          0.437          0.437          0.437          0.437          0.437          0.605          0.605          0.605          0.605          0.605
     07/10/2009          0.000          0.000          0.439          0.440          0.445          0.446          0.450          0.437          0.437          0.437          0.437          0.437          0.605          0.605          0.605          0.605          0.605
     08/10/2009          0.000          0.000          0.439          0.440          0.445          0.446          0.450          0.437          0.437          0.437          0.437          0.437          0.605          0.605          0.605          0.605          0.605
     09/10/2009          0.000          0.000          0.439          0.440          0.445          0.446          0.450          0.437          0.437          0.437          0.437          0.437          0.605          0.605          0.605          0.605          0.605
     10/10/2009          0.000          0.000          0.439          0.440          0.445          0.446          0.450          0.437          0.437          0.437          0.437          0.437          0.605          0.605          0.605          0.605          0.605
     11/10/2009          0.000          0.000          0.439          0.440          0.445          0.445          0.450          0.437          0.437          0.437          0.437          0.437          0.605          0.605          0.605          0.605          0.605
     12/10/2009          0.000          0.000          0.439          0.440          0.444          0.445          0.449          0.437          0.437          0.437          0.437          0.437          0.605          0.605          0.605          0.605          0.605
     13/10/2009          0.000          0.000          0.439          0.440          0.444          0.445          0.449          0.437          0.437          0.437          0.437          0.437          0.605          0.605          0.605          0.605          0.605
     14/10/2009          0.000          0.000          0.438          0.439          0.444          0.445          0.449          0.437          0.437          0.437          0.437          0.437          0.605          0.605          0.605          0.605          0.605
     15/10/2009          0.000          0.000          0.438          0.439          0.444          0.445          0.449          0.437          0.437          0.437          0.437          0.437          0.605          0.605          0.605          0.605          0.605
     16/10/2009          0.000          0.000          0.438          0.439          0.444          0.445          0.449          0.437          0.437          0.437          0.437          0.437          0.605          0.605          0.605          0.605          0.605
     17/10/2009          0.000          0.000          0.438          0.439          0.444          0.445          0.449          0.437          0.437          0.437          0.437          0.437          0.605          0.605          0.605          0.605          0.605
     18/10/2009          0.000          0.000          0.438          0.439          0.444          0.444          0.448          0.437          0.437          0.437          0.437          0.437          0.605          0.605          0.605          0.605          0.605
     19/10/2009          0.000          0.000          0.438          0.439          0.443          0.444          0.448          0.437          0.437          0.437          0.437          0.437          0.605          0.605          0.605          0.605          0.605
     20/10/2009          0.000          0.000          0.438          0.439          0.443          0.444          0.448          0.437          0.437          0.437          0.437          0.437          0.605          0.605          0.605          0.605          0.605
     21/10/2009          0.000          0.000          0.438          0.438          0.443          0.444          0.448          0.437          0.437          0.437          0.437          0.437          0.605          0.605          0.605          0.605          0.605
     22/10/2009          0.000          0.000          0.437          0.438          0.443          0.444          0.448          0.437          0.437          0.437          0.437          0.437          0.605          0.605          0.605          0.605          0.605
     23/10/2009          0.000          0.000          0.437          0.438          0.443          0.444          0.448          0.437          0.437          0.437          0.437          0.437          0.605          0.605          0.605          0.605          0.605
     24/10/2009          0.000          0.000          0.437          0.438          0.443          0.444          0.448          0.437          0.437          0.437          0.437          0.437          0.605          0.605          0.605          0.605          0.605
     25/10/2009          0.000          0.000          0.437          0.438          0.443          0.443          0.447          0.437          0.437          0.437          0.437          0.437          0.605          0.605          0.605          0.605          0.605
     26/10/2009          0.000          0.000          0.437          0.438          0.442          0.443          0.447          0.437          0.437          0.437          0.437          0.437          0.605          0.605          0.605          0.605          0.605
     27/10/2009          0.000          0.000          0.437          0.438          0.442          0.443          0.447          0.437          0.437          0.437          0.437          0.437          0.605          0.605          0.605          0.605          0.605
     28/10/2009          0.000          0.000          0.437          0.438          0.442          0.443          0.447          0.437          0.437          0.437          0.437          0.437          0.605          0.605          0.605          0.605          0.605
     29/10/2009          0.000          0.000          0.437          0.437          0.442          0.443          0.447          0.437          0.437          0.437          0.437          0.437          0.605          0.605          0.605          0.605          0.605
     30/10/2009          0.000          0.000          0.436          0.437          0.442          0.443          0.447          0.437          0.437          0.437          0.437          0.437          0.605          0.605          0.605          0.605          0.605
     31/10/2009          0.000          0.000          0.436          0.437          0.442          0.443          0.446          0.437          0.437          0.437          0.437          0.437          0.605          0.605          0.605          0.605          0.605
     01/11/2009          0.000          0.000          0.436          0.437          0.442          0.442          0.446          0.437          0.437          0.437          0.437          0.437          0.605          0.605          0.605          0.605          0.605
     02/11/2009          0.000          0.000          0.436          0.437          0.441          0.442          0.446          0.437          0.437          0.437          0.437          0.437          0.605          0.605          0.605          0.605          0.605
     03/11/2009          0.000          0.000          0.436          0.437          0.441          0.442          0.446          0.437          0.437          0.437          0.437          0.437          0.605          0.605          0.605          0.605          0.605
     04/11/2009          0.000          0.000          0.436          0.437          0.441          0.442          0.446          0.437          0.437          0.437          0.437          0.437          0.605          0.605          0.605          0.605          0.605
     05/11/2009          0.000          0.000          0.436          0.437          0.441          0.442          0.446          0.437          0.437          0.437          0.437          0.437          0.605          0.605          0.605          0.605          0.605
     06/11/2009          0.000          0.000          0.436          0.437          0.441          0.442          0.446          0.437          0.437          0.437          0.437          0.437          0.605          0.605          0.605          0.605          0.605
     07/11/2009          0.000          0.000          0.435          0.436          0.441          0.442          0.445          0.437          0.437          0.437          0.437          0.437          0.605          0.605          0.605          0.605          0.605
     08/11/2009          0.000          0.000          0.435          0.436          0.441          0.441          0.445          0.437          0.437          0.437          0.437          0.437          0.605          0.605          0.605          0.605          0.605
     09/11/2009          0.000          0.000          0.435          0.436          0.441          0.441          0.445          0.437          0.437          0.437          0.437          0.437          0.605          0.605          0.605          0.605          0.605
     10/11/2009          0.000          0.000          0.435          0.436          0.440          0.441          0.445          0.437          0.437          0.437          0.437          0.437          0.605          0.605          0.605          0.605          0.605
     11/11/2009          0.000          0.000          0.435          0.436          0.440          0.441          0.445          0.437          0.437          0.437          0.437          0.437          0.605          0.605          0.605          0.605          0.605
     12/11/2009          0.000          0.000          0.435          0.436          0.440          0.441          0.445          0.437          0.437          0.437          0.437          0.437          0.605          0.605          0.605          0.605          0.605
     13/11/2009          0.000          0.000          0.435          0.436          0.440          0.441          0.445          0.437          0.437          0.437          0.437          0.437          0.605          0.605          0.605          0.605          0.605
     14/11/2009          0.000          0.000          0.435          0.436          0.440          0.441          0.445          0.437          0.437          0.437          0.437          0.437          0.605          0.605          0.605          0.605          0.605
     15/11/2009          0.000          0.000          0.435          0.436          0.440          0.441          0.444          0.437          0.437          0.437          0.437          0.437          0.605          0.605          0.605          0.605          0.605
     16/11/2009          0.000          0.000          0.434          0.435          0.440          0.440          0.444          0.437          0.437          0.437          0.437          0.437          0.605          0.605          0.605          0.605          0.605
     17/11/2009          0.000          0.000          0.434          0.435          0.440          0.440          0.444          0.437          0.437          0.437          0.437          0.437          0.605          0.605          0.605          0.605          0.605
     18/11/2009          0.000          0.000          0.434          0.435          0.439          0.440          0.444          0.437          0.437          0.437          0.437          0.437          0.605          0.605          0.605          0.605          0.605
     19/11/2009          0.000          0.000          0.434          0.435          0.439          0.440          0.444          0.437          0.437          0.437          0.437          0.437          0.605          0.605          0.605          0.605          0.605
     20/11/2009          0.000          0.000          0.434          0.435          0.439          0.440          0.444          0.437          0.437          0.437          0.437          0.437          0.605          0.605          0.605          0.605          0.605
     21/11/2009          0.000          0.000          0.434          0.435          0.439          0.440          0.444          0.437          0.437          0.437          0.437          0.437          0.605          0.605          0.605          0.605          0.605
     22/11/2009          0.000          0.000          0.434          0.435          0.439          0.440          0.444          0.437          0.437          0.437          0.437          0.437          0.605          0.605          0.605          0.605          0.605
     23/11/2009          0.000          0.000          0.434          0.435          0.439          0.440          0.443          0.437          0.437          0.437          0.437          0.437          0.605          0.605          0.605          0.605          0.605
     24/11/2009          0.000          0.000          0.434          0.435          0.439          0.440          0.443          0.437          0.437          0.437          0.437          0.437          0.605          0.605          0.605          0.605          0.605
     25/11/2009          0.000          0.000          0.434          0.434          0.439          0.439          0.443          0.437          0.437          0.437          0.437          0.437          0.605          0.605          0.605          0.605          0.605
     26/11/2009          0.000          0.000          0.433          0.434          0.439          0.439          0.443          0.437          0.437          0.437          0.437          0.437          0.605          0.605          0.605          0.605          0.605
     27/11/2009          0.000          0.000          0.433          0.434          0.438          0.439          0.443          0.437          0.437          0.437          0.437          0.437          0.605          0.605          0.605          0.605          0.605
     28/11/2009          0.000          0.000          0.433          0.434          0.438          0.439          0.443          0.437          0.437          0.437          0.437          0.437          0.605          0.605          0.605          0.605          0.605
     29/11/2009          0.000          0.000          0.433          0.434          0.438          0.439          0.443          0.437          0.437          0.437          0.437          0.437          0.605          0.605          0.605          0.605          0.605
     30/11/2009          0.000          0.000          0.433          0.434          0.438          0.439          0.443          0.437          0.437          0.437          0.437          0.437          0.605          0.605          0.605          0.605          0.605
     01/12/2009          0.000          0.000          0.433          0.434          0.438          0.439          0.442          0.437          0.437          0.437          0.437          0.437          0.605          0.605          0.605          0.605          0.605
     02/12/2009          0.000          0.000          0.433          0.434          0.438          0.439          0.442          0.437          0.437          0.437          0.437          0.437          0.605          0.605          0.605          0.605          0.605
     03/12/2009          0.000          0.000          0.433          0.434          0.438          0.439          0.442          0.437          0.437          0.437          0.437          0.437          0.605          0.605          0.605          0.605          0.605
     04/12/2009          0.000          0.000          0.433          0.434          0.438          0.438          0.442          0.437          0.437          0.437          0.437          0.437          0.605          0.605          0.605          0.605          0.605
     05/12/2009          0.000          0.000          0.433          0.433          0.438          0.438          0.442          0.437          0.437          0.437          0.437          0.437          0.605          0.605          0.605          0.605          0.605
     06/12/2009          0.000          0.000          0.433          0.433          0.438          0.438          0.442          0.437          0.437          0.437          0.437          0.437          0.605          0.605          0.605          0.605          0.605
     07/12/2009          0.000          0.000          0.432          0.433          0.437          0.438          0.442          0.437          0.437          0.437          0.437          0.437          0.605          0.605          0.605          0.605          0.605
     08/12/2009          0.000          0.000          0.432          0.433          0.437          0.438          0.442          0.437          0.437          0.437          0.437          0.437          0.605          0.605          0.605          0.605          0.605
     09/12/2009          0.000          0.000          0.432          0.433          0.437          0.438          0.442          0.437          0.437          0.437          0.437          0.437          0.605          0.605          0.605          0.605          0.605
     10/12/2009          0.000          0.000          0.432          0.433          0.437          0.438          0.441          0.437          0.437          0.437          0.437          0.437          0.605          0.605          0.605          0.605          0.605
     11/12/2009          0.000          0.000          0.432          0.433          0.437          0.438          0.441          0.437          0.437          0.437          0.437          0.437          0.605          0.605          0.605          0.605          0.605
     12/12/2009          0.000          0.000          0.432          0.433          0.437          0.438          0.441          0.437          0.437          0.437          0.437          0.437          0.605          0.605          0.605          0.605          0.605
     13/12/2009          0.000          0.000          0.432          0.433          0.437          0.438          0.441          0.437          0.437          0.437          0.437          0.437          0.605          0.605          0.605          0.605          0.605
     14/12/2009          0.000          0.000          0.432          0.433          0.437          0.437          0.441          0.437          0.437          0.437          0.437          0.437          0.605          0.605          0.605          0.605          0.605
     15/12/2009          0.000          0.000          0.432          0.433          0.437          0.437          0.441          0.437          0.437          0.437          0.437          0.437          0.605          0.605          0.605          0.605          0.605
     16/12/2009          0.000          0.000          0.432          0.432          0.437          0.437          0.441          0.437          0.437          0.437          0.437          0.437          0.605          0.605          0.605          0.605          0.605
     17/12/2009          0.000          0.000          0.432          0.432          0.436          0.437          0.441          0.437          0.437          0.437          0.437          0.437          0.605          0.605          0.605          0.605          0.605
     18/12/2009          0.000          0.000          0.431          0.432          0.436          0.437          0.441          0.437          0.437          0.437          0.437          0.437          0.605          0.605          0.605          0.605          0.605
     19/12/2009          0.000          0.000          0.431          0.432          0.436          0.437          0.441          0.437          0.437          0.437          0.437          0.437          0.605          0.605          0.605          0.605          0.605
     20/12/2009          0.000          0.000          0.431          0.432          0.436          0.437          0.440          0.437          0.437          0.437          0.437          0.437          0.605          0.605          0.605          0.605          0.605
     21/12/2009          0.000          0.000          0.431          0.432          0.436          0.437          0.440          0.437          0.437          0.437          0.437          0.437          0.605          0.605          0.605          0.605          0.605
     22/12/2009          0.000          0.000          0.431          0.432          0.436          0.437          0.440          0.437          0.437          0.437          0.437          0.437          0.605          0.605          0.605          0.605          0.605
     23/12/2009          0.000          0.000          0.431          0.432          0.436          0.437          0.440          0.437          0.437          0.437          0.437          0.437          0.605          0.605          0.605          0.605          0.605
     24/12/2009          0.000          0.000          0.431          0.432          0.436          0.437          0.440          0.437          0.437          0.437          0.437          0.437          0.605          0.605          0.605          0.605          0.605
     25/12/2009          0.000          0.000          0.431          0.432          0.436          0.436          0.440          0.437          0.437          0.437          0.437          0.437          0.605          0.605          0.605          0.605          0.605
     26/12/2009          0.000          0.000          0.431          0.432          0.436          0.436          0.440          0.437          0.437          0.437          0.437          0.437          0.605          0.605          0.605          0.605          0.605
     27/12/2009          0.000          0.000          0.431          0.432          0.436          0.436          0.440          0.437          0.437          0.437          0.437          0.437          0.605          0.605          0.605          0.605          0.605
     28/12/2009          0.000          0.000          0.431          0.431          0.435          0.436          0.440          0.437          0.437          0.437          0.437          0.437          0.605          0.605          0.605          0.605          0.605
     29/12/2009          0.000          0.000          0.430          0.431          0.435          0.436          0.440          0.437          0.437          0.437          0.437          0.437          0.605          0.605          0.605          0.605          0.605
     30/12/2009          0.000          0.000          0.430          0.431          0.435          0.436          0.439          0.437          0.437          0.437          0.437          0.437          0.605          0.605          0.605          0.605          0.605
     31/12/2009          0.000          0.000          0.430          0.431          0.435          0.436          0.439          0.437          0.437          0.437          0.437          0.437          0.605          0.605          0.605          0.605          0.605
     01/01/2010          0.000          0.000          0.430          0.431          0.435          0.436          0.439          0.437          0.437          0.437          0.437          0.437          0.605          0.605          0.605          0.605          0.605
     02/01/2010          0.000          0.000          0.430          0.431          0.435          0.436          0.439          0.437          0.437          0.437          0.437          0.437          0.605          0.605          0.605          0.605          0.605
     03/01/2010          0.000          0.000          0.430          0.431          0.435          0.436          0.439          0.437          0.437          0.437          0.437          0.437          0.605          0.605          0.605          0.605          0.605
     04/01/2010          0.000          0.000          0.430          0.431          0.435          0.436          0.439          0.437          0.437          0.437          0.437          0.437          0.605          0.605          0.605          0.605          0.605
     05/01/2010          0.000          0.000          0.430          0.431          0.435          0.435          0.439          0.437          0.437          0.437          0.437          0.437          0.605          0.605          0.605          0.605          0.605
     06/01/2010          0.000          0.000          0.430          0.431          0.435          0.435          0.439          0.437          0.437          0.437          0.437          0.437          0.605          0.605          0.605          0.605          0.605
     07/01/2010          0.000          0.000          0.430          0.431          0.435          0.435          0.439          0.437          0.437          0.437          0.437          0.437          0.605          0.605          0.605          0.605          0.605
     08/01/2010          0.000          0.000          0.430          0.431          0.434          0.435          0.439          0.437          0.437          0.437          0.437          0.437          0.605          0.605          0.605          0.605          0.605
     09/01/2010          0.000          0.000          0.430          0.430          0.434          0.435          0.439          0.437          0.437          0.437          0.437          0.437          0.605          0.605          0.605          0.605          0.605
     10/01/2010          0.000          0.000          0.430          0.430          0.434          0.435          0.438          0.437          0.437          0.437          0.437          0.437          0.605          0.605          0.605          0.605          0.605
     11/01/2010          0.000          0.000          0.429          0.430          0.434          0.435          0.438          0.437          0.437          0.437          0.437          0.437          0.605          0.605          0.605          0.605          0.605
     12/01/2010          0.000          0.000          0.429          0.430          0.434          0.435          0.438          0.437          0.437          0.437          0.437          0.437          0.605          0.605          0.605          0.605          0.605
     13/01/2010          0.000          0.000          0.429          0.430          0.434          0.435          0.438          0.437          0.437          0.437          0.437          0.437          0.605          0.605          0.605          0.605          0.605
     14/01/2010          0.000          0.000          0.429          0.430          0.434          0.435          0.438          0.437          0.437          0.437          0.437          0.437          0.605          0.605          0.605          0.605          0.605
     15/01/2010          0.000          0.000          0.429          0.430          0.434          0.435          0.438          0.437          0.437          0.437          0.437          0.437          0.605          0.605          0.605          0.605          0.605
     16/01/2010          0.000          0.000          0.429          0.430          0.434          0.435          0.438          0.437          0.437          0.437          0.437          0.437          0.605          0.605          0.605          0.605          0.605
     17/01/2010          0.000          0.000          0.429          0.430          0.434          0.434          0.438          0.437          0.437          0.437          0.437          0.437          0.605          0.605          0.605          0.605          0.605
     18/01/2010          0.000          0.000          0.429          0.430          0.434          0.434          0.438          0.437          0.437          0.437          0.437          0.437          0.605          0.605          0.605          0.605          0.605
     19/01/2010          0.000          0.000          0.429          0.430          0.434          0.434          0.438          0.437          0.437          0.437          0.437          0.437          0.605          0.605          0.605          0.605          0.605
     20/01/2010          0.000          0.000          0.429          0.430          0.433          0.434          0.438          0.437          0.437          0.437          0.437          0.437          0.605          0.605          0.605          0.605          0.605
     21/01/2010          0.000          0.000          0.429          0.430          0.433          0.434          0.437          0.437          0.437          0.437          0.437          0.437          0.605          0.605          0.605          0.605          0.605
     22/01/2010          0.000          0.000          0.429          0.429          0.433          0.434          0.437          0.437          0.437          0.437          0.437          0.437          0.605          0.605          0.605          0.605          0.605
     23/01/2010          0.000          0.000          0.429          0.429          0.433          0.434          0.437          0.437          0.437          0.437          0.437          0.437          0.605          0.605          0.605          0.605          0.605
     24/01/2010          0.000          0.000          0.428          0.429          0.433          0.434          0.437          0.437          0.437          0.437          0.437          0.437          0.605          0.605          0.605          0.605          0.605
     25/01/2010          0.000          0.000          0.428          0.429          0.433          0.434          0.437          0.437          0.437          0.437          0.437          0.437          0.605          0.605          0.605          0.605          0.605
     26/01/2010          0.000          0.000          0.428          0.429          0.433          0.434          0.437          0.437          0.437          0.437          0.437          0.437          0.605          0.605          0.605          0.605          0.605
     27/01/2010          0.000          0.000          0.428          0.429          0.433          0.434          0.437          0.437          0.437          0.437          0.437          0.437          0.605          0.605          0.605          0.605          0.605
     28/01/2010          0.000          0.000          0.428          0.429          0.433          0.434          0.437          0.437          0.437          0.437          0.437          0.437          0.605          0.605          0.605          0.605          0.605
     29/01/2010          0.000          0.000          0.428          0.429          0.433          0.433          0.437          0.437          0.437          0.437          0.437          0.437          0.605          0.605          0.605          0.605          0.605
     30/01/2010          0.000          0.000          0.428          0.429          0.433          0.433          0.437          0.437          0.437          0.437          0.437          0.437          0.605          0.605          0.605          0.605          0.605
     31/01/2010          0.000          0.000          0.428          0.429          0.433          0.433          0.437          0.437          0.437          0.437          0.437          0.437          0.605          0.605          0.605          0.605          0.605
     01/02/2010          0.000          0.000          0.428          0.429          0.433          0.433          0.437          0.437          0.437          0.437          0.437          0.437          0.605          0.605          0.605          0.605          0.605
     02/02/2010          0.000          0.000          0.428          0.429          0.432          0.433          0.436          0.437          0.437          0.437          0.437          0.437          0.605          0.605          0.605          0.605          0.605
     03/02/2010          0.000          0.000          0.428          0.429          0.432          0.433          0.436          0.437          0.437          0.437          0.437          0.437          0.605          0.605          0.605          0.605          0.605
     04/02/2010          0.000          0.000          0.428          0.429          0.432          0.433          0.436          0.437          0.437          0.437          0.437          0.437          0.605          0.605          0.605          0.605          0.605
     05/02/2010          0.000          0.000          0.428          0.428          0.432          0.433          0.436          0.437          0.437          0.437          0.437          0.437          0.605          0.605          0.605          0.605          0.605
     06/02/2010          0.000          0.000          0.428          0.428          0.432          0.433          0.436          0.437          0.437          0.437          0.437          0.437          0.605          0.605          0.605          0.605          0.605
     07/02/2010          0.000          0.000          0.428          0.428          0.432          0.433          0.436          0.437          0.437          0.437          0.437          0.437          0.605          0.605          0.605          0.605          0.605
     08/02/2010          0.000          0.000          0.427          0.428          0.432          0.433          0.436          0.437          0.437          0.437          0.437          0.437          0.605          0.605          0.605          0.605          0.605
     09/02/2010          0.000          0.000          0.427          0.428          0.432          0.433          0.436          0.437          0.437          0.437          0.437          0.437          0.605          0.605          0.605          0.605          0.605
     10/02/2010          0.000          0.000          0.427          0.428          0.432          0.433          0.436          0.437          0.437          0.437          0.437          0.437          0.605          0.605          0.605          0.605          0.605
     11/02/2010          0.000          0.000          0.427          0.428          0.432          0.432          0.436          0.437          0.437          0.437          0.437          0.437          0.605          0.605          0.605          0.605          0.605
     12/02/2010          0.000          0.000          0.427          0.428          0.432          0.432          0.436          0.437          0.437          0.437          0.437          0.437          0.605          0.605          0.605          0.605          0.605
     13/02/2010          0.000          0.000          0.427          0.428          0.432          0.432          0.436          0.437          0.437          0.437          0.437          0.437          0.605          0.605          0.605          0.605          0.605
     14/02/2010          0.000          0.000          0.427          0.428          0.432          0.432          0.436          0.437          0.437          0.437          0.437          0.437          0.605          0.605          0.605          0.605          0.605
     15/02/2010          0.000          0.000          0.427          0.428          0.432          0.432          0.435          0.437          0.437          0.437          0.437          0.437          0.605          0.605          0.605          0.605          0.605
     16/02/2010          0.000          0.000          0.427          0.428          0.431          0.432          0.435          0.437          0.437          0.437          0.437          0.437          0.605          0.605          0.605          0.605          0.605
     17/02/2010          0.000          0.000          0.427          0.428          0.431          0.432          0.435          0.437          0.437          0.437          0.437          0.437          0.605          0.605          0.605          0.605          0.605
     18/02/2010          0.000          0.000          0.427          0.428          0.431          0.432          0.435          0.437          0.437          0.437          0.437          0.437          0.605          0.605          0.605          0.605          0.605
     19/02/2010          0.000          0.000          0.427          0.427          0.431          0.432          0.435          0.437          0.437          0.437          0.437          0.437          0.605          0.605          0.605          0.605          0.605
     20/02/2010          0.000          0.000          0.427          0.427          0.431          0.432          0.435          0.437          0.437          0.437          0.437          0.437          0.605          0.605          0.605          0.605          0.605
     21/02/2010          0.000          0.000          0.427          0.427          0.431          0.432          0.435          0.437          0.437          0.437          0.437          0.437          0.605          0.605          0.605          0.605          0.605
     22/02/2010          0.000          0.000          0.427          0.427          0.431          0.432          0.435          0.437          0.437          0.437          0.437          0.437          0.605          0.605          0.605          0.605          0.605
     23/02/2010          0.000          0.000          0.426          0.427          0.431          0.432          0.435          0.437          0.437          0.437          0.437          0.437          0.605          0.605          0.605          0.605          0.605
     24/02/2010          0.000          0.000          0.426          0.427          0.431          0.432          0.435          0.437          0.437          0.437          0.437          0.437          0.605          0.605          0.605          0.605          0.605
     25/02/2010          0.000          0.000          0.426          0.427          0.431          0.432          0.435          0.437          0.437          0.437          0.437          0.437          0.605          0.605          0.605          0.605          0.605
     26/02/2010          0.000          0.000          0.426          0.427          0.431          0.431          0.435          0.437          0.437          0.437          0.437          0.437          0.605          0.605          0.605          0.605          0.605
     27/02/2010          0.000          0.000          0.426          0.427          0.431          0.431          0.435          0.437          0.437          0.437          0.437          0.437          0.605          0.605          0.605          0.605          0.605
     28/02/2010          0.000          0.000          0.426          0.427          0.431          0.431          0.435          0.437          0.437          0.437          0.437          0.437          0.605          0.605          0.605          0.605          0.605
     01/03/2010          0.000          0.000          0.426          0.427          0.431          0.431          0.434          0.437          0.437          0.437          0.437          0.437          0.605          0.605          0.605          0.605          0.605
     02/03/2010          0.000          0.000          0.426          0.427          0.430          0.431          0.434          0.437          0.437          0.437          0.437          0.437          0.605          0.605          0.605          0.605          0.605
     03/03/2010          0.000          0.000          0.426          0.427          0.430          0.431          0.434          0.437          0.437          0.437          0.437          0.437          0.605          0.605          0.605          0.605          0.605
     04/03/2010          0.000          0.000          0.426          0.427          0.430          0.431          0.434          0.437          0.437          0.437          0.437          0.437          0.605          0.605          0.605          0.605          0.605
     05/03/2010          0.000          0.000          0.426          0.427          0.430          0.431          0.434          0.437          0.437          0.437          0.437          0.437          0.605          0.605          0.605          0.605          0.605
     06/03/2010          0.000          0.000          0.426          0.427          0.430          0.431          0.434          0.437          0.437          0.437          0.437          0.437          0.605          0.605          0.605          0.605          0.605
     07/03/2010          0.000          0.000          0.426          0.426          0.430          0.431          0.434          0.437          0.437          0.437          0.437          0.437          0.605          0.605          0.605          0.605          0.605
     08/03/2010          0.000          0.000          0.426          0.426          0.430          0.431          0.434          0.437          0.437          0.437          0.437          0.437          0.605          0.605          0.605          0.605          0.605
     09/03/2010          0.000          0.000          0.426          0.426          0.430          0.431          0.434          0.437          0.437          0.437          0.437          0.437          0.605          0.605          0.605          0.605          0.605
     10/03/2010          0.000          0.000          0.426          0.426          0.430          0.431          0.434          0.437          0.437          0.437          0.437          0.437          0.605          0.605          0.605          0.605          0.605
     11/03/2010          0.000          0.000          0.425          0.426          0.430          0.431          0.434          0.437          0.437          0.437          0.437          0.437          0.605          0.605          0.605          0.605          0.605
     12/03/2010          0.000          0.000          0.425          0.426          0.430          0.430          0.434          0.437          0.437          0.437          0.437          0.437          0.605          0.605          0.605          0.605          0.605
     13/03/2010          0.000          0.000          0.425          0.426          0.430          0.430          0.434          0.437          0.437          0.437          0.437          0.437          0.605          0.605          0.605          0.605          0.605
     14/03/2010          0.000          0.000          0.425          0.426          0.430          0.430          0.434          0.437          0.437          0.437          0.437          0.437          0.605          0.605          0.605          0.605          0.605
     15/03/2010          0.000          0.000          0.425          0.426          0.430          0.430          0.433          0.437          0.437          0.437          0.437          0.437          0.605          0.605          0.605          0.605          0.605
     16/03/2010          0.000          0.000          0.425          0.426          0.430          0.430          0.433          0.437          0.437          0.437          0.437          0.437          0.605          0.605          0.605          0.605          0.605
     17/03/2010          0.000          0.000          0.425          0.426          0.430          0.430          0.433          0.437          0.437          0.437          0.437          0.437          0.605          0.605          0.605          0.605          0.605
     18/03/2010          0.000          0.000          0.425          0.426          0.429          0.430          0.433          0.437          0.437          0.437          0.437          0.437          0.605          0.605          0.605          0.605          0.605
     19/03/2010          0.000          0.000          0.425          0.426          0.429          0.430          0.433          0.437          0.437          0.437          0.437          0.437          0.605          0.605          0.605          0.605          0.605
     20/03/2010          0.000          0.000          0.425          0.426          0.429          0.430          0.433          0.437          0.437          0.437          0.437          0.437          0.605          0.605          0.605          0.605          0.605
     21/03/2010          0.000          0.000          0.425          0.426          0.429          0.430          0.433          0.437          0.437          0.437          0.437          0.437          0.605          0.605          0.605          0.605          0.605
     22/03/2010          0.000          0.000          0.425          0.426          0.429          0.430          0.433          0.437          0.437          0.437          0.437          0.437          0.605          0.605          0.605          0.605          0.605
     23/03/2010          0.000          0.000          0.425          0.426          0.429          0.430          0.433          0.437          0.437          0.437          0.437          0.437          0.605          0.605          0.605          0.605          0.605
     24/03/2010          0.000          0.000          0.425          0.425          0.429          0.430          0.433          0.437          0.437          0.437          0.437          0.437          0.605          0.605          0.605          0.605          0.605
     25/03/2010          0.000          0.000          0.425          0.425          0.429          0.430          0.433          0.437          0.437          0.437          0.437          0.437          0.605          0.605          0.605          0.605          0.605
     26/03/2010          0.000          0.000          0.425          0.425          0.429          0.430          0.433          0.437          0.437          0.437          0.437          0.437          0.605          0.605          0.605          0.605          0.605
     27/03/2010          0.000          0.000          0.425          0.425          0.429          0.430          0.433          0.437          0.437          0.437          0.437          0.437          0.605          0.605          0.605          0.605          0.605
     28/03/2010          0.000          0.000          0.424          0.425          0.429          0.429          0.433          0.437          0.437          0.437          0.437          0.437          0.605          0.605          0.605          0.605          0.605
     29/03/2010          0.000          0.000          0.424          0.425          0.429          0.429          0.433          0.437          0.437          0.437          0.437          0.437          0.605          0.605          0.605          0.605          0.605
     30/03/2010          0.000          0.000          0.424          0.425          0.429          0.429          0.432          0.437          0.437          0.437          0.437          0.437          0.605          0.605          0.605          0.605          0.605
     31/03/2010          0.000          0.000          0.424          0.425          0.429          0.429          0.432          0.437          0.437          0.437          0.437          0.437          0.605          0.605          0.605          0.605          0.605
     01/04/2010          0.000          0.000          0.424          0.425          0.429          0.429          0.432          0.437          0.437          0.437          0.437          0.437          0.605          0.605          0.605          0.605          0.605
     02/04/2010          0.000          0.000          0.424          0.425          0.429          0.429          0.432          0.437          0.437          0.437          0.437          0.437          0.605          0.605          0.605          0.605          0.605
     03/04/2010          0.000          0.000          0.424          0.425          0.428          0.429          0.432          0.437          0.437          0.437          0.437          0.437          0.605          0.605          0.605          0.605          0.605
     04/04/2010          0.000          0.000          0.424          0.425          0.428          0.429          0.432          0.437          0.437          0.437          0.437          0.437          0.605          0.605          0.605          0.605          0.605
     05/04/2010          0.000          0.000          0.424          0.425          0.428          0.429          0.432          0.437          0.437          0.437          0.437          0.437          0.605          0.605          0.605          0.605          0.605
     06/04/2010          0.000          0.000          0.424          0.425          0.428          0.429          0.432          0.437          0.437          0.437          0.437          0.437          0.605          0.605          0.605          0.605          0.605
     07/04/2010          0.000          0.000          0.424          0.425          0.428          0.429          0.432          0.437          0.437          0.437          0.437          0.437          0.605          0.605          0.605          0.605          0.605
     08/04/2010          0.000          0.000          0.424          0.425          0.428          0.429          0.432          0.437          0.437          0.437          0.437          0.437          0.605          0.605          0.605          0.605          0.605
     09/04/2010          0.000          0.000          0.424          0.425          0.428          0.429          0.432          0.437          0.437          0.437          0.437          0.437          0.605          0.605          0.605          0.605          0.605
     10/04/2010          0.000          0.000          0.424          0.425          0.428          0.429          0.432          0.437          0.437          0.437          0.437          0.437          0.605          0.605          0.605          0.605          0.605
     11/04/2010          0.000          0.000          0.424          0.424          0.428          0.429          0.432          0.437          0.437          0.437          0.437          0.437          0.605          0.605          0.605          0.605          0.605
     12/04/2010          0.000          0.000          0.424          0.424          0.428          0.429          0.432          0.437          0.437          0.437          0.437          0.437          0.605          0.605          0.605          0.605          0.605
     13/04/2010          0.000          0.000          0.424          0.424          0.428          0.429          0.432          0.437          0.437          0.437          0.437          0.437          0.605          0.605          0.605          0.605          0.605
     14/04/2010          0.000          0.000          0.424          0.424          0.428          0.428          0.432          0.437          0.437          0.437          0.437          0.437          0.605          0.605          0.605          0.605          0.605
     15/04/2010          0.000          0.000          0.424          0.424          0.428          0.428          0.431          0.437          0.437          0.437          0.437          0.437          0.605          0.605          0.605          0.605          0.605
     16/04/2010          0.000          0.000          0.423          0.424          0.428          0.428          0.431          0.437          0.437          0.437          0.437          0.437          0.605          0.605          0.605          0.605          0.605
     17/04/2010          0.000          0.000          0.423          0.424          0.428          0.428          0.431          0.437          0.437          0.437          0.437          0.437          0.605          0.605          0.605          0.605          0.605
     18/04/2010          0.000          0.000          0.423          0.424          0.428          0.428          0.431          0.437          0.437          0.437          0.437          0.437          0.605          0.605          0.605          0.605          0.605
     19/04/2010          0.000          0.000          0.423          0.424          0.428          0.428          0.431          0.437          0.437          0.437          0.437          0.437          0.605          0.605          0.605          0.605          0.605
     20/04/2010          0.000          0.000          0.423          0.424          0.427          0.428          0.431          0.437          0.437          0.437          0.437          0.437          0.605          0.605          0.605          0.605          0.605
     21/04/2010          0.000          0.000          0.423          0.424          0.427          0.428          0.431          0.437          0.437          0.437          0.437          0.437          0.605          0.605          0.605          0.605          0.605
     22/04/2010          0.000          0.000          0.423          0.424          0.427          0.428          0.431          0.437          0.437          0.437          0.437          0.437          0.605          0.605          0.605          0.605          0.605
     23/04/2010          0.000          0.000          0.423          0.424          0.427          0.428          0.431          0.437          0.437          0.437          0.437          0.437          0.605          0.605          0.605          0.605          0.605
     24/04/2010          0.000          0.000          0.423          0.424          0.427          0.428          0.431          0.437          0.437          0.437          0.437          0.437          0.605          0.605          0.605          0.605          0.605
     25/04/2010          0.000          0.000          0.423          0.424          0.427          0.428          0.431          0.437          0.437          0.437          0.437          0.437          0.605          0.605          0.605          0.605          0.605
     26/04/2010          0.000          0.000          0.423          0.424          0.427          0.428          0.431          0.437          0.437          0.437          0.437          0.437          0.605          0.605          0.605          0.605          0.605
     27/04/2010          0.000          0.000          0.423          0.424          0.427          0.428          0.431          0.437          0.437          0.437          0.437          0.437          0.605          0.605          0.605          0.605          0.605
     28/04/2010          0.000          0.000          0.423          0.424          0.427          0.428          0.431          0.437          0.437          0.437          0.437          0.437          0.605          0.605          0.605          0.605          0.605
     29/04/2010          0.000          0.000          0.423          0.424          0.427          0.428          0.431          0.437          0.437          0.437          0.437          0.437          0.605          0.605          0.605          0.605          0.605
     30/04/2010          0.000          0.000          0.423          0.423          0.427          0.428          0.431          0.437          0.437          0.437          0.437          0.437          0.605          0.605          0.605          0.605          0.605
     01/05/2010          0.000          0.000          0.423          0.423          0.427          0.428          0.431          0.437          0.437          0.437          0.437          0.437          0.605          0.605          0.605          0.605          0.605
     02/05/2010          0.000          0.000          0.423          0.423          0.427          0.427          0.430          0.437          0.437          0.437          0.437          0.437          0.605          0.605          0.605          0.605          0.605
     03/05/2010          0.000          0.000          0.423          0.423          0.427          0.427          0.430          0.437          0.437          0.437          0.437          0.437          0.605          0.605          0.605          0.605          0.605
     04/05/2010          0.000          0.000          0.423          0.423          0.427          0.427          0.430          0.437          0.437          0.437          0.437          0.437          0.605          0.605          0.605          0.605          0.605
     05/05/2010          0.000          0.000          0.422          0.423          0.427          0.427          0.430          0.437          0.437          0.437          0.437          0.437          0.605          0.605          0.605          0.605          0.605
     06/05/2010          0.000          0.000          0.422          0.423          0.427          0.427          0.430          0.437          0.437          0.437          0.437          0.437          0.605          0.605          0.605          0.605          0.605
     07/05/2010          0.000          0.000          0.422          0.423          0.427          0.427          0.430          0.437          0.437          0.437          0.437          0.437          0.605          0.605          0.605          0.605          0.605
     08/05/2010          0.000          0.000          0.422          0.423          0.427          0.427          0.430          0.437          0.437          0.437          0.437          0.437          0.605          0.605          0.605          0.605          0.605
     09/05/2010          0.000          0.000          0.422          0.423          0.426          0.427          0.430          0.437          0.437          0.437          0.437          0.437          0.605          0.605          0.605          0.605          0.605
     10/05/2010          0.000          0.000          0.422          0.423          0.426          0.427          0.430          0.437          0.437          0.437          0.437          0.437          0.605          0.605          0.605          0.605          0.605
     11/05/2010          0.000          0.000          0.422          0.423          0.426          0.427          0.430          0.437          0.437          0.437          0.437          0.437          0.605          0.605          0.605          0.605          0.605
     12/05/2010          0.000          0.000          0.422          0.423          0.426          0.427          0.430          0.437          0.437          0.437          0.437          0.437          0.605          0.605          0.605          0.605          0.605
     13/05/2010          0.000          0.000          0.422          0.423          0.426          0.427          0.430          0.437          0.437          0.437          0.437          0.437          0.605          0.605          0.605          0.605          0.605
     14/05/2010          0.000          0.000          0.422          0.423          0.426          0.427          0.430          0.437          0.437          0.437          0.437          0.437          0.605          0.605          0.605          0.605          0.605
     15/05/2010          0.000          0.000          0.422          0.423          0.426          0.427          0.430          0.437          0.437          0.437          0.437          0.437          0.605          0.605          0.605          0.605          0.605
     16/05/2010          0.000          0.000          0.422          0.423          0.426          0.427          0.430          0.437          0.437          0.437          0.437          0.437          0.605          0.605          0.605          0.605          0.605
     17/05/2010          0.000          0.000          0.422          0.423          0.426          0.427          0.430          0.437          0.437          0.437          0.437          0.437          0.605          0.605          0.605          0.605          0.605
     18/05/2010          0.000          0.000          0.422          0.423          0.426          0.427          0.430          0.437          0.437          0.437          0.437          0.437          0.605          0.605          0.605          0.605          0.605
     19/05/2010          0.000          0.000          0.422          0.423          0.426          0.427          0.430          0.437          0.437          0.437          0.437          0.437          0.605          0.605          0.605          0.605          0.605
     20/05/2010          0.000          0.000          0.422          0.422          0.426          0.427          0.429          0.437          0.437          0.437          0.437          0.437          0.605          0.605          0.605          0.605          0.605
     21/05/2010          0.000          0.000          0.422          0.422          0.426          0.426          0.429          0.437          0.437          0.437          0.437          0.437          0.605          0.605          0.605          0.605          0.605
     22/05/2010          0.000          0.000          0.422          0.422          0.426          0.426          0.429          0.437          0.437          0.437          0.437          0.437          0.605          0.605          0.605          0.605          0.605
     23/05/2010          0.000          0.000          0.422          0.422          0.426          0.426          0.429          0.437          0.437          0.437          0.437          0.437          0.605          0.605          0.605          0.605          0.605
     24/05/2010          0.000          0.000          0.422          0.422          0.426          0.426          0.429          0.437          0.437          0.437          0.437          0.437          0.605          0.605          0.605          0.605          0.605
     25/05/2010          0.000          0.000          0.422          0.422          0.426          0.426          0.429          0.437          0.437          0.437          0.437          0.437          0.605          0.605          0.605          0.605          0.605
     26/05/2010          0.000          0.000          0.421          0.422          0.426          0.426          0.429          0.437          0.437          0.437          0.437          0.437          0.605          0.605          0.605          0.605          0.605
     27/05/2010          0.000          0.000          0.421          0.422          0.426          0.426          0.429          0.437          0.437          0.437          0.437          0.437          0.605          0.605          0.605          0.605          0.605
     28/05/2010          0.000          0.000          0.421          0.422          0.425          0.426          0.429          0.437          0.437          0.437          0.437          0.437          0.605          0.605          0.605          0.605          0.605
     29/05/2010          0.000          0.000          0.421          0.422          0.425          0.426          0.429          0.437          0.437          0.437          0.437          0.437          0.605          0.605          0.605          0.605          0.605
     30/05/2010          0.000          0.000          0.421          0.422          0.425          0.426          0.429          0.437          0.437          0.437          0.437          0.437          0.605          0.605          0.605          0.605          0.605
