ApsimVersion = 7.7
Title = swcon_Taupo971
           Date           rain             es    sw(6-10)(1)    sw(6-10)(2)    sw(6-10)(3)    sw(6-10)(4)    sw(6-10)(5)   dul(6-10)(1)   dul(6-10)(2)   dul(6-10)(3)   dul(6-10)(4)   dul(6-10)(5)   sat(6-10)(1)   sat(6-10)(2)   sat(6-10)(3)   sat(6-10)(4)   sat(6-10)(5)
   (dd/mm/yyyy)           (mm)           (mm)    (cm^3/cm^3)    (cm^3/cm^3)    (cm^3/cm^3)    (cm^3/cm^3)    (cm^3/cm^3)    (cm^3/cm^3)    (cm^3/cm^3)    (cm^3/cm^3)    (cm^3/cm^3)    (cm^3/cm^3)    (cm^3/cm^3)    (cm^3/cm^3)    (cm^3/cm^3)    (cm^3/cm^3)    (cm^3/cm^3)
     01/06/2009          0.000          0.584          0.212          0.212          0.212          0.212          0.212          0.212          0.212          0.212          0.212          0.212          0.545          0.545          0.545          0.545          0.545
     02/06/2009       3000.000          0.000          0.300          0.251          0.213          0.212          0.212          0.212          0.212          0.212          0.212          0.212          0.545          0.545          0.545          0.545          0.545
     03/06/2009       3000.000          0.000          0.371          0.370          0.322          0.284          0.218          0.212          0.212          0.212          0.212          0.212          0.545          0.545          0.545          0.545          0.545
     04/06/2009       3000.000          0.000          0.373          0.373          0.373          0.374          0.339          0.212          0.212          0.212          0.212          0.212          0.545          0.545          0.545          0.545          0.545
     05/06/2009       3000.000          0.000          0.373          0.373          0.373          0.373          0.374          0.212          0.212          0.212          0.212          0.212          0.545          0.545          0.545          0.545          0.545
     06/06/2009       3000.000          0.000          0.373          0.373          0.373          0.373          0.373          0.212          0.212          0.212          0.212          0.212          0.545          0.545          0.545          0.545          0.545
     07/06/2009       3000.000          0.000          0.373          0.373          0.373          0.373          0.373          0.212          0.212          0.212          0.212          0.212          0.545          0.545          0.545          0.545          0.545
     08/06/2009       3000.000          0.000          0.373          0.373          0.373          0.373          0.373          0.212          0.212          0.212          0.212          0.212          0.545          0.545          0.545          0.545          0.545
     09/06/2009       3000.000          0.000          0.373          0.373          0.373          0.373          0.373          0.212          0.212          0.212          0.212          0.212          0.545          0.545          0.545          0.545          0.545
     10/06/2009       3000.000          0.000          0.373          0.373          0.373          0.373          0.373          0.212          0.212          0.212          0.212          0.212          0.545          0.545          0.545          0.545          0.545
     11/06/2009       3000.000          0.000          0.373          0.373          0.373          0.373          0.373          0.212          0.212          0.212          0.212          0.212          0.545          0.545          0.545          0.545          0.545
     12/06/2009       3000.000          0.000          0.373          0.373          0.373          0.373          0.373          0.212          0.212          0.212          0.212          0.212          0.545          0.545          0.545          0.545          0.545
     13/06/2009       3000.000          0.000          0.373          0.373          0.373          0.373          0.373          0.212          0.212          0.212          0.212          0.212          0.545          0.545          0.545          0.545          0.545
     14/06/2009       3000.000          0.000          0.373          0.373          0.373          0.373          0.373          0.212          0.212          0.212          0.212          0.212          0.545          0.545          0.545          0.545          0.545
     15/06/2009       3000.000          0.000          0.373          0.373          0.373          0.373          0.373          0.212          0.212          0.212          0.212          0.212          0.545          0.545          0.545          0.545          0.545
     16/06/2009          0.000          0.000          0.331          0.335          0.344          0.346          0.352          0.212          0.212          0.212          0.212          0.212          0.545          0.545          0.545          0.545          0.545
     17/06/2009          0.000          0.000          0.311          0.314          0.324          0.327          0.333          0.212          0.212          0.212          0.212          0.212          0.545          0.545          0.545          0.545          0.545
     18/06/2009          0.000          0.000          0.299          0.302          0.312          0.314          0.321          0.212          0.212          0.212          0.212          0.212          0.545          0.545          0.545          0.545          0.545
     19/06/2009          0.000          0.000          0.291          0.294          0.303          0.306          0.313          0.212          0.212          0.212          0.212          0.212          0.545          0.545          0.545          0.545          0.545
     20/06/2009          0.000          0.000          0.285          0.287          0.297          0.299          0.306          0.212          0.212          0.212          0.212          0.212          0.545          0.545          0.545          0.545          0.545
     21/06/2009          0.000          0.000          0.280          0.282          0.292          0.294          0.301          0.212          0.212          0.212          0.212          0.212          0.545          0.545          0.545          0.545          0.545
     22/06/2009          0.000          0.000          0.276          0.278          0.287          0.289          0.296          0.212          0.212          0.212          0.212          0.212          0.545          0.545          0.545          0.545          0.545
     23/06/2009          0.000          0.000          0.272          0.274          0.284          0.285          0.292          0.212          0.212          0.212          0.212          0.212          0.545          0.545          0.545          0.545          0.545
     24/06/2009          0.000          0.000          0.269          0.271          0.280          0.282          0.289          0.212          0.212          0.212          0.212          0.212          0.545          0.545          0.545          0.545          0.545
     25/06/2009          0.000          0.000          0.266          0.268          0.277          0.279          0.286          0.212          0.212          0.212          0.212          0.212          0.545          0.545          0.545          0.545          0.545
     26/06/2009          0.000          0.000          0.264          0.266          0.275          0.276          0.283          0.212          0.212          0.212          0.212          0.212          0.545          0.545          0.545          0.545          0.545
     27/06/2009          0.000          0.000          0.261          0.263          0.272          0.274          0.281          0.212          0.212          0.212          0.212          0.212          0.545          0.545          0.545          0.545          0.545
     28/06/2009          0.000          0.000          0.259          0.261          0.270          0.272          0.278          0.212          0.212          0.212          0.212          0.212          0.545          0.545          0.545          0.545          0.545
     29/06/2009          0.000          0.000          0.257          0.259          0.268          0.270          0.276          0.212          0.212          0.212          0.212          0.212          0.545          0.545          0.545          0.545          0.545
     30/06/2009          0.000          0.000          0.256          0.258          0.266          0.268          0.274          0.212          0.212          0.212          0.212          0.212          0.545          0.545          0.545          0.545          0.545
     01/07/2009          0.000          0.000          0.254          0.256          0.264          0.266          0.272          0.212          0.212          0.212          0.212          0.212          0.545          0.545          0.545          0.545          0.545
     02/07/2009          0.000          0.000          0.253          0.254          0.263          0.264          0.271          0.212          0.212          0.212          0.212          0.212          0.545          0.545          0.545          0.545          0.545
     03/07/2009          0.000          0.000          0.251          0.253          0.261          0.263          0.269          0.212          0.212          0.212          0.212          0.212          0.545          0.545          0.545          0.545          0.545
     04/07/2009          0.000          0.000          0.250          0.252          0.260          0.261          0.268          0.212          0.212          0.212          0.212          0.212          0.545          0.545          0.545          0.545          0.545
     05/07/2009          0.000          0.000          0.249          0.251          0.259          0.260          0.266          0.212          0.212          0.212          0.212          0.212          0.545          0.545          0.545          0.545          0.545
     06/07/2009          0.000          0.000          0.248          0.249          0.257          0.259          0.265          0.212          0.212          0.212          0.212          0.212          0.545          0.545          0.545          0.545          0.545
     07/07/2009          0.000          0.000          0.246          0.248          0.256          0.257          0.264          0.212          0.212          0.212          0.212          0.212          0.545          0.545          0.545          0.545          0.545
     08/07/2009          0.000          0.000          0.245          0.247          0.255          0.256          0.262          0.212          0.212          0.212          0.212          0.212          0.545          0.545          0.545          0.545          0.545
     09/07/2009          0.000          0.000          0.244          0.246          0.254          0.255          0.261          0.212          0.212          0.212          0.212          0.212          0.545          0.545          0.545          0.545          0.545
     10/07/2009          0.000          0.000          0.243          0.245          0.253          0.254          0.260          0.212          0.212          0.212          0.212          0.212          0.545          0.545          0.545          0.545          0.545
     11/07/2009          0.000          0.000          0.242          0.244          0.252          0.253          0.259          0.212          0.212          0.212          0.212          0.212          0.545          0.545          0.545          0.545          0.545
     12/07/2009          0.000          0.000          0.242          0.243          0.251          0.252          0.258          0.212          0.212          0.212          0.212          0.212          0.545          0.545          0.545          0.545          0.545
     13/07/2009          0.000          0.000          0.241          0.242          0.250          0.251          0.257          0.212          0.212          0.212          0.212          0.212          0.545          0.545          0.545          0.545          0.545
     14/07/2009          0.000          0.000          0.240          0.242          0.249          0.251          0.256          0.212          0.212          0.212          0.212          0.212          0.545          0.545          0.545          0.545          0.545
     15/07/2009          0.000          0.000          0.239          0.241          0.248          0.250          0.255          0.212          0.212          0.212          0.212          0.212          0.545          0.545          0.545          0.545          0.545
     16/07/2009          0.000          0.000          0.238          0.240          0.248          0.249          0.255          0.212          0.212          0.212          0.212          0.212          0.545          0.545          0.545          0.545          0.545
     17/07/2009          0.000          0.000          0.238          0.239          0.247          0.248          0.254          0.212          0.212          0.212          0.212          0.212          0.545          0.545          0.545          0.545          0.545
     18/07/2009          0.000          0.000          0.237          0.239          0.246          0.247          0.253          0.212          0.212          0.212          0.212          0.212          0.545          0.545          0.545          0.545          0.545
     19/07/2009          0.000          0.000          0.236          0.238          0.245          0.247          0.252          0.212          0.212          0.212          0.212          0.212          0.545          0.545          0.545          0.545          0.545
     20/07/2009          0.000          0.000          0.236          0.237          0.245          0.246          0.252          0.212          0.212          0.212          0.212          0.212          0.545          0.545          0.545          0.545          0.545
     21/07/2009          0.000          0.000          0.235          0.237          0.244          0.245          0.251          0.212          0.212          0.212          0.212          0.212          0.545          0.545          0.545          0.545          0.545
     22/07/2009          0.000          0.000          0.234          0.236          0.243          0.244          0.250          0.212          0.212          0.212          0.212          0.212          0.545          0.545          0.545          0.545          0.545
     23/07/2009          0.000          0.000          0.234          0.235          0.243          0.244          0.249          0.212          0.212          0.212          0.212          0.212          0.545          0.545          0.545          0.545          0.545
     24/07/2009          0.000          0.000          0.233          0.235          0.242          0.243          0.249          0.212          0.212          0.212          0.212          0.212          0.545          0.545          0.545          0.545          0.545
     25/07/2009          0.000          0.000          0.233          0.234          0.241          0.243          0.248          0.212          0.212          0.212          0.212          0.212          0.545          0.545          0.545          0.545          0.545
     26/07/2009          0.000          0.000          0.232          0.234          0.241          0.242          0.248          0.212          0.212          0.212          0.212          0.212          0.545          0.545          0.545          0.545          0.545
     27/07/2009          0.000          0.000          0.232          0.233          0.240          0.241          0.247          0.212          0.212          0.212          0.212          0.212          0.545          0.545          0.545          0.545          0.545
     28/07/2009          0.000          0.000          0.231          0.233          0.240          0.241          0.246          0.212          0.212          0.212          0.212          0.212          0.545          0.545          0.545          0.545          0.545
     29/07/2009          0.000          0.000          0.231          0.232          0.239          0.240          0.246          0.212          0.212          0.212          0.212          0.212          0.545          0.545          0.545          0.545          0.545
     30/07/2009          0.000          0.000          0.230          0.232          0.239          0.240          0.245          0.212          0.212          0.212          0.212          0.212          0.545          0.545          0.545          0.545          0.545
     31/07/2009          0.000          0.000          0.230          0.231          0.238          0.239          0.245          0.212          0.212          0.212          0.212          0.212          0.545          0.545          0.545          0.545          0.545
     01/08/2009          0.000          0.000          0.229          0.231          0.238          0.239          0.244          0.212          0.212          0.212          0.212          0.212          0.545          0.545          0.545          0.545          0.545
     02/08/2009          0.000          0.000          0.229          0.230          0.237          0.238          0.244          0.212          0.212          0.212          0.212          0.212          0.545          0.545          0.545          0.545          0.545
     03/08/2009          0.000          0.000          0.228          0.230          0.237          0.238          0.243          0.212          0.212          0.212          0.212          0.212          0.545          0.545          0.545          0.545          0.545
     04/08/2009          0.000          0.000          0.228          0.229          0.236          0.237          0.243          0.212          0.212          0.212          0.212          0.212          0.545          0.545          0.545          0.545          0.545
     05/08/2009          0.000          0.000          0.227          0.229          0.236          0.237          0.242          0.212          0.212          0.212          0.212          0.212          0.545          0.545          0.545          0.545          0.545
     06/08/2009          0.000          0.000          0.227          0.228          0.235          0.236          0.242          0.212          0.212          0.212          0.212          0.212          0.545          0.545          0.545          0.545          0.545
     07/08/2009          0.000          0.000          0.227          0.228          0.235          0.236          0.241          0.212          0.212          0.212          0.212          0.212          0.545          0.545          0.545          0.545          0.545
     08/08/2009          0.000          0.000          0.226          0.228          0.234          0.235          0.241          0.212          0.212          0.212          0.212          0.212          0.545          0.545          0.545          0.545          0.545
     09/08/2009          0.000          0.000          0.226          0.227          0.234          0.235          0.240          0.212          0.212          0.212          0.212          0.212          0.545          0.545          0.545          0.545          0.545
     10/08/2009          0.000          0.000          0.225          0.227          0.234          0.235          0.240          0.212          0.212          0.212          0.212          0.212          0.545          0.545          0.545          0.545          0.545
     11/08/2009          0.000          0.000          0.225          0.227          0.233          0.234          0.240          0.212          0.212          0.212          0.212          0.212          0.545          0.545          0.545          0.545          0.545
     12/08/2009          0.000          0.000          0.225          0.226          0.233          0.234          0.239          0.212          0.212          0.212          0.212          0.212          0.545          0.545          0.545          0.545          0.545
     13/08/2009          0.000          0.000          0.224          0.226          0.232          0.233          0.239          0.212          0.212          0.212          0.212          0.212          0.545          0.545          0.545          0.545          0.545
     14/08/2009          0.000          0.000          0.224          0.225          0.232          0.233          0.238          0.212          0.212          0.212          0.212          0.212          0.545          0.545          0.545          0.545          0.545
     15/08/2009          0.000          0.000          0.224          0.225          0.232          0.233          0.238          0.212          0.212          0.212          0.212          0.212          0.545          0.545          0.545          0.545          0.545
     16/08/2009          0.000          0.000          0.223          0.225          0.231          0.232          0.238          0.212          0.212          0.212          0.212          0.212          0.545          0.545          0.545          0.545          0.545
     17/08/2009          0.000          0.000          0.223          0.224          0.231          0.232          0.237          0.212          0.212          0.212          0.212          0.212          0.545          0.545          0.545          0.545          0.545
     18/08/2009          0.000          0.000          0.223          0.224          0.231          0.232          0.237          0.212          0.212          0.212          0.212          0.212          0.545          0.545          0.545          0.545          0.545
     19/08/2009          0.000          0.000          0.222          0.224          0.230          0.231          0.236          0.212          0.212          0.212          0.212          0.212          0.545          0.545          0.545          0.545          0.545
     20/08/2009          0.000          0.000          0.222          0.223          0.230          0.231          0.236          0.212          0.212          0.212          0.212          0.212          0.545          0.545          0.545          0.545          0.545
     21/08/2009          0.000          0.000          0.222          0.223          0.229          0.231          0.236          0.212          0.212          0.212          0.212          0.212          0.545          0.545          0.545          0.545          0.545
     22/08/2009          0.000          0.000          0.222          0.223          0.229          0.230          0.235          0.212          0.212          0.212          0.212          0.212          0.545          0.545          0.545          0.545          0.545
     23/08/2009          0.000          0.000          0.221          0.223          0.229          0.230          0.235          0.212          0.212          0.212          0.212          0.212          0.545          0.545          0.545          0.545          0.545
     24/08/2009          0.000          0.000          0.221          0.222          0.229          0.230          0.235          0.212          0.212          0.212          0.212          0.212          0.545          0.545          0.545          0.545          0.545
     25/08/2009          0.000          0.000          0.221          0.222          0.228          0.229          0.234          0.212          0.212          0.212          0.212          0.212          0.545          0.545          0.545          0.545          0.545
     26/08/2009          0.000          0.000          0.220          0.222          0.228          0.229          0.234          0.212          0.212          0.212          0.212          0.212          0.545          0.545          0.545          0.545          0.545
     27/08/2009          0.000          0.000          0.220          0.221          0.228          0.229          0.234          0.212          0.212          0.212          0.212          0.212          0.545          0.545          0.545          0.545          0.545
     28/08/2009          0.000          0.000          0.220          0.221          0.227          0.228          0.233          0.212          0.212          0.212          0.212          0.212          0.545          0.545          0.545          0.545          0.545
     29/08/2009          0.000          0.000          0.220          0.221          0.227          0.228          0.233          0.212          0.212          0.212          0.212          0.212          0.545          0.545          0.545          0.545          0.545
     30/08/2009          0.000          0.000          0.219          0.221          0.227          0.228          0.233          0.212          0.212          0.212          0.212          0.212          0.545          0.545          0.545          0.545          0.545
     31/08/2009          0.000          0.000          0.219          0.220          0.226          0.228          0.232          0.212          0.212          0.212          0.212          0.212          0.545          0.545          0.545          0.545          0.545
     01/09/2009          0.000          0.000          0.219          0.220          0.226          0.227          0.232          0.212          0.212          0.212          0.212          0.212          0.545          0.545          0.545          0.545          0.545
     02/09/2009          0.000          0.000          0.219          0.220          0.226          0.227          0.232          0.212          0.212          0.212          0.212          0.212          0.545          0.545          0.545          0.545          0.545
     03/09/2009          0.000          0.000          0.218          0.220          0.226          0.227          0.232          0.212          0.212          0.212          0.212          0.212          0.545          0.545          0.545          0.545          0.545
     04/09/2009          0.000          0.000          0.218          0.219          0.225          0.226          0.231          0.212          0.212          0.212          0.212          0.212          0.545          0.545          0.545          0.545          0.545
     05/09/2009          0.000          0.000          0.218          0.219          0.225          0.226          0.231          0.212          0.212          0.212          0.212          0.212          0.545          0.545          0.545          0.545          0.545
     06/09/2009          0.000          0.000          0.218          0.219          0.225          0.226          0.231          0.212          0.212          0.212          0.212          0.212          0.545          0.545          0.545          0.545          0.545
     07/09/2009          0.000          0.000          0.217          0.219          0.225          0.226          0.230          0.212          0.212          0.212          0.212          0.212          0.545          0.545          0.545          0.545          0.545
     08/09/2009          0.000          0.000          0.217          0.218          0.224          0.225          0.230          0.212          0.212          0.212          0.212          0.212          0.545          0.545          0.545          0.545          0.545
     09/09/2009          0.000          0.000          0.217          0.218          0.224          0.225          0.230          0.212          0.212          0.212          0.212          0.212          0.545          0.545          0.545          0.545          0.545
     10/09/2009          0.000          0.000          0.217          0.218          0.224          0.225          0.230          0.212          0.212          0.212          0.212          0.212          0.545          0.545          0.545          0.545          0.545
     11/09/2009          0.000          0.000          0.217          0.218          0.224          0.225          0.229          0.212          0.212          0.212          0.212          0.212          0.545          0.545          0.545          0.545          0.545
     12/09/2009          0.000          0.000          0.216          0.218          0.223          0.224          0.229          0.212          0.212          0.212          0.212          0.212          0.545          0.545          0.545          0.545          0.545
     13/09/2009          0.000          0.000          0.216          0.217          0.223          0.224          0.229          0.212          0.212          0.212          0.212          0.212          0.545          0.545          0.545          0.545          0.545
     14/09/2009          0.000          0.000          0.216          0.217          0.223          0.224          0.229          0.212          0.212          0.212          0.212          0.212          0.545          0.545          0.545          0.545          0.545
     15/09/2009          0.000          0.000          0.216          0.217          0.223          0.224          0.228          0.212          0.212          0.212          0.212          0.212          0.545          0.545          0.545          0.545          0.545
     16/09/2009          0.000          0.000          0.216          0.217          0.222          0.223          0.228          0.212          0.212          0.212          0.212          0.212          0.545          0.545          0.545          0.545          0.545
     17/09/2009          0.000          0.000          0.215          0.217          0.222          0.223          0.228          0.212          0.212          0.212          0.212          0.212          0.545          0.545          0.545          0.545          0.545
     18/09/2009          0.000          0.000          0.215          0.216          0.222          0.223          0.228          0.212          0.212          0.212          0.212          0.212          0.545          0.545          0.545          0.545          0.545
     19/09/2009          0.000          0.000          0.215          0.216          0.222          0.223          0.228          0.212          0.212          0.212          0.212          0.212          0.545          0.545          0.545          0.545          0.545
     20/09/2009          0.000          0.000          0.215          0.216          0.222          0.223          0.227          0.212          0.212          0.212          0.212          0.212          0.545          0.545          0.545          0.545          0.545
     21/09/2009          0.000          0.000          0.215          0.216          0.221          0.222          0.227          0.212          0.212          0.212          0.212          0.212          0.545          0.545          0.545          0.545          0.545
     22/09/2009          0.000          0.000          0.214          0.216          0.221          0.222          0.227          0.212          0.212          0.212          0.212          0.212          0.545          0.545          0.545          0.545          0.545
     23/09/2009          0.000          0.000          0.214          0.215          0.221          0.222          0.227          0.212          0.212          0.212          0.212          0.212          0.545          0.545          0.545          0.545          0.545
     24/09/2009          0.000          0.000          0.214          0.215          0.221          0.222          0.226          0.212          0.212          0.212          0.212          0.212          0.545          0.545          0.545          0.545          0.545
     25/09/2009          0.000          0.000          0.214          0.215          0.221          0.222          0.226          0.212          0.212          0.212          0.212          0.212          0.545          0.545          0.545          0.545          0.545
     26/09/2009          0.000          0.000          0.214          0.215          0.220          0.221          0.226          0.212          0.212          0.212          0.212          0.212          0.545          0.545          0.545          0.545          0.545
     27/09/2009          0.000          0.000          0.214          0.215          0.220          0.221          0.226          0.212          0.212          0.212          0.212          0.212          0.545          0.545          0.545          0.545          0.545
     28/09/2009          0.000          0.000          0.213          0.214          0.220          0.221          0.226          0.212          0.212          0.212          0.212          0.212          0.545          0.545          0.545          0.545          0.545
     29/09/2009          0.000          0.000          0.213          0.214          0.220          0.221          0.225          0.212          0.212          0.212          0.212          0.212          0.545          0.545          0.545          0.545          0.545
     30/09/2009          0.000          0.000          0.213          0.214          0.220          0.221          0.225          0.212          0.212          0.212          0.212          0.212          0.545          0.545          0.545          0.545          0.545
     01/10/2009          0.000          0.000          0.213          0.214          0.219          0.220          0.225          0.212          0.212          0.212          0.212          0.212          0.545          0.545          0.545          0.545          0.545
     02/10/2009          0.000          0.000          0.213          0.214          0.219          0.220          0.225          0.212          0.212          0.212          0.212          0.212          0.545          0.545          0.545          0.545          0.545
     03/10/2009          0.000          0.000          0.213          0.214          0.219          0.220          0.225          0.212          0.212          0.212          0.212          0.212          0.545          0.545          0.545          0.545          0.545
     04/10/2009          0.000          0.000          0.212          0.213          0.219          0.220          0.224          0.212          0.212          0.212          0.212          0.212          0.545          0.545          0.545          0.545          0.545
     05/10/2009          0.000          0.000          0.212          0.213          0.219          0.220          0.224          0.212          0.212          0.212          0.212          0.212          0.545          0.545          0.545          0.545          0.545
     06/10/2009          0.000          0.000          0.212          0.213          0.218          0.219          0.224          0.212          0.212          0.212          0.212          0.212          0.545          0.545          0.545          0.545          0.545
     07/10/2009          0.000          0.000          0.212          0.213          0.218          0.219          0.224          0.212          0.212          0.212          0.212          0.212          0.545          0.545          0.545          0.545          0.545
     08/10/2009          0.000          0.000          0.212          0.213          0.218          0.219          0.224          0.212          0.212          0.212          0.212          0.212          0.545          0.545          0.545          0.545          0.545
     09/10/2009          0.000          0.000          0.212          0.213          0.218          0.219          0.223          0.212          0.212          0.212          0.212          0.212          0.545          0.545          0.545          0.545          0.545
     10/10/2009          0.000          0.000          0.211          0.213          0.218          0.219          0.223          0.212          0.212          0.212          0.212          0.212          0.545          0.545          0.545          0.545          0.545
     11/10/2009          0.000          0.000          0.211          0.212          0.218          0.219          0.223          0.212          0.212          0.212          0.212          0.212          0.545          0.545          0.545          0.545          0.545
     12/10/2009          0.000          0.000          0.211          0.212          0.217          0.218          0.223          0.212          0.212          0.212          0.212          0.212          0.545          0.545          0.545          0.545          0.545
     13/10/2009          0.000          0.000          0.211          0.212          0.217          0.218          0.223          0.212          0.212          0.212          0.212          0.212          0.545          0.545          0.545          0.545          0.545
     14/10/2009          0.000          0.000          0.211          0.212          0.217          0.218          0.222          0.212          0.212          0.212          0.212          0.212          0.545          0.545          0.545          0.545          0.545
     15/10/2009          0.000          0.000          0.211          0.212          0.217          0.218          0.222          0.212          0.212          0.212          0.212          0.212          0.545          0.545          0.545          0.545          0.545
     16/10/2009          0.000          0.000          0.211          0.212          0.217          0.218          0.222          0.212          0.212          0.212          0.212          0.212          0.545          0.545          0.545          0.545          0.545
     17/10/2009          0.000          0.000          0.210          0.212          0.217          0.218          0.222          0.212          0.212          0.212          0.212          0.212          0.545          0.545          0.545          0.545          0.545
     18/10/2009          0.000          0.000          0.210          0.211          0.216          0.217          0.222          0.212          0.212          0.212          0.212          0.212          0.545          0.545          0.545          0.545          0.545
     19/10/2009          0.000          0.000          0.210          0.211          0.216          0.217          0.222          0.212          0.212          0.212          0.212          0.212          0.545          0.545          0.545          0.545          0.545
     20/10/2009          0.000          0.000          0.210          0.211          0.216          0.217          0.221          0.212          0.212          0.212          0.212          0.212          0.545          0.545          0.545          0.545          0.545
     21/10/2009          0.000          0.000          0.210          0.211          0.216          0.217          0.221          0.212          0.212          0.212          0.212          0.212          0.545          0.545          0.545          0.545          0.545
     22/10/2009          0.000          0.000          0.210          0.211          0.216          0.217          0.221          0.212          0.212          0.212          0.212          0.212          0.545          0.545          0.545          0.545          0.545
     23/10/2009          0.000          0.000          0.210          0.211          0.216          0.217          0.221          0.212          0.212          0.212          0.212          0.212          0.545          0.545          0.545          0.545          0.545
     24/10/2009          0.000          0.000          0.209          0.211          0.216          0.216          0.221          0.212          0.212          0.212          0.212          0.212          0.545          0.545          0.545          0.545          0.545
     25/10/2009          0.000          0.000          0.209          0.210          0.215          0.216          0.221          0.212          0.212          0.212          0.212          0.212          0.545          0.545          0.545          0.545          0.545
     26/10/2009          0.000          0.000          0.209          0.210          0.215          0.216          0.220          0.212          0.212          0.212          0.212          0.212          0.545          0.545          0.545          0.545          0.545
     27/10/2009          0.000          0.000          0.209          0.210          0.215          0.216          0.220          0.212          0.212          0.212          0.212          0.212          0.545          0.545          0.545          0.545          0.545
     28/10/2009          0.000          0.000          0.209          0.210          0.215          0.216          0.220          0.212          0.212          0.212          0.212          0.212          0.545          0.545          0.545          0.545          0.545
     29/10/2009          0.000          0.000          0.209          0.210          0.215          0.216          0.220          0.212          0.212          0.212          0.212          0.212          0.545          0.545          0.545          0.545          0.545
     30/10/2009          0.000          0.000          0.209          0.210          0.215          0.216          0.220          0.212          0.212          0.212          0.212          0.212          0.545          0.545          0.545          0.545          0.545
     31/10/2009          0.000          0.000          0.209          0.210          0.215          0.215          0.220          0.212          0.212          0.212          0.212          0.212          0.545          0.545          0.545          0.545          0.545
     01/11/2009          0.000          0.000          0.208          0.210          0.214          0.215          0.220          0.212          0.212          0.212          0.212          0.212          0.545          0.545          0.545          0.545          0.545
     02/11/2009          0.000          0.000          0.208          0.209          0.214          0.215          0.219          0.212          0.212          0.212          0.212          0.212          0.545          0.545          0.545          0.545          0.545
     03/11/2009          0.000          0.000          0.208          0.209          0.214          0.215          0.219          0.212          0.212          0.212          0.212          0.212          0.545          0.545          0.545          0.545          0.545
     04/11/2009          0.000          0.000          0.208          0.209          0.214          0.215          0.219          0.212          0.212          0.212          0.212          0.212          0.545          0.545          0.545          0.545          0.545
     05/11/2009          0.000          0.000          0.208          0.209          0.214          0.215          0.219          0.212          0.212          0.212          0.212          0.212          0.545          0.545          0.545          0.545          0.545
     06/11/2009          0.000          0.000          0.208          0.209          0.214          0.215          0.219          0.212          0.212          0.212          0.212          0.212          0.545          0.545          0.545          0.545          0.545
     07/11/2009          0.000          0.000          0.208          0.209          0.214          0.214          0.219          0.212          0.212          0.212          0.212          0.212          0.545          0.545          0.545          0.545          0.545
     08/11/2009          0.000          0.000          0.208          0.209          0.213          0.214          0.219          0.212          0.212          0.212          0.212          0.212          0.545          0.545          0.545          0.545          0.545
     09/11/2009          0.000          0.000          0.208          0.209          0.213          0.214          0.218          0.212          0.212          0.212          0.212          0.212          0.545          0.545          0.545          0.545          0.545
     10/11/2009          0.000          0.000          0.207          0.208          0.213          0.214          0.218          0.212          0.212          0.212          0.212          0.212          0.545          0.545          0.545          0.545          0.545
     11/11/2009          0.000          0.000          0.207          0.208          0.213          0.214          0.218          0.212          0.212          0.212          0.212          0.212          0.545          0.545          0.545          0.545          0.545
     12/11/2009          0.000          0.000          0.207          0.208          0.213          0.214          0.218          0.212          0.212          0.212          0.212          0.212          0.545          0.545          0.545          0.545          0.545
     13/11/2009          0.000          0.000          0.207          0.208          0.213          0.214          0.218          0.212          0.212          0.212          0.212          0.212          0.545          0.545          0.545          0.545          0.545
     14/11/2009          0.000          0.000          0.207          0.208          0.213          0.214          0.218          0.212          0.212          0.212          0.212          0.212          0.545          0.545          0.545          0.545          0.545
     15/11/2009          0.000          0.000          0.207          0.208          0.213          0.213          0.218          0.212          0.212          0.212          0.212          0.212          0.545          0.545          0.545          0.545          0.545
     16/11/2009          0.000          0.000          0.207          0.208          0.213          0.213          0.217          0.212          0.212          0.212          0.212          0.212          0.545          0.545          0.545          0.545          0.545
     17/11/2009          0.000          0.000          0.207          0.208          0.212          0.213          0.217          0.212          0.212          0.212          0.212          0.212          0.545          0.545          0.545          0.545          0.545
     18/11/2009          0.000          0.000          0.207          0.208          0.212          0.213          0.217          0.212          0.212          0.212          0.212          0.212          0.545          0.545          0.545          0.545          0.545
     19/11/2009          0.000          0.000          0.206          0.207          0.212          0.213          0.217          0.212          0.212          0.212          0.212          0.212          0.545          0.545          0.545          0.545          0.545
     20/11/2009          0.000          0.000          0.206          0.207          0.212          0.213          0.217          0.212          0.212          0.212          0.212          0.212          0.545          0.545          0.545          0.545          0.545
     21/11/2009          0.000          0.000          0.206          0.207          0.212          0.213          0.217          0.212          0.212          0.212          0.212          0.212          0.545          0.545          0.545          0.545          0.545
     22/11/2009          0.000          0.000          0.206          0.207          0.212          0.213          0.217          0.212          0.212          0.212          0.212          0.212          0.545          0.545          0.545          0.545          0.545
     23/11/2009          0.000          0.000          0.206          0.207          0.212          0.213          0.217          0.212          0.212          0.212          0.212          0.212          0.545          0.545          0.545          0.545          0.545
     24/11/2009          0.000          0.000          0.206          0.207          0.212          0.212          0.216          0.212          0.212          0.212          0.212          0.212          0.545          0.545          0.545          0.545          0.545
     25/11/2009          0.000          0.000          0.206          0.207          0.211          0.212          0.216          0.212          0.212          0.212          0.212          0.212          0.545          0.545          0.545          0.545          0.545
     26/11/2009          0.000          0.000          0.206          0.207          0.211          0.212          0.216          0.212          0.212          0.212          0.212          0.212          0.545          0.545          0.545          0.545          0.545
     27/11/2009          0.000          0.000          0.206          0.207          0.211          0.212          0.216          0.212          0.212          0.212          0.212          0.212          0.545          0.545          0.545          0.545          0.545
     28/11/2009          0.000          0.000          0.206          0.207          0.211          0.212          0.216          0.212          0.212          0.212          0.212          0.212          0.545          0.545          0.545          0.545          0.545
     29/11/2009          0.000          0.000          0.205          0.206          0.211          0.212          0.216          0.212          0.212          0.212          0.212          0.212          0.545          0.545          0.545          0.545          0.545
     30/11/2009          0.000          0.000          0.205          0.206          0.211          0.212          0.216          0.212          0.212          0.212          0.212          0.212          0.545          0.545          0.545          0.545          0.545
     01/12/2009          0.000          0.000          0.205          0.206          0.211          0.212          0.216          0.212          0.212          0.212          0.212          0.212          0.545          0.545          0.545          0.545          0.545
     02/12/2009          0.000          0.000          0.205          0.206          0.211          0.212          0.215          0.212          0.212          0.212          0.212          0.212          0.545          0.545          0.545          0.545          0.545
     03/12/2009          0.000          0.000          0.205          0.206          0.211          0.211          0.215          0.212          0.212          0.212          0.212          0.212          0.545          0.545          0.545          0.545          0.545
     04/12/2009          0.000          0.000          0.205          0.206          0.210          0.211          0.215          0.212          0.212          0.212          0.212          0.212          0.545          0.545          0.545          0.545          0.545
     05/12/2009          0.000          0.000          0.205          0.206          0.210          0.211          0.215          0.212          0.212          0.212          0.212          0.212          0.545          0.545          0.545          0.545          0.545
     06/12/2009          0.000          0.000          0.205          0.206          0.210          0.211          0.215          0.212          0.212          0.212          0.212          0.212          0.545          0.545          0.545          0.545          0.545
     07/12/2009          0.000          0.000          0.205          0.206          0.210          0.211          0.215          0.212          0.212          0.212          0.212          0.212          0.545          0.545          0.545          0.545          0.545
     08/12/2009          0.000          0.000          0.205          0.206          0.210          0.211          0.215          0.212          0.212          0.212          0.212          0.212          0.545          0.545          0.545          0.545          0.545
     09/12/2009          0.000          0.000          0.204          0.205          0.210          0.211          0.215          0.212          0.212          0.212          0.212          0.212          0.545          0.545          0.545          0.545          0.545
     10/12/2009          0.000          0.000          0.204          0.205          0.210          0.211          0.215          0.212          0.212          0.212          0.212          0.212          0.545          0.545          0.545          0.545          0.545
     11/12/2009          0.000          0.000          0.204          0.205          0.210          0.211          0.214          0.212          0.212          0.212          0.212          0.212          0.545          0.545          0.545          0.545          0.545
     12/12/2009          0.000          0.000          0.204          0.205          0.210          0.210          0.214          0.212          0.212          0.212          0.212          0.212          0.545          0.545          0.545          0.545          0.545
     13/12/2009          0.000          0.000          0.204          0.205          0.210          0.210          0.214          0.212          0.212          0.212          0.212          0.212          0.545          0.545          0.545          0.545          0.545
     14/12/2009          0.000          0.000          0.204          0.205          0.209          0.210          0.214          0.212          0.212          0.212          0.212          0.212          0.545          0.545          0.545          0.545          0.545
     15/12/2009          0.000          0.000          0.204          0.205          0.209          0.210          0.214          0.212          0.212          0.212          0.212          0.212          0.545          0.545          0.545          0.545          0.545
     16/12/2009          0.000          0.000          0.204          0.205          0.209          0.210          0.214          0.212          0.212          0.212          0.212          0.212          0.545          0.545          0.545          0.545          0.545
     17/12/2009          0.000          0.000          0.204          0.205          0.209          0.210          0.214          0.212          0.212          0.212          0.212          0.212          0.545          0.545          0.545          0.545          0.545
     18/12/2009          0.000          0.000          0.204          0.205          0.209          0.210          0.214          0.212          0.212          0.212          0.212          0.212          0.545          0.545          0.545          0.545          0.545
     19/12/2009          0.000          0.000          0.204          0.204          0.209          0.210          0.214          0.212          0.212          0.212          0.212          0.212          0.545          0.545          0.545          0.545          0.545
     20/12/2009          0.000          0.000          0.203          0.204          0.209          0.210          0.213          0.212          0.212          0.212          0.212          0.212          0.545          0.545          0.545          0.545          0.545
     21/12/2009          0.000          0.000          0.203          0.204          0.209          0.210          0.213          0.212          0.212          0.212          0.212          0.212          0.545          0.545          0.545          0.545          0.545
     22/12/2009          0.000          0.000          0.203          0.204          0.209          0.210          0.213          0.212          0.212          0.212          0.212          0.212          0.545          0.545          0.545          0.545          0.545
     23/12/2009          0.000          0.000          0.203          0.204          0.209          0.209          0.213          0.212          0.212          0.212          0.212          0.212          0.545          0.545          0.545          0.545          0.545
     24/12/2009          0.000          0.000          0.203          0.204          0.209          0.209          0.213          0.212          0.212          0.212          0.212          0.212          0.545          0.545          0.545          0.545          0.545
     25/12/2009          0.000          0.000          0.203          0.204          0.208          0.209          0.213          0.212          0.212          0.212          0.212          0.212          0.545          0.545          0.545          0.545          0.545
     26/12/2009          0.000          0.000          0.203          0.204          0.208          0.209          0.213          0.212          0.212          0.212          0.212          0.212          0.545          0.545          0.545          0.545          0.545
     27/12/2009          0.000          0.000          0.203          0.204          0.208          0.209          0.213          0.212          0.212          0.212          0.212          0.212          0.545          0.545          0.545          0.545          0.545
     28/12/2009          0.000          0.000          0.203          0.204          0.208          0.209          0.213          0.212          0.212          0.212          0.212          0.212          0.545          0.545          0.545          0.545          0.545
     29/12/2009          0.000          0.000          0.203          0.204          0.208          0.209          0.213          0.212          0.212          0.212          0.212          0.212          0.545          0.545          0.545          0.545          0.545
     30/12/2009          0.000          0.000          0.203          0.204          0.208          0.209          0.212          0.212          0.212          0.212          0.212          0.212          0.545          0.545          0.545          0.545          0.545
     31/12/2009          0.000          0.000          0.203          0.203          0.208          0.209          0.212          0.212          0.212          0.212          0.212          0.212          0.545          0.545          0.545          0.545          0.545
     01/01/2010          0.000          0.000          0.202          0.203          0.208          0.209          0.212          0.212          0.212          0.212          0.212          0.212          0.545          0.545          0.545          0.545          0.545
     02/01/2010          0.000          0.000          0.202          0.203          0.208          0.208          0.212          0.212          0.212          0.212          0.212          0.212          0.545          0.545          0.545          0.545          0.545
     03/01/2010          0.000          0.000          0.202          0.203          0.208          0.208          0.212          0.212          0.212          0.212          0.212          0.212          0.545          0.545          0.545          0.545          0.545
     04/01/2010          0.000          0.000          0.202          0.203          0.208          0.208          0.212          0.212          0.212          0.212          0.212          0.212          0.545          0.545          0.545          0.545          0.545
     05/01/2010          0.000          0.000          0.202          0.203          0.207          0.208          0.212          0.212          0.212          0.212          0.212          0.212          0.545          0.545          0.545          0.545          0.545
     06/01/2010          0.000          0.000          0.202          0.203          0.207          0.208          0.212          0.212          0.212          0.212          0.212          0.212          0.545          0.545          0.545          0.545          0.545
     07/01/2010          0.000          0.000          0.202          0.203          0.207          0.208          0.212          0.212          0.212          0.212          0.212          0.212          0.545          0.545          0.545          0.545          0.545
     08/01/2010          0.000          0.000          0.202          0.203          0.207          0.208          0.212          0.212          0.212          0.212          0.212          0.212          0.545          0.545          0.545          0.545          0.545
     09/01/2010          0.000          0.000          0.202          0.203          0.207          0.208          0.212          0.212          0.212          0.212          0.212          0.212          0.545          0.545          0.545          0.545          0.545
     10/01/2010          0.000          0.000          0.202          0.203          0.207          0.208          0.211          0.212          0.212          0.212          0.212          0.212          0.545          0.545          0.545          0.545          0.545
     11/01/2010          0.000          0.000          0.202          0.203          0.207          0.208          0.211          0.212          0.212          0.212          0.212          0.212          0.545          0.545          0.545          0.545          0.545
     12/01/2010          0.000          0.000          0.202          0.202          0.207          0.208          0.211          0.212          0.212          0.212          0.212          0.212          0.545          0.545          0.545          0.545          0.545
     13/01/2010          0.000          0.000          0.201          0.202          0.207          0.208          0.211          0.212          0.212          0.212          0.212          0.212          0.545          0.545          0.545          0.545          0.545
     14/01/2010          0.000          0.000          0.201          0.202          0.207          0.207          0.211          0.212          0.212          0.212          0.212          0.212          0.545          0.545          0.545          0.545          0.545
     15/01/2010          0.000          0.000          0.201          0.202          0.207          0.207          0.211          0.212          0.212          0.212          0.212          0.212          0.545          0.545          0.545          0.545          0.545
     16/01/2010          0.000          0.000          0.201          0.202          0.207          0.207          0.211          0.212          0.212          0.212          0.212          0.212          0.545          0.545          0.545          0.545          0.545
     17/01/2010          0.000          0.000          0.201          0.202          0.206          0.207          0.211          0.212          0.212          0.212          0.212          0.212          0.545          0.545          0.545          0.545          0.545
     18/01/2010          0.000          0.000          0.201          0.202          0.206          0.207          0.211          0.212          0.212          0.212          0.212          0.212          0.545          0.545          0.545          0.545          0.545
     19/01/2010          0.000          0.000          0.201          0.202          0.206          0.207          0.211          0.212          0.212          0.212          0.212          0.212          0.545          0.545          0.545          0.545          0.545
     20/01/2010          0.000          0.000          0.201          0.202          0.206          0.207          0.211          0.212          0.212          0.212          0.212          0.212          0.545          0.545          0.545          0.545          0.545
     21/01/2010          0.000          0.000          0.201          0.202          0.206          0.207          0.211          0.212          0.212          0.212          0.212          0.212          0.545          0.545          0.545          0.545          0.545
     22/01/2010          0.000          0.000          0.201          0.202          0.206          0.207          0.210          0.212          0.212          0.212          0.212          0.212          0.545          0.545          0.545          0.545          0.545
     23/01/2010          0.000          0.000          0.201          0.202          0.206          0.207          0.210          0.212          0.212          0.212          0.212          0.212          0.545          0.545          0.545          0.545          0.545
     24/01/2010          0.000          0.000          0.201          0.202          0.206          0.207          0.210          0.212          0.212          0.212          0.212          0.212          0.545          0.545          0.545          0.545          0.545
     25/01/2010          0.000          0.000          0.201          0.201          0.206          0.207          0.210          0.212          0.212          0.212          0.212          0.212          0.545          0.545          0.545          0.545          0.545
     26/01/2010          0.000          0.000          0.201          0.201          0.206          0.206          0.210          0.212          0.212          0.212          0.212          0.212          0.545          0.545          0.545          0.545          0.545
     27/01/2010          0.000          0.000          0.200          0.201          0.206          0.206          0.210          0.212          0.212          0.212          0.212          0.212          0.545          0.545          0.545          0.545          0.545
     28/01/2010          0.000          0.000          0.200          0.201          0.206          0.206          0.210          0.212          0.212          0.212          0.212          0.212          0.545          0.545          0.545          0.545          0.545
     29/01/2010          0.000          0.000          0.200          0.201          0.205          0.206          0.210          0.212          0.212          0.212          0.212          0.212          0.545          0.545          0.545          0.545          0.545
     30/01/2010          0.000          0.000          0.200          0.201          0.205          0.206          0.210          0.212          0.212          0.212          0.212          0.212          0.545          0.545          0.545          0.545          0.545
     31/01/2010          0.000          0.000          0.200          0.201          0.205          0.206          0.210          0.212          0.212          0.212          0.212          0.212          0.545          0.545          0.545          0.545          0.545
     01/02/2010          0.000          0.000          0.200          0.201          0.205          0.206          0.210          0.212          0.212          0.212          0.212          0.212          0.545          0.545          0.545          0.545          0.545
     02/02/2010          0.000          0.000          0.200          0.201          0.205          0.206          0.210          0.212          0.212          0.212          0.212          0.212          0.545          0.545          0.545          0.545          0.545
     03/02/2010          0.000          0.000          0.200          0.201          0.205          0.206          0.209          0.212          0.212          0.212          0.212          0.212          0.545          0.545          0.545          0.545          0.545
     04/02/2010          0.000          0.000          0.200          0.201          0.205          0.206          0.209          0.212          0.212          0.212          0.212          0.212          0.545          0.545          0.545          0.545          0.545
     05/02/2010          0.000          0.000          0.200          0.201          0.205          0.206          0.209          0.212          0.212          0.212          0.212          0.212          0.545          0.545          0.545          0.545          0.545
     06/02/2010          0.000          0.000          0.200          0.201          0.205          0.206          0.209          0.212          0.212          0.212          0.212          0.212          0.545          0.545          0.545          0.545          0.545
     07/02/2010          0.000          0.000          0.200          0.201          0.205          0.206          0.209          0.212          0.212          0.212          0.212          0.212          0.545          0.545          0.545          0.545          0.545
     08/02/2010          0.000          0.000          0.200          0.201          0.205          0.205          0.209          0.212          0.212          0.212          0.212          0.212          0.545          0.545          0.545          0.545          0.545
     09/02/2010          0.000          0.000          0.200          0.200          0.205          0.205          0.209          0.212          0.212          0.212          0.212          0.212          0.545          0.545          0.545          0.545          0.545
     10/02/2010          0.000          0.000          0.199          0.200          0.205          0.205          0.209          0.212          0.212          0.212          0.212          0.212          0.545          0.545          0.545          0.545          0.545
     11/02/2010          0.000          0.000          0.199          0.200          0.205          0.205          0.209          0.212          0.212          0.212          0.212          0.212          0.545          0.545          0.545          0.545          0.545
     12/02/2010          0.000          0.000          0.199          0.200          0.204          0.205          0.209          0.212          0.212          0.212          0.212          0.212          0.545          0.545          0.545          0.545          0.545
     13/02/2010          0.000          0.000          0.199          0.200          0.204          0.205          0.209          0.212          0.212          0.212          0.212          0.212          0.545          0.545          0.545          0.545          0.545
     14/02/2010          0.000          0.000          0.199          0.200          0.204          0.205          0.209          0.212          0.212          0.212          0.212          0.212          0.545          0.545          0.545          0.545          0.545
     15/02/2010          0.000          0.000          0.199          0.200          0.204          0.205          0.209          0.212          0.212          0.212          0.212          0.212          0.545          0.545          0.545          0.545          0.545
     16/02/2010          0.000          0.000          0.199          0.200          0.204          0.205          0.208          0.212          0.212          0.212          0.212          0.212          0.545          0.545          0.545          0.545          0.545
     17/02/2010          0.000          0.000          0.199          0.200          0.204          0.205          0.208          0.212          0.212          0.212          0.212          0.212          0.545          0.545          0.545          0.545          0.545
     18/02/2010          0.000          0.000          0.199          0.200          0.204          0.205          0.208          0.212          0.212          0.212          0.212          0.212          0.545          0.545          0.545          0.545          0.545
     19/02/2010          0.000          0.000          0.199          0.200          0.204          0.205          0.208          0.212          0.212          0.212          0.212          0.212          0.545          0.545          0.545          0.545          0.545
     20/02/2010          0.000          0.000          0.199          0.200          0.204          0.205          0.208          0.212          0.212          0.212          0.212          0.212          0.545          0.545          0.545          0.545          0.545
     21/02/2010          0.000          0.000          0.199          0.200          0.204          0.205          0.208          0.212          0.212          0.212          0.212          0.212          0.545          0.545          0.545          0.545          0.545
     22/02/2010          0.000          0.000          0.199          0.200          0.204          0.204          0.208          0.212          0.212          0.212          0.212          0.212          0.545          0.545          0.545          0.545          0.545
     23/02/2010          0.000          0.000          0.199          0.200          0.204          0.204          0.208          0.212          0.212          0.212          0.212          0.212          0.545          0.545          0.545          0.545          0.545
     24/02/2010          0.000          0.000          0.199          0.199          0.204          0.204          0.208          0.212          0.212          0.212          0.212          0.212          0.545          0.545          0.545          0.545          0.545
     25/02/2010          0.000          0.000          0.198          0.199          0.204          0.204          0.208          0.212          0.212          0.212          0.212          0.212          0.545          0.545          0.545          0.545          0.545
     26/02/2010          0.000          0.000          0.198          0.199          0.203          0.204          0.208          0.212          0.212          0.212          0.212          0.212          0.545          0.545          0.545          0.545          0.545
     27/02/2010          0.000          0.000          0.198          0.199          0.203          0.204          0.208          0.212          0.212          0.212          0.212          0.212          0.545          0.545          0.545          0.545          0.545
     28/02/2010          0.000          0.000          0.198          0.199          0.203          0.204          0.208          0.212          0.212          0.212          0.212          0.212          0.545          0.545          0.545          0.545          0.545
     01/03/2010          0.000          0.000          0.198          0.199          0.203          0.204          0.208          0.212          0.212          0.212          0.212          0.212          0.545          0.545          0.545          0.545          0.545
     02/03/2010          0.000          0.000          0.198          0.199          0.203          0.204          0.207          0.212          0.212          0.212          0.212          0.212          0.545          0.545          0.545          0.545          0.545
     03/03/2010          0.000          0.000          0.198          0.199          0.203          0.204          0.207          0.212          0.212          0.212          0.212          0.212          0.545          0.545          0.545          0.545          0.545
     04/03/2010          0.000          0.000          0.198          0.199          0.203          0.204          0.207          0.212          0.212          0.212          0.212          0.212          0.545          0.545          0.545          0.545          0.545
     05/03/2010          0.000          0.000          0.198          0.199          0.203          0.204          0.207          0.212          0.212          0.212          0.212          0.212          0.545          0.545          0.545          0.545          0.545
     06/03/2010          0.000          0.000          0.198          0.199          0.203          0.204          0.207          0.212          0.212          0.212          0.212          0.212          0.545          0.545          0.545          0.545          0.545
     07/03/2010          0.000          0.000          0.198          0.199          0.203          0.204          0.207          0.212          0.212          0.212          0.212          0.212          0.545          0.545          0.545          0.545          0.545
     08/03/2010          0.000          0.000          0.198          0.199          0.203          0.204          0.207          0.212          0.212          0.212          0.212          0.212          0.545          0.545          0.545          0.545          0.545
     09/03/2010          0.000          0.000          0.198          0.199          0.203          0.203          0.207          0.212          0.212          0.212          0.212          0.212          0.545          0.545          0.545          0.545          0.545
     10/03/2010          0.000          0.000          0.198          0.199          0.203          0.203          0.207          0.212          0.212          0.212          0.212          0.212          0.545          0.545          0.545          0.545          0.545
     11/03/2010          0.000          0.000          0.198          0.199          0.203          0.203          0.207          0.212          0.212          0.212          0.212          0.212          0.545          0.545          0.545          0.545          0.545
     12/03/2010          0.000          0.000          0.198          0.198          0.203          0.203          0.207          0.212          0.212          0.212          0.212          0.212          0.545          0.545          0.545          0.545          0.545
     13/03/2010          0.000          0.000          0.198          0.198          0.202          0.203          0.207          0.212          0.212          0.212          0.212          0.212          0.545          0.545          0.545          0.545          0.545
     14/03/2010          0.000          0.000          0.197          0.198          0.202          0.203          0.207          0.212          0.212          0.212          0.212          0.212          0.545          0.545          0.545          0.545          0.545
     15/03/2010          0.000          0.000          0.197          0.198          0.202          0.203          0.207          0.212          0.212          0.212          0.212          0.212          0.545          0.545          0.545          0.545          0.545
     16/03/2010          0.000          0.000          0.197          0.198          0.202          0.203          0.206          0.212          0.212          0.212          0.212          0.212          0.545          0.545          0.545          0.545          0.545
     17/03/2010          0.000          0.000          0.197          0.198          0.202          0.203          0.206          0.212          0.212          0.212          0.212          0.212          0.545          0.545          0.545          0.545          0.545
     18/03/2010          0.000          0.000          0.197          0.198          0.202          0.203          0.206          0.212          0.212          0.212          0.212          0.212          0.545          0.545          0.545          0.545          0.545
     19/03/2010          0.000          0.000          0.197          0.198          0.202          0.203          0.206          0.212          0.212          0.212          0.212          0.212          0.545          0.545          0.545          0.545          0.545
     20/03/2010          0.000          0.000          0.197          0.198          0.202          0.203          0.206          0.212          0.212          0.212          0.212          0.212          0.545          0.545          0.545          0.545          0.545
     21/03/2010          0.000          0.000          0.197          0.198          0.202          0.203          0.206          0.212          0.212          0.212          0.212          0.212          0.545          0.545          0.545          0.545          0.545
     22/03/2010          0.000          0.000          0.197          0.198          0.202          0.203          0.206          0.212          0.212          0.212          0.212          0.212          0.545          0.545          0.545          0.545          0.545
     23/03/2010          0.000          0.000          0.197          0.198          0.202          0.203          0.206          0.212          0.212          0.212          0.212          0.212          0.545          0.545          0.545          0.545          0.545
     24/03/2010          0.000          0.000          0.197          0.198          0.202          0.203          0.206          0.212          0.212          0.212          0.212          0.212          0.545          0.545          0.545          0.545          0.545
     25/03/2010          0.000          0.000          0.197          0.198          0.202          0.202          0.206          0.212          0.212          0.212          0.212          0.212          0.545          0.545          0.545          0.545          0.545
     26/03/2010          0.000          0.000          0.197          0.198          0.202          0.202          0.206          0.212          0.212          0.212          0.212          0.212          0.545          0.545          0.545          0.545          0.545
     27/03/2010          0.000          0.000          0.197          0.198          0.202          0.202          0.206          0.212          0.212          0.212          0.212          0.212          0.545          0.545          0.545          0.545          0.545
     28/03/2010          0.000          0.000          0.197          0.198          0.202          0.202          0.206          0.212          0.212          0.212          0.212          0.212          0.545          0.545          0.545          0.545          0.545
     29/03/2010          0.000          0.000          0.197          0.197          0.201          0.202          0.206          0.212          0.212          0.212          0.212          0.212          0.545          0.545          0.545          0.545          0.545
     30/03/2010          0.000          0.000          0.197          0.197          0.201          0.202          0.206          0.212          0.212          0.212          0.212          0.212          0.545          0.545          0.545          0.545          0.545
     31/03/2010          0.000          0.000          0.197          0.197          0.201          0.202          0.206          0.212          0.212          0.212          0.212          0.212          0.545          0.545          0.545          0.545          0.545
     01/04/2010          0.000          0.000          0.196          0.197          0.201          0.202          0.205          0.212          0.212          0.212          0.212          0.212          0.545          0.545          0.545          0.545          0.545
     02/04/2010          0.000          0.000          0.196          0.197          0.201          0.202          0.205          0.212          0.212          0.212          0.212          0.212          0.545          0.545          0.545          0.545          0.545
     03/04/2010          0.000          0.000          0.196          0.197          0.201          0.202          0.205          0.212          0.212          0.212          0.212          0.212          0.545          0.545          0.545          0.545          0.545
     04/04/2010          0.000          0.000          0.196          0.197          0.201          0.202          0.205          0.212          0.212          0.212          0.212          0.212          0.545          0.545          0.545          0.545          0.545
     05/04/2010          0.000          0.000          0.196          0.197          0.201          0.202          0.205          0.212          0.212          0.212          0.212          0.212          0.545          0.545          0.545          0.545          0.545
     06/04/2010          0.000          0.000          0.196          0.197          0.201          0.202          0.205          0.212          0.212          0.212          0.212          0.212          0.545          0.545          0.545          0.545          0.545
     07/04/2010          0.000          0.000          0.196          0.197          0.201          0.202          0.205          0.212          0.212          0.212          0.212          0.212          0.545          0.545          0.545          0.545          0.545
     08/04/2010          0.000          0.000          0.196          0.197          0.201          0.202          0.205          0.212          0.212          0.212          0.212          0.212          0.545          0.545          0.545          0.545          0.545
     09/04/2010          0.000          0.000          0.196          0.197          0.201          0.202          0.205          0.212          0.212          0.212          0.212          0.212          0.545          0.545          0.545          0.545          0.545
     10/04/2010          0.000          0.000          0.196          0.197          0.201          0.201          0.205          0.212          0.212          0.212          0.212          0.212          0.545          0.545          0.545          0.545          0.545
     11/04/2010          0.000          0.000          0.196          0.197          0.201          0.201          0.205          0.212          0.212          0.212          0.212          0.212          0.545          0.545          0.545          0.545          0.545
     12/04/2010          0.000          0.000          0.196          0.197          0.201          0.201          0.205          0.212          0.212          0.212          0.212          0.212          0.545          0.545          0.545          0.545          0.545
     13/04/2010          0.000          0.000          0.196          0.197          0.201          0.201          0.205          0.212          0.212          0.212          0.212          0.212          0.545          0.545          0.545          0.545          0.545
     14/04/2010          0.000          0.000          0.196          0.197          0.201          0.201          0.205          0.212          0.212          0.212          0.212          0.212          0.545          0.545          0.545          0.545          0.545
     15/04/2010          0.000          0.000          0.196          0.197          0.201          0.201          0.205          0.212          0.212          0.212          0.212          0.212          0.545          0.545          0.545          0.545          0.545
     16/04/2010          0.000          0.000          0.196          0.196          0.200          0.201          0.205          0.212          0.212          0.212          0.212          0.212          0.545          0.545          0.545          0.545          0.545
     17/04/2010          0.000          0.000          0.196          0.196          0.200          0.201          0.204          0.212          0.212          0.212          0.212          0.212          0.545          0.545          0.545          0.545          0.545
     18/04/2010          0.000          0.000          0.196          0.196          0.200          0.201          0.204          0.212          0.212          0.212          0.212          0.212          0.545          0.545          0.545          0.545          0.545
     19/04/2010          0.000          0.000          0.196          0.196          0.200          0.201          0.204          0.212          0.212          0.212          0.212          0.212          0.545          0.545          0.545          0.545          0.545
     20/04/2010          0.000          0.000          0.195          0.196          0.200          0.201          0.204          0.212          0.212          0.212          0.212          0.212          0.545          0.545          0.545          0.545          0.545
     21/04/2010          0.000          0.000          0.195          0.196          0.200          0.201          0.204          0.212          0.212          0.212          0.212          0.212          0.545          0.545          0.545          0.545          0.545
     22/04/2010          0.000          0.000          0.195          0.196          0.200          0.201          0.204          0.212          0.212          0.212          0.212          0.212          0.545          0.545          0.545          0.545          0.545
     23/04/2010          0.000          0.000          0.195          0.196          0.200          0.201          0.204          0.212          0.212          0.212          0.212          0.212          0.545          0.545          0.545          0.545          0.545
     24/04/2010          0.000          0.000          0.195          0.196          0.200          0.201          0.204          0.212          0.212          0.212          0.212          0.212          0.545          0.545          0.545          0.545          0.545
     25/04/2010          0.000          0.000          0.195          0.196          0.200          0.201          0.204          0.212          0.212          0.212          0.212          0.212          0.545          0.545          0.545          0.545          0.545
     26/04/2010          0.000          0.000          0.195          0.196          0.200          0.201          0.204          0.212          0.212          0.212          0.212          0.212          0.545          0.545          0.545          0.545          0.545
     27/04/2010          0.000          0.000          0.195          0.196          0.200          0.201          0.204          0.212          0.212          0.212          0.212          0.212          0.545          0.545          0.545          0.545          0.545
     28/04/2010          0.000          0.000          0.195          0.196          0.200          0.200          0.204          0.212          0.212          0.212          0.212          0.212          0.545          0.545          0.545          0.545          0.545
     29/04/2010          0.000          0.000          0.195          0.196          0.200          0.200          0.204          0.212          0.212          0.212          0.212          0.212          0.545          0.545          0.545          0.545          0.545
     30/04/2010          0.000          0.000          0.195          0.196          0.200          0.200          0.204          0.212          0.212          0.212          0.212          0.212          0.545          0.545          0.545          0.545          0.545
     01/05/2010          0.000          0.000          0.195          0.196          0.200          0.200          0.204          0.212          0.212          0.212          0.212          0.212          0.545          0.545          0.545          0.545          0.545
     02/05/2010          0.000          0.000          0.195          0.196          0.200          0.200          0.204          0.212          0.212          0.212          0.212          0.212          0.545          0.545          0.545          0.545          0.545
     03/05/2010          0.000          0.000          0.195          0.196          0.200          0.200          0.204          0.212          0.212          0.212          0.212          0.212          0.545          0.545          0.545          0.545          0.545
     04/05/2010          0.000          0.000          0.195          0.196          0.199          0.200          0.203          0.212          0.212          0.212          0.212          0.212          0.545          0.545          0.545          0.545          0.545
     05/05/2010          0.000          0.000          0.195          0.196          0.199          0.200          0.203          0.212          0.212          0.212          0.212          0.212          0.545          0.545          0.545          0.545          0.545
     06/05/2010          0.000          0.000          0.195          0.195          0.199          0.200          0.203          0.212          0.212          0.212          0.212          0.212          0.545          0.545          0.545          0.545          0.545
     07/05/2010          0.000          0.000          0.195          0.195          0.199          0.200          0.203          0.212          0.212          0.212          0.212          0.212          0.545          0.545          0.545          0.545          0.545
     08/05/2010          0.000          0.000          0.195          0.195          0.199          0.200          0.203          0.212          0.212          0.212          0.212          0.212          0.545          0.545          0.545          0.545          0.545
     09/05/2010          0.000          0.000          0.195          0.195          0.199          0.200          0.203          0.212          0.212          0.212          0.212          0.212          0.545          0.545          0.545          0.545          0.545
     10/05/2010          0.000          0.000          0.194          0.195          0.199          0.200          0.203          0.212          0.212          0.212          0.212          0.212          0.545          0.545          0.545          0.545          0.545
     11/05/2010          0.000          0.000          0.194          0.195          0.199          0.200          0.203          0.212          0.212          0.212          0.212          0.212          0.545          0.545          0.545          0.545          0.545
     12/05/2010          0.000          0.000          0.194          0.195          0.199          0.200          0.203          0.212          0.212          0.212          0.212          0.212          0.545          0.545          0.545          0.545          0.545
     13/05/2010          0.000          0.000          0.194          0.195          0.199          0.200          0.203          0.212          0.212          0.212          0.212          0.212          0.545          0.545          0.545          0.545          0.545
     14/05/2010          0.000          0.000          0.194          0.195          0.199          0.200          0.203          0.212          0.212          0.212          0.212          0.212          0.545          0.545          0.545          0.545          0.545
     15/05/2010          0.000          0.000          0.194          0.195          0.199          0.200          0.203          0.212          0.212          0.212          0.212          0.212          0.545          0.545          0.545          0.545          0.545
     16/05/2010          0.000          0.000          0.194          0.195          0.199          0.200          0.203          0.212          0.212          0.212          0.212          0.212          0.545          0.545          0.545          0.545          0.545
     17/05/2010          0.000          0.000          0.194          0.195          0.199          0.199          0.203          0.212          0.212          0.212          0.212          0.212          0.545          0.545          0.545          0.545          0.545
     18/05/2010          0.000          0.000          0.194          0.195          0.199          0.199          0.203          0.212          0.212          0.212          0.212          0.212          0.545          0.545          0.545          0.545          0.545
     19/05/2010          0.000          0.000          0.194          0.195          0.199          0.199          0.203          0.212          0.212          0.212          0.212          0.212          0.545          0.545          0.545          0.545          0.545
     20/05/2010          0.000          0.000          0.194          0.195          0.199          0.199          0.203          0.212          0.212          0.212          0.212          0.212          0.545          0.545          0.545          0.545          0.545
     21/05/2010          0.000          0.000          0.194          0.195          0.199          0.199          0.203          0.212          0.212          0.212          0.212          0.212          0.545          0.545          0.545          0.545          0.545
     22/05/2010          0.000          0.000          0.194          0.195          0.199          0.199          0.203          0.212          0.212          0.212          0.212          0.212          0.545          0.545          0.545          0.545          0.545
     23/05/2010          0.000          0.000          0.194          0.195          0.199          0.199          0.202          0.212          0.212          0.212          0.212          0.212          0.545          0.545          0.545          0.545          0.545
     24/05/2010          0.000          0.000          0.194          0.195          0.198          0.199          0.202          0.212          0.212          0.212          0.212          0.212          0.545          0.545          0.545          0.545          0.545
     25/05/2010          0.000          0.000          0.194          0.195          0.198          0.199          0.202          0.212          0.212          0.212          0.212          0.212          0.545          0.545          0.545          0.545          0.545
     26/05/2010          0.000          0.000          0.194          0.195          0.198          0.199          0.202          0.212          0.212          0.212          0.212          0.212          0.545          0.545          0.545          0.545          0.545
     27/05/2010          0.000          0.000          0.194          0.194          0.198          0.199          0.202          0.212          0.212          0.212          0.212          0.212          0.545          0.545          0.545          0.545          0.545
     28/05/2010          0.000          0.000          0.194          0.194          0.198          0.199          0.202          0.212          0.212          0.212          0.212          0.212          0.545          0.545          0.545          0.545          0.545
     29/05/2010          0.000          0.000          0.194          0.194          0.198          0.199          0.202          0.212          0.212          0.212          0.212          0.212          0.545          0.545          0.545          0.545          0.545
     30/05/2010          0.000          0.000          0.194          0.194          0.198          0.199          0.202          0.212          0.212          0.212          0.212          0.212          0.545          0.545          0.545          0.545          0.545
