ApsimVersion = 7.7
Title = swcon_Glasnevin131
           Date           rain             es    sw(6-10)(1)    sw(6-10)(2)    sw(6-10)(3)    sw(6-10)(4)    sw(6-10)(5)   dul(6-10)(1)   dul(6-10)(2)   dul(6-10)(3)   dul(6-10)(4)   dul(6-10)(5)   sat(6-10)(1)   sat(6-10)(2)   sat(6-10)(3)   sat(6-10)(4)   sat(6-10)(5)
   (dd/mm/yyyy)           (mm)           (mm)    (cm^3/cm^3)    (cm^3/cm^3)    (cm^3/cm^3)    (cm^3/cm^3)    (cm^3/cm^3)    (cm^3/cm^3)    (cm^3/cm^3)    (cm^3/cm^3)    (cm^3/cm^3)    (cm^3/cm^3)    (cm^3/cm^3)    (cm^3/cm^3)    (cm^3/cm^3)    (cm^3/cm^3)    (cm^3/cm^3)
     01/06/2009          0.000          0.584          0.157          0.157          0.157          0.157          0.157          0.157          0.157          0.157          0.157          0.157          0.217          0.217          0.217          0.217          0.217
     02/06/2009       3000.000          0.000          0.210          0.210          0.210          0.211          0.207          0.157          0.157          0.157          0.157          0.157          0.217          0.217          0.217          0.217          0.217
     03/06/2009       3000.000          0.000          0.209          0.209          0.209          0.209          0.209          0.157          0.157          0.157          0.157          0.157          0.217          0.217          0.217          0.217          0.217
     04/06/2009       3000.000          0.000          0.209          0.209          0.209          0.209          0.209          0.157          0.157          0.157          0.157          0.157          0.217          0.217          0.217          0.217          0.217
     05/06/2009       3000.000          0.000          0.209          0.209          0.209          0.209          0.209          0.157          0.157          0.157          0.157          0.157          0.217          0.217          0.217          0.217          0.217
     06/06/2009       3000.000          0.000          0.209          0.209          0.209          0.209          0.209          0.157          0.157          0.157          0.157          0.157          0.217          0.217          0.217          0.217          0.217
     07/06/2009       3000.000          0.000          0.209          0.209          0.209          0.209          0.209          0.157          0.157          0.157          0.157          0.157          0.217          0.217          0.217          0.217          0.217
     08/06/2009       3000.000          0.000          0.209          0.209          0.209          0.209          0.209          0.157          0.157          0.157          0.157          0.157          0.217          0.217          0.217          0.217          0.217
     09/06/2009       3000.000          0.000          0.209          0.209          0.209          0.209          0.209          0.157          0.157          0.157          0.157          0.157          0.217          0.217          0.217          0.217          0.217
     10/06/2009       3000.000          0.000          0.209          0.209          0.209          0.209          0.209          0.157          0.157          0.157          0.157          0.157          0.217          0.217          0.217          0.217          0.217
     11/06/2009       3000.000          0.000          0.209          0.209          0.209          0.209          0.209          0.157          0.157          0.157          0.157          0.157          0.217          0.217          0.217          0.217          0.217
     12/06/2009       3000.000          0.000          0.209          0.209          0.209          0.209          0.209          0.157          0.157          0.157          0.157          0.157          0.217          0.217          0.217          0.217          0.217
     13/06/2009       3000.000          0.000          0.209          0.209          0.209          0.209          0.209          0.157          0.157          0.157          0.157          0.157          0.217          0.217          0.217          0.217          0.217
     14/06/2009       3000.000          0.000          0.209          0.209          0.209          0.209          0.209          0.157          0.157          0.157          0.157          0.157          0.217          0.217          0.217          0.217          0.217
     15/06/2009       3000.000          0.000          0.209          0.209          0.209          0.209          0.209          0.157          0.157          0.157          0.157          0.157          0.217          0.217          0.217          0.217          0.217
     16/06/2009          0.000          0.000          0.189          0.190          0.192          0.193          0.195          0.157          0.157          0.157          0.157          0.157          0.217          0.217          0.217          0.217          0.217
     17/06/2009          0.000          0.000          0.182          0.183          0.186          0.187          0.189          0.157          0.157          0.157          0.157          0.157          0.217          0.217          0.217          0.217          0.217
     18/06/2009          0.000          0.000          0.179          0.180          0.183          0.183          0.185          0.157          0.157          0.157          0.157          0.157          0.217          0.217          0.217          0.217          0.217
     19/06/2009          0.000          0.000          0.177          0.177          0.180          0.181          0.183          0.157          0.157          0.157          0.157          0.157          0.217          0.217          0.217          0.217          0.217
     20/06/2009          0.000          0.000          0.175          0.175          0.178          0.179          0.181          0.157          0.157          0.157          0.157          0.157          0.217          0.217          0.217          0.217          0.217
     21/06/2009          0.000          0.000          0.173          0.174          0.176          0.177          0.179          0.157          0.157          0.157          0.157          0.157          0.217          0.217          0.217          0.217          0.217
     22/06/2009          0.000          0.000          0.172          0.172          0.175          0.175          0.178          0.157          0.157          0.157          0.157          0.157          0.217          0.217          0.217          0.217          0.217
     23/06/2009          0.000          0.000          0.170          0.171          0.174          0.174          0.176          0.157          0.157          0.157          0.157          0.157          0.217          0.217          0.217          0.217          0.217
     24/06/2009          0.000          0.000          0.169          0.170          0.173          0.173          0.175          0.157          0.157          0.157          0.157          0.157          0.217          0.217          0.217          0.217          0.217
     25/06/2009          0.000          0.000          0.168          0.169          0.172          0.172          0.174          0.157          0.157          0.157          0.157          0.157          0.217          0.217          0.217          0.217          0.217
     26/06/2009          0.000          0.000          0.168          0.168          0.171          0.171          0.173          0.157          0.157          0.157          0.157          0.157          0.217          0.217          0.217          0.217          0.217
     27/06/2009          0.000          0.000          0.167          0.168          0.170          0.171          0.173          0.157          0.157          0.157          0.157          0.157          0.217          0.217          0.217          0.217          0.217
     28/06/2009          0.000          0.000          0.166          0.167          0.169          0.170          0.172          0.157          0.157          0.157          0.157          0.157          0.217          0.217          0.217          0.217          0.217
     29/06/2009          0.000          0.000          0.166          0.166          0.169          0.169          0.171          0.157          0.157          0.157          0.157          0.157          0.217          0.217          0.217          0.217          0.217
     30/06/2009          0.000          0.000          0.165          0.166          0.168          0.169          0.171          0.157          0.157          0.157          0.157          0.157          0.217          0.217          0.217          0.217          0.217
     01/07/2009          0.000          0.000          0.165          0.165          0.168          0.168          0.170          0.157          0.157          0.157          0.157          0.157          0.217          0.217          0.217          0.217          0.217
     02/07/2009          0.000          0.000          0.164          0.165          0.167          0.168          0.169          0.157          0.157          0.157          0.157          0.157          0.217          0.217          0.217          0.217          0.217
     03/07/2009          0.000          0.000          0.164          0.165          0.167          0.167          0.169          0.157          0.157          0.157          0.157          0.157          0.217          0.217          0.217          0.217          0.217
     04/07/2009          0.000          0.000          0.164          0.164          0.166          0.167          0.168          0.157          0.157          0.157          0.157          0.157          0.217          0.217          0.217          0.217          0.217
     05/07/2009          0.000          0.000          0.163          0.164          0.166          0.166          0.168          0.157          0.157          0.157          0.157          0.157          0.217          0.217          0.217          0.217          0.217
     06/07/2009          0.000          0.000          0.163          0.163          0.166          0.166          0.168          0.157          0.157          0.157          0.157          0.157          0.217          0.217          0.217          0.217          0.217
     07/07/2009          0.000          0.000          0.163          0.163          0.165          0.166          0.167          0.157          0.157          0.157          0.157          0.157          0.217          0.217          0.217          0.217          0.217
     08/07/2009          0.000          0.000          0.162          0.163          0.165          0.165          0.167          0.157          0.157          0.157          0.157          0.157          0.217          0.217          0.217          0.217          0.217
     09/07/2009          0.000          0.000          0.162          0.162          0.164          0.165          0.167          0.157          0.157          0.157          0.157          0.157          0.217          0.217          0.217          0.217          0.217
     10/07/2009          0.000          0.000          0.162          0.162          0.164          0.165          0.166          0.157          0.157          0.157          0.157          0.157          0.217          0.217          0.217          0.217          0.217
     11/07/2009          0.000          0.000          0.161          0.162          0.164          0.164          0.166          0.157          0.157          0.157          0.157          0.157          0.217          0.217          0.217          0.217          0.217
     12/07/2009          0.000          0.000          0.161          0.162          0.164          0.164          0.166          0.157          0.157          0.157          0.157          0.157          0.217          0.217          0.217          0.217          0.217
     13/07/2009          0.000          0.000          0.161          0.161          0.163          0.164          0.165          0.157          0.157          0.157          0.157          0.157          0.217          0.217          0.217          0.217          0.217
     14/07/2009          0.000          0.000          0.161          0.161          0.163          0.163          0.165          0.157          0.157          0.157          0.157          0.157          0.217          0.217          0.217          0.217          0.217
     15/07/2009          0.000          0.000          0.160          0.161          0.163          0.163          0.165          0.157          0.157          0.157          0.157          0.157          0.217          0.217          0.217          0.217          0.217
     16/07/2009          0.000          0.000          0.160          0.161          0.162          0.163          0.164          0.157          0.157          0.157          0.157          0.157          0.217          0.217          0.217          0.217          0.217
     17/07/2009          0.000          0.000          0.160          0.160          0.162          0.163          0.164          0.157          0.157          0.157          0.157          0.157          0.217          0.217          0.217          0.217          0.217
     18/07/2009          0.000          0.000          0.160          0.160          0.162          0.162          0.164          0.157          0.157          0.157          0.157          0.157          0.217          0.217          0.217          0.217          0.217
     19/07/2009          0.000          0.000          0.160          0.160          0.162          0.162          0.164          0.157          0.157          0.157          0.157          0.157          0.217          0.217          0.217          0.217          0.217
     20/07/2009          0.000          0.000          0.159          0.160          0.162          0.162          0.164          0.157          0.157          0.157          0.157          0.157          0.217          0.217          0.217          0.217          0.217
     21/07/2009          0.000          0.000          0.159          0.160          0.161          0.162          0.163          0.157          0.157          0.157          0.157          0.157          0.217          0.217          0.217          0.217          0.217
     22/07/2009          0.000          0.000          0.159          0.159          0.161          0.161          0.163          0.157          0.157          0.157          0.157          0.157          0.217          0.217          0.217          0.217          0.217
     23/07/2009          0.000          0.000          0.159          0.159          0.161          0.161          0.163          0.157          0.157          0.157          0.157          0.157          0.217          0.217          0.217          0.217          0.217
     24/07/2009          0.000          0.000          0.159          0.159          0.161          0.161          0.163          0.157          0.157          0.157          0.157          0.157          0.217          0.217          0.217          0.217          0.217
     25/07/2009          0.000          0.000          0.158          0.159          0.161          0.161          0.162          0.157          0.157          0.157          0.157          0.157          0.217          0.217          0.217          0.217          0.217
     26/07/2009          0.000          0.000          0.158          0.159          0.160          0.161          0.162          0.157          0.157          0.157          0.157          0.157          0.217          0.217          0.217          0.217          0.217
     27/07/2009          0.000          0.000          0.158          0.158          0.160          0.161          0.162          0.157          0.157          0.157          0.157          0.157          0.217          0.217          0.217          0.217          0.217
     28/07/2009          0.000          0.000          0.158          0.158          0.160          0.160          0.162          0.157          0.157          0.157          0.157          0.157          0.217          0.217          0.217          0.217          0.217
     29/07/2009          0.000          0.000          0.158          0.158          0.160          0.160          0.162          0.157          0.157          0.157          0.157          0.157          0.217          0.217          0.217          0.217          0.217
     30/07/2009          0.000          0.000          0.158          0.158          0.160          0.160          0.162          0.157          0.157          0.157          0.157          0.157          0.217          0.217          0.217          0.217          0.217
     31/07/2009          0.000          0.000          0.158          0.158          0.160          0.160          0.161          0.157          0.157          0.157          0.157          0.157          0.217          0.217          0.217          0.217          0.217
     01/08/2009          0.000          0.000          0.157          0.158          0.159          0.160          0.161          0.157          0.157          0.157          0.157          0.157          0.217          0.217          0.217          0.217          0.217
     02/08/2009          0.000          0.000          0.157          0.158          0.159          0.160          0.161          0.157          0.157          0.157          0.157          0.157          0.217          0.217          0.217          0.217          0.217
     03/08/2009          0.000          0.000          0.157          0.157          0.159          0.159          0.161          0.157          0.157          0.157          0.157          0.157          0.217          0.217          0.217          0.217          0.217
     04/08/2009          0.000          0.000          0.157          0.157          0.159          0.159          0.161          0.157          0.157          0.157          0.157          0.157          0.217          0.217          0.217          0.217          0.217
     05/08/2009          0.000          0.000          0.157          0.157          0.159          0.159          0.161          0.157          0.157          0.157          0.157          0.157          0.217          0.217          0.217          0.217          0.217
     06/08/2009          0.000          0.000          0.157          0.157          0.159          0.159          0.160          0.157          0.157          0.157          0.157          0.157          0.217          0.217          0.217          0.217          0.217
     07/08/2009          0.000          0.000          0.157          0.157          0.159          0.159          0.160          0.157          0.157          0.157          0.157          0.157          0.217          0.217          0.217          0.217          0.217
     08/08/2009          0.000          0.000          0.157          0.157          0.158          0.159          0.160          0.157          0.157          0.157          0.157          0.157          0.217          0.217          0.217          0.217          0.217
     09/08/2009          0.000          0.000          0.156          0.157          0.158          0.159          0.160          0.157          0.157          0.157          0.157          0.157          0.217          0.217          0.217          0.217          0.217
     10/08/2009          0.000          0.000          0.156          0.157          0.158          0.158          0.160          0.157          0.157          0.157          0.157          0.157          0.217          0.217          0.217          0.217          0.217
     11/08/2009          0.000          0.000          0.156          0.157          0.158          0.158          0.160          0.157          0.157          0.157          0.157          0.157          0.217          0.217          0.217          0.217          0.217
     12/08/2009          0.000          0.000          0.156          0.156          0.158          0.158          0.160          0.157          0.157          0.157          0.157          0.157          0.217          0.217          0.217          0.217          0.217
     13/08/2009          0.000          0.000          0.156          0.156          0.158          0.158          0.159          0.157          0.157          0.157          0.157          0.157          0.217          0.217          0.217          0.217          0.217
     14/08/2009          0.000          0.000          0.156          0.156          0.158          0.158          0.159          0.157          0.157          0.157          0.157          0.157          0.217          0.217          0.217          0.217          0.217
     15/08/2009          0.000          0.000          0.156          0.156          0.158          0.158          0.159          0.157          0.157          0.157          0.157          0.157          0.217          0.217          0.217          0.217          0.217
     16/08/2009          0.000          0.000          0.156          0.156          0.158          0.158          0.159          0.157          0.157          0.157          0.157          0.157          0.217          0.217          0.217          0.217          0.217
     17/08/2009          0.000          0.000          0.156          0.156          0.157          0.158          0.159          0.157          0.157          0.157          0.157          0.157          0.217          0.217          0.217          0.217          0.217
     18/08/2009          0.000          0.000          0.156          0.156          0.157          0.158          0.159          0.157          0.157          0.157          0.157          0.157          0.217          0.217          0.217          0.217          0.217
     19/08/2009          0.000          0.000          0.155          0.156          0.157          0.157          0.159          0.157          0.157          0.157          0.157          0.157          0.217          0.217          0.217          0.217          0.217
     20/08/2009          0.000          0.000          0.155          0.156          0.157          0.157          0.159          0.157          0.157          0.157          0.157          0.157          0.217          0.217          0.217          0.217          0.217
     21/08/2009          0.000          0.000          0.155          0.156          0.157          0.157          0.159          0.157          0.157          0.157          0.157          0.157          0.217          0.217          0.217          0.217          0.217
     22/08/2009          0.000          0.000          0.155          0.155          0.157          0.157          0.158          0.157          0.157          0.157          0.157          0.157          0.217          0.217          0.217          0.217          0.217
     23/08/2009          0.000          0.000          0.155          0.155          0.157          0.157          0.158          0.157          0.157          0.157          0.157          0.157          0.217          0.217          0.217          0.217          0.217
     24/08/2009          0.000          0.000          0.155          0.155          0.157          0.157          0.158          0.157          0.157          0.157          0.157          0.157          0.217          0.217          0.217          0.217          0.217
     25/08/2009          0.000          0.000          0.155          0.155          0.157          0.157          0.158          0.157          0.157          0.157          0.157          0.157          0.217          0.217          0.217          0.217          0.217
     26/08/2009          0.000          0.000          0.155          0.155          0.157          0.157          0.158          0.157          0.157          0.157          0.157          0.157          0.217          0.217          0.217          0.217          0.217
     27/08/2009          0.000          0.000          0.155          0.155          0.156          0.157          0.158          0.157          0.157          0.157          0.157          0.157          0.217          0.217          0.217          0.217          0.217
     28/08/2009          0.000          0.000          0.155          0.155          0.156          0.157          0.158          0.157          0.157          0.157          0.157          0.157          0.217          0.217          0.217          0.217          0.217
     29/08/2009          0.000          0.000          0.155          0.155          0.156          0.157          0.158          0.157          0.157          0.157          0.157          0.157          0.217          0.217          0.217          0.217          0.217
     30/08/2009          0.000          0.000          0.154          0.155          0.156          0.156          0.158          0.157          0.157          0.157          0.157          0.157          0.217          0.217          0.217          0.217          0.217
     31/08/2009          0.000          0.000          0.154          0.155          0.156          0.156          0.158          0.157          0.157          0.157          0.157          0.157          0.217          0.217          0.217          0.217          0.217
     01/09/2009          0.000          0.000          0.154          0.155          0.156          0.156          0.157          0.157          0.157          0.157          0.157          0.157          0.217          0.217          0.217          0.217          0.217
     02/09/2009          0.000          0.000          0.154          0.155          0.156          0.156          0.157          0.157          0.157          0.157          0.157          0.157          0.217          0.217          0.217          0.217          0.217
     03/09/2009          0.000          0.000          0.154          0.154          0.156          0.156          0.157          0.157          0.157          0.157          0.157          0.157          0.217          0.217          0.217          0.217          0.217
     04/09/2009          0.000          0.000          0.154          0.154          0.156          0.156          0.157          0.157          0.157          0.157          0.157          0.157          0.217          0.217          0.217          0.217          0.217
     05/09/2009          0.000          0.000          0.154          0.154          0.156          0.156          0.157          0.157          0.157          0.157          0.157          0.157          0.217          0.217          0.217          0.217          0.217
     06/09/2009          0.000          0.000          0.154          0.154          0.156          0.156          0.157          0.157          0.157          0.157          0.157          0.157          0.217          0.217          0.217          0.217          0.217
     07/09/2009          0.000          0.000          0.154          0.154          0.156          0.156          0.157          0.157          0.157          0.157          0.157          0.157          0.217          0.217          0.217          0.217          0.217
     08/09/2009          0.000          0.000          0.154          0.154          0.155          0.156          0.157          0.157          0.157          0.157          0.157          0.157          0.217          0.217          0.217          0.217          0.217
     09/09/2009          0.000          0.000          0.154          0.154          0.155          0.156          0.157          0.157          0.157          0.157          0.157          0.157          0.217          0.217          0.217          0.217          0.217
     10/09/2009          0.000          0.000          0.154          0.154          0.155          0.156          0.157          0.157          0.157          0.157          0.157          0.157          0.217          0.217          0.217          0.217          0.217
     11/09/2009          0.000          0.000          0.154          0.154          0.155          0.155          0.157          0.157          0.157          0.157          0.157          0.157          0.217          0.217          0.217          0.217          0.217
     12/09/2009          0.000          0.000          0.154          0.154          0.155          0.155          0.157          0.157          0.157          0.157          0.157          0.157          0.217          0.217          0.217          0.217          0.217
     13/09/2009          0.000          0.000          0.153          0.154          0.155          0.155          0.157          0.157          0.157          0.157          0.157          0.157          0.217          0.217          0.217          0.217          0.217
     14/09/2009          0.000          0.000          0.153          0.154          0.155          0.155          0.156          0.157          0.157          0.157          0.157          0.157          0.217          0.217          0.217          0.217          0.217
     15/09/2009          0.000          0.000          0.153          0.154          0.155          0.155          0.156          0.157          0.157          0.157          0.157          0.157          0.217          0.217          0.217          0.217          0.217
     16/09/2009          0.000          0.000          0.153          0.154          0.155          0.155          0.156          0.157          0.157          0.157          0.157          0.157          0.217          0.217          0.217          0.217          0.217
     17/09/2009          0.000          0.000          0.153          0.153          0.155          0.155          0.156          0.157          0.157          0.157          0.157          0.157          0.217          0.217          0.217          0.217          0.217
     18/09/2009          0.000          0.000          0.153          0.153          0.155          0.155          0.156          0.157          0.157          0.157          0.157          0.157          0.217          0.217          0.217          0.217          0.217
     19/09/2009          0.000          0.000          0.153          0.153          0.155          0.155          0.156          0.157          0.157          0.157          0.157          0.157          0.217          0.217          0.217          0.217          0.217
     20/09/2009          0.000          0.000          0.153          0.153          0.155          0.155          0.156          0.157          0.157          0.157          0.157          0.157          0.217          0.217          0.217          0.217          0.217
     21/09/2009          0.000          0.000          0.153          0.153          0.155          0.155          0.156          0.157          0.157          0.157          0.157          0.157          0.217          0.217          0.217          0.217          0.217
     22/09/2009          0.000          0.000          0.153          0.153          0.154          0.155          0.156          0.157          0.157          0.157          0.157          0.157          0.217          0.217          0.217          0.217          0.217
     23/09/2009          0.000          0.000          0.153          0.153          0.154          0.155          0.156          0.157          0.157          0.157          0.157          0.157          0.217          0.217          0.217          0.217          0.217
     24/09/2009          0.000          0.000          0.153          0.153          0.154          0.155          0.156          0.157          0.157          0.157          0.157          0.157          0.217          0.217          0.217          0.217          0.217
     25/09/2009          0.000          0.000          0.153          0.153          0.154          0.155          0.156          0.157          0.157          0.157          0.157          0.157          0.217          0.217          0.217          0.217          0.217
     26/09/2009          0.000          0.000          0.153          0.153          0.154          0.154          0.156          0.157          0.157          0.157          0.157          0.157          0.217          0.217          0.217          0.217          0.217
     27/09/2009          0.000          0.000          0.153          0.153          0.154          0.154          0.156          0.157          0.157          0.157          0.157          0.157          0.217          0.217          0.217          0.217          0.217
     28/09/2009          0.000          0.000          0.153          0.153          0.154          0.154          0.155          0.157          0.157          0.157          0.157          0.157          0.217          0.217          0.217          0.217          0.217
     29/09/2009          0.000          0.000          0.153          0.153          0.154          0.154          0.155          0.157          0.157          0.157          0.157          0.157          0.217          0.217          0.217          0.217          0.217
     30/09/2009          0.000          0.000          0.152          0.153          0.154          0.154          0.155          0.157          0.157          0.157          0.157          0.157          0.217          0.217          0.217          0.217          0.217
     01/10/2009          0.000          0.000          0.152          0.153          0.154          0.154          0.155          0.157          0.157          0.157          0.157          0.157          0.217          0.217          0.217          0.217          0.217
     02/10/2009          0.000          0.000          0.152          0.153          0.154          0.154          0.155          0.157          0.157          0.157          0.157          0.157          0.217          0.217          0.217          0.217          0.217
     03/10/2009          0.000          0.000          0.152          0.153          0.154          0.154          0.155          0.157          0.157          0.157          0.157          0.157          0.217          0.217          0.217          0.217          0.217
     04/10/2009          0.000          0.000          0.152          0.153          0.154          0.154          0.155          0.157          0.157          0.157          0.157          0.157          0.217          0.217          0.217          0.217          0.217
     05/10/2009          0.000          0.000          0.152          0.152          0.154          0.154          0.155          0.157          0.157          0.157          0.157          0.157          0.217          0.217          0.217          0.217          0.217
     06/10/2009          0.000          0.000          0.152          0.152          0.154          0.154          0.155          0.157          0.157          0.157          0.157          0.157          0.217          0.217          0.217          0.217          0.217
     07/10/2009          0.000          0.000          0.152          0.152          0.154          0.154          0.155          0.157          0.157          0.157          0.157          0.157          0.217          0.217          0.217          0.217          0.217
     08/10/2009          0.000          0.000          0.152          0.152          0.154          0.154          0.155          0.157          0.157          0.157          0.157          0.157          0.217          0.217          0.217          0.217          0.217
     09/10/2009          0.000          0.000          0.152          0.152          0.153          0.154          0.155          0.157          0.157          0.157          0.157          0.157          0.217          0.217          0.217          0.217          0.217
     10/10/2009          0.000          0.000          0.152          0.152          0.153          0.154          0.155          0.157          0.157          0.157          0.157          0.157          0.217          0.217          0.217          0.217          0.217
     11/10/2009          0.000          0.000          0.152          0.152          0.153          0.154          0.155          0.157          0.157          0.157          0.157          0.157          0.217          0.217          0.217          0.217          0.217
     12/10/2009          0.000          0.000          0.152          0.152          0.153          0.154          0.155          0.157          0.157          0.157          0.157          0.157          0.217          0.217          0.217          0.217          0.217
     13/10/2009          0.000          0.000          0.152          0.152          0.153          0.153          0.155          0.157          0.157          0.157          0.157          0.157          0.217          0.217          0.217          0.217          0.217
     14/10/2009          0.000          0.000          0.152          0.152          0.153          0.153          0.155          0.157          0.157          0.157          0.157          0.157          0.217          0.217          0.217          0.217          0.217
     15/10/2009          0.000          0.000          0.152          0.152          0.153          0.153          0.154          0.157          0.157          0.157          0.157          0.157          0.217          0.217          0.217          0.217          0.217
     16/10/2009          0.000          0.000          0.152          0.152          0.153          0.153          0.154          0.157          0.157          0.157          0.157          0.157          0.217          0.217          0.217          0.217          0.217
     17/10/2009          0.000          0.000          0.152          0.152          0.153          0.153          0.154          0.157          0.157          0.157          0.157          0.157          0.217          0.217          0.217          0.217          0.217
     18/10/2009          0.000          0.000          0.152          0.152          0.153          0.153          0.154          0.157          0.157          0.157          0.157          0.157          0.217          0.217          0.217          0.217          0.217
     19/10/2009          0.000          0.000          0.152          0.152          0.153          0.153          0.154          0.157          0.157          0.157          0.157          0.157          0.217          0.217          0.217          0.217          0.217
     20/10/2009          0.000          0.000          0.151          0.152          0.153          0.153          0.154          0.157          0.157          0.157          0.157          0.157          0.217          0.217          0.217          0.217          0.217
     21/10/2009          0.000          0.000          0.151          0.152          0.153          0.153          0.154          0.157          0.157          0.157          0.157          0.157          0.217          0.217          0.217          0.217          0.217
     22/10/2009          0.000          0.000          0.151          0.152          0.153          0.153          0.154          0.157          0.157          0.157          0.157          0.157          0.217          0.217          0.217          0.217          0.217
     23/10/2009          0.000          0.000          0.151          0.152          0.153          0.153          0.154          0.157          0.157          0.157          0.157          0.157          0.217          0.217          0.217          0.217          0.217
     24/10/2009          0.000          0.000          0.151          0.152          0.153          0.153          0.154          0.157          0.157          0.157          0.157          0.157          0.217          0.217          0.217          0.217          0.217
     25/10/2009          0.000          0.000          0.151          0.151          0.153          0.153          0.154          0.157          0.157          0.157          0.157          0.157          0.217          0.217          0.217          0.217          0.217
     26/10/2009          0.000          0.000          0.151          0.151          0.153          0.153          0.154          0.157          0.157          0.157          0.157          0.157          0.217          0.217          0.217          0.217          0.217
     27/10/2009          0.000          0.000          0.151          0.151          0.153          0.153          0.154          0.157          0.157          0.157          0.157          0.157          0.217          0.217          0.217          0.217          0.217
     28/10/2009          0.000          0.000          0.151          0.151          0.153          0.153          0.154          0.157          0.157          0.157          0.157          0.157          0.217          0.217          0.217          0.217          0.217
     29/10/2009          0.000          0.000          0.151          0.151          0.152          0.153          0.154          0.157          0.157          0.157          0.157          0.157          0.217          0.217          0.217          0.217          0.217
     30/10/2009          0.000          0.000          0.151          0.151          0.152          0.153          0.154          0.157          0.157          0.157          0.157          0.157          0.217          0.217          0.217          0.217          0.217
     31/10/2009          0.000          0.000          0.151          0.151          0.152          0.153          0.154          0.157          0.157          0.157          0.157          0.157          0.217          0.217          0.217          0.217          0.217
     01/11/2009          0.000          0.000          0.151          0.151          0.152          0.153          0.154          0.157          0.157          0.157          0.157          0.157          0.217          0.217          0.217          0.217          0.217
     02/11/2009          0.000          0.000          0.151          0.151          0.152          0.153          0.154          0.157          0.157          0.157          0.157          0.157          0.217          0.217          0.217          0.217          0.217
     03/11/2009          0.000          0.000          0.151          0.151          0.152          0.152          0.153          0.157          0.157          0.157          0.157          0.157          0.217          0.217          0.217          0.217          0.217
     04/11/2009          0.000          0.000          0.151          0.151          0.152          0.152          0.153          0.157          0.157          0.157          0.157          0.157          0.217          0.217          0.217          0.217          0.217
     05/11/2009          0.000          0.000          0.151          0.151          0.152          0.152          0.153          0.157          0.157          0.157          0.157          0.157          0.217          0.217          0.217          0.217          0.217
     06/11/2009          0.000          0.000          0.151          0.151          0.152          0.152          0.153          0.157          0.157          0.157          0.157          0.157          0.217          0.217          0.217          0.217          0.217
     07/11/2009          0.000          0.000          0.151          0.151          0.152          0.152          0.153          0.157          0.157          0.157          0.157          0.157          0.217          0.217          0.217          0.217          0.217
     08/11/2009          0.000          0.000          0.151          0.151          0.152          0.152          0.153          0.157          0.157          0.157          0.157          0.157          0.217          0.217          0.217          0.217          0.217
     09/11/2009          0.000          0.000          0.151          0.151          0.152          0.152          0.153          0.157          0.157          0.157          0.157          0.157          0.217          0.217          0.217          0.217          0.217
     10/11/2009          0.000          0.000          0.151          0.151          0.152          0.152          0.153          0.157          0.157          0.157          0.157          0.157          0.217          0.217          0.217          0.217          0.217
     11/11/2009          0.000          0.000          0.151          0.151          0.152          0.152          0.153          0.157          0.157          0.157          0.157          0.157          0.217          0.217          0.217          0.217          0.217
     12/11/2009          0.000          0.000          0.150          0.151          0.152          0.152          0.153          0.157          0.157          0.157          0.157          0.157          0.217          0.217          0.217          0.217          0.217
     13/11/2009          0.000          0.000          0.150          0.151          0.152          0.152          0.153          0.157          0.157          0.157          0.157          0.157          0.217          0.217          0.217          0.217          0.217
     14/11/2009          0.000          0.000          0.150          0.151          0.152          0.152          0.153          0.157          0.157          0.157          0.157          0.157          0.217          0.217          0.217          0.217          0.217
     15/11/2009          0.000          0.000          0.150          0.151          0.152          0.152          0.153          0.157          0.157          0.157          0.157          0.157          0.217          0.217          0.217          0.217          0.217
     16/11/2009          0.000          0.000          0.150          0.151          0.152          0.152          0.153          0.157          0.157          0.157          0.157          0.157          0.217          0.217          0.217          0.217          0.217
     17/11/2009          0.000          0.000          0.150          0.151          0.152          0.152          0.153          0.157          0.157          0.157          0.157          0.157          0.217          0.217          0.217          0.217          0.217
     18/11/2009          0.000          0.000          0.150          0.150          0.152          0.152          0.153          0.157          0.157          0.157          0.157          0.157          0.217          0.217          0.217          0.217          0.217
     19/11/2009          0.000          0.000          0.150          0.150          0.152          0.152          0.153          0.157          0.157          0.157          0.157          0.157          0.217          0.217          0.217          0.217          0.217
     20/11/2009          0.000          0.000          0.150          0.150          0.152          0.152          0.153          0.157          0.157          0.157          0.157          0.157          0.217          0.217          0.217          0.217          0.217
     21/11/2009          0.000          0.000          0.150          0.150          0.151          0.152          0.153          0.157          0.157          0.157          0.157          0.157          0.217          0.217          0.217          0.217          0.217
     22/11/2009          0.000          0.000          0.150          0.150          0.151          0.152          0.153          0.157          0.157          0.157          0.157          0.157          0.217          0.217          0.217          0.217          0.217
     23/11/2009          0.000          0.000          0.150          0.150          0.151          0.152          0.153          0.157          0.157          0.157          0.157          0.157          0.217          0.217          0.217          0.217          0.217
     24/11/2009          0.000          0.000          0.150          0.150          0.151          0.152          0.153          0.157          0.157          0.157          0.157          0.157          0.217          0.217          0.217          0.217          0.217
     25/11/2009          0.000          0.000          0.150          0.150          0.151          0.152          0.153          0.157          0.157          0.157          0.157          0.157          0.217          0.217          0.217          0.217          0.217
     26/11/2009          0.000          0.000          0.150          0.150          0.151          0.152          0.152          0.157          0.157          0.157          0.157          0.157          0.217          0.217          0.217          0.217          0.217
     27/11/2009          0.000          0.000          0.150          0.150          0.151          0.151          0.152          0.157          0.157          0.157          0.157          0.157          0.217          0.217          0.217          0.217          0.217
     28/11/2009          0.000          0.000          0.150          0.150          0.151          0.151          0.152          0.157          0.157          0.157          0.157          0.157          0.217          0.217          0.217          0.217          0.217
     29/11/2009          0.000          0.000          0.150          0.150          0.151          0.151          0.152          0.157          0.157          0.157          0.157          0.157          0.217          0.217          0.217          0.217          0.217
     30/11/2009          0.000          0.000          0.150          0.150          0.151          0.151          0.152          0.157          0.157          0.157          0.157          0.157          0.217          0.217          0.217          0.217          0.217
     01/12/2009          0.000          0.000          0.150          0.150          0.151          0.151          0.152          0.157          0.157          0.157          0.157          0.157          0.217          0.217          0.217          0.217          0.217
     02/12/2009          0.000          0.000          0.150          0.150          0.151          0.151          0.152          0.157          0.157          0.157          0.157          0.157          0.217          0.217          0.217          0.217          0.217
     03/12/2009          0.000          0.000          0.150          0.150          0.151          0.151          0.152          0.157          0.157          0.157          0.157          0.157          0.217          0.217          0.217          0.217          0.217
     04/12/2009          0.000          0.000          0.150          0.150          0.151          0.151          0.152          0.157          0.157          0.157          0.157          0.157          0.217          0.217          0.217          0.217          0.217
     05/12/2009          0.000          0.000          0.150          0.150          0.151          0.151          0.152          0.157          0.157          0.157          0.157          0.157          0.217          0.217          0.217          0.217          0.217
     06/12/2009          0.000          0.000          0.150          0.150          0.151          0.151          0.152          0.157          0.157          0.157          0.157          0.157          0.217          0.217          0.217          0.217          0.217
     07/12/2009          0.000          0.000          0.150          0.150          0.151          0.151          0.152          0.157          0.157          0.157          0.157          0.157          0.217          0.217          0.217          0.217          0.217
     08/12/2009          0.000          0.000          0.150          0.150          0.151          0.151          0.152          0.157          0.157          0.157          0.157          0.157          0.217          0.217          0.217          0.217          0.217
     09/12/2009          0.000          0.000          0.150          0.150          0.151          0.151          0.152          0.157          0.157          0.157          0.157          0.157          0.217          0.217          0.217          0.217          0.217
     10/12/2009          0.000          0.000          0.149          0.150          0.151          0.151          0.152          0.157          0.157          0.157          0.157          0.157          0.217          0.217          0.217          0.217          0.217
     11/12/2009          0.000          0.000          0.149          0.150          0.151          0.151          0.152          0.157          0.157          0.157          0.157          0.157          0.217          0.217          0.217          0.217          0.217
     12/12/2009          0.000          0.000          0.149          0.150          0.151          0.151          0.152          0.157          0.157          0.157          0.157          0.157          0.217          0.217          0.217          0.217          0.217
     13/12/2009          0.000          0.000          0.149          0.150          0.151          0.151          0.152          0.157          0.157          0.157          0.157          0.157          0.217          0.217          0.217          0.217          0.217
     14/12/2009          0.000          0.000          0.149          0.150          0.151          0.151          0.152          0.157          0.157          0.157          0.157          0.157          0.217          0.217          0.217          0.217          0.217
     15/12/2009          0.000          0.000          0.149          0.150          0.151          0.151          0.152          0.157          0.157          0.157          0.157          0.157          0.217          0.217          0.217          0.217          0.217
     16/12/2009          0.000          0.000          0.149          0.150          0.151          0.151          0.152          0.157          0.157          0.157          0.157          0.157          0.217          0.217          0.217          0.217          0.217
     17/12/2009          0.000          0.000          0.149          0.149          0.151          0.151          0.152          0.157          0.157          0.157          0.157          0.157          0.217          0.217          0.217          0.217          0.217
     18/12/2009          0.000          0.000          0.149          0.149          0.151          0.151          0.152          0.157          0.157          0.157          0.157          0.157          0.217          0.217          0.217          0.217          0.217
     19/12/2009          0.000          0.000          0.149          0.149          0.150          0.151          0.152          0.157          0.157          0.157          0.157          0.157          0.217          0.217          0.217          0.217          0.217
     20/12/2009          0.000          0.000          0.149          0.149          0.150          0.151          0.152          0.157          0.157          0.157          0.157          0.157          0.217          0.217          0.217          0.217          0.217
     21/12/2009          0.000          0.000          0.149          0.149          0.150          0.151          0.152          0.157          0.157          0.157          0.157          0.157          0.217          0.217          0.217          0.217          0.217
     22/12/2009          0.000          0.000          0.149          0.149          0.150          0.151          0.151          0.157          0.157          0.157          0.157          0.157          0.217          0.217          0.217          0.217          0.217
     23/12/2009          0.000          0.000          0.149          0.149          0.150          0.151          0.151          0.157          0.157          0.157          0.157          0.157          0.217          0.217          0.217          0.217          0.217
     24/12/2009          0.000          0.000          0.149          0.149          0.150          0.151          0.151          0.157          0.157          0.157          0.157          0.157          0.217          0.217          0.217          0.217          0.217
     25/12/2009          0.000          0.000          0.149          0.149          0.150          0.150          0.151          0.157          0.157          0.157          0.157          0.157          0.217          0.217          0.217          0.217          0.217
     26/12/2009          0.000          0.000          0.149          0.149          0.150          0.150          0.151          0.157          0.157          0.157          0.157          0.157          0.217          0.217          0.217          0.217          0.217
     27/12/2009          0.000          0.000          0.149          0.149          0.150          0.150          0.151          0.157          0.157          0.157          0.157          0.157          0.217          0.217          0.217          0.217          0.217
     28/12/2009          0.000          0.000          0.149          0.149          0.150          0.150          0.151          0.157          0.157          0.157          0.157          0.157          0.217          0.217          0.217          0.217          0.217
     29/12/2009          0.000          0.000          0.149          0.149          0.150          0.150          0.151          0.157          0.157          0.157          0.157          0.157          0.217          0.217          0.217          0.217          0.217
     30/12/2009          0.000          0.000          0.149          0.149          0.150          0.150          0.151          0.157          0.157          0.157          0.157          0.157          0.217          0.217          0.217          0.217          0.217
     31/12/2009          0.000          0.000          0.149          0.149          0.150          0.150          0.151          0.157          0.157          0.157          0.157          0.157          0.217          0.217          0.217          0.217          0.217
     01/01/2010          0.000          0.000          0.149          0.149          0.150          0.150          0.151          0.157          0.157          0.157          0.157          0.157          0.217          0.217          0.217          0.217          0.217
     02/01/2010          0.000          0.000          0.149          0.149          0.150          0.150          0.151          0.157          0.157          0.157          0.157          0.157          0.217          0.217          0.217          0.217          0.217
     03/01/2010          0.000          0.000          0.149          0.149          0.150          0.150          0.151          0.157          0.157          0.157          0.157          0.157          0.217          0.217          0.217          0.217          0.217
     04/01/2010          0.000          0.000          0.149          0.149          0.150          0.150          0.151          0.157          0.157          0.157          0.157          0.157          0.217          0.217          0.217          0.217          0.217
     05/01/2010          0.000          0.000          0.149          0.149          0.150          0.150          0.151          0.157          0.157          0.157          0.157          0.157          0.217          0.217          0.217          0.217          0.217
     06/01/2010          0.000          0.000          0.149          0.149          0.150          0.150          0.151          0.157          0.157          0.157          0.157          0.157          0.217          0.217          0.217          0.217          0.217
     07/01/2010          0.000          0.000          0.149          0.149          0.150          0.150          0.151          0.157          0.157          0.157          0.157          0.157          0.217          0.217          0.217          0.217          0.217
     08/01/2010          0.000          0.000          0.149          0.149          0.150          0.150          0.151          0.157          0.157          0.157          0.157          0.157          0.217          0.217          0.217          0.217          0.217
     09/01/2010          0.000          0.000          0.149          0.149          0.150          0.150          0.151          0.157          0.157          0.157          0.157          0.157          0.217          0.217          0.217          0.217          0.217
     10/01/2010          0.000          0.000          0.149          0.149          0.150          0.150          0.151          0.157          0.157          0.157          0.157          0.157          0.217          0.217          0.217          0.217          0.217
     11/01/2010          0.000          0.000          0.149          0.149          0.150          0.150          0.151          0.157          0.157          0.157          0.157          0.157          0.217          0.217          0.217          0.217          0.217
     12/01/2010          0.000          0.000          0.149          0.149          0.150          0.150          0.151          0.157          0.157          0.157          0.157          0.157          0.217          0.217          0.217          0.217          0.217
     13/01/2010          0.000          0.000          0.148          0.149          0.150          0.150          0.151          0.157          0.157          0.157          0.157          0.157          0.217          0.217          0.217          0.217          0.217
     14/01/2010          0.000          0.000          0.148          0.149          0.150          0.150          0.151          0.157          0.157          0.157          0.157          0.157          0.217          0.217          0.217          0.217          0.217
     15/01/2010          0.000          0.000          0.148          0.149          0.150          0.150          0.151          0.157          0.157          0.157          0.157          0.157          0.217          0.217          0.217          0.217          0.217
     16/01/2010          0.000          0.000          0.148          0.149          0.150          0.150          0.151          0.157          0.157          0.157          0.157          0.157          0.217          0.217          0.217          0.217          0.217
     17/01/2010          0.000          0.000          0.148          0.149          0.150          0.150          0.151          0.157          0.157          0.157          0.157          0.157          0.217          0.217          0.217          0.217          0.217
     18/01/2010          0.000          0.000          0.148          0.149          0.150          0.150          0.151          0.157          0.157          0.157          0.157          0.157          0.217          0.217          0.217          0.217          0.217
     19/01/2010          0.000          0.000          0.148          0.149          0.150          0.150          0.151          0.157          0.157          0.157          0.157          0.157          0.217          0.217          0.217          0.217          0.217
     20/01/2010          0.000          0.000          0.148          0.149          0.149          0.150          0.151          0.157          0.157          0.157          0.157          0.157          0.217          0.217          0.217          0.217          0.217
     21/01/2010          0.000          0.000          0.148          0.148          0.149          0.150          0.151          0.157          0.157          0.157          0.157          0.157          0.217          0.217          0.217          0.217          0.217
     22/01/2010          0.000          0.000          0.148          0.148          0.149          0.150          0.150          0.157          0.157          0.157          0.157          0.157          0.217          0.217          0.217          0.217          0.217
     23/01/2010          0.000          0.000          0.148          0.148          0.149          0.150          0.150          0.157          0.157          0.157          0.157          0.157          0.217          0.217          0.217          0.217          0.217
     24/01/2010          0.000          0.000          0.148          0.148          0.149          0.150          0.150          0.157          0.157          0.157          0.157          0.157          0.217          0.217          0.217          0.217          0.217
     25/01/2010          0.000          0.000          0.148          0.148          0.149          0.150          0.150          0.157          0.157          0.157          0.157          0.157          0.217          0.217          0.217          0.217          0.217
     26/01/2010          0.000          0.000          0.148          0.148          0.149          0.150          0.150          0.157          0.157          0.157          0.157          0.157          0.217          0.217          0.217          0.217          0.217
     27/01/2010          0.000          0.000          0.148          0.148          0.149          0.149          0.150          0.157          0.157          0.157          0.157          0.157          0.217          0.217          0.217          0.217          0.217
     28/01/2010          0.000          0.000          0.148          0.148          0.149          0.149          0.150          0.157          0.157          0.157          0.157          0.157          0.217          0.217          0.217          0.217          0.217
     29/01/2010          0.000          0.000          0.148          0.148          0.149          0.149          0.150          0.157          0.157          0.157          0.157          0.157          0.217          0.217          0.217          0.217          0.217
     30/01/2010          0.000          0.000          0.148          0.148          0.149          0.149          0.150          0.157          0.157          0.157          0.157          0.157          0.217          0.217          0.217          0.217          0.217
     31/01/2010          0.000          0.000          0.148          0.148          0.149          0.149          0.150          0.157          0.157          0.157          0.157          0.157          0.217          0.217          0.217          0.217          0.217
     01/02/2010          0.000          0.000          0.148          0.148          0.149          0.149          0.150          0.157          0.157          0.157          0.157          0.157          0.217          0.217          0.217          0.217          0.217
     02/02/2010          0.000          0.000          0.148          0.148          0.149          0.149          0.150          0.157          0.157          0.157          0.157          0.157          0.217          0.217          0.217          0.217          0.217
     03/02/2010          0.000          0.000          0.148          0.148          0.149          0.149          0.150          0.157          0.157          0.157          0.157          0.157          0.217          0.217          0.217          0.217          0.217
     04/02/2010          0.000          0.000          0.148          0.148          0.149          0.149          0.150          0.157          0.157          0.157          0.157          0.157          0.217          0.217          0.217          0.217          0.217
     05/02/2010          0.000          0.000          0.148          0.148          0.149          0.149          0.150          0.157          0.157          0.157          0.157          0.157          0.217          0.217          0.217          0.217          0.217
     06/02/2010          0.000          0.000          0.148          0.148          0.149          0.149          0.150          0.157          0.157          0.157          0.157          0.157          0.217          0.217          0.217          0.217          0.217
     07/02/2010          0.000          0.000          0.148          0.148          0.149          0.149          0.150          0.157          0.157          0.157          0.157          0.157          0.217          0.217          0.217          0.217          0.217
     08/02/2010          0.000          0.000          0.148          0.148          0.149          0.149          0.150          0.157          0.157          0.157          0.157          0.157          0.217          0.217          0.217          0.217          0.217
     09/02/2010          0.000          0.000          0.148          0.148          0.149          0.149          0.150          0.157          0.157          0.157          0.157          0.157          0.217          0.217          0.217          0.217          0.217
     10/02/2010          0.000          0.000          0.148          0.148          0.149          0.149          0.150          0.157          0.157          0.157          0.157          0.157          0.217          0.217          0.217          0.217          0.217
     11/02/2010          0.000          0.000          0.148          0.148          0.149          0.149          0.150          0.157          0.157          0.157          0.157          0.157          0.217          0.217          0.217          0.217          0.217
     12/02/2010          0.000          0.000          0.148          0.148          0.149          0.149          0.150          0.157          0.157          0.157          0.157          0.157          0.217          0.217          0.217          0.217          0.217
     13/02/2010          0.000          0.000          0.148          0.148          0.149          0.149          0.150          0.157          0.157          0.157          0.157          0.157          0.217          0.217          0.217          0.217          0.217
     14/02/2010          0.000          0.000          0.148          0.148          0.149          0.149          0.150          0.157          0.157          0.157          0.157          0.157          0.217          0.217          0.217          0.217          0.217
     15/02/2010          0.000          0.000          0.148          0.148          0.149          0.149          0.150          0.157          0.157          0.157          0.157          0.157          0.217          0.217          0.217          0.217          0.217
     16/02/2010          0.000          0.000          0.148          0.148          0.149          0.149          0.150          0.157          0.157          0.157          0.157          0.157          0.217          0.217          0.217          0.217          0.217
     17/02/2010          0.000          0.000          0.148          0.148          0.149          0.149          0.150          0.157          0.157          0.157          0.157          0.157          0.217          0.217          0.217          0.217          0.217
     18/02/2010          0.000          0.000          0.148          0.148          0.149          0.149          0.150          0.157          0.157          0.157          0.157          0.157          0.217          0.217          0.217          0.217          0.217
     19/02/2010          0.000          0.000          0.148          0.148          0.149          0.149          0.150          0.157          0.157          0.157          0.157          0.157          0.217          0.217          0.217          0.217          0.217
     20/02/2010          0.000          0.000          0.148          0.148          0.149          0.149          0.150          0.157          0.157          0.157          0.157          0.157          0.217          0.217          0.217          0.217          0.217
     21/02/2010          0.000          0.000          0.148          0.148          0.149          0.149          0.150          0.157          0.157          0.157          0.157          0.157          0.217          0.217          0.217          0.217          0.217
     22/02/2010          0.000          0.000          0.147          0.148          0.149          0.149          0.150          0.157          0.157          0.157          0.157          0.157          0.217          0.217          0.217          0.217          0.217
     23/02/2010          0.000          0.000          0.147          0.148          0.149          0.149          0.150          0.157          0.157          0.157          0.157          0.157          0.217          0.217          0.217          0.217          0.217
     24/02/2010          0.000          0.000          0.147          0.148          0.149          0.149          0.150          0.157          0.157          0.157          0.157          0.157          0.217          0.217          0.217          0.217          0.217
     25/02/2010          0.000          0.000          0.147          0.148          0.149          0.149          0.150          0.157          0.157          0.157          0.157          0.157          0.217          0.217          0.217          0.217          0.217
     26/02/2010          0.000          0.000          0.147          0.148          0.149          0.149          0.150          0.157          0.157          0.157          0.157          0.157          0.217          0.217          0.217          0.217          0.217
     27/02/2010          0.000          0.000          0.147          0.148          0.148          0.149          0.149          0.157          0.157          0.157          0.157          0.157          0.217          0.217          0.217          0.217          0.217
     28/02/2010          0.000          0.000          0.147          0.148          0.148          0.149          0.149          0.157          0.157          0.157          0.157          0.157          0.217          0.217          0.217          0.217          0.217
     01/03/2010          0.000          0.000          0.147          0.148          0.148          0.149          0.149          0.157          0.157          0.157          0.157          0.157          0.217          0.217          0.217          0.217          0.217
     02/03/2010          0.000          0.000          0.147          0.147          0.148          0.149          0.149          0.157          0.157          0.157          0.157          0.157          0.217          0.217          0.217          0.217          0.217
     03/03/2010          0.000          0.000          0.147          0.147          0.148          0.149          0.149          0.157          0.157          0.157          0.157          0.157          0.217          0.217          0.217          0.217          0.217
     04/03/2010          0.000          0.000          0.147          0.147          0.148          0.149          0.149          0.157          0.157          0.157          0.157          0.157          0.217          0.217          0.217          0.217          0.217
     05/03/2010          0.000          0.000          0.147          0.147          0.148          0.149          0.149          0.157          0.157          0.157          0.157          0.157          0.217          0.217          0.217          0.217          0.217
     06/03/2010          0.000          0.000          0.147          0.147          0.148          0.149          0.149          0.157          0.157          0.157          0.157          0.157          0.217          0.217          0.217          0.217          0.217
     07/03/2010          0.000          0.000          0.147          0.147          0.148          0.148          0.149          0.157          0.157          0.157          0.157          0.157          0.217          0.217          0.217          0.217          0.217
     08/03/2010          0.000          0.000          0.147          0.147          0.148          0.148          0.149          0.157          0.157          0.157          0.157          0.157          0.217          0.217          0.217          0.217          0.217
     09/03/2010          0.000          0.000          0.147          0.147          0.148          0.148          0.149          0.157          0.157          0.157          0.157          0.157          0.217          0.217          0.217          0.217          0.217
     10/03/2010          0.000          0.000          0.147          0.147          0.148          0.148          0.149          0.157          0.157          0.157          0.157          0.157          0.217          0.217          0.217          0.217          0.217
     11/03/2010          0.000          0.000          0.147          0.147          0.148          0.148          0.149          0.157          0.157          0.157          0.157          0.157          0.217          0.217          0.217          0.217          0.217
     12/03/2010          0.000          0.000          0.147          0.147          0.148          0.148          0.149          0.157          0.157          0.157          0.157          0.157          0.217          0.217          0.217          0.217          0.217
     13/03/2010          0.000          0.000          0.147          0.147          0.148          0.148          0.149          0.157          0.157          0.157          0.157          0.157          0.217          0.217          0.217          0.217          0.217
     14/03/2010          0.000          0.000          0.147          0.147          0.148          0.148          0.149          0.157          0.157          0.157          0.157          0.157          0.217          0.217          0.217          0.217          0.217
     15/03/2010          0.000          0.000          0.147          0.147          0.148          0.148          0.149          0.157          0.157          0.157          0.157          0.157          0.217          0.217          0.217          0.217          0.217
     16/03/2010          0.000          0.000          0.147          0.147          0.148          0.148          0.149          0.157          0.157          0.157          0.157          0.157          0.217          0.217          0.217          0.217          0.217
     17/03/2010          0.000          0.000          0.147          0.147          0.148          0.148          0.149          0.157          0.157          0.157          0.157          0.157          0.217          0.217          0.217          0.217          0.217
     18/03/2010          0.000          0.000          0.147          0.147          0.148          0.148          0.149          0.157          0.157          0.157          0.157          0.157          0.217          0.217          0.217          0.217          0.217
     19/03/2010          0.000          0.000          0.147          0.147          0.148          0.148          0.149          0.157          0.157          0.157          0.157          0.157          0.217          0.217          0.217          0.217          0.217
     20/03/2010          0.000          0.000          0.147          0.147          0.148          0.148          0.149          0.157          0.157          0.157          0.157          0.157          0.217          0.217          0.217          0.217          0.217
     21/03/2010          0.000          0.000          0.147          0.147          0.148          0.148          0.149          0.157          0.157          0.157          0.157          0.157          0.217          0.217          0.217          0.217          0.217
     22/03/2010          0.000          0.000          0.147          0.147          0.148          0.148          0.149          0.157          0.157          0.157          0.157          0.157          0.217          0.217          0.217          0.217          0.217
     23/03/2010          0.000          0.000          0.147          0.147          0.148          0.148          0.149          0.157          0.157          0.157          0.157          0.157          0.217          0.217          0.217          0.217          0.217
     24/03/2010          0.000          0.000          0.147          0.147          0.148          0.148          0.149          0.157          0.157          0.157          0.157          0.157          0.217          0.217          0.217          0.217          0.217
     25/03/2010          0.000          0.000          0.147          0.147          0.148          0.148          0.149          0.157          0.157          0.157          0.157          0.157          0.217          0.217          0.217          0.217          0.217
     26/03/2010          0.000          0.000          0.147          0.147          0.148          0.148          0.149          0.157          0.157          0.157          0.157          0.157          0.217          0.217          0.217          0.217          0.217
     27/03/2010          0.000          0.000          0.147          0.147          0.148          0.148          0.149          0.157          0.157          0.157          0.157          0.157          0.217          0.217          0.217          0.217          0.217
     28/03/2010          0.000          0.000          0.147          0.147          0.148          0.148          0.149          0.157          0.157          0.157          0.157          0.157          0.217          0.217          0.217          0.217          0.217
     29/03/2010          0.000          0.000          0.147          0.147          0.148          0.148          0.149          0.157          0.157          0.157          0.157          0.157          0.217          0.217          0.217          0.217          0.217
     30/03/2010          0.000          0.000          0.147          0.147          0.148          0.148          0.149          0.157          0.157          0.157          0.157          0.157          0.217          0.217          0.217          0.217          0.217
     31/03/2010          0.000          0.000          0.147          0.147          0.148          0.148          0.149          0.157          0.157          0.157          0.157          0.157          0.217          0.217          0.217          0.217          0.217
     01/04/2010          0.000          0.000          0.147          0.147          0.148          0.148          0.149          0.157          0.157          0.157          0.157          0.157          0.217          0.217          0.217          0.217          0.217
     02/04/2010          0.000          0.000          0.147          0.147          0.148          0.148          0.149          0.157          0.157          0.157          0.157          0.157          0.217          0.217          0.217          0.217          0.217
     03/04/2010          0.000          0.000          0.147          0.147          0.148          0.148          0.149          0.157          0.157          0.157          0.157          0.157          0.217          0.217          0.217          0.217          0.217
     04/04/2010          0.000          0.000          0.147          0.147          0.148          0.148          0.149          0.157          0.157          0.157          0.157          0.157          0.217          0.217          0.217          0.217          0.217
     05/04/2010          0.000          0.000          0.147          0.147          0.148          0.148          0.149          0.157          0.157          0.157          0.157          0.157          0.217          0.217          0.217          0.217          0.217
     06/04/2010          0.000          0.000          0.147          0.147          0.148          0.148          0.149          0.157          0.157          0.157          0.157          0.157          0.217          0.217          0.217          0.217          0.217
     07/04/2010          0.000          0.000          0.147          0.147          0.148          0.148          0.149          0.157          0.157          0.157          0.157          0.157          0.217          0.217          0.217          0.217          0.217
     08/04/2010          0.000          0.000          0.147          0.147          0.148          0.148          0.149          0.157          0.157          0.157          0.157          0.157          0.217          0.217          0.217          0.217          0.217
     09/04/2010          0.000          0.000          0.147          0.147          0.148          0.148          0.149          0.157          0.157          0.157          0.157          0.157          0.217          0.217          0.217          0.217          0.217
     10/04/2010          0.000          0.000          0.146          0.147          0.148          0.148          0.148          0.157          0.157          0.157          0.157          0.157          0.217          0.217          0.217          0.217          0.217
     11/04/2010          0.000          0.000          0.146          0.147          0.148          0.148          0.148          0.157          0.157          0.157          0.157          0.157          0.217          0.217          0.217          0.217          0.217
     12/04/2010          0.000          0.000          0.146          0.147          0.148          0.148          0.148          0.157          0.157          0.157          0.157          0.157          0.217          0.217          0.217          0.217          0.217
     13/04/2010          0.000          0.000          0.146          0.147          0.147          0.148          0.148          0.157          0.157          0.157          0.157          0.157          0.217          0.217          0.217          0.217          0.217
     14/04/2010          0.000          0.000          0.146          0.147          0.147          0.148          0.148          0.157          0.157          0.157          0.157          0.157          0.217          0.217          0.217          0.217          0.217
     15/04/2010          0.000          0.000          0.146          0.147          0.147          0.148          0.148          0.157          0.157          0.157          0.157          0.157          0.217          0.217          0.217          0.217          0.217
     16/04/2010          0.000          0.000          0.146          0.147          0.147          0.148          0.148          0.157          0.157          0.157          0.157          0.157          0.217          0.217          0.217          0.217          0.217
     17/04/2010          0.000          0.000          0.146          0.147          0.147          0.148          0.148          0.157          0.157          0.157          0.157          0.157          0.217          0.217          0.217          0.217          0.217
     18/04/2010          0.000          0.000          0.146          0.147          0.147          0.148          0.148          0.157          0.157          0.157          0.157          0.157          0.217          0.217          0.217          0.217          0.217
     19/04/2010          0.000          0.000          0.146          0.146          0.147          0.148          0.148          0.157          0.157          0.157          0.157          0.157          0.217          0.217          0.217          0.217          0.217
     20/04/2010          0.000          0.000          0.146          0.146          0.147          0.148          0.148          0.157          0.157          0.157          0.157          0.157          0.217          0.217          0.217          0.217          0.217
     21/04/2010          0.000          0.000          0.146          0.146          0.147          0.147          0.148          0.157          0.157          0.157          0.157          0.157          0.217          0.217          0.217          0.217          0.217
     22/04/2010          0.000          0.000          0.146          0.146          0.147          0.147          0.148          0.157          0.157          0.157          0.157          0.157          0.217          0.217          0.217          0.217          0.217
     23/04/2010          0.000          0.000          0.146          0.146          0.147          0.147          0.148          0.157          0.157          0.157          0.157          0.157          0.217          0.217          0.217          0.217          0.217
     24/04/2010          0.000          0.000          0.146          0.146          0.147          0.147          0.148          0.157          0.157          0.157          0.157          0.157          0.217          0.217          0.217          0.217          0.217
     25/04/2010          0.000          0.000          0.146          0.146          0.147          0.147          0.148          0.157          0.157          0.157          0.157          0.157          0.217          0.217          0.217          0.217          0.217
     26/04/2010          0.000          0.000          0.146          0.146          0.147          0.147          0.148          0.157          0.157          0.157          0.157          0.157          0.217          0.217          0.217          0.217          0.217
     27/04/2010          0.000          0.000          0.146          0.146          0.147          0.147          0.148          0.157          0.157          0.157          0.157          0.157          0.217          0.217          0.217          0.217          0.217
     28/04/2010          0.000          0.000          0.146          0.146          0.147          0.147          0.148          0.157          0.157          0.157          0.157          0.157          0.217          0.217          0.217          0.217          0.217
     29/04/2010          0.000          0.000          0.146          0.146          0.147          0.147          0.148          0.157          0.157          0.157          0.157          0.157          0.217          0.217          0.217          0.217          0.217
     30/04/2010          0.000          0.000          0.146          0.146          0.147          0.147          0.148          0.157          0.157          0.157          0.157          0.157          0.217          0.217          0.217          0.217          0.217
     01/05/2010          0.000          0.000          0.146          0.146          0.147          0.147          0.148          0.157          0.157          0.157          0.157          0.157          0.217          0.217          0.217          0.217          0.217
     02/05/2010          0.000          0.000          0.146          0.146          0.147          0.147          0.148          0.157          0.157          0.157          0.157          0.157          0.217          0.217          0.217          0.217          0.217
     03/05/2010          0.000          0.000          0.146          0.146          0.147          0.147          0.148          0.157          0.157          0.157          0.157          0.157          0.217          0.217          0.217          0.217          0.217
     04/05/2010          0.000          0.000          0.146          0.146          0.147          0.147          0.148          0.157          0.157          0.157          0.157          0.157          0.217          0.217          0.217          0.217          0.217
     05/05/2010          0.000          0.000          0.146          0.146          0.147          0.147          0.148          0.157          0.157          0.157          0.157          0.157          0.217          0.217          0.217          0.217          0.217
     06/05/2010          0.000          0.000          0.146          0.146          0.147          0.147          0.148          0.157          0.157          0.157          0.157          0.157          0.217          0.217          0.217          0.217          0.217
     07/05/2010          0.000          0.000          0.146          0.146          0.147          0.147          0.148          0.157          0.157          0.157          0.157          0.157          0.217          0.217          0.217          0.217          0.217
     08/05/2010          0.000          0.000          0.146          0.146          0.147          0.147          0.148          0.157          0.157          0.157          0.157          0.157          0.217          0.217          0.217          0.217          0.217
     09/05/2010          0.000          0.000          0.146          0.146          0.147          0.147          0.148          0.157          0.157          0.157          0.157          0.157          0.217          0.217          0.217          0.217          0.217
     10/05/2010          0.000          0.000          0.146          0.146          0.147          0.147          0.148          0.157          0.157          0.157          0.157          0.157          0.217          0.217          0.217          0.217          0.217
     11/05/2010          0.000          0.000          0.146          0.146          0.147          0.147          0.148          0.157          0.157          0.157          0.157          0.157          0.217          0.217          0.217          0.217          0.217
     12/05/2010          0.000          0.000          0.146          0.146          0.147          0.147          0.148          0.157          0.157          0.157          0.157          0.157          0.217          0.217          0.217          0.217          0.217
     13/05/2010          0.000          0.000          0.146          0.146          0.147          0.147          0.148          0.157          0.157          0.157          0.157          0.157          0.217          0.217          0.217          0.217          0.217
     14/05/2010          0.000          0.000          0.146          0.146          0.147          0.147          0.148          0.157          0.157          0.157          0.157          0.157          0.217          0.217          0.217          0.217          0.217
     15/05/2010          0.000          0.000          0.146          0.146          0.147          0.147          0.148          0.157          0.157          0.157          0.157          0.157          0.217          0.217          0.217          0.217          0.217
     16/05/2010          0.000          0.000          0.146          0.146          0.147          0.147          0.148          0.157          0.157          0.157          0.157          0.157          0.217          0.217          0.217          0.217          0.217
     17/05/2010          0.000          0.000          0.146          0.146          0.147          0.147          0.148          0.157          0.157          0.157          0.157          0.157          0.217          0.217          0.217          0.217          0.217
     18/05/2010          0.000          0.000          0.146          0.146          0.147          0.147          0.148          0.157          0.157          0.157          0.157          0.157          0.217          0.217          0.217          0.217          0.217
     19/05/2010          0.000          0.000          0.146          0.146          0.147          0.147          0.148          0.157          0.157          0.157          0.157          0.157          0.217          0.217          0.217          0.217          0.217
     20/05/2010          0.000          0.000          0.146          0.146          0.147          0.147          0.148          0.157          0.157          0.157          0.157          0.157          0.217          0.217          0.217          0.217          0.217
     21/05/2010          0.000          0.000          0.146          0.146          0.147          0.147          0.148          0.157          0.157          0.157          0.157          0.157          0.217          0.217          0.217          0.217          0.217
     22/05/2010          0.000          0.000          0.146          0.146          0.147          0.147          0.148          0.157          0.157          0.157          0.157          0.157          0.217          0.217          0.217          0.217          0.217
     23/05/2010          0.000          0.000          0.146          0.146          0.147          0.147          0.148          0.157          0.157          0.157          0.157          0.157          0.217          0.217          0.217          0.217          0.217
     24/05/2010          0.000          0.000          0.146          0.146          0.147          0.147          0.148          0.157          0.157          0.157          0.157          0.157          0.217          0.217          0.217          0.217          0.217
     25/05/2010          0.000          0.000          0.146          0.146          0.147          0.147          0.148          0.157          0.157          0.157          0.157          0.157          0.217          0.217          0.217          0.217          0.217
     26/05/2010          0.000          0.000          0.146          0.146          0.147          0.147          0.148          0.157          0.157          0.157          0.157          0.157          0.217          0.217          0.217          0.217          0.217
     27/05/2010          0.000          0.000          0.146          0.146          0.147          0.147          0.148          0.157          0.157          0.157          0.157          0.157          0.217          0.217          0.217          0.217          0.217
     28/05/2010          0.000          0.000          0.146          0.146          0.147          0.147          0.148          0.157          0.157          0.157          0.157          0.157          0.217          0.217          0.217          0.217          0.217
     29/05/2010          0.000          0.000          0.146          0.146          0.147          0.147          0.147          0.157          0.157          0.157          0.157          0.157          0.217          0.217          0.217          0.217          0.217
     30/05/2010          0.000          0.000          0.146          0.146          0.147          0.147          0.147          0.157          0.157          0.157          0.157          0.157          0.217          0.217          0.217          0.217          0.217
