ApsimVersion = 7.7
Title = swcon_ApsimVYc11
           Date           rain             es    sw(6-10)(1)    sw(6-10)(2)    sw(6-10)(3)    sw(6-10)(4)    sw(6-10)(5)   dul(6-10)(1)   dul(6-10)(2)   dul(6-10)(3)   dul(6-10)(4)   dul(6-10)(5)   sat(6-10)(1)   sat(6-10)(2)   sat(6-10)(3)   sat(6-10)(4)   sat(6-10)(5)
   (dd/mm/yyyy)           (mm)           (mm)    (cm^3/cm^3)    (cm^3/cm^3)    (cm^3/cm^3)    (cm^3/cm^3)    (cm^3/cm^3)    (cm^3/cm^3)    (cm^3/cm^3)    (cm^3/cm^3)    (cm^3/cm^3)    (cm^3/cm^3)    (cm^3/cm^3)    (cm^3/cm^3)    (cm^3/cm^3)    (cm^3/cm^3)    (cm^3/cm^3)
     01/06/2009          0.000          0.584          0.175          0.175          0.175          0.175          0.175          0.175          0.175          0.175          0.175          0.175          0.221          0.221          0.221          0.221          0.221
     02/06/2009       3000.000          0.000          0.216          0.216          0.216          0.216          0.216          0.175          0.175          0.175          0.175          0.175          0.221          0.221          0.221          0.221          0.221
     03/06/2009       3000.000          0.000          0.215          0.215          0.215          0.215          0.215          0.175          0.175          0.175          0.175          0.175          0.221          0.221          0.221          0.221          0.221
     04/06/2009       3000.000          0.000          0.215          0.215          0.215          0.215          0.215          0.175          0.175          0.175          0.175          0.175          0.221          0.221          0.221          0.221          0.221
     05/06/2009       3000.000          0.000          0.215          0.215          0.215          0.215          0.215          0.175          0.175          0.175          0.175          0.175          0.221          0.221          0.221          0.221          0.221
     06/06/2009       3000.000          0.000          0.215          0.215          0.215          0.215          0.215          0.175          0.175          0.175          0.175          0.175          0.221          0.221          0.221          0.221          0.221
     07/06/2009       3000.000          0.000          0.215          0.215          0.215          0.215          0.215          0.175          0.175          0.175          0.175          0.175          0.221          0.221          0.221          0.221          0.221
     08/06/2009       3000.000          0.000          0.215          0.215          0.215          0.215          0.215          0.175          0.175          0.175          0.175          0.175          0.221          0.221          0.221          0.221          0.221
     09/06/2009       3000.000          0.000          0.215          0.215          0.215          0.215          0.215          0.175          0.175          0.175          0.175          0.175          0.221          0.221          0.221          0.221          0.221
     10/06/2009       3000.000          0.000          0.215          0.215          0.215          0.215          0.215          0.175          0.175          0.175          0.175          0.175          0.221          0.221          0.221          0.221          0.221
     11/06/2009       3000.000          0.000          0.215          0.215          0.215          0.215          0.215          0.175          0.175          0.175          0.175          0.175          0.221          0.221          0.221          0.221          0.221
     12/06/2009       3000.000          0.000          0.215          0.215          0.215          0.215          0.215          0.175          0.175          0.175          0.175          0.175          0.221          0.221          0.221          0.221          0.221
     13/06/2009       3000.000          0.000          0.215          0.215          0.215          0.215          0.215          0.175          0.175          0.175          0.175          0.175          0.221          0.221          0.221          0.221          0.221
     14/06/2009       3000.000          0.000          0.215          0.215          0.215          0.215          0.215          0.175          0.175          0.175          0.175          0.175          0.221          0.221          0.221          0.221          0.221
     15/06/2009       3000.000          0.000          0.215          0.215          0.215          0.215          0.215          0.175          0.175          0.175          0.175          0.175          0.221          0.221          0.221          0.221          0.221
     16/06/2009          0.000          0.000          0.197          0.198          0.200          0.201          0.202          0.175          0.175          0.175          0.175          0.175          0.221          0.221          0.221          0.221          0.221
     17/06/2009          0.000          0.000          0.193          0.193          0.195          0.196          0.197          0.175          0.175          0.175          0.175          0.175          0.221          0.221          0.221          0.221          0.221
     18/06/2009          0.000          0.000          0.190          0.191          0.193          0.193          0.195          0.175          0.175          0.175          0.175          0.175          0.221          0.221          0.221          0.221          0.221
     19/06/2009          0.000          0.000          0.188          0.189          0.191          0.191          0.193          0.175          0.175          0.175          0.175          0.175          0.221          0.221          0.221          0.221          0.221
     20/06/2009          0.000          0.000          0.187          0.187          0.189          0.189          0.191          0.175          0.175          0.175          0.175          0.175          0.221          0.221          0.221          0.221          0.221
     21/06/2009          0.000          0.000          0.185          0.186          0.188          0.188          0.190          0.175          0.175          0.175          0.175          0.175          0.221          0.221          0.221          0.221          0.221
     22/06/2009          0.000          0.000          0.184          0.185          0.187          0.187          0.189          0.175          0.175          0.175          0.175          0.175          0.221          0.221          0.221          0.221          0.221
     23/06/2009          0.000          0.000          0.183          0.184          0.186          0.186          0.188          0.175          0.175          0.175          0.175          0.175          0.221          0.221          0.221          0.221          0.221
     24/06/2009          0.000          0.000          0.183          0.183          0.185          0.185          0.187          0.175          0.175          0.175          0.175          0.175          0.221          0.221          0.221          0.221          0.221
     25/06/2009          0.000          0.000          0.182          0.183          0.184          0.185          0.186          0.175          0.175          0.175          0.175          0.175          0.221          0.221          0.221          0.221          0.221
     26/06/2009          0.000          0.000          0.182          0.182          0.184          0.184          0.186          0.175          0.175          0.175          0.175          0.175          0.221          0.221          0.221          0.221          0.221
     27/06/2009          0.000          0.000          0.181          0.182          0.183          0.184          0.185          0.175          0.175          0.175          0.175          0.175          0.221          0.221          0.221          0.221          0.221
     28/06/2009          0.000          0.000          0.181          0.181          0.183          0.183          0.184          0.175          0.175          0.175          0.175          0.175          0.221          0.221          0.221          0.221          0.221
     29/06/2009          0.000          0.000          0.180          0.181          0.182          0.183          0.184          0.175          0.175          0.175          0.175          0.175          0.221          0.221          0.221          0.221          0.221
     30/06/2009          0.000          0.000          0.180          0.180          0.182          0.182          0.183          0.175          0.175          0.175          0.175          0.175          0.221          0.221          0.221          0.221          0.221
     01/07/2009          0.000          0.000          0.180          0.180          0.181          0.182          0.183          0.175          0.175          0.175          0.175          0.175          0.221          0.221          0.221          0.221          0.221
     02/07/2009          0.000          0.000          0.179          0.180          0.181          0.181          0.183          0.175          0.175          0.175          0.175          0.175          0.221          0.221          0.221          0.221          0.221
     03/07/2009          0.000          0.000          0.179          0.179          0.181          0.181          0.182          0.175          0.175          0.175          0.175          0.175          0.221          0.221          0.221          0.221          0.221
     04/07/2009          0.000          0.000          0.179          0.179          0.180          0.181          0.182          0.175          0.175          0.175          0.175          0.175          0.221          0.221          0.221          0.221          0.221
     05/07/2009          0.000          0.000          0.178          0.179          0.180          0.180          0.182          0.175          0.175          0.175          0.175          0.175          0.221          0.221          0.221          0.221          0.221
     06/07/2009          0.000          0.000          0.178          0.178          0.180          0.180          0.181          0.175          0.175          0.175          0.175          0.175          0.221          0.221          0.221          0.221          0.221
     07/07/2009          0.000          0.000          0.178          0.178          0.180          0.180          0.181          0.175          0.175          0.175          0.175          0.175          0.221          0.221          0.221          0.221          0.221
     08/07/2009          0.000          0.000          0.178          0.178          0.179          0.180          0.181          0.175          0.175          0.175          0.175          0.175          0.221          0.221          0.221          0.221          0.221
     09/07/2009          0.000          0.000          0.177          0.178          0.179          0.179          0.181          0.175          0.175          0.175          0.175          0.175          0.221          0.221          0.221          0.221          0.221
     10/07/2009          0.000          0.000          0.177          0.177          0.179          0.179          0.180          0.175          0.175          0.175          0.175          0.175          0.221          0.221          0.221          0.221          0.221
     11/07/2009          0.000          0.000          0.177          0.177          0.179          0.179          0.180          0.175          0.175          0.175          0.175          0.175          0.221          0.221          0.221          0.221          0.221
     12/07/2009          0.000          0.000          0.177          0.177          0.178          0.179          0.180          0.175          0.175          0.175          0.175          0.175          0.221          0.221          0.221          0.221          0.221
     13/07/2009          0.000          0.000          0.177          0.177          0.178          0.178          0.180          0.175          0.175          0.175          0.175          0.175          0.221          0.221          0.221          0.221          0.221
     14/07/2009          0.000          0.000          0.176          0.177          0.178          0.178          0.179          0.175          0.175          0.175          0.175          0.175          0.221          0.221          0.221          0.221          0.221
     15/07/2009          0.000          0.000          0.176          0.176          0.178          0.178          0.179          0.175          0.175          0.175          0.175          0.175          0.221          0.221          0.221          0.221          0.221
     16/07/2009          0.000          0.000          0.176          0.176          0.178          0.178          0.179          0.175          0.175          0.175          0.175          0.175          0.221          0.221          0.221          0.221          0.221
     17/07/2009          0.000          0.000          0.176          0.176          0.177          0.178          0.179          0.175          0.175          0.175          0.175          0.175          0.221          0.221          0.221          0.221          0.221
     18/07/2009          0.000          0.000          0.176          0.176          0.177          0.178          0.179          0.175          0.175          0.175          0.175          0.175          0.221          0.221          0.221          0.221          0.221
     19/07/2009          0.000          0.000          0.176          0.176          0.177          0.177          0.178          0.175          0.175          0.175          0.175          0.175          0.221          0.221          0.221          0.221          0.221
     20/07/2009          0.000          0.000          0.175          0.176          0.177          0.177          0.178          0.175          0.175          0.175          0.175          0.175          0.221          0.221          0.221          0.221          0.221
     21/07/2009          0.000          0.000          0.175          0.176          0.177          0.177          0.178          0.175          0.175          0.175          0.175          0.175          0.221          0.221          0.221          0.221          0.221
     22/07/2009          0.000          0.000          0.175          0.175          0.177          0.177          0.178          0.175          0.175          0.175          0.175          0.175          0.221          0.221          0.221          0.221          0.221
     23/07/2009          0.000          0.000          0.175          0.175          0.177          0.177          0.178          0.175          0.175          0.175          0.175          0.175          0.221          0.221          0.221          0.221          0.221
     24/07/2009          0.000          0.000          0.175          0.175          0.176          0.177          0.178          0.175          0.175          0.175          0.175          0.175          0.221          0.221          0.221          0.221          0.221
     25/07/2009          0.000          0.000          0.175          0.175          0.176          0.176          0.178          0.175          0.175          0.175          0.175          0.175          0.221          0.221          0.221          0.221          0.221
     26/07/2009          0.000          0.000          0.175          0.175          0.176          0.176          0.177          0.175          0.175          0.175          0.175          0.175          0.221          0.221          0.221          0.221          0.221
     27/07/2009          0.000          0.000          0.175          0.175          0.176          0.176          0.177          0.175          0.175          0.175          0.175          0.175          0.221          0.221          0.221          0.221          0.221
     28/07/2009          0.000          0.000          0.174          0.175          0.176          0.176          0.177          0.175          0.175          0.175          0.175          0.175          0.221          0.221          0.221          0.221          0.221
     29/07/2009          0.000          0.000          0.174          0.175          0.176          0.176          0.177          0.175          0.175          0.175          0.175          0.175          0.221          0.221          0.221          0.221          0.221
     30/07/2009          0.000          0.000          0.174          0.174          0.176          0.176          0.177          0.175          0.175          0.175          0.175          0.175          0.221          0.221          0.221          0.221          0.221
     31/07/2009          0.000          0.000          0.174          0.174          0.176          0.176          0.177          0.175          0.175          0.175          0.175          0.175          0.221          0.221          0.221          0.221          0.221
     01/08/2009          0.000          0.000          0.174          0.174          0.175          0.176          0.177          0.175          0.175          0.175          0.175          0.175          0.221          0.221          0.221          0.221          0.221
     02/08/2009          0.000          0.000          0.174          0.174          0.175          0.176          0.177          0.175          0.175          0.175          0.175          0.175          0.221          0.221          0.221          0.221          0.221
     03/08/2009          0.000          0.000          0.174          0.174          0.175          0.175          0.176          0.175          0.175          0.175          0.175          0.175          0.221          0.221          0.221          0.221          0.221
     04/08/2009          0.000          0.000          0.174          0.174          0.175          0.175          0.176          0.175          0.175          0.175          0.175          0.175          0.221          0.221          0.221          0.221          0.221
     05/08/2009          0.000          0.000          0.174          0.174          0.175          0.175          0.176          0.175          0.175          0.175          0.175          0.175          0.221          0.221          0.221          0.221          0.221
     06/08/2009          0.000          0.000          0.174          0.174          0.175          0.175          0.176          0.175          0.175          0.175          0.175          0.175          0.221          0.221          0.221          0.221          0.221
     07/08/2009          0.000          0.000          0.173          0.174          0.175          0.175          0.176          0.175          0.175          0.175          0.175          0.175          0.221          0.221          0.221          0.221          0.221
     08/08/2009          0.000          0.000          0.173          0.174          0.175          0.175          0.176          0.175          0.175          0.175          0.175          0.175          0.221          0.221          0.221          0.221          0.221
     09/08/2009          0.000          0.000          0.173          0.174          0.175          0.175          0.176          0.175          0.175          0.175          0.175          0.175          0.221          0.221          0.221          0.221          0.221
     10/08/2009          0.000          0.000          0.173          0.173          0.175          0.175          0.176          0.175          0.175          0.175          0.175          0.175          0.221          0.221          0.221          0.221          0.221
     11/08/2009          0.000          0.000          0.173          0.173          0.174          0.175          0.176          0.175          0.175          0.175          0.175          0.175          0.221          0.221          0.221          0.221          0.221
     12/08/2009          0.000          0.000          0.173          0.173          0.174          0.175          0.176          0.175          0.175          0.175          0.175          0.175          0.221          0.221          0.221          0.221          0.221
     13/08/2009          0.000          0.000          0.173          0.173          0.174          0.174          0.175          0.175          0.175          0.175          0.175          0.175          0.221          0.221          0.221          0.221          0.221
     14/08/2009          0.000          0.000          0.173          0.173          0.174          0.174          0.175          0.175          0.175          0.175          0.175          0.175          0.221          0.221          0.221          0.221          0.221
     15/08/2009          0.000          0.000          0.173          0.173          0.174          0.174          0.175          0.175          0.175          0.175          0.175          0.175          0.221          0.221          0.221          0.221          0.221
     16/08/2009          0.000          0.000          0.173          0.173          0.174          0.174          0.175          0.175          0.175          0.175          0.175          0.175          0.221          0.221          0.221          0.221          0.221
     17/08/2009          0.000          0.000          0.173          0.173          0.174          0.174          0.175          0.175          0.175          0.175          0.175          0.175          0.221          0.221          0.221          0.221          0.221
     18/08/2009          0.000          0.000          0.173          0.173          0.174          0.174          0.175          0.175          0.175          0.175          0.175          0.175          0.221          0.221          0.221          0.221          0.221
     19/08/2009          0.000          0.000          0.173          0.173          0.174          0.174          0.175          0.175          0.175          0.175          0.175          0.175          0.221          0.221          0.221          0.221          0.221
     20/08/2009          0.000          0.000          0.172          0.173          0.174          0.174          0.175          0.175          0.175          0.175          0.175          0.175          0.221          0.221          0.221          0.221          0.221
     21/08/2009          0.000          0.000          0.172          0.173          0.174          0.174          0.175          0.175          0.175          0.175          0.175          0.175          0.221          0.221          0.221          0.221          0.221
     22/08/2009          0.000          0.000          0.172          0.173          0.174          0.174          0.175          0.175          0.175          0.175          0.175          0.175          0.221          0.221          0.221          0.221          0.221
     23/08/2009          0.000          0.000          0.172          0.173          0.174          0.174          0.175          0.175          0.175          0.175          0.175          0.175          0.221          0.221          0.221          0.221          0.221
     24/08/2009          0.000          0.000          0.172          0.172          0.173          0.174          0.175          0.175          0.175          0.175          0.175          0.175          0.221          0.221          0.221          0.221          0.221
     25/08/2009          0.000          0.000          0.172          0.172          0.173          0.174          0.174          0.175          0.175          0.175          0.175          0.175          0.221          0.221          0.221          0.221          0.221
     26/08/2009          0.000          0.000          0.172          0.172          0.173          0.173          0.174          0.175          0.175          0.175          0.175          0.175          0.221          0.221          0.221          0.221          0.221
     27/08/2009          0.000          0.000          0.172          0.172          0.173          0.173          0.174          0.175          0.175          0.175          0.175          0.175          0.221          0.221          0.221          0.221          0.221
     28/08/2009          0.000          0.000          0.172          0.172          0.173          0.173          0.174          0.175          0.175          0.175          0.175          0.175          0.221          0.221          0.221          0.221          0.221
     29/08/2009          0.000          0.000          0.172          0.172          0.173          0.173          0.174          0.175          0.175          0.175          0.175          0.175          0.221          0.221          0.221          0.221          0.221
     30/08/2009          0.000          0.000          0.172          0.172          0.173          0.173          0.174          0.175          0.175          0.175          0.175          0.175          0.221          0.221          0.221          0.221          0.221
     31/08/2009          0.000          0.000          0.172          0.172          0.173          0.173          0.174          0.175          0.175          0.175          0.175          0.175          0.221          0.221          0.221          0.221          0.221
     01/09/2009          0.000          0.000          0.172          0.172          0.173          0.173          0.174          0.175          0.175          0.175          0.175          0.175          0.221          0.221          0.221          0.221          0.221
     02/09/2009          0.000          0.000          0.172          0.172          0.173          0.173          0.174          0.175          0.175          0.175          0.175          0.175          0.221          0.221          0.221          0.221          0.221
     03/09/2009          0.000          0.000          0.172          0.172          0.173          0.173          0.174          0.175          0.175          0.175          0.175          0.175          0.221          0.221          0.221          0.221          0.221
     04/09/2009          0.000          0.000          0.172          0.172          0.173          0.173          0.174          0.175          0.175          0.175          0.175          0.175          0.221          0.221          0.221          0.221          0.221
     05/09/2009          0.000          0.000          0.172          0.172          0.173          0.173          0.174          0.175          0.175          0.175          0.175          0.175          0.221          0.221          0.221          0.221          0.221
     06/09/2009          0.000          0.000          0.171          0.172          0.173          0.173          0.174          0.175          0.175          0.175          0.175          0.175          0.221          0.221          0.221          0.221          0.221
     07/09/2009          0.000          0.000          0.171          0.172          0.173          0.173          0.174          0.175          0.175          0.175          0.175          0.175          0.221          0.221          0.221          0.221          0.221
     08/09/2009          0.000          0.000          0.171          0.172          0.173          0.173          0.174          0.175          0.175          0.175          0.175          0.175          0.221          0.221          0.221          0.221          0.221
     09/09/2009          0.000          0.000          0.171          0.172          0.172          0.173          0.173          0.175          0.175          0.175          0.175          0.175          0.221          0.221          0.221          0.221          0.221
     10/09/2009          0.000          0.000          0.171          0.171          0.172          0.173          0.173          0.175          0.175          0.175          0.175          0.175          0.221          0.221          0.221          0.221          0.221
     11/09/2009          0.000          0.000          0.171          0.171          0.172          0.173          0.173          0.175          0.175          0.175          0.175          0.175          0.221          0.221          0.221          0.221          0.221
     12/09/2009          0.000          0.000          0.171          0.171          0.172          0.172          0.173          0.175          0.175          0.175          0.175          0.175          0.221          0.221          0.221          0.221          0.221
     13/09/2009          0.000          0.000          0.171          0.171          0.172          0.172          0.173          0.175          0.175          0.175          0.175          0.175          0.221          0.221          0.221          0.221          0.221
     14/09/2009          0.000          0.000          0.171          0.171          0.172          0.172          0.173          0.175          0.175          0.175          0.175          0.175          0.221          0.221          0.221          0.221          0.221
     15/09/2009          0.000          0.000          0.171          0.171          0.172          0.172          0.173          0.175          0.175          0.175          0.175          0.175          0.221          0.221          0.221          0.221          0.221
     16/09/2009          0.000          0.000          0.171          0.171          0.172          0.172          0.173          0.175          0.175          0.175          0.175          0.175          0.221          0.221          0.221          0.221          0.221
     17/09/2009          0.000          0.000          0.171          0.171          0.172          0.172          0.173          0.175          0.175          0.175          0.175          0.175          0.221          0.221          0.221          0.221          0.221
     18/09/2009          0.000          0.000          0.171          0.171          0.172          0.172          0.173          0.175          0.175          0.175          0.175          0.175          0.221          0.221          0.221          0.221          0.221
     19/09/2009          0.000          0.000          0.171          0.171          0.172          0.172          0.173          0.175          0.175          0.175          0.175          0.175          0.221          0.221          0.221          0.221          0.221
     20/09/2009          0.000          0.000          0.171          0.171          0.172          0.172          0.173          0.175          0.175          0.175          0.175          0.175          0.221          0.221          0.221          0.221          0.221
     21/09/2009          0.000          0.000          0.171          0.171          0.172          0.172          0.173          0.175          0.175          0.175          0.175          0.175          0.221          0.221          0.221          0.221          0.221
     22/09/2009          0.000          0.000          0.171          0.171          0.172          0.172          0.173          0.175          0.175          0.175          0.175          0.175          0.221          0.221          0.221          0.221          0.221
     23/09/2009          0.000          0.000          0.171          0.171          0.172          0.172          0.173          0.175          0.175          0.175          0.175          0.175          0.221          0.221          0.221          0.221          0.221
     24/09/2009          0.000          0.000          0.171          0.171          0.172          0.172          0.173          0.175          0.175          0.175          0.175          0.175          0.221          0.221          0.221          0.221          0.221
     25/09/2009          0.000          0.000          0.171          0.171          0.172          0.172          0.173          0.175          0.175          0.175          0.175          0.175          0.221          0.221          0.221          0.221          0.221
     26/09/2009          0.000          0.000          0.171          0.171          0.172          0.172          0.173          0.175          0.175          0.175          0.175          0.175          0.221          0.221          0.221          0.221          0.221
     27/09/2009          0.000          0.000          0.170          0.171          0.172          0.172          0.172          0.175          0.175          0.175          0.175          0.175          0.221          0.221          0.221          0.221          0.221
     28/09/2009          0.000          0.000          0.170          0.171          0.172          0.172          0.172          0.175          0.175          0.175          0.175          0.175          0.221          0.221          0.221          0.221          0.221
     29/09/2009          0.000          0.000          0.170          0.171          0.171          0.172          0.172          0.175          0.175          0.175          0.175          0.175          0.221          0.221          0.221          0.221          0.221
     30/09/2009          0.000          0.000          0.170          0.171          0.171          0.172          0.172          0.175          0.175          0.175          0.175          0.175          0.221          0.221          0.221          0.221          0.221
     01/10/2009          0.000          0.000          0.170          0.171          0.171          0.172          0.172          0.175          0.175          0.175          0.175          0.175          0.221          0.221          0.221          0.221          0.221
     02/10/2009          0.000          0.000          0.170          0.170          0.171          0.171          0.172          0.175          0.175          0.175          0.175          0.175          0.221          0.221          0.221          0.221          0.221
     03/10/2009          0.000          0.000          0.170          0.170          0.171          0.171          0.172          0.175          0.175          0.175          0.175          0.175          0.221          0.221          0.221          0.221          0.221
     04/10/2009          0.000          0.000          0.170          0.170          0.171          0.171          0.172          0.175          0.175          0.175          0.175          0.175          0.221          0.221          0.221          0.221          0.221
     05/10/2009          0.000          0.000          0.170          0.170          0.171          0.171          0.172          0.175          0.175          0.175          0.175          0.175          0.221          0.221          0.221          0.221          0.221
     06/10/2009          0.000          0.000          0.170          0.170          0.171          0.171          0.172          0.175          0.175          0.175          0.175          0.175          0.221          0.221          0.221          0.221          0.221
     07/10/2009          0.000          0.000          0.170          0.170          0.171          0.171          0.172          0.175          0.175          0.175          0.175          0.175          0.221          0.221          0.221          0.221          0.221
     08/10/2009          0.000          0.000          0.170          0.170          0.171          0.171          0.172          0.175          0.175          0.175          0.175          0.175          0.221          0.221          0.221          0.221          0.221
     09/10/2009          0.000          0.000          0.170          0.170          0.171          0.171          0.172          0.175          0.175          0.175          0.175          0.175          0.221          0.221          0.221          0.221          0.221
     10/10/2009          0.000          0.000          0.170          0.170          0.171          0.171          0.172          0.175          0.175          0.175          0.175          0.175          0.221          0.221          0.221          0.221          0.221
     11/10/2009          0.000          0.000          0.170          0.170          0.171          0.171          0.172          0.175          0.175          0.175          0.175          0.175          0.221          0.221          0.221          0.221          0.221
     12/10/2009          0.000          0.000          0.170          0.170          0.171          0.171          0.172          0.175          0.175          0.175          0.175          0.175          0.221          0.221          0.221          0.221          0.221
     13/10/2009          0.000          0.000          0.170          0.170          0.171          0.171          0.172          0.175          0.175          0.175          0.175          0.175          0.221          0.221          0.221          0.221          0.221
     14/10/2009          0.000          0.000          0.170          0.170          0.171          0.171          0.172          0.175          0.175          0.175          0.175          0.175          0.221          0.221          0.221          0.221          0.221
     15/10/2009          0.000          0.000          0.170          0.170          0.171          0.171          0.172          0.175          0.175          0.175          0.175          0.175          0.221          0.221          0.221          0.221          0.221
     16/10/2009          0.000          0.000          0.170          0.170          0.171          0.171          0.172          0.175          0.175          0.175          0.175          0.175          0.221          0.221          0.221          0.221          0.221
     17/10/2009          0.000          0.000          0.170          0.170          0.171          0.171          0.172          0.175          0.175          0.175          0.175          0.175          0.221          0.221          0.221          0.221          0.221
     18/10/2009          0.000          0.000          0.170          0.170          0.171          0.171          0.172          0.175          0.175          0.175          0.175          0.175          0.221          0.221          0.221          0.221          0.221
     19/10/2009          0.000          0.000          0.170          0.170          0.171          0.171          0.172          0.175          0.175          0.175          0.175          0.175          0.221          0.221          0.221          0.221          0.221
     20/10/2009          0.000          0.000          0.170          0.170          0.171          0.171          0.171          0.175          0.175          0.175          0.175          0.175          0.221          0.221          0.221          0.221          0.221
     21/10/2009          0.000          0.000          0.170          0.170          0.171          0.171          0.171          0.175          0.175          0.175          0.175          0.175          0.221          0.221          0.221          0.221          0.221
     22/10/2009          0.000          0.000          0.170          0.170          0.171          0.171          0.171          0.175          0.175          0.175          0.175          0.175          0.221          0.221          0.221          0.221          0.221
     23/10/2009          0.000          0.000          0.170          0.170          0.171          0.171          0.171          0.175          0.175          0.175          0.175          0.175          0.221          0.221          0.221          0.221          0.221
     24/10/2009          0.000          0.000          0.170          0.170          0.170          0.171          0.171          0.175          0.175          0.175          0.175          0.175          0.221          0.221          0.221          0.221          0.221
     25/10/2009          0.000          0.000          0.169          0.170          0.170          0.171          0.171          0.175          0.175          0.175          0.175          0.175          0.221          0.221          0.221          0.221          0.221
     26/10/2009          0.000          0.000          0.169          0.170          0.170          0.171          0.171          0.175          0.175          0.175          0.175          0.175          0.221          0.221          0.221          0.221          0.221
     27/10/2009          0.000          0.000          0.169          0.170          0.170          0.171          0.171          0.175          0.175          0.175          0.175          0.175          0.221          0.221          0.221          0.221          0.221
     28/10/2009          0.000          0.000          0.169          0.170          0.170          0.170          0.171          0.175          0.175          0.175          0.175          0.175          0.221          0.221          0.221          0.221          0.221
     29/10/2009          0.000          0.000          0.169          0.170          0.170          0.170          0.171          0.175          0.175          0.175          0.175          0.175          0.221          0.221          0.221          0.221          0.221
     30/10/2009          0.000          0.000          0.169          0.169          0.170          0.170          0.171          0.175          0.175          0.175          0.175          0.175          0.221          0.221          0.221          0.221          0.221
     31/10/2009          0.000          0.000          0.169          0.169          0.170          0.170          0.171          0.175          0.175          0.175          0.175          0.175          0.221          0.221          0.221          0.221          0.221
     01/11/2009          0.000          0.000          0.169          0.169          0.170          0.170          0.171          0.175          0.175          0.175          0.175          0.175          0.221          0.221          0.221          0.221          0.221
     02/11/2009          0.000          0.000          0.169          0.169          0.170          0.170          0.171          0.175          0.175          0.175          0.175          0.175          0.221          0.221          0.221          0.221          0.221
     03/11/2009          0.000          0.000          0.169          0.169          0.170          0.170          0.171          0.175          0.175          0.175          0.175          0.175          0.221          0.221          0.221          0.221          0.221
     04/11/2009          0.000          0.000          0.169          0.169          0.170          0.170          0.171          0.175          0.175          0.175          0.175          0.175          0.221          0.221          0.221          0.221          0.221
     05/11/2009          0.000          0.000          0.169          0.169          0.170          0.170          0.171          0.175          0.175          0.175          0.175          0.175          0.221          0.221          0.221          0.221          0.221
     06/11/2009          0.000          0.000          0.169          0.169          0.170          0.170          0.171          0.175          0.175          0.175          0.175          0.175          0.221          0.221          0.221          0.221          0.221
     07/11/2009          0.000          0.000          0.169          0.169          0.170          0.170          0.171          0.175          0.175          0.175          0.175          0.175          0.221          0.221          0.221          0.221          0.221
     08/11/2009          0.000          0.000          0.169          0.169          0.170          0.170          0.171          0.175          0.175          0.175          0.175          0.175          0.221          0.221          0.221          0.221          0.221
     09/11/2009          0.000          0.000          0.169          0.169          0.170          0.170          0.171          0.175          0.175          0.175          0.175          0.175          0.221          0.221          0.221          0.221          0.221
     10/11/2009          0.000          0.000          0.169          0.169          0.170          0.170          0.171          0.175          0.175          0.175          0.175          0.175          0.221          0.221          0.221          0.221          0.221
     11/11/2009          0.000          0.000          0.169          0.169          0.170          0.170          0.171          0.175          0.175          0.175          0.175          0.175          0.221          0.221          0.221          0.221          0.221
     12/11/2009          0.000          0.000          0.169          0.169          0.170          0.170          0.171          0.175          0.175          0.175          0.175          0.175          0.221          0.221          0.221          0.221          0.221
     13/11/2009          0.000          0.000          0.169          0.169          0.170          0.170          0.171          0.175          0.175          0.175          0.175          0.175          0.221          0.221          0.221          0.221          0.221
     14/11/2009          0.000          0.000          0.169          0.169          0.170          0.170          0.171          0.175          0.175          0.175          0.175          0.175          0.221          0.221          0.221          0.221          0.221
     15/11/2009          0.000          0.000          0.169          0.169          0.170          0.170          0.171          0.175          0.175          0.175          0.175          0.175          0.221          0.221          0.221          0.221          0.221
     16/11/2009          0.000          0.000          0.169          0.169          0.170          0.170          0.171          0.175          0.175          0.175          0.175          0.175          0.221          0.221          0.221          0.221          0.221
     17/11/2009          0.000          0.000          0.169          0.169          0.170          0.170          0.170          0.175          0.175          0.175          0.175          0.175          0.221          0.221          0.221          0.221          0.221
     18/11/2009          0.000          0.000          0.169          0.169          0.170          0.170          0.170          0.175          0.175          0.175          0.175          0.175          0.221          0.221          0.221          0.221          0.221
     19/11/2009          0.000          0.000          0.169          0.169          0.170          0.170          0.170          0.175          0.175          0.175          0.175          0.175          0.221          0.221          0.221          0.221          0.221
     20/11/2009          0.000          0.000          0.169          0.169          0.170          0.170          0.170          0.175          0.175          0.175          0.175          0.175          0.221          0.221          0.221          0.221          0.221
     21/11/2009          0.000          0.000          0.169          0.169          0.170          0.170          0.170          0.175          0.175          0.175          0.175          0.175          0.221          0.221          0.221          0.221          0.221
     22/11/2009          0.000          0.000          0.169          0.169          0.170          0.170          0.170          0.175          0.175          0.175          0.175          0.175          0.221          0.221          0.221          0.221          0.221
     23/11/2009          0.000          0.000          0.169          0.169          0.170          0.170          0.170          0.175          0.175          0.175          0.175          0.175          0.221          0.221          0.221          0.221          0.221
     24/11/2009          0.000          0.000          0.169          0.169          0.169          0.170          0.170          0.175          0.175          0.175          0.175          0.175          0.221          0.221          0.221          0.221          0.221
     25/11/2009          0.000          0.000          0.169          0.169          0.169          0.170          0.170          0.175          0.175          0.175          0.175          0.175          0.221          0.221          0.221          0.221          0.221
     26/11/2009          0.000          0.000          0.169          0.169          0.169          0.170          0.170          0.175          0.175          0.175          0.175          0.175          0.221          0.221          0.221          0.221          0.221
     27/11/2009          0.000          0.000          0.169          0.169          0.169          0.170          0.170          0.175          0.175          0.175          0.175          0.175          0.221          0.221          0.221          0.221          0.221
     28/11/2009          0.000          0.000          0.168          0.169          0.169          0.169          0.170          0.175          0.175          0.175          0.175          0.175          0.221          0.221          0.221          0.221          0.221
     29/11/2009          0.000          0.000          0.168          0.169          0.169          0.169          0.170          0.175          0.175          0.175          0.175          0.175          0.221          0.221          0.221          0.221          0.221
     30/11/2009          0.000          0.000          0.168          0.169          0.169          0.169          0.170          0.175          0.175          0.175          0.175          0.175          0.221          0.221          0.221          0.221          0.221
     01/12/2009          0.000          0.000          0.168          0.169          0.169          0.169          0.170          0.175          0.175          0.175          0.175          0.175          0.221          0.221          0.221          0.221          0.221
     02/12/2009          0.000          0.000          0.168          0.169          0.169          0.169          0.170          0.175          0.175          0.175          0.175          0.175          0.221          0.221          0.221          0.221          0.221
     03/12/2009          0.000          0.000          0.168          0.169          0.169          0.169          0.170          0.175          0.175          0.175          0.175          0.175          0.221          0.221          0.221          0.221          0.221
     04/12/2009          0.000          0.000          0.168          0.168          0.169          0.169          0.170          0.175          0.175          0.175          0.175          0.175          0.221          0.221          0.221          0.221          0.221
     05/12/2009          0.000          0.000          0.168          0.168          0.169          0.169          0.170          0.175          0.175          0.175          0.175          0.175          0.221          0.221          0.221          0.221          0.221
     06/12/2009          0.000          0.000          0.168          0.168          0.169          0.169          0.170          0.175          0.175          0.175          0.175          0.175          0.221          0.221          0.221          0.221          0.221
     07/12/2009          0.000          0.000          0.168          0.168          0.169          0.169          0.170          0.175          0.175          0.175          0.175          0.175          0.221          0.221          0.221          0.221          0.221
     08/12/2009          0.000          0.000          0.168          0.168          0.169          0.169          0.170          0.175          0.175          0.175          0.175          0.175          0.221          0.221          0.221          0.221          0.221
     09/12/2009          0.000          0.000          0.168          0.168          0.169          0.169          0.170          0.175          0.175          0.175          0.175          0.175          0.221          0.221          0.221          0.221          0.221
     10/12/2009          0.000          0.000          0.168          0.168          0.169          0.169          0.170          0.175          0.175          0.175          0.175          0.175          0.221          0.221          0.221          0.221          0.221
     11/12/2009          0.000          0.000          0.168          0.168          0.169          0.169          0.170          0.175          0.175          0.175          0.175          0.175          0.221          0.221          0.221          0.221          0.221
     12/12/2009          0.000          0.000          0.168          0.168          0.169          0.169          0.170          0.175          0.175          0.175          0.175          0.175          0.221          0.221          0.221          0.221          0.221
     13/12/2009          0.000          0.000          0.168          0.168          0.169          0.169          0.170          0.175          0.175          0.175          0.175          0.175          0.221          0.221          0.221          0.221          0.221
     14/12/2009          0.000          0.000          0.168          0.168          0.169          0.169          0.170          0.175          0.175          0.175          0.175          0.175          0.221          0.221          0.221          0.221          0.221
     15/12/2009          0.000          0.000          0.168          0.168          0.169          0.169          0.170          0.175          0.175          0.175          0.175          0.175          0.221          0.221          0.221          0.221          0.221
     16/12/2009          0.000          0.000          0.168          0.168          0.169          0.169          0.170          0.175          0.175          0.175          0.175          0.175          0.221          0.221          0.221          0.221          0.221
     17/12/2009          0.000          0.000          0.168          0.168          0.169          0.169          0.170          0.175          0.175          0.175          0.175          0.175          0.221          0.221          0.221          0.221          0.221
     18/12/2009          0.000          0.000          0.168          0.168          0.169          0.169          0.170          0.175          0.175          0.175          0.175          0.175          0.221          0.221          0.221          0.221          0.221
     19/12/2009          0.000          0.000          0.168          0.168          0.169          0.169          0.170          0.175          0.175          0.175          0.175          0.175          0.221          0.221          0.221          0.221          0.221
     20/12/2009          0.000          0.000          0.168          0.168          0.169          0.169          0.170          0.175          0.175          0.175          0.175          0.175          0.221          0.221          0.221          0.221          0.221
     21/12/2009          0.000          0.000          0.168          0.168          0.169          0.169          0.169          0.175          0.175          0.175          0.175          0.175          0.221          0.221          0.221          0.221          0.221
     22/12/2009          0.000          0.000          0.168          0.168          0.169          0.169          0.169          0.175          0.175          0.175          0.175          0.175          0.221          0.221          0.221          0.221          0.221
     23/12/2009          0.000          0.000          0.168          0.168          0.169          0.169          0.169          0.175          0.175          0.175          0.175          0.175          0.221          0.221          0.221          0.221          0.221
     24/12/2009          0.000          0.000          0.168          0.168          0.169          0.169          0.169          0.175          0.175          0.175          0.175          0.175          0.221          0.221          0.221          0.221          0.221
     25/12/2009          0.000          0.000          0.168          0.168          0.169          0.169          0.169          0.175          0.175          0.175          0.175          0.175          0.221          0.221          0.221          0.221          0.221
     26/12/2009          0.000          0.000          0.168          0.168          0.169          0.169          0.169          0.175          0.175          0.175          0.175          0.175          0.221          0.221          0.221          0.221          0.221
     27/12/2009          0.000          0.000          0.168          0.168          0.169          0.169          0.169          0.175          0.175          0.175          0.175          0.175          0.221          0.221          0.221          0.221          0.221
     28/12/2009          0.000          0.000          0.168          0.168          0.169          0.169          0.169          0.175          0.175          0.175          0.175          0.175          0.221          0.221          0.221          0.221          0.221
     29/12/2009          0.000          0.000          0.168          0.168          0.169          0.169          0.169          0.175          0.175          0.175          0.175          0.175          0.221          0.221          0.221          0.221          0.221
     30/12/2009          0.000          0.000          0.168          0.168          0.169          0.169          0.169          0.175          0.175          0.175          0.175          0.175          0.221          0.221          0.221          0.221          0.221
     31/12/2009          0.000          0.000          0.168          0.168          0.169          0.169          0.169          0.175          0.175          0.175          0.175          0.175          0.221          0.221          0.221          0.221          0.221
     01/01/2010          0.000          0.000          0.168          0.168          0.169          0.169          0.169          0.175          0.175          0.175          0.175          0.175          0.221          0.221          0.221          0.221          0.221
     02/01/2010          0.000          0.000          0.168          0.168          0.168          0.169          0.169          0.175          0.175          0.175          0.175          0.175          0.221          0.221          0.221          0.221          0.221
     03/01/2010          0.000          0.000          0.168          0.168          0.168          0.169          0.169          0.175          0.175          0.175          0.175          0.175          0.221          0.221          0.221          0.221          0.221
     04/01/2010          0.000          0.000          0.168          0.168          0.168          0.169          0.169          0.175          0.175          0.175          0.175          0.175          0.221          0.221          0.221          0.221          0.221
     05/01/2010          0.000          0.000          0.168          0.168          0.168          0.169          0.169          0.175          0.175          0.175          0.175          0.175          0.221          0.221          0.221          0.221          0.221
     06/01/2010          0.000          0.000          0.168          0.168          0.168          0.169          0.169          0.175          0.175          0.175          0.175          0.175          0.221          0.221          0.221          0.221          0.221
     07/01/2010          0.000          0.000          0.168          0.168          0.168          0.168          0.169          0.175          0.175          0.175          0.175          0.175          0.221          0.221          0.221          0.221          0.221
     08/01/2010          0.000          0.000          0.168          0.168          0.168          0.168          0.169          0.175          0.175          0.175          0.175          0.175          0.221          0.221          0.221          0.221          0.221
     09/01/2010          0.000          0.000          0.168          0.168          0.168          0.168          0.169          0.175          0.175          0.175          0.175          0.175          0.221          0.221          0.221          0.221          0.221
     10/01/2010          0.000          0.000          0.168          0.168          0.168          0.168          0.169          0.175          0.175          0.175          0.175          0.175          0.221          0.221          0.221          0.221          0.221
     11/01/2010          0.000          0.000          0.167          0.168          0.168          0.168          0.169          0.175          0.175          0.175          0.175          0.175          0.221          0.221          0.221          0.221          0.221
     12/01/2010          0.000          0.000          0.167          0.168          0.168          0.168          0.169          0.175          0.175          0.175          0.175          0.175          0.221          0.221          0.221          0.221          0.221
     13/01/2010          0.000          0.000          0.167          0.168          0.168          0.168          0.169          0.175          0.175          0.175          0.175          0.175          0.221          0.221          0.221          0.221          0.221
     14/01/2010          0.000          0.000          0.167          0.168          0.168          0.168          0.169          0.175          0.175          0.175          0.175          0.175          0.221          0.221          0.221          0.221          0.221
     15/01/2010          0.000          0.000          0.167          0.168          0.168          0.168          0.169          0.175          0.175          0.175          0.175          0.175          0.221          0.221          0.221          0.221          0.221
     16/01/2010          0.000          0.000          0.167          0.168          0.168          0.168          0.169          0.175          0.175          0.175          0.175          0.175          0.221          0.221          0.221          0.221          0.221
     17/01/2010          0.000          0.000          0.167          0.168          0.168          0.168          0.169          0.175          0.175          0.175          0.175          0.175          0.221          0.221          0.221          0.221          0.221
     18/01/2010          0.000          0.000          0.167          0.167          0.168          0.168          0.169          0.175          0.175          0.175          0.175          0.175          0.221          0.221          0.221          0.221          0.221
     19/01/2010          0.000          0.000          0.167          0.167          0.168          0.168          0.169          0.175          0.175          0.175          0.175          0.175          0.221          0.221          0.221          0.221          0.221
     20/01/2010          0.000          0.000          0.167          0.167          0.168          0.168          0.169          0.175          0.175          0.175          0.175          0.175          0.221          0.221          0.221          0.221          0.221
     21/01/2010          0.000          0.000          0.167          0.167          0.168          0.168          0.169          0.175          0.175          0.175          0.175          0.175          0.221          0.221          0.221          0.221          0.221
     22/01/2010          0.000          0.000          0.167          0.167          0.168          0.168          0.169          0.175          0.175          0.175          0.175          0.175          0.221          0.221          0.221          0.221          0.221
     23/01/2010          0.000          0.000          0.167          0.167          0.168          0.168          0.169          0.175          0.175          0.175          0.175          0.175          0.221          0.221          0.221          0.221          0.221
     24/01/2010          0.000          0.000          0.167          0.167          0.168          0.168          0.169          0.175          0.175          0.175          0.175          0.175          0.221          0.221          0.221          0.221          0.221
     25/01/2010          0.000          0.000          0.167          0.167          0.168          0.168          0.169          0.175          0.175          0.175          0.175          0.175          0.221          0.221          0.221          0.221          0.221
     26/01/2010          0.000          0.000          0.167          0.167          0.168          0.168          0.169          0.175          0.175          0.175          0.175          0.175          0.221          0.221          0.221          0.221          0.221
     27/01/2010          0.000          0.000          0.167          0.167          0.168          0.168          0.169          0.175          0.175          0.175          0.175          0.175          0.221          0.221          0.221          0.221          0.221
     28/01/2010          0.000          0.000          0.167          0.167          0.168          0.168          0.169          0.175          0.175          0.175          0.175          0.175          0.221          0.221          0.221          0.221          0.221
     29/01/2010          0.000          0.000          0.167          0.167          0.168          0.168          0.169          0.175          0.175          0.175          0.175          0.175          0.221          0.221          0.221          0.221          0.221
     30/01/2010          0.000          0.000          0.167          0.167          0.168          0.168          0.169          0.175          0.175          0.175          0.175          0.175          0.221          0.221          0.221          0.221          0.221
     31/01/2010          0.000          0.000          0.167          0.167          0.168          0.168          0.169          0.175          0.175          0.175          0.175          0.175          0.221          0.221          0.221          0.221          0.221
     01/02/2010          0.000          0.000          0.167          0.167          0.168          0.168          0.169          0.175          0.175          0.175          0.175          0.175          0.221          0.221          0.221          0.221          0.221
     02/02/2010          0.000          0.000          0.167          0.167          0.168          0.168          0.168          0.175          0.175          0.175          0.175          0.175          0.221          0.221          0.221          0.221          0.221
     03/02/2010          0.000          0.000          0.167          0.167          0.168          0.168          0.168          0.175          0.175          0.175          0.175          0.175          0.221          0.221          0.221          0.221          0.221
     04/02/2010          0.000          0.000          0.167          0.167          0.168          0.168          0.168          0.175          0.175          0.175          0.175          0.175          0.221          0.221          0.221          0.221          0.221
     05/02/2010          0.000          0.000          0.167          0.167          0.168          0.168          0.168          0.175          0.175          0.175          0.175          0.175          0.221          0.221          0.221          0.221          0.221
     06/02/2010          0.000          0.000          0.167          0.167          0.168          0.168          0.168          0.175          0.175          0.175          0.175          0.175          0.221          0.221          0.221          0.221          0.221
     07/02/2010          0.000          0.000          0.167          0.167          0.168          0.168          0.168          0.175          0.175          0.175          0.175          0.175          0.221          0.221          0.221          0.221          0.221
     08/02/2010          0.000          0.000          0.167          0.167          0.168          0.168          0.168          0.175          0.175          0.175          0.175          0.175          0.221          0.221          0.221          0.221          0.221
     09/02/2010          0.000          0.000          0.167          0.167          0.168          0.168          0.168          0.175          0.175          0.175          0.175          0.175          0.221          0.221          0.221          0.221          0.221
     10/02/2010          0.000          0.000          0.167          0.167          0.168          0.168          0.168          0.175          0.175          0.175          0.175          0.175          0.221          0.221          0.221          0.221          0.221
     11/02/2010          0.000          0.000          0.167          0.167          0.168          0.168          0.168          0.175          0.175          0.175          0.175          0.175          0.221          0.221          0.221          0.221          0.221
     12/02/2010          0.000          0.000          0.167          0.167          0.168          0.168          0.168          0.175          0.175          0.175          0.175          0.175          0.221          0.221          0.221          0.221          0.221
     13/02/2010          0.000          0.000          0.167          0.167          0.168          0.168          0.168          0.175          0.175          0.175          0.175          0.175          0.221          0.221          0.221          0.221          0.221
     14/02/2010          0.000          0.000          0.167          0.167          0.168          0.168          0.168          0.175          0.175          0.175          0.175          0.175          0.221          0.221          0.221          0.221          0.221
     15/02/2010          0.000          0.000          0.167          0.167          0.168          0.168          0.168          0.175          0.175          0.175          0.175          0.175          0.221          0.221          0.221          0.221          0.221
     16/02/2010          0.000          0.000          0.167          0.167          0.168          0.168          0.168          0.175          0.175          0.175          0.175          0.175          0.221          0.221          0.221          0.221          0.221
     17/02/2010          0.000          0.000          0.167          0.167          0.168          0.168          0.168          0.175          0.175          0.175          0.175          0.175          0.221          0.221          0.221          0.221          0.221
     18/02/2010          0.000          0.000          0.167          0.167          0.168          0.168          0.168          0.175          0.175          0.175          0.175          0.175          0.221          0.221          0.221          0.221          0.221
     19/02/2010          0.000          0.000          0.167          0.167          0.167          0.168          0.168          0.175          0.175          0.175          0.175          0.175          0.221          0.221          0.221          0.221          0.221
     20/02/2010          0.000          0.000          0.167          0.167          0.167          0.168          0.168          0.175          0.175          0.175          0.175          0.175          0.221          0.221          0.221          0.221          0.221
     21/02/2010          0.000          0.000          0.167          0.167          0.167          0.168          0.168          0.175          0.175          0.175          0.175          0.175          0.221          0.221          0.221          0.221          0.221
     22/02/2010          0.000          0.000          0.167          0.167          0.167          0.168          0.168          0.175          0.175          0.175          0.175          0.175          0.221          0.221          0.221          0.221          0.221
     23/02/2010          0.000          0.000          0.167          0.167          0.167          0.168          0.168          0.175          0.175          0.175          0.175          0.175          0.221          0.221          0.221          0.221          0.221
     24/02/2010          0.000          0.000          0.167          0.167          0.167          0.168          0.168          0.175          0.175          0.175          0.175          0.175          0.221          0.221          0.221          0.221          0.221
     25/02/2010          0.000          0.000          0.167          0.167          0.167          0.167          0.168          0.175          0.175          0.175          0.175          0.175          0.221          0.221          0.221          0.221          0.221
     26/02/2010          0.000          0.000          0.167          0.167          0.167          0.167          0.168          0.175          0.175          0.175          0.175          0.175          0.221          0.221          0.221          0.221          0.221
     27/02/2010          0.000          0.000          0.167          0.167          0.167          0.167          0.168          0.175          0.175          0.175          0.175          0.175          0.221          0.221          0.221          0.221          0.221
     28/02/2010          0.000          0.000          0.167          0.167          0.167          0.167          0.168          0.175          0.175          0.175          0.175          0.175          0.221          0.221          0.221          0.221          0.221
     01/03/2010          0.000          0.000          0.167          0.167          0.167          0.167          0.168          0.175          0.175          0.175          0.175          0.175          0.221          0.221          0.221          0.221          0.221
     02/03/2010          0.000          0.000          0.167          0.167          0.167          0.167          0.168          0.175          0.175          0.175          0.175          0.175          0.221          0.221          0.221          0.221          0.221
     03/03/2010          0.000          0.000          0.167          0.167          0.167          0.167          0.168          0.175          0.175          0.175          0.175          0.175          0.221          0.221          0.221          0.221          0.221
     04/03/2010          0.000          0.000          0.167          0.167          0.167          0.167          0.168          0.175          0.175          0.175          0.175          0.175          0.221          0.221          0.221          0.221          0.221
     05/03/2010          0.000          0.000          0.167          0.167          0.167          0.167          0.168          0.175          0.175          0.175          0.175          0.175          0.221          0.221          0.221          0.221          0.221
     06/03/2010          0.000          0.000          0.167          0.167          0.167          0.167          0.168          0.175          0.175          0.175          0.175          0.175          0.221          0.221          0.221          0.221          0.221
     07/03/2010          0.000          0.000          0.166          0.167          0.167          0.167          0.168          0.175          0.175          0.175          0.175          0.175          0.221          0.221          0.221          0.221          0.221
     08/03/2010          0.000          0.000          0.166          0.167          0.167          0.167          0.168          0.175          0.175          0.175          0.175          0.175          0.221          0.221          0.221          0.221          0.221
     09/03/2010          0.000          0.000          0.166          0.167          0.167          0.167          0.168          0.175          0.175          0.175          0.175          0.175          0.221          0.221          0.221          0.221          0.221
     10/03/2010          0.000          0.000          0.166          0.167          0.167          0.167          0.168          0.175          0.175          0.175          0.175          0.175          0.221          0.221          0.221          0.221          0.221
     11/03/2010          0.000          0.000          0.166          0.167          0.167          0.167          0.168          0.175          0.175          0.175          0.175          0.175          0.221          0.221          0.221          0.221          0.221
     12/03/2010          0.000          0.000          0.166          0.167          0.167          0.167          0.168          0.175          0.175          0.175          0.175          0.175          0.221          0.221          0.221          0.221          0.221
     13/03/2010          0.000          0.000          0.166          0.167          0.167          0.167          0.168          0.175          0.175          0.175          0.175          0.175          0.221          0.221          0.221          0.221          0.221
     14/03/2010          0.000          0.000          0.166          0.167          0.167          0.167          0.168          0.175          0.175          0.175          0.175          0.175          0.221          0.221          0.221          0.221          0.221
     15/03/2010          0.000          0.000          0.166          0.166          0.167          0.167          0.168          0.175          0.175          0.175          0.175          0.175          0.221          0.221          0.221          0.221          0.221
     16/03/2010          0.000          0.000          0.166          0.166          0.167          0.167          0.168          0.175          0.175          0.175          0.175          0.175          0.221          0.221          0.221          0.221          0.221
     17/03/2010          0.000          0.000          0.166          0.166          0.167          0.167          0.168          0.175          0.175          0.175          0.175          0.175          0.221          0.221          0.221          0.221          0.221
     18/03/2010          0.000          0.000          0.166          0.166          0.167          0.167          0.168          0.175          0.175          0.175          0.175          0.175          0.221          0.221          0.221          0.221          0.221
     19/03/2010          0.000          0.000          0.166          0.166          0.167          0.167          0.168          0.175          0.175          0.175          0.175          0.175          0.221          0.221          0.221          0.221          0.221
     20/03/2010          0.000          0.000          0.166          0.166          0.167          0.167          0.168          0.175          0.175          0.175          0.175          0.175          0.221          0.221          0.221          0.221          0.221
     21/03/2010          0.000          0.000          0.166          0.166          0.167          0.167          0.168          0.175          0.175          0.175          0.175          0.175          0.221          0.221          0.221          0.221          0.221
     22/03/2010          0.000          0.000          0.166          0.166          0.167          0.167          0.168          0.175          0.175          0.175          0.175          0.175          0.221          0.221          0.221          0.221          0.221
     23/03/2010          0.000          0.000          0.166          0.166          0.167          0.167          0.168          0.175          0.175          0.175          0.175          0.175          0.221          0.221          0.221          0.221          0.221
     24/03/2010          0.000          0.000          0.166          0.166          0.167          0.167          0.168          0.175          0.175          0.175          0.175          0.175          0.221          0.221          0.221          0.221          0.221
     25/03/2010          0.000          0.000          0.166          0.166          0.167          0.167          0.168          0.175          0.175          0.175          0.175          0.175          0.221          0.221          0.221          0.221          0.221
     26/03/2010          0.000          0.000          0.166          0.166          0.167          0.167          0.167          0.175          0.175          0.175          0.175          0.175          0.221          0.221          0.221          0.221          0.221
     27/03/2010          0.000          0.000          0.166          0.166          0.167          0.167          0.167          0.175          0.175          0.175          0.175          0.175          0.221          0.221          0.221          0.221          0.221
     28/03/2010          0.000          0.000          0.166          0.166          0.167          0.167          0.167          0.175          0.175          0.175          0.175          0.175          0.221          0.221          0.221          0.221          0.221
     29/03/2010          0.000          0.000          0.166          0.166          0.167          0.167          0.167          0.175          0.175          0.175          0.175          0.175          0.221          0.221          0.221          0.221          0.221
     30/03/2010          0.000          0.000          0.166          0.166          0.167          0.167          0.167          0.175          0.175          0.175          0.175          0.175          0.221          0.221          0.221          0.221          0.221
     31/03/2010          0.000          0.000          0.166          0.166          0.167          0.167          0.167          0.175          0.175          0.175          0.175          0.175          0.221          0.221          0.221          0.221          0.221
     01/04/2010          0.000          0.000          0.166          0.166          0.167          0.167          0.167          0.175          0.175          0.175          0.175          0.175          0.221          0.221          0.221          0.221          0.221
     02/04/2010          0.000          0.000          0.166          0.166          0.167          0.167          0.167          0.175          0.175          0.175          0.175          0.175          0.221          0.221          0.221          0.221          0.221
     03/04/2010          0.000          0.000          0.166          0.166          0.167          0.167          0.167          0.175          0.175          0.175          0.175          0.175          0.221          0.221          0.221          0.221          0.221
     04/04/2010          0.000          0.000          0.166          0.166          0.167          0.167          0.167          0.175          0.175          0.175          0.175          0.175          0.221          0.221          0.221          0.221          0.221
     05/04/2010          0.000          0.000          0.166          0.166          0.167          0.167          0.167          0.175          0.175          0.175          0.175          0.175          0.221          0.221          0.221          0.221          0.221
     06/04/2010          0.000          0.000          0.166          0.166          0.167          0.167          0.167          0.175          0.175          0.175          0.175          0.175          0.221          0.221          0.221          0.221          0.221
     07/04/2010          0.000          0.000          0.166          0.166          0.167          0.167          0.167          0.175          0.175          0.175          0.175          0.175          0.221          0.221          0.221          0.221          0.221
     08/04/2010          0.000          0.000          0.166          0.166          0.167          0.167          0.167          0.175          0.175          0.175          0.175          0.175          0.221          0.221          0.221          0.221          0.221
     09/04/2010          0.000          0.000          0.166          0.166          0.167          0.167          0.167          0.175          0.175          0.175          0.175          0.175          0.221          0.221          0.221          0.221          0.221
     10/04/2010          0.000          0.000          0.166          0.166          0.167          0.167          0.167          0.175          0.175          0.175          0.175          0.175          0.221          0.221          0.221          0.221          0.221
     11/04/2010          0.000          0.000          0.166          0.166          0.167          0.167          0.167          0.175          0.175          0.175          0.175          0.175          0.221          0.221          0.221          0.221          0.221
     12/04/2010          0.000          0.000          0.166          0.166          0.167          0.167          0.167          0.175          0.175          0.175          0.175          0.175          0.221          0.221          0.221          0.221          0.221
     13/04/2010          0.000          0.000          0.166          0.166          0.167          0.167          0.167          0.175          0.175          0.175          0.175          0.175          0.221          0.221          0.221          0.221          0.221
     14/04/2010          0.000          0.000          0.166          0.166          0.167          0.167          0.167          0.175          0.175          0.175          0.175          0.175          0.221          0.221          0.221          0.221          0.221
     15/04/2010          0.000          0.000          0.166          0.166          0.167          0.167          0.167          0.175          0.175          0.175          0.175          0.175          0.221          0.221          0.221          0.221          0.221
     16/04/2010          0.000          0.000          0.166          0.166          0.167          0.167          0.167          0.175          0.175          0.175          0.175          0.175          0.221          0.221          0.221          0.221          0.221
     17/04/2010          0.000          0.000          0.166          0.166          0.167          0.167          0.167          0.175          0.175          0.175          0.175          0.175          0.221          0.221          0.221          0.221          0.221
     18/04/2010          0.000          0.000          0.166          0.166          0.167          0.167          0.167          0.175          0.175          0.175          0.175          0.175          0.221          0.221          0.221          0.221          0.221
     19/04/2010          0.000          0.000          0.166          0.166          0.167          0.167          0.167          0.175          0.175          0.175          0.175          0.175          0.221          0.221          0.221          0.221          0.221
     20/04/2010          0.000          0.000          0.166          0.166          0.167          0.167          0.167          0.175          0.175          0.175          0.175          0.175          0.221          0.221          0.221          0.221          0.221
     21/04/2010          0.000          0.000          0.166          0.166          0.166          0.167          0.167          0.175          0.175          0.175          0.175          0.175          0.221          0.221          0.221          0.221          0.221
     22/04/2010          0.000          0.000          0.166          0.166          0.166          0.167          0.167          0.175          0.175          0.175          0.175          0.175          0.221          0.221          0.221          0.221          0.221
     23/04/2010          0.000          0.000          0.166          0.166          0.166          0.167          0.167          0.175          0.175          0.175          0.175          0.175          0.221          0.221          0.221          0.221          0.221
     24/04/2010          0.000          0.000          0.166          0.166          0.166          0.167          0.167          0.175          0.175          0.175          0.175          0.175          0.221          0.221          0.221          0.221          0.221
     25/04/2010          0.000          0.000          0.166          0.166          0.166          0.167          0.167          0.175          0.175          0.175          0.175          0.175          0.221          0.221          0.221          0.221          0.221
     26/04/2010          0.000          0.000          0.166          0.166          0.166          0.167          0.167          0.175          0.175          0.175          0.175          0.175          0.221          0.221          0.221          0.221          0.221
     27/04/2010          0.000          0.000          0.166          0.166          0.166          0.166          0.167          0.175          0.175          0.175          0.175          0.175          0.221          0.221          0.221          0.221          0.221
     28/04/2010          0.000          0.000          0.166          0.166          0.166          0.166          0.167          0.175          0.175          0.175          0.175          0.175          0.221          0.221          0.221          0.221          0.221
     29/04/2010          0.000          0.000          0.166          0.166          0.166          0.166          0.167          0.175          0.175          0.175          0.175          0.175          0.221          0.221          0.221          0.221          0.221
     30/04/2010          0.000          0.000          0.166          0.166          0.166          0.166          0.167          0.175          0.175          0.175          0.175          0.175          0.221          0.221          0.221          0.221          0.221
     01/05/2010          0.000          0.000          0.166          0.166          0.166          0.166          0.167          0.175          0.175          0.175          0.175          0.175          0.221          0.221          0.221          0.221          0.221
     02/05/2010          0.000          0.000          0.166          0.166          0.166          0.166          0.167          0.175          0.175          0.175          0.175          0.175          0.221          0.221          0.221          0.221          0.221
     03/05/2010          0.000          0.000          0.166          0.166          0.166          0.166          0.167          0.175          0.175          0.175          0.175          0.175          0.221          0.221          0.221          0.221          0.221
     04/05/2010          0.000          0.000          0.166          0.166          0.166          0.166          0.167          0.175          0.175          0.175          0.175          0.175          0.221          0.221          0.221          0.221          0.221
     05/05/2010          0.000          0.000          0.166          0.166          0.166          0.166          0.167          0.175          0.175          0.175          0.175          0.175          0.221          0.221          0.221          0.221          0.221
     06/05/2010          0.000          0.000          0.166          0.166          0.166          0.166          0.167          0.175          0.175          0.175          0.175          0.175          0.221          0.221          0.221          0.221          0.221
     07/05/2010          0.000          0.000          0.166          0.166          0.166          0.166          0.167          0.175          0.175          0.175          0.175          0.175          0.221          0.221          0.221          0.221          0.221
     08/05/2010          0.000          0.000          0.166          0.166          0.166          0.166          0.167          0.175          0.175          0.175          0.175          0.175          0.221          0.221          0.221          0.221          0.221
     09/05/2010          0.000          0.000          0.166          0.166          0.166          0.166          0.167          0.175          0.175          0.175          0.175          0.175          0.221          0.221          0.221          0.221          0.221
     10/05/2010          0.000          0.000          0.166          0.166          0.166          0.166          0.167          0.175          0.175          0.175          0.175          0.175          0.221          0.221          0.221          0.221          0.221
     11/05/2010          0.000          0.000          0.166          0.166          0.166          0.166          0.167          0.175          0.175          0.175          0.175          0.175          0.221          0.221          0.221          0.221          0.221
     12/05/2010          0.000          0.000          0.166          0.166          0.166          0.166          0.167          0.175          0.175          0.175          0.175          0.175          0.221          0.221          0.221          0.221          0.221
     13/05/2010          0.000          0.000          0.166          0.166          0.166          0.166          0.167          0.175          0.175          0.175          0.175          0.175          0.221          0.221          0.221          0.221          0.221
     14/05/2010          0.000          0.000          0.166          0.166          0.166          0.166          0.167          0.175          0.175          0.175          0.175          0.175          0.221          0.221          0.221          0.221          0.221
     15/05/2010          0.000          0.000          0.166          0.166          0.166          0.166          0.167          0.175          0.175          0.175          0.175          0.175          0.221          0.221          0.221          0.221          0.221
     16/05/2010          0.000          0.000          0.165          0.166          0.166          0.166          0.167          0.175          0.175          0.175          0.175          0.175          0.221          0.221          0.221          0.221          0.221
     17/05/2010          0.000          0.000          0.165          0.166          0.166          0.166          0.167          0.175          0.175          0.175          0.175          0.175          0.221          0.221          0.221          0.221          0.221
     18/05/2010          0.000          0.000          0.165          0.166          0.166          0.166          0.167          0.175          0.175          0.175          0.175          0.175          0.221          0.221          0.221          0.221          0.221
     19/05/2010          0.000          0.000          0.165          0.166          0.166          0.166          0.167          0.175          0.175          0.175          0.175          0.175          0.221          0.221          0.221          0.221          0.221
     20/05/2010          0.000          0.000          0.165          0.166          0.166          0.166          0.167          0.175          0.175          0.175          0.175          0.175          0.221          0.221          0.221          0.221          0.221
     21/05/2010          0.000          0.000          0.165          0.166          0.166          0.166          0.167          0.175          0.175          0.175          0.175          0.175          0.221          0.221          0.221          0.221          0.221
     22/05/2010          0.000          0.000          0.165          0.166          0.166          0.166          0.167          0.175          0.175          0.175          0.175          0.175          0.221          0.221          0.221          0.221          0.221
     23/05/2010          0.000          0.000          0.165          0.166          0.166          0.166          0.167          0.175          0.175          0.175          0.175          0.175          0.221          0.221          0.221          0.221          0.221
     24/05/2010          0.000          0.000          0.165          0.165          0.166          0.166          0.167          0.175          0.175          0.175          0.175          0.175          0.221          0.221          0.221          0.221          0.221
     25/05/2010          0.000          0.000          0.165          0.165          0.166          0.166          0.167          0.175          0.175          0.175          0.175          0.175          0.221          0.221          0.221          0.221          0.221
     26/05/2010          0.000          0.000          0.165          0.165          0.166          0.166          0.167          0.175          0.175          0.175          0.175          0.175          0.221          0.221          0.221          0.221          0.221
     27/05/2010          0.000          0.000          0.165          0.165          0.166          0.166          0.167          0.175          0.175          0.175          0.175          0.175          0.221          0.221          0.221          0.221          0.221
     28/05/2010          0.000          0.000          0.165          0.165          0.166          0.166          0.167          0.175          0.175          0.175          0.175          0.175          0.221          0.221          0.221          0.221          0.221
     29/05/2010          0.000          0.000          0.165          0.165          0.166          0.166          0.167          0.175          0.175          0.175          0.175          0.175          0.221          0.221          0.221          0.221          0.221
     30/05/2010          0.000          0.000          0.165          0.165          0.166          0.166          0.166          0.175          0.175          0.175          0.175          0.175          0.221          0.221          0.221          0.221          0.221
