ApsimVersion = 7.7
Title = swcon_Awatere191
           Date           rain             es    sw(6-10)(1)    sw(6-10)(2)    sw(6-10)(3)    sw(6-10)(4)    sw(6-10)(5)   dul(6-10)(1)   dul(6-10)(2)   dul(6-10)(3)   dul(6-10)(4)   dul(6-10)(5)   sat(6-10)(1)   sat(6-10)(2)   sat(6-10)(3)   sat(6-10)(4)   sat(6-10)(5)
   (dd/mm/yyyy)           (mm)           (mm)    (cm^3/cm^3)    (cm^3/cm^3)    (cm^3/cm^3)    (cm^3/cm^3)    (cm^3/cm^3)    (cm^3/cm^3)    (cm^3/cm^3)    (cm^3/cm^3)    (cm^3/cm^3)    (cm^3/cm^3)    (cm^3/cm^3)    (cm^3/cm^3)    (cm^3/cm^3)    (cm^3/cm^3)    (cm^3/cm^3)
     01/06/2009          0.000          0.584          0.149          0.149          0.149          0.149          0.149          0.149          0.149          0.149          0.149          0.149          0.523          0.523          0.523          0.523          0.523
     02/06/2009       3000.000          0.000          0.248          0.219          0.157          0.150          0.149          0.149          0.149          0.149          0.149          0.149          0.523          0.523          0.523          0.523          0.523
     03/06/2009       3000.000          0.000          0.283          0.284          0.269          0.261          0.202          0.149          0.149          0.149          0.149          0.149          0.523          0.523          0.523          0.523          0.523
     04/06/2009       3000.000          0.000          0.282          0.282          0.283          0.283          0.280          0.149          0.149          0.149          0.149          0.149          0.523          0.523          0.523          0.523          0.523
     05/06/2009       3000.000          0.000          0.282          0.282          0.282          0.282          0.282          0.149          0.149          0.149          0.149          0.149          0.523          0.523          0.523          0.523          0.523
     06/06/2009       3000.000          0.000          0.282          0.282          0.282          0.282          0.282          0.149          0.149          0.149          0.149          0.149          0.523          0.523          0.523          0.523          0.523
     07/06/2009       3000.000          0.000          0.282          0.282          0.282          0.282          0.282          0.149          0.149          0.149          0.149          0.149          0.523          0.523          0.523          0.523          0.523
     08/06/2009       3000.000          0.000          0.282          0.282          0.282          0.282          0.282          0.149          0.149          0.149          0.149          0.149          0.523          0.523          0.523          0.523          0.523
     09/06/2009       3000.000          0.000          0.282          0.282          0.282          0.282          0.282          0.149          0.149          0.149          0.149          0.149          0.523          0.523          0.523          0.523          0.523
     10/06/2009       3000.000          0.000          0.282          0.282          0.282          0.282          0.282          0.149          0.149          0.149          0.149          0.149          0.523          0.523          0.523          0.523          0.523
     11/06/2009       3000.000          0.000          0.282          0.282          0.282          0.282          0.282          0.149          0.149          0.149          0.149          0.149          0.523          0.523          0.523          0.523          0.523
     12/06/2009       3000.000          0.000          0.282          0.282          0.282          0.282          0.282          0.149          0.149          0.149          0.149          0.149          0.523          0.523          0.523          0.523          0.523
     13/06/2009       3000.000          0.000          0.282          0.282          0.282          0.282          0.282          0.149          0.149          0.149          0.149          0.149          0.523          0.523          0.523          0.523          0.523
     14/06/2009       3000.000          0.000          0.282          0.282          0.282          0.282          0.282          0.149          0.149          0.149          0.149          0.149          0.523          0.523          0.523          0.523          0.523
     15/06/2009       3000.000          0.000          0.282          0.282          0.282          0.282          0.282          0.149          0.149          0.149          0.149          0.149          0.523          0.523          0.523          0.523          0.523
     16/06/2009          0.000          0.000          0.243          0.247          0.254          0.256          0.262          0.149          0.149          0.149          0.149          0.149          0.523          0.523          0.523          0.523          0.523
     17/06/2009          0.000          0.000          0.226          0.229          0.237          0.239          0.245          0.149          0.149          0.149          0.149          0.149          0.523          0.523          0.523          0.523          0.523
     18/06/2009          0.000          0.000          0.216          0.219          0.227          0.229          0.235          0.149          0.149          0.149          0.149          0.149          0.523          0.523          0.523          0.523          0.523
     19/06/2009          0.000          0.000          0.210          0.212          0.220          0.222          0.228          0.149          0.149          0.149          0.149          0.149          0.523          0.523          0.523          0.523          0.523
     20/06/2009          0.000          0.000          0.204          0.207          0.214          0.216          0.222          0.149          0.149          0.149          0.149          0.149          0.523          0.523          0.523          0.523          0.523
     21/06/2009          0.000          0.000          0.200          0.202          0.210          0.212          0.217          0.149          0.149          0.149          0.149          0.149          0.523          0.523          0.523          0.523          0.523
     22/06/2009          0.000          0.000          0.197          0.199          0.207          0.208          0.214          0.149          0.149          0.149          0.149          0.149          0.523          0.523          0.523          0.523          0.523
     23/06/2009          0.000          0.000          0.194          0.196          0.203          0.205          0.210          0.149          0.149          0.149          0.149          0.149          0.523          0.523          0.523          0.523          0.523
     24/06/2009          0.000          0.000          0.192          0.193          0.201          0.202          0.208          0.149          0.149          0.149          0.149          0.149          0.523          0.523          0.523          0.523          0.523
     25/06/2009          0.000          0.000          0.189          0.191          0.198          0.200          0.205          0.149          0.149          0.149          0.149          0.149          0.523          0.523          0.523          0.523          0.523
     26/06/2009          0.000          0.000          0.187          0.189          0.196          0.197          0.203          0.149          0.149          0.149          0.149          0.149          0.523          0.523          0.523          0.523          0.523
     27/06/2009          0.000          0.000          0.185          0.187          0.194          0.195          0.201          0.149          0.149          0.149          0.149          0.149          0.523          0.523          0.523          0.523          0.523
     28/06/2009          0.000          0.000          0.184          0.185          0.192          0.194          0.199          0.149          0.149          0.149          0.149          0.149          0.523          0.523          0.523          0.523          0.523
     29/06/2009          0.000          0.000          0.182          0.184          0.191          0.192          0.197          0.149          0.149          0.149          0.149          0.149          0.523          0.523          0.523          0.523          0.523
     30/06/2009          0.000          0.000          0.181          0.182          0.189          0.190          0.196          0.149          0.149          0.149          0.149          0.149          0.523          0.523          0.523          0.523          0.523
     01/07/2009          0.000          0.000          0.179          0.181          0.188          0.189          0.194          0.149          0.149          0.149          0.149          0.149          0.523          0.523          0.523          0.523          0.523
     02/07/2009          0.000          0.000          0.178          0.179          0.186          0.188          0.193          0.149          0.149          0.149          0.149          0.149          0.523          0.523          0.523          0.523          0.523
     03/07/2009          0.000          0.000          0.177          0.178          0.185          0.186          0.191          0.149          0.149          0.149          0.149          0.149          0.523          0.523          0.523          0.523          0.523
     04/07/2009          0.000          0.000          0.176          0.177          0.184          0.185          0.190          0.149          0.149          0.149          0.149          0.149          0.523          0.523          0.523          0.523          0.523
     05/07/2009          0.000          0.000          0.175          0.176          0.183          0.184          0.189          0.149          0.149          0.149          0.149          0.149          0.523          0.523          0.523          0.523          0.523
     06/07/2009          0.000          0.000          0.174          0.175          0.182          0.183          0.188          0.149          0.149          0.149          0.149          0.149          0.523          0.523          0.523          0.523          0.523
     07/07/2009          0.000          0.000          0.173          0.174          0.181          0.182          0.187          0.149          0.149          0.149          0.149          0.149          0.523          0.523          0.523          0.523          0.523
     08/07/2009          0.000          0.000          0.172          0.173          0.180          0.181          0.186          0.149          0.149          0.149          0.149          0.149          0.523          0.523          0.523          0.523          0.523
     09/07/2009          0.000          0.000          0.171          0.172          0.179          0.180          0.185          0.149          0.149          0.149          0.149          0.149          0.523          0.523          0.523          0.523          0.523
     10/07/2009          0.000          0.000          0.170          0.172          0.178          0.179          0.184          0.149          0.149          0.149          0.149          0.149          0.523          0.523          0.523          0.523          0.523
     11/07/2009          0.000          0.000          0.169          0.171          0.177          0.178          0.183          0.149          0.149          0.149          0.149          0.149          0.523          0.523          0.523          0.523          0.523
     12/07/2009          0.000          0.000          0.169          0.170          0.176          0.178          0.182          0.149          0.149          0.149          0.149          0.149          0.523          0.523          0.523          0.523          0.523
     13/07/2009          0.000          0.000          0.168          0.169          0.176          0.177          0.182          0.149          0.149          0.149          0.149          0.149          0.523          0.523          0.523          0.523          0.523
     14/07/2009          0.000          0.000          0.167          0.169          0.175          0.176          0.181          0.149          0.149          0.149          0.149          0.149          0.523          0.523          0.523          0.523          0.523
     15/07/2009          0.000          0.000          0.167          0.168          0.174          0.175          0.180          0.149          0.149          0.149          0.149          0.149          0.523          0.523          0.523          0.523          0.523
     16/07/2009          0.000          0.000          0.166          0.167          0.174          0.175          0.179          0.149          0.149          0.149          0.149          0.149          0.523          0.523          0.523          0.523          0.523
     17/07/2009          0.000          0.000          0.166          0.167          0.173          0.174          0.179          0.149          0.149          0.149          0.149          0.149          0.523          0.523          0.523          0.523          0.523
     18/07/2009          0.000          0.000          0.165          0.166          0.172          0.173          0.178          0.149          0.149          0.149          0.149          0.149          0.523          0.523          0.523          0.523          0.523
     19/07/2009          0.000          0.000          0.164          0.166          0.172          0.173          0.178          0.149          0.149          0.149          0.149          0.149          0.523          0.523          0.523          0.523          0.523
     20/07/2009          0.000          0.000          0.164          0.165          0.171          0.172          0.177          0.149          0.149          0.149          0.149          0.149          0.523          0.523          0.523          0.523          0.523
     21/07/2009          0.000          0.000          0.163          0.165          0.171          0.172          0.176          0.149          0.149          0.149          0.149          0.149          0.523          0.523          0.523          0.523          0.523
     22/07/2009          0.000          0.000          0.163          0.164          0.170          0.171          0.176          0.149          0.149          0.149          0.149          0.149          0.523          0.523          0.523          0.523          0.523
     23/07/2009          0.000          0.000          0.162          0.164          0.170          0.171          0.175          0.149          0.149          0.149          0.149          0.149          0.523          0.523          0.523          0.523          0.523
     24/07/2009          0.000          0.000          0.162          0.163          0.169          0.170          0.175          0.149          0.149          0.149          0.149          0.149          0.523          0.523          0.523          0.523          0.523
     25/07/2009          0.000          0.000          0.161          0.163          0.169          0.170          0.174          0.149          0.149          0.149          0.149          0.149          0.523          0.523          0.523          0.523          0.523
     26/07/2009          0.000          0.000          0.161          0.162          0.168          0.169          0.174          0.149          0.149          0.149          0.149          0.149          0.523          0.523          0.523          0.523          0.523
     27/07/2009          0.000          0.000          0.161          0.162          0.168          0.169          0.173          0.149          0.149          0.149          0.149          0.149          0.523          0.523          0.523          0.523          0.523
     28/07/2009          0.000          0.000          0.160          0.161          0.167          0.168          0.173          0.149          0.149          0.149          0.149          0.149          0.523          0.523          0.523          0.523          0.523
     29/07/2009          0.000          0.000          0.160          0.161          0.167          0.168          0.172          0.149          0.149          0.149          0.149          0.149          0.523          0.523          0.523          0.523          0.523
     30/07/2009          0.000          0.000          0.159          0.161          0.166          0.167          0.172          0.149          0.149          0.149          0.149          0.149          0.523          0.523          0.523          0.523          0.523
     31/07/2009          0.000          0.000          0.159          0.160          0.166          0.167          0.171          0.149          0.149          0.149          0.149          0.149          0.523          0.523          0.523          0.523          0.523
     01/08/2009          0.000          0.000          0.159          0.160          0.166          0.167          0.171          0.149          0.149          0.149          0.149          0.149          0.523          0.523          0.523          0.523          0.523
     02/08/2009          0.000          0.000          0.158          0.160          0.165          0.166          0.171          0.149          0.149          0.149          0.149          0.149          0.523          0.523          0.523          0.523          0.523
     03/08/2009          0.000          0.000          0.158          0.159          0.165          0.166          0.170          0.149          0.149          0.149          0.149          0.149          0.523          0.523          0.523          0.523          0.523
     04/08/2009          0.000          0.000          0.158          0.159          0.164          0.165          0.170          0.149          0.149          0.149          0.149          0.149          0.523          0.523          0.523          0.523          0.523
     05/08/2009          0.000          0.000          0.157          0.159          0.164          0.165          0.169          0.149          0.149          0.149          0.149          0.149          0.523          0.523          0.523          0.523          0.523
     06/08/2009          0.000          0.000          0.157          0.158          0.164          0.165          0.169          0.149          0.149          0.149          0.149          0.149          0.523          0.523          0.523          0.523          0.523
     07/08/2009          0.000          0.000          0.157          0.158          0.163          0.164          0.169          0.149          0.149          0.149          0.149          0.149          0.523          0.523          0.523          0.523          0.523
     08/08/2009          0.000          0.000          0.156          0.158          0.163          0.164          0.168          0.149          0.149          0.149          0.149          0.149          0.523          0.523          0.523          0.523          0.523
     09/08/2009          0.000          0.000          0.156          0.157          0.163          0.164          0.168          0.149          0.149          0.149          0.149          0.149          0.523          0.523          0.523          0.523          0.523
     10/08/2009          0.000          0.000          0.156          0.157          0.162          0.163          0.168          0.149          0.149          0.149          0.149          0.149          0.523          0.523          0.523          0.523          0.523
     11/08/2009          0.000          0.000          0.155          0.157          0.162          0.163          0.167          0.149          0.149          0.149          0.149          0.149          0.523          0.523          0.523          0.523          0.523
     12/08/2009          0.000          0.000          0.155          0.156          0.162          0.163          0.167          0.149          0.149          0.149          0.149          0.149          0.523          0.523          0.523          0.523          0.523
     13/08/2009          0.000          0.000          0.155          0.156          0.161          0.162          0.166          0.149          0.149          0.149          0.149          0.149          0.523          0.523          0.523          0.523          0.523
     14/08/2009          0.000          0.000          0.155          0.156          0.161          0.162          0.166          0.149          0.149          0.149          0.149          0.149          0.523          0.523          0.523          0.523          0.523
     15/08/2009          0.000          0.000          0.154          0.155          0.161          0.162          0.166          0.149          0.149          0.149          0.149          0.149          0.523          0.523          0.523          0.523          0.523
     16/08/2009          0.000          0.000          0.154          0.155          0.160          0.161          0.166          0.149          0.149          0.149          0.149          0.149          0.523          0.523          0.523          0.523          0.523
     17/08/2009          0.000          0.000          0.154          0.155          0.160          0.161          0.165          0.149          0.149          0.149          0.149          0.149          0.523          0.523          0.523          0.523          0.523
     18/08/2009          0.000          0.000          0.154          0.155          0.160          0.161          0.165          0.149          0.149          0.149          0.149          0.149          0.523          0.523          0.523          0.523          0.523
     19/08/2009          0.000          0.000          0.153          0.154          0.160          0.160          0.165          0.149          0.149          0.149          0.149          0.149          0.523          0.523          0.523          0.523          0.523
     20/08/2009          0.000          0.000          0.153          0.154          0.159          0.160          0.164          0.149          0.149          0.149          0.149          0.149          0.523          0.523          0.523          0.523          0.523
     21/08/2009          0.000          0.000          0.153          0.154          0.159          0.160          0.164          0.149          0.149          0.149          0.149          0.149          0.523          0.523          0.523          0.523          0.523
     22/08/2009          0.000          0.000          0.153          0.154          0.159          0.160          0.164          0.149          0.149          0.149          0.149          0.149          0.523          0.523          0.523          0.523          0.523
     23/08/2009          0.000          0.000          0.152          0.153          0.159          0.159          0.164          0.149          0.149          0.149          0.149          0.149          0.523          0.523          0.523          0.523          0.523
     24/08/2009          0.000          0.000          0.152          0.153          0.158          0.159          0.163          0.149          0.149          0.149          0.149          0.149          0.523          0.523          0.523          0.523          0.523
     25/08/2009          0.000          0.000          0.152          0.153          0.158          0.159          0.163          0.149          0.149          0.149          0.149          0.149          0.523          0.523          0.523          0.523          0.523
     26/08/2009          0.000          0.000          0.152          0.153          0.158          0.159          0.163          0.149          0.149          0.149          0.149          0.149          0.523          0.523          0.523          0.523          0.523
     27/08/2009          0.000          0.000          0.151          0.153          0.158          0.158          0.162          0.149          0.149          0.149          0.149          0.149          0.523          0.523          0.523          0.523          0.523
     28/08/2009          0.000          0.000          0.151          0.152          0.157          0.158          0.162          0.149          0.149          0.149          0.149          0.149          0.523          0.523          0.523          0.523          0.523
     29/08/2009          0.000          0.000          0.151          0.152          0.157          0.158          0.162          0.149          0.149          0.149          0.149          0.149          0.523          0.523          0.523          0.523          0.523
     30/08/2009          0.000          0.000          0.151          0.152          0.157          0.158          0.162          0.149          0.149          0.149          0.149          0.149          0.523          0.523          0.523          0.523          0.523
     31/08/2009          0.000          0.000          0.151          0.152          0.157          0.157          0.161          0.149          0.149          0.149          0.149          0.149          0.523          0.523          0.523          0.523          0.523
     01/09/2009          0.000          0.000          0.150          0.152          0.156          0.157          0.161          0.149          0.149          0.149          0.149          0.149          0.523          0.523          0.523          0.523          0.523
     02/09/2009          0.000          0.000          0.150          0.151          0.156          0.157          0.161          0.149          0.149          0.149          0.149          0.149          0.523          0.523          0.523          0.523          0.523
     03/09/2009          0.000          0.000          0.150          0.151          0.156          0.157          0.161          0.149          0.149          0.149          0.149          0.149          0.523          0.523          0.523          0.523          0.523
     04/09/2009          0.000          0.000          0.150          0.151          0.156          0.157          0.161          0.149          0.149          0.149          0.149          0.149          0.523          0.523          0.523          0.523          0.523
     05/09/2009          0.000          0.000          0.150          0.151          0.156          0.156          0.160          0.149          0.149          0.149          0.149          0.149          0.523          0.523          0.523          0.523          0.523
     06/09/2009          0.000          0.000          0.150          0.151          0.155          0.156          0.160          0.149          0.149          0.149          0.149          0.149          0.523          0.523          0.523          0.523          0.523
     07/09/2009          0.000          0.000          0.149          0.150          0.155          0.156          0.160          0.149          0.149          0.149          0.149          0.149          0.523          0.523          0.523          0.523          0.523
     08/09/2009          0.000          0.000          0.149          0.150          0.155          0.156          0.160          0.149          0.149          0.149          0.149          0.149          0.523          0.523          0.523          0.523          0.523
     09/09/2009          0.000          0.000          0.149          0.150          0.155          0.156          0.159          0.149          0.149          0.149          0.149          0.149          0.523          0.523          0.523          0.523          0.523
     10/09/2009          0.000          0.000          0.149          0.150          0.155          0.155          0.159          0.149          0.149          0.149          0.149          0.149          0.523          0.523          0.523          0.523          0.523
     11/09/2009          0.000          0.000          0.149          0.150          0.154          0.155          0.159          0.149          0.149          0.149          0.149          0.149          0.523          0.523          0.523          0.523          0.523
     12/09/2009          0.000          0.000          0.148          0.149          0.154          0.155          0.159          0.149          0.149          0.149          0.149          0.149          0.523          0.523          0.523          0.523          0.523
     13/09/2009          0.000          0.000          0.148          0.149          0.154          0.155          0.159          0.149          0.149          0.149          0.149          0.149          0.523          0.523          0.523          0.523          0.523
     14/09/2009          0.000          0.000          0.148          0.149          0.154          0.155          0.158          0.149          0.149          0.149          0.149          0.149          0.523          0.523          0.523          0.523          0.523
     15/09/2009          0.000          0.000          0.148          0.149          0.154          0.154          0.158          0.149          0.149          0.149          0.149          0.149          0.523          0.523          0.523          0.523          0.523
     16/09/2009          0.000          0.000          0.148          0.149          0.153          0.154          0.158          0.149          0.149          0.149          0.149          0.149          0.523          0.523          0.523          0.523          0.523
     17/09/2009          0.000          0.000          0.148          0.149          0.153          0.154          0.158          0.149          0.149          0.149          0.149          0.149          0.523          0.523          0.523          0.523          0.523
     18/09/2009          0.000          0.000          0.148          0.149          0.153          0.154          0.158          0.149          0.149          0.149          0.149          0.149          0.523          0.523          0.523          0.523          0.523
     19/09/2009          0.000          0.000          0.147          0.148          0.153          0.154          0.158          0.149          0.149          0.149          0.149          0.149          0.523          0.523          0.523          0.523          0.523
     20/09/2009          0.000          0.000          0.147          0.148          0.153          0.154          0.157          0.149          0.149          0.149          0.149          0.149          0.523          0.523          0.523          0.523          0.523
     21/09/2009          0.000          0.000          0.147          0.148          0.153          0.153          0.157          0.149          0.149          0.149          0.149          0.149          0.523          0.523          0.523          0.523          0.523
     22/09/2009          0.000          0.000          0.147          0.148          0.152          0.153          0.157          0.149          0.149          0.149          0.149          0.149          0.523          0.523          0.523          0.523          0.523
     23/09/2009          0.000          0.000          0.147          0.148          0.152          0.153          0.157          0.149          0.149          0.149          0.149          0.149          0.523          0.523          0.523          0.523          0.523
     24/09/2009          0.000          0.000          0.147          0.148          0.152          0.153          0.157          0.149          0.149          0.149          0.149          0.149          0.523          0.523          0.523          0.523          0.523
     25/09/2009          0.000          0.000          0.147          0.147          0.152          0.153          0.156          0.149          0.149          0.149          0.149          0.149          0.523          0.523          0.523          0.523          0.523
     26/09/2009          0.000          0.000          0.146          0.147          0.152          0.153          0.156          0.149          0.149          0.149          0.149          0.149          0.523          0.523          0.523          0.523          0.523
     27/09/2009          0.000          0.000          0.146          0.147          0.152          0.152          0.156          0.149          0.149          0.149          0.149          0.149          0.523          0.523          0.523          0.523          0.523
     28/09/2009          0.000          0.000          0.146          0.147          0.151          0.152          0.156          0.149          0.149          0.149          0.149          0.149          0.523          0.523          0.523          0.523          0.523
     29/09/2009          0.000          0.000          0.146          0.147          0.151          0.152          0.156          0.149          0.149          0.149          0.149          0.149          0.523          0.523          0.523          0.523          0.523
     30/09/2009          0.000          0.000          0.146          0.147          0.151          0.152          0.156          0.149          0.149          0.149          0.149          0.149          0.523          0.523          0.523          0.523          0.523
     01/10/2009          0.000          0.000          0.146          0.147          0.151          0.152          0.155          0.149          0.149          0.149          0.149          0.149          0.523          0.523          0.523          0.523          0.523
     02/10/2009          0.000          0.000          0.146          0.146          0.151          0.152          0.155          0.149          0.149          0.149          0.149          0.149          0.523          0.523          0.523          0.523          0.523
     03/10/2009          0.000          0.000          0.145          0.146          0.151          0.151          0.155          0.149          0.149          0.149          0.149          0.149          0.523          0.523          0.523          0.523          0.523
     04/10/2009          0.000          0.000          0.145          0.146          0.151          0.151          0.155          0.149          0.149          0.149          0.149          0.149          0.523          0.523          0.523          0.523          0.523
     05/10/2009          0.000          0.000          0.145          0.146          0.150          0.151          0.155          0.149          0.149          0.149          0.149          0.149          0.523          0.523          0.523          0.523          0.523
     06/10/2009          0.000          0.000          0.145          0.146          0.150          0.151          0.155          0.149          0.149          0.149          0.149          0.149          0.523          0.523          0.523          0.523          0.523
     07/10/2009          0.000          0.000          0.145          0.146          0.150          0.151          0.155          0.149          0.149          0.149          0.149          0.149          0.523          0.523          0.523          0.523          0.523
     08/10/2009          0.000          0.000          0.145          0.146          0.150          0.151          0.154          0.149          0.149          0.149          0.149          0.149          0.523          0.523          0.523          0.523          0.523
     09/10/2009          0.000          0.000          0.145          0.146          0.150          0.151          0.154          0.149          0.149          0.149          0.149          0.149          0.523          0.523          0.523          0.523          0.523
     10/10/2009          0.000          0.000          0.145          0.145          0.150          0.150          0.154          0.149          0.149          0.149          0.149          0.149          0.523          0.523          0.523          0.523          0.523
     11/10/2009          0.000          0.000          0.144          0.145          0.150          0.150          0.154          0.149          0.149          0.149          0.149          0.149          0.523          0.523          0.523          0.523          0.523
     12/10/2009          0.000          0.000          0.144          0.145          0.149          0.150          0.154          0.149          0.149          0.149          0.149          0.149          0.523          0.523          0.523          0.523          0.523
     13/10/2009          0.000          0.000          0.144          0.145          0.149          0.150          0.154          0.149          0.149          0.149          0.149          0.149          0.523          0.523          0.523          0.523          0.523
     14/10/2009          0.000          0.000          0.144          0.145          0.149          0.150          0.153          0.149          0.149          0.149          0.149          0.149          0.523          0.523          0.523          0.523          0.523
     15/10/2009          0.000          0.000          0.144          0.145          0.149          0.150          0.153          0.149          0.149          0.149          0.149          0.149          0.523          0.523          0.523          0.523          0.523
     16/10/2009          0.000          0.000          0.144          0.145          0.149          0.150          0.153          0.149          0.149          0.149          0.149          0.149          0.523          0.523          0.523          0.523          0.523
     17/10/2009          0.000          0.000          0.144          0.145          0.149          0.150          0.153          0.149          0.149          0.149          0.149          0.149          0.523          0.523          0.523          0.523          0.523
     18/10/2009          0.000          0.000          0.144          0.145          0.149          0.149          0.153          0.149          0.149          0.149          0.149          0.149          0.523          0.523          0.523          0.523          0.523
     19/10/2009          0.000          0.000          0.143          0.144          0.149          0.149          0.153          0.149          0.149          0.149          0.149          0.149          0.523          0.523          0.523          0.523          0.523
     20/10/2009          0.000          0.000          0.143          0.144          0.148          0.149          0.153          0.149          0.149          0.149          0.149          0.149          0.523          0.523          0.523          0.523          0.523
     21/10/2009          0.000          0.000          0.143          0.144          0.148          0.149          0.153          0.149          0.149          0.149          0.149          0.149          0.523          0.523          0.523          0.523          0.523
     22/10/2009          0.000          0.000          0.143          0.144          0.148          0.149          0.152          0.149          0.149          0.149          0.149          0.149          0.523          0.523          0.523          0.523          0.523
     23/10/2009          0.000          0.000          0.143          0.144          0.148          0.149          0.152          0.149          0.149          0.149          0.149          0.149          0.523          0.523          0.523          0.523          0.523
     24/10/2009          0.000          0.000          0.143          0.144          0.148          0.149          0.152          0.149          0.149          0.149          0.149          0.149          0.523          0.523          0.523          0.523          0.523
     25/10/2009          0.000          0.000          0.143          0.144          0.148          0.149          0.152          0.149          0.149          0.149          0.149          0.149          0.523          0.523          0.523          0.523          0.523
     26/10/2009          0.000          0.000          0.143          0.144          0.148          0.148          0.152          0.149          0.149          0.149          0.149          0.149          0.523          0.523          0.523          0.523          0.523
     27/10/2009          0.000          0.000          0.143          0.144          0.148          0.148          0.152          0.149          0.149          0.149          0.149          0.149          0.523          0.523          0.523          0.523          0.523
     28/10/2009          0.000          0.000          0.143          0.143          0.148          0.148          0.152          0.149          0.149          0.149          0.149          0.149          0.523          0.523          0.523          0.523          0.523
     29/10/2009          0.000          0.000          0.142          0.143          0.147          0.148          0.152          0.149          0.149          0.149          0.149          0.149          0.523          0.523          0.523          0.523          0.523
     30/10/2009          0.000          0.000          0.142          0.143          0.147          0.148          0.151          0.149          0.149          0.149          0.149          0.149          0.523          0.523          0.523          0.523          0.523
     31/10/2009          0.000          0.000          0.142          0.143          0.147          0.148          0.151          0.149          0.149          0.149          0.149          0.149          0.523          0.523          0.523          0.523          0.523
     01/11/2009          0.000          0.000          0.142          0.143          0.147          0.148          0.151          0.149          0.149          0.149          0.149          0.149          0.523          0.523          0.523          0.523          0.523
     02/11/2009          0.000          0.000          0.142          0.143          0.147          0.148          0.151          0.149          0.149          0.149          0.149          0.149          0.523          0.523          0.523          0.523          0.523
     03/11/2009          0.000          0.000          0.142          0.143          0.147          0.148          0.151          0.149          0.149          0.149          0.149          0.149          0.523          0.523          0.523          0.523          0.523
     04/11/2009          0.000          0.000          0.142          0.143          0.147          0.147          0.151          0.149          0.149          0.149          0.149          0.149          0.523          0.523          0.523          0.523          0.523
     05/11/2009          0.000          0.000          0.142          0.143          0.147          0.147          0.151          0.149          0.149          0.149          0.149          0.149          0.523          0.523          0.523          0.523          0.523
     06/11/2009          0.000          0.000          0.142          0.143          0.147          0.147          0.151          0.149          0.149          0.149          0.149          0.149          0.523          0.523          0.523          0.523          0.523
     07/11/2009          0.000          0.000          0.142          0.142          0.146          0.147          0.151          0.149          0.149          0.149          0.149          0.149          0.523          0.523          0.523          0.523          0.523
     08/11/2009          0.000          0.000          0.141          0.142          0.146          0.147          0.150          0.149          0.149          0.149          0.149          0.149          0.523          0.523          0.523          0.523          0.523
     09/11/2009          0.000          0.000          0.141          0.142          0.146          0.147          0.150          0.149          0.149          0.149          0.149          0.149          0.523          0.523          0.523          0.523          0.523
     10/11/2009          0.000          0.000          0.141          0.142          0.146          0.147          0.150          0.149          0.149          0.149          0.149          0.149          0.523          0.523          0.523          0.523          0.523
     11/11/2009          0.000          0.000          0.141          0.142          0.146          0.147          0.150          0.149          0.149          0.149          0.149          0.149          0.523          0.523          0.523          0.523          0.523
     12/11/2009          0.000          0.000          0.141          0.142          0.146          0.147          0.150          0.149          0.149          0.149          0.149          0.149          0.523          0.523          0.523          0.523          0.523
     13/11/2009          0.000          0.000          0.141          0.142          0.146          0.147          0.150          0.149          0.149          0.149          0.149          0.149          0.523          0.523          0.523          0.523          0.523
     14/11/2009          0.000          0.000          0.141          0.142          0.146          0.146          0.150          0.149          0.149          0.149          0.149          0.149          0.523          0.523          0.523          0.523          0.523
     15/11/2009          0.000          0.000          0.141          0.142          0.146          0.146          0.150          0.149          0.149          0.149          0.149          0.149          0.523          0.523          0.523          0.523          0.523
     16/11/2009          0.000          0.000          0.141          0.142          0.146          0.146          0.150          0.149          0.149          0.149          0.149          0.149          0.523          0.523          0.523          0.523          0.523
     17/11/2009          0.000          0.000          0.141          0.141          0.145          0.146          0.149          0.149          0.149          0.149          0.149          0.149          0.523          0.523          0.523          0.523          0.523
     18/11/2009          0.000          0.000          0.141          0.141          0.145          0.146          0.149          0.149          0.149          0.149          0.149          0.149          0.523          0.523          0.523          0.523          0.523
     19/11/2009          0.000          0.000          0.140          0.141          0.145          0.146          0.149          0.149          0.149          0.149          0.149          0.149          0.523          0.523          0.523          0.523          0.523
     20/11/2009          0.000          0.000          0.140          0.141          0.145          0.146          0.149          0.149          0.149          0.149          0.149          0.149          0.523          0.523          0.523          0.523          0.523
     21/11/2009          0.000          0.000          0.140          0.141          0.145          0.146          0.149          0.149          0.149          0.149          0.149          0.149          0.523          0.523          0.523          0.523          0.523
     22/11/2009          0.000          0.000          0.140          0.141          0.145          0.146          0.149          0.149          0.149          0.149          0.149          0.149          0.523          0.523          0.523          0.523          0.523
     23/11/2009          0.000          0.000          0.140          0.141          0.145          0.146          0.149          0.149          0.149          0.149          0.149          0.149          0.523          0.523          0.523          0.523          0.523
     24/11/2009          0.000          0.000          0.140          0.141          0.145          0.145          0.149          0.149          0.149          0.149          0.149          0.149          0.523          0.523          0.523          0.523          0.523
     25/11/2009          0.000          0.000          0.140          0.141          0.145          0.145          0.149          0.149          0.149          0.149          0.149          0.149          0.523          0.523          0.523          0.523          0.523
     26/11/2009          0.000          0.000          0.140          0.141          0.145          0.145          0.149          0.149          0.149          0.149          0.149          0.149          0.523          0.523          0.523          0.523          0.523
     27/11/2009          0.000          0.000          0.140          0.141          0.145          0.145          0.148          0.149          0.149          0.149          0.149          0.149          0.523          0.523          0.523          0.523          0.523
     28/11/2009          0.000          0.000          0.140          0.141          0.144          0.145          0.148          0.149          0.149          0.149          0.149          0.149          0.523          0.523          0.523          0.523          0.523
     29/11/2009          0.000          0.000          0.140          0.140          0.144          0.145          0.148          0.149          0.149          0.149          0.149          0.149          0.523          0.523          0.523          0.523          0.523
     30/11/2009          0.000          0.000          0.139          0.140          0.144          0.145          0.148          0.149          0.149          0.149          0.149          0.149          0.523          0.523          0.523          0.523          0.523
     01/12/2009          0.000          0.000          0.139          0.140          0.144          0.145          0.148          0.149          0.149          0.149          0.149          0.149          0.523          0.523          0.523          0.523          0.523
     02/12/2009          0.000          0.000          0.139          0.140          0.144          0.145          0.148          0.149          0.149          0.149          0.149          0.149          0.523          0.523          0.523          0.523          0.523
     03/12/2009          0.000          0.000          0.139          0.140          0.144          0.145          0.148          0.149          0.149          0.149          0.149          0.149          0.523          0.523          0.523          0.523          0.523
     04/12/2009          0.000          0.000          0.139          0.140          0.144          0.145          0.148          0.149          0.149          0.149          0.149          0.149          0.523          0.523          0.523          0.523          0.523
     05/12/2009          0.000          0.000          0.139          0.140          0.144          0.145          0.148          0.149          0.149          0.149          0.149          0.149          0.523          0.523          0.523          0.523          0.523
     06/12/2009          0.000          0.000          0.139          0.140          0.144          0.144          0.148          0.149          0.149          0.149          0.149          0.149          0.523          0.523          0.523          0.523          0.523
     07/12/2009          0.000          0.000          0.139          0.140          0.144          0.144          0.148          0.149          0.149          0.149          0.149          0.149          0.523          0.523          0.523          0.523          0.523
     08/12/2009          0.000          0.000          0.139          0.140          0.144          0.144          0.147          0.149          0.149          0.149          0.149          0.149          0.523          0.523          0.523          0.523          0.523
     09/12/2009          0.000          0.000          0.139          0.140          0.143          0.144          0.147          0.149          0.149          0.149          0.149          0.149          0.523          0.523          0.523          0.523          0.523
     10/12/2009          0.000          0.000          0.139          0.140          0.143          0.144          0.147          0.149          0.149          0.149          0.149          0.149          0.523          0.523          0.523          0.523          0.523
     11/12/2009          0.000          0.000          0.139          0.139          0.143          0.144          0.147          0.149          0.149          0.149          0.149          0.149          0.523          0.523          0.523          0.523          0.523
     12/12/2009          0.000          0.000          0.139          0.139          0.143          0.144          0.147          0.149          0.149          0.149          0.149          0.149          0.523          0.523          0.523          0.523          0.523
     13/12/2009          0.000          0.000          0.138          0.139          0.143          0.144          0.147          0.149          0.149          0.149          0.149          0.149          0.523          0.523          0.523          0.523          0.523
     14/12/2009          0.000          0.000          0.138          0.139          0.143          0.144          0.147          0.149          0.149          0.149          0.149          0.149          0.523          0.523          0.523          0.523          0.523
     15/12/2009          0.000          0.000          0.138          0.139          0.143          0.144          0.147          0.149          0.149          0.149          0.149          0.149          0.523          0.523          0.523          0.523          0.523
     16/12/2009          0.000          0.000          0.138          0.139          0.143          0.144          0.147          0.149          0.149          0.149          0.149          0.149          0.523          0.523          0.523          0.523          0.523
     17/12/2009          0.000          0.000          0.138          0.139          0.143          0.144          0.147          0.149          0.149          0.149          0.149          0.149          0.523          0.523          0.523          0.523          0.523
     18/12/2009          0.000          0.000          0.138          0.139          0.143          0.143          0.147          0.149          0.149          0.149          0.149          0.149          0.523          0.523          0.523          0.523          0.523
     19/12/2009          0.000          0.000          0.138          0.139          0.143          0.143          0.147          0.149          0.149          0.149          0.149          0.149          0.523          0.523          0.523          0.523          0.523
     20/12/2009          0.000          0.000          0.138          0.139          0.143          0.143          0.146          0.149          0.149          0.149          0.149          0.149          0.523          0.523          0.523          0.523          0.523
     21/12/2009          0.000          0.000          0.138          0.139          0.143          0.143          0.146          0.149          0.149          0.149          0.149          0.149          0.523          0.523          0.523          0.523          0.523
     22/12/2009          0.000          0.000          0.138          0.139          0.142          0.143          0.146          0.149          0.149          0.149          0.149          0.149          0.523          0.523          0.523          0.523          0.523
     23/12/2009          0.000          0.000          0.138          0.139          0.142          0.143          0.146          0.149          0.149          0.149          0.149          0.149          0.523          0.523          0.523          0.523          0.523
     24/12/2009          0.000          0.000          0.138          0.139          0.142          0.143          0.146          0.149          0.149          0.149          0.149          0.149          0.523          0.523          0.523          0.523          0.523
     25/12/2009          0.000          0.000          0.138          0.138          0.142          0.143          0.146          0.149          0.149          0.149          0.149          0.149          0.523          0.523          0.523          0.523          0.523
     26/12/2009          0.000          0.000          0.138          0.138          0.142          0.143          0.146          0.149          0.149          0.149          0.149          0.149          0.523          0.523          0.523          0.523          0.523
     27/12/2009          0.000          0.000          0.137          0.138          0.142          0.143          0.146          0.149          0.149          0.149          0.149          0.149          0.523          0.523          0.523          0.523          0.523
     28/12/2009          0.000          0.000          0.137          0.138          0.142          0.143          0.146          0.149          0.149          0.149          0.149          0.149          0.523          0.523          0.523          0.523          0.523
     29/12/2009          0.000          0.000          0.137          0.138          0.142          0.143          0.146          0.149          0.149          0.149          0.149          0.149          0.523          0.523          0.523          0.523          0.523
     30/12/2009          0.000          0.000          0.137          0.138          0.142          0.143          0.146          0.149          0.149          0.149          0.149          0.149          0.523          0.523          0.523          0.523          0.523
     31/12/2009          0.000          0.000          0.137          0.138          0.142          0.142          0.146          0.149          0.149          0.149          0.149          0.149          0.523          0.523          0.523          0.523          0.523
     01/01/2010          0.000          0.000          0.137          0.138          0.142          0.142          0.145          0.149          0.149          0.149          0.149          0.149          0.523          0.523          0.523          0.523          0.523
     02/01/2010          0.000          0.000          0.137          0.138          0.142          0.142          0.145          0.149          0.149          0.149          0.149          0.149          0.523          0.523          0.523          0.523          0.523
     03/01/2010          0.000          0.000          0.137          0.138          0.142          0.142          0.145          0.149          0.149          0.149          0.149          0.149          0.523          0.523          0.523          0.523          0.523
     04/01/2010          0.000          0.000          0.137          0.138          0.141          0.142          0.145          0.149          0.149          0.149          0.149          0.149          0.523          0.523          0.523          0.523          0.523
     05/01/2010          0.000          0.000          0.137          0.138          0.141          0.142          0.145          0.149          0.149          0.149          0.149          0.149          0.523          0.523          0.523          0.523          0.523
     06/01/2010          0.000          0.000          0.137          0.138          0.141          0.142          0.145          0.149          0.149          0.149          0.149          0.149          0.523          0.523          0.523          0.523          0.523
     07/01/2010          0.000          0.000          0.137          0.138          0.141          0.142          0.145          0.149          0.149          0.149          0.149          0.149          0.523          0.523          0.523          0.523          0.523
     08/01/2010          0.000          0.000          0.137          0.137          0.141          0.142          0.145          0.149          0.149          0.149          0.149          0.149          0.523          0.523          0.523          0.523          0.523
     09/01/2010          0.000          0.000          0.137          0.137          0.141          0.142          0.145          0.149          0.149          0.149          0.149          0.149          0.523          0.523          0.523          0.523          0.523
     10/01/2010          0.000          0.000          0.137          0.137          0.141          0.142          0.145          0.149          0.149          0.149          0.149          0.149          0.523          0.523          0.523          0.523          0.523
     11/01/2010          0.000          0.000          0.136          0.137          0.141          0.142          0.145          0.149          0.149          0.149          0.149          0.149          0.523          0.523          0.523          0.523          0.523
     12/01/2010          0.000          0.000          0.136          0.137          0.141          0.142          0.145          0.149          0.149          0.149          0.149          0.149          0.523          0.523          0.523          0.523          0.523
     13/01/2010          0.000          0.000          0.136          0.137          0.141          0.142          0.145          0.149          0.149          0.149          0.149          0.149          0.523          0.523          0.523          0.523          0.523
     14/01/2010          0.000          0.000          0.136          0.137          0.141          0.141          0.145          0.149          0.149          0.149          0.149          0.149          0.523          0.523          0.523          0.523          0.523
     15/01/2010          0.000          0.000          0.136          0.137          0.141          0.141          0.144          0.149          0.149          0.149          0.149          0.149          0.523          0.523          0.523          0.523          0.523
     16/01/2010          0.000          0.000          0.136          0.137          0.141          0.141          0.144          0.149          0.149          0.149          0.149          0.149          0.523          0.523          0.523          0.523          0.523
     17/01/2010          0.000          0.000          0.136          0.137          0.141          0.141          0.144          0.149          0.149          0.149          0.149          0.149          0.523          0.523          0.523          0.523          0.523
     18/01/2010          0.000          0.000          0.136          0.137          0.141          0.141          0.144          0.149          0.149          0.149          0.149          0.149          0.523          0.523          0.523          0.523          0.523
     19/01/2010          0.000          0.000          0.136          0.137          0.140          0.141          0.144          0.149          0.149          0.149          0.149          0.149          0.523          0.523          0.523          0.523          0.523
     20/01/2010          0.000          0.000          0.136          0.137          0.140          0.141          0.144          0.149          0.149          0.149          0.149          0.149          0.523          0.523          0.523          0.523          0.523
     21/01/2010          0.000          0.000          0.136          0.137          0.140          0.141          0.144          0.149          0.149          0.149          0.149          0.149          0.523          0.523          0.523          0.523          0.523
     22/01/2010          0.000          0.000          0.136          0.137          0.140          0.141          0.144          0.149          0.149          0.149          0.149          0.149          0.523          0.523          0.523          0.523          0.523
     23/01/2010          0.000          0.000          0.136          0.137          0.140          0.141          0.144          0.149          0.149          0.149          0.149          0.149          0.523          0.523          0.523          0.523          0.523
     24/01/2010          0.000          0.000          0.136          0.136          0.140          0.141          0.144          0.149          0.149          0.149          0.149          0.149          0.523          0.523          0.523          0.523          0.523
     25/01/2010          0.000          0.000          0.136          0.136          0.140          0.141          0.144          0.149          0.149          0.149          0.149          0.149          0.523          0.523          0.523          0.523          0.523
     26/01/2010          0.000          0.000          0.136          0.136          0.140          0.141          0.144          0.149          0.149          0.149          0.149          0.149          0.523          0.523          0.523          0.523          0.523
     27/01/2010          0.000          0.000          0.136          0.136          0.140          0.141          0.144          0.149          0.149          0.149          0.149          0.149          0.523          0.523          0.523          0.523          0.523
     28/01/2010          0.000          0.000          0.135          0.136          0.140          0.141          0.144          0.149          0.149          0.149          0.149          0.149          0.523          0.523          0.523          0.523          0.523
     29/01/2010          0.000          0.000          0.135          0.136          0.140          0.140          0.143          0.149          0.149          0.149          0.149          0.149          0.523          0.523          0.523          0.523          0.523
     30/01/2010          0.000          0.000          0.135          0.136          0.140          0.140          0.143          0.149          0.149          0.149          0.149          0.149          0.523          0.523          0.523          0.523          0.523
     31/01/2010          0.000          0.000          0.135          0.136          0.140          0.140          0.143          0.149          0.149          0.149          0.149          0.149          0.523          0.523          0.523          0.523          0.523
     01/02/2010          0.000          0.000          0.135          0.136          0.140          0.140          0.143          0.149          0.149          0.149          0.149          0.149          0.523          0.523          0.523          0.523          0.523
     02/02/2010          0.000          0.000          0.135          0.136          0.140          0.140          0.143          0.149          0.149          0.149          0.149          0.149          0.523          0.523          0.523          0.523          0.523
     03/02/2010          0.000          0.000          0.135          0.136          0.140          0.140          0.143          0.149          0.149          0.149          0.149          0.149          0.523          0.523          0.523          0.523          0.523
     04/02/2010          0.000          0.000          0.135          0.136          0.139          0.140          0.143          0.149          0.149          0.149          0.149          0.149          0.523          0.523          0.523          0.523          0.523
     05/02/2010          0.000          0.000          0.135          0.136          0.139          0.140          0.143          0.149          0.149          0.149          0.149          0.149          0.523          0.523          0.523          0.523          0.523
     06/02/2010          0.000          0.000          0.135          0.136          0.139          0.140          0.143          0.149          0.149          0.149          0.149          0.149          0.523          0.523          0.523          0.523          0.523
     07/02/2010          0.000          0.000          0.135          0.136          0.139          0.140          0.143          0.149          0.149          0.149          0.149          0.149          0.523          0.523          0.523          0.523          0.523
     08/02/2010          0.000          0.000          0.135          0.136          0.139          0.140          0.143          0.149          0.149          0.149          0.149          0.149          0.523          0.523          0.523          0.523          0.523
     09/02/2010          0.000          0.000          0.135          0.136          0.139          0.140          0.143          0.149          0.149          0.149          0.149          0.149          0.523          0.523          0.523          0.523          0.523
     10/02/2010          0.000          0.000          0.135          0.135          0.139          0.140          0.143          0.149          0.149          0.149          0.149          0.149          0.523          0.523          0.523          0.523          0.523
     11/02/2010          0.000          0.000          0.135          0.135          0.139          0.140          0.143          0.149          0.149          0.149          0.149          0.149          0.523          0.523          0.523          0.523          0.523
     12/02/2010          0.000          0.000          0.135          0.135          0.139          0.140          0.143          0.149          0.149          0.149          0.149          0.149          0.523          0.523          0.523          0.523          0.523
     13/02/2010          0.000          0.000          0.135          0.135          0.139          0.140          0.143          0.149          0.149          0.149          0.149          0.149          0.523          0.523          0.523          0.523          0.523
     14/02/2010          0.000          0.000          0.134          0.135          0.139          0.139          0.142          0.149          0.149          0.149          0.149          0.149          0.523          0.523          0.523          0.523          0.523
     15/02/2010          0.000          0.000          0.134          0.135          0.139          0.139          0.142          0.149          0.149          0.149          0.149          0.149          0.523          0.523          0.523          0.523          0.523
     16/02/2010          0.000          0.000          0.134          0.135          0.139          0.139          0.142          0.149          0.149          0.149          0.149          0.149          0.523          0.523          0.523          0.523          0.523
     17/02/2010          0.000          0.000          0.134          0.135          0.139          0.139          0.142          0.149          0.149          0.149          0.149          0.149          0.523          0.523          0.523          0.523          0.523
     18/02/2010          0.000          0.000          0.134          0.135          0.139          0.139          0.142          0.149          0.149          0.149          0.149          0.149          0.523          0.523          0.523          0.523          0.523
     19/02/2010          0.000          0.000          0.134          0.135          0.139          0.139          0.142          0.149          0.149          0.149          0.149          0.149          0.523          0.523          0.523          0.523          0.523
     20/02/2010          0.000          0.000          0.134          0.135          0.139          0.139          0.142          0.149          0.149          0.149          0.149          0.149          0.523          0.523          0.523          0.523          0.523
     21/02/2010          0.000          0.000          0.134          0.135          0.138          0.139          0.142          0.149          0.149          0.149          0.149          0.149          0.523          0.523          0.523          0.523          0.523
     22/02/2010          0.000          0.000          0.134          0.135          0.138          0.139          0.142          0.149          0.149          0.149          0.149          0.149          0.523          0.523          0.523          0.523          0.523
     23/02/2010          0.000          0.000          0.134          0.135          0.138          0.139          0.142          0.149          0.149          0.149          0.149          0.149          0.523          0.523          0.523          0.523          0.523
     24/02/2010          0.000          0.000          0.134          0.135          0.138          0.139          0.142          0.149          0.149          0.149          0.149          0.149          0.523          0.523          0.523          0.523          0.523
     25/02/2010          0.000          0.000          0.134          0.135          0.138          0.139          0.142          0.149          0.149          0.149          0.149          0.149          0.523          0.523          0.523          0.523          0.523
     26/02/2010          0.000          0.000          0.134          0.135          0.138          0.139          0.142          0.149          0.149          0.149          0.149          0.149          0.523          0.523          0.523          0.523          0.523
     27/02/2010          0.000          0.000          0.134          0.135          0.138          0.139          0.142          0.149          0.149          0.149          0.149          0.149          0.523          0.523          0.523          0.523          0.523
     28/02/2010          0.000          0.000          0.134          0.135          0.138          0.139          0.142          0.149          0.149          0.149          0.149          0.149          0.523          0.523          0.523          0.523          0.523
     01/03/2010          0.000          0.000          0.134          0.134          0.138          0.139          0.142          0.149          0.149          0.149          0.149          0.149          0.523          0.523          0.523          0.523          0.523
     02/03/2010          0.000          0.000          0.134          0.134          0.138          0.139          0.142          0.149          0.149          0.149          0.149          0.149          0.523          0.523          0.523          0.523          0.523
     03/03/2010          0.000          0.000          0.134          0.134          0.138          0.139          0.141          0.149          0.149          0.149          0.149          0.149          0.523          0.523          0.523          0.523          0.523
     04/03/2010          0.000          0.000          0.134          0.134          0.138          0.138          0.141          0.149          0.149          0.149          0.149          0.149          0.523          0.523          0.523          0.523          0.523
     05/03/2010          0.000          0.000          0.134          0.134          0.138          0.138          0.141          0.149          0.149          0.149          0.149          0.149          0.523          0.523          0.523          0.523          0.523
     06/03/2010          0.000          0.000          0.133          0.134          0.138          0.138          0.141          0.149          0.149          0.149          0.149          0.149          0.523          0.523          0.523          0.523          0.523
     07/03/2010          0.000          0.000          0.133          0.134          0.138          0.138          0.141          0.149          0.149          0.149          0.149          0.149          0.523          0.523          0.523          0.523          0.523
     08/03/2010          0.000          0.000          0.133          0.134          0.138          0.138          0.141          0.149          0.149          0.149          0.149          0.149          0.523          0.523          0.523          0.523          0.523
     09/03/2010          0.000          0.000          0.133          0.134          0.138          0.138          0.141          0.149          0.149          0.149          0.149          0.149          0.523          0.523          0.523          0.523          0.523
     10/03/2010          0.000          0.000          0.133          0.134          0.138          0.138          0.141          0.149          0.149          0.149          0.149          0.149          0.523          0.523          0.523          0.523          0.523
     11/03/2010          0.000          0.000          0.133          0.134          0.137          0.138          0.141          0.149          0.149          0.149          0.149          0.149          0.523          0.523          0.523          0.523          0.523
     12/03/2010          0.000          0.000          0.133          0.134          0.137          0.138          0.141          0.149          0.149          0.149          0.149          0.149          0.523          0.523          0.523          0.523          0.523
     13/03/2010          0.000          0.000          0.133          0.134          0.137          0.138          0.141          0.149          0.149          0.149          0.149          0.149          0.523          0.523          0.523          0.523          0.523
     14/03/2010          0.000          0.000          0.133          0.134          0.137          0.138          0.141          0.149          0.149          0.149          0.149          0.149          0.523          0.523          0.523          0.523          0.523
     15/03/2010          0.000          0.000          0.133          0.134          0.137          0.138          0.141          0.149          0.149          0.149          0.149          0.149          0.523          0.523          0.523          0.523          0.523
     16/03/2010          0.000          0.000          0.133          0.134          0.137          0.138          0.141          0.149          0.149          0.149          0.149          0.149          0.523          0.523          0.523          0.523          0.523
     17/03/2010          0.000          0.000          0.133          0.134          0.137          0.138          0.141          0.149          0.149          0.149          0.149          0.149          0.523          0.523          0.523          0.523          0.523
     18/03/2010          0.000          0.000          0.133          0.134          0.137          0.138          0.141          0.149          0.149          0.149          0.149          0.149          0.523          0.523          0.523          0.523          0.523
     19/03/2010          0.000          0.000          0.133          0.134          0.137          0.138          0.141          0.149          0.149          0.149          0.149          0.149          0.523          0.523          0.523          0.523          0.523
     20/03/2010          0.000          0.000          0.133          0.134          0.137          0.138          0.141          0.149          0.149          0.149          0.149          0.149          0.523          0.523          0.523          0.523          0.523
     21/03/2010          0.000          0.000          0.133          0.133          0.137          0.138          0.140          0.149          0.149          0.149          0.149          0.149          0.523          0.523          0.523          0.523          0.523
     22/03/2010          0.000          0.000          0.133          0.133          0.137          0.138          0.140          0.149          0.149          0.149          0.149          0.149          0.523          0.523          0.523          0.523          0.523
     23/03/2010          0.000          0.000          0.133          0.133          0.137          0.137          0.140          0.149          0.149          0.149          0.149          0.149          0.523          0.523          0.523          0.523          0.523
     24/03/2010          0.000          0.000          0.133          0.133          0.137          0.137          0.140          0.149          0.149          0.149          0.149          0.149          0.523          0.523          0.523          0.523          0.523
     25/03/2010          0.000          0.000          0.133          0.133          0.137          0.137          0.140          0.149          0.149          0.149          0.149          0.149          0.523          0.523          0.523          0.523          0.523
     26/03/2010          0.000          0.000          0.133          0.133          0.137          0.137          0.140          0.149          0.149          0.149          0.149          0.149          0.523          0.523          0.523          0.523          0.523
     27/03/2010          0.000          0.000          0.132          0.133          0.137          0.137          0.140          0.149          0.149          0.149          0.149          0.149          0.523          0.523          0.523          0.523          0.523
     28/03/2010          0.000          0.000          0.132          0.133          0.137          0.137          0.140          0.149          0.149          0.149          0.149          0.149          0.523          0.523          0.523          0.523          0.523
     29/03/2010          0.000          0.000          0.132          0.133          0.137          0.137          0.140          0.149          0.149          0.149          0.149          0.149          0.523          0.523          0.523          0.523          0.523
     30/03/2010          0.000          0.000          0.132          0.133          0.137          0.137          0.140          0.149          0.149          0.149          0.149          0.149          0.523          0.523          0.523          0.523          0.523
     31/03/2010          0.000          0.000          0.132          0.133          0.136          0.137          0.140          0.149          0.149          0.149          0.149          0.149          0.523          0.523          0.523          0.523          0.523
     01/04/2010          0.000          0.000          0.132          0.133          0.136          0.137          0.140          0.149          0.149          0.149          0.149          0.149          0.523          0.523          0.523          0.523          0.523
     02/04/2010          0.000          0.000          0.132          0.133          0.136          0.137          0.140          0.149          0.149          0.149          0.149          0.149          0.523          0.523          0.523          0.523          0.523
     03/04/2010          0.000          0.000          0.132          0.133          0.136          0.137          0.140          0.149          0.149          0.149          0.149          0.149          0.523          0.523          0.523          0.523          0.523
     04/04/2010          0.000          0.000          0.132          0.133          0.136          0.137          0.140          0.149          0.149          0.149          0.149          0.149          0.523          0.523          0.523          0.523          0.523
     05/04/2010          0.000          0.000          0.132          0.133          0.136          0.137          0.140          0.149          0.149          0.149          0.149          0.149          0.523          0.523          0.523          0.523          0.523
     06/04/2010          0.000          0.000          0.132          0.133          0.136          0.137          0.140          0.149          0.149          0.149          0.149          0.149          0.523          0.523          0.523          0.523          0.523
     07/04/2010          0.000          0.000          0.132          0.133          0.136          0.137          0.140          0.149          0.149          0.149          0.149          0.149          0.523          0.523          0.523          0.523          0.523
     08/04/2010          0.000          0.000          0.132          0.133          0.136          0.137          0.140          0.149          0.149          0.149          0.149          0.149          0.523          0.523          0.523          0.523          0.523
     09/04/2010          0.000          0.000          0.132          0.133          0.136          0.137          0.140          0.149          0.149          0.149          0.149          0.149          0.523          0.523          0.523          0.523          0.523
     10/04/2010          0.000          0.000          0.132          0.133          0.136          0.137          0.139          0.149          0.149          0.149          0.149          0.149          0.523          0.523          0.523          0.523          0.523
     11/04/2010          0.000          0.000          0.132          0.133          0.136          0.137          0.139          0.149          0.149          0.149          0.149          0.149          0.523          0.523          0.523          0.523          0.523
     12/04/2010          0.000          0.000          0.132          0.133          0.136          0.137          0.139          0.149          0.149          0.149          0.149          0.149          0.523          0.523          0.523          0.523          0.523
     13/04/2010          0.000          0.000          0.132          0.132          0.136          0.136          0.139          0.149          0.149          0.149          0.149          0.149          0.523          0.523          0.523          0.523          0.523
     14/04/2010          0.000          0.000          0.132          0.132          0.136          0.136          0.139          0.149          0.149          0.149          0.149          0.149          0.523          0.523          0.523          0.523          0.523
     15/04/2010          0.000          0.000          0.132          0.132          0.136          0.136          0.139          0.149          0.149          0.149          0.149          0.149          0.523          0.523          0.523          0.523          0.523
     16/04/2010          0.000          0.000          0.132          0.132          0.136          0.136          0.139          0.149          0.149          0.149          0.149          0.149          0.523          0.523          0.523          0.523          0.523
     17/04/2010          0.000          0.000          0.132          0.132          0.136          0.136          0.139          0.149          0.149          0.149          0.149          0.149          0.523          0.523          0.523          0.523          0.523
     18/04/2010          0.000          0.000          0.132          0.132          0.136          0.136          0.139          0.149          0.149          0.149          0.149          0.149          0.523          0.523          0.523          0.523          0.523
     19/04/2010          0.000          0.000          0.131          0.132          0.136          0.136          0.139          0.149          0.149          0.149          0.149          0.149          0.523          0.523          0.523          0.523          0.523
     20/04/2010          0.000          0.000          0.131          0.132          0.136          0.136          0.139          0.149          0.149          0.149          0.149          0.149          0.523          0.523          0.523          0.523          0.523
     21/04/2010          0.000          0.000          0.131          0.132          0.136          0.136          0.139          0.149          0.149          0.149          0.149          0.149          0.523          0.523          0.523          0.523          0.523
     22/04/2010          0.000          0.000          0.131          0.132          0.135          0.136          0.139          0.149          0.149          0.149          0.149          0.149          0.523          0.523          0.523          0.523          0.523
     23/04/2010          0.000          0.000          0.131          0.132          0.135          0.136          0.139          0.149          0.149          0.149          0.149          0.149          0.523          0.523          0.523          0.523          0.523
     24/04/2010          0.000          0.000          0.131          0.132          0.135          0.136          0.139          0.149          0.149          0.149          0.149          0.149          0.523          0.523          0.523          0.523          0.523
     25/04/2010          0.000          0.000          0.131          0.132          0.135          0.136          0.139          0.149          0.149          0.149          0.149          0.149          0.523          0.523          0.523          0.523          0.523
     26/04/2010          0.000          0.000          0.131          0.132          0.135          0.136          0.139          0.149          0.149          0.149          0.149          0.149          0.523          0.523          0.523          0.523          0.523
     27/04/2010          0.000          0.000          0.131          0.132          0.135          0.136          0.139          0.149          0.149          0.149          0.149          0.149          0.523          0.523          0.523          0.523          0.523
     28/04/2010          0.000          0.000          0.131          0.132          0.135          0.136          0.139          0.149          0.149          0.149          0.149          0.149          0.523          0.523          0.523          0.523          0.523
     29/04/2010          0.000          0.000          0.131          0.132          0.135          0.136          0.139          0.149          0.149          0.149          0.149          0.149          0.523          0.523          0.523          0.523          0.523
     30/04/2010          0.000          0.000          0.131          0.132          0.135          0.136          0.139          0.149          0.149          0.149          0.149          0.149          0.523          0.523          0.523          0.523          0.523
     01/05/2010          0.000          0.000          0.131          0.132          0.135          0.136          0.138          0.149          0.149          0.149          0.149          0.149          0.523          0.523          0.523          0.523          0.523
     02/05/2010          0.000          0.000          0.131          0.132          0.135          0.136          0.138          0.149          0.149          0.149          0.149          0.149          0.523          0.523          0.523          0.523          0.523
     03/05/2010          0.000          0.000          0.131          0.132          0.135          0.136          0.138          0.149          0.149          0.149          0.149          0.149          0.523          0.523          0.523          0.523          0.523
     04/05/2010          0.000          0.000          0.131          0.132          0.135          0.136          0.138          0.149          0.149          0.149          0.149          0.149          0.523          0.523          0.523          0.523          0.523
     05/05/2010          0.000          0.000          0.131          0.132          0.135          0.135          0.138          0.149          0.149          0.149          0.149          0.149          0.523          0.523          0.523          0.523          0.523
     06/05/2010          0.000          0.000          0.131          0.132          0.135          0.135          0.138          0.149          0.149          0.149          0.149          0.149          0.523          0.523          0.523          0.523          0.523
     07/05/2010          0.000          0.000          0.131          0.131          0.135          0.135          0.138          0.149          0.149          0.149          0.149          0.149          0.523          0.523          0.523          0.523          0.523
     08/05/2010          0.000          0.000          0.131          0.131          0.135          0.135          0.138          0.149          0.149          0.149          0.149          0.149          0.523          0.523          0.523          0.523          0.523
     09/05/2010          0.000          0.000          0.131          0.131          0.135          0.135          0.138          0.149          0.149          0.149          0.149          0.149          0.523          0.523          0.523          0.523          0.523
     10/05/2010          0.000          0.000          0.131          0.131          0.135          0.135          0.138          0.149          0.149          0.149          0.149          0.149          0.523          0.523          0.523          0.523          0.523
     11/05/2010          0.000          0.000          0.131          0.131          0.135          0.135          0.138          0.149          0.149          0.149          0.149          0.149          0.523          0.523          0.523          0.523          0.523
     12/05/2010          0.000          0.000          0.131          0.131          0.135          0.135          0.138          0.149          0.149          0.149          0.149          0.149          0.523          0.523          0.523          0.523          0.523
     13/05/2010          0.000          0.000          0.131          0.131          0.135          0.135          0.138          0.149          0.149          0.149          0.149          0.149          0.523          0.523          0.523          0.523          0.523
     14/05/2010          0.000          0.000          0.130          0.131          0.135          0.135          0.138          0.149          0.149          0.149          0.149          0.149          0.523          0.523          0.523          0.523          0.523
     15/05/2010          0.000          0.000          0.130          0.131          0.134          0.135          0.138          0.149          0.149          0.149          0.149          0.149          0.523          0.523          0.523          0.523          0.523
     16/05/2010          0.000          0.000          0.130          0.131          0.134          0.135          0.138          0.149          0.149          0.149          0.149          0.149          0.523          0.523          0.523          0.523          0.523
     17/05/2010          0.000          0.000          0.130          0.131          0.134          0.135          0.138          0.149          0.149          0.149          0.149          0.149          0.523          0.523          0.523          0.523          0.523
     18/05/2010          0.000          0.000          0.130          0.131          0.134          0.135          0.138          0.149          0.149          0.149          0.149          0.149          0.523          0.523          0.523          0.523          0.523
     19/05/2010          0.000          0.000          0.130          0.131          0.134          0.135          0.138          0.149          0.149          0.149          0.149          0.149          0.523          0.523          0.523          0.523          0.523
     20/05/2010          0.000          0.000          0.130          0.131          0.134          0.135          0.138          0.149          0.149          0.149          0.149          0.149          0.523          0.523          0.523          0.523          0.523
     21/05/2010          0.000          0.000          0.130          0.131          0.134          0.135          0.138          0.149          0.149          0.149          0.149          0.149          0.523          0.523          0.523          0.523          0.523
     22/05/2010          0.000          0.000          0.130          0.131          0.134          0.135          0.138          0.149          0.149          0.149          0.149          0.149          0.523          0.523          0.523          0.523          0.523
     23/05/2010          0.000          0.000          0.130          0.131          0.134          0.135          0.137          0.149          0.149          0.149          0.149          0.149          0.523          0.523          0.523          0.523          0.523
     24/05/2010          0.000          0.000          0.130          0.131          0.134          0.135          0.137          0.149          0.149          0.149          0.149          0.149          0.523          0.523          0.523          0.523          0.523
     25/05/2010          0.000          0.000          0.130          0.131          0.134          0.135          0.137          0.149          0.149          0.149          0.149          0.149          0.523          0.523          0.523          0.523          0.523
     26/05/2010          0.000          0.000          0.130          0.131          0.134          0.135          0.137          0.149          0.149          0.149          0.149          0.149          0.523          0.523          0.523          0.523          0.523
     27/05/2010          0.000          0.000          0.130          0.131          0.134          0.135          0.137          0.149          0.149          0.149          0.149          0.149          0.523          0.523          0.523          0.523          0.523
     28/05/2010          0.000          0.000          0.130          0.131          0.134          0.135          0.137          0.149          0.149          0.149          0.149          0.149          0.523          0.523          0.523          0.523          0.523
     29/05/2010          0.000          0.000          0.130          0.131          0.134          0.134          0.137          0.149          0.149          0.149          0.149          0.149          0.523          0.523          0.523          0.523          0.523
     30/05/2010          0.000          0.000          0.130          0.131          0.134          0.134          0.137          0.149          0.149          0.149          0.149          0.149          0.523          0.523          0.523          0.523          0.523
